[config] model=turn_aware  workload=mixed  epochs=100  n_queries=300  query_coverage=0.3  max_queries=3000  compression_ratio=0.3  lr=0.0005  pointwise_loss_weight=0.25  gradient_clip_norm=1.0  diagnostic_every=1  checkpoint_selection_metric=f1  f1_diagnostic_every=3  range_spatial_fraction=0.015  range_time_fraction=0.04
[load-data] reading train CSV: /ceph/project/P8-1/AISDATA/preprocessed_AIS_files/preprocessed_2026-02-05.csv
[load-data] reading eval CSV: /ceph/project/P8-1/AISDATA/preprocessed_AIS_files/preprocessed_2026-02-08.csv
[load-data] train=1580 eval=1564 trajectories loaded in 53.51s
[pipeline] train=1580 trajectories, eval=1564 trajectories, train_mix=clustering=0.2,knn=0.4,range=0.2,similarity=0.2, eval_mix=clustering=0.2,knn=0.4,range=0.2,similarity=0.2
[split] starting...
  split mode=separate CSVs  train=1343  eval=1564
  checkpoint-selection validation=237 trajectories
[split] done in 0.00s
[build-datasets] starting...
[build-datasets] done in 2.80s
[generate-workloads] starting...
  train_workload=300 queries  coverage=85.06% (3241805/3811001)
  eval_workload=300 queries  coverage=80.21% (3464286/4318960)
  selection_workload=300 queries  coverage=89.30% (515617/577411)
[generate-workloads] done in 234.73s
[write-queries-geojson] starting...
  wrote   60 range queries to /ceph/project/P8-1/AISDATA/Query_border_files/run_2026-02-05_eval_2026-02-08_cov0p30_mixed_rs0p015_rt0p04_819324/queries_range.geojson
  wrote  120 knn queries to /ceph/project/P8-1/AISDATA/Query_border_files/run_2026-02-05_eval_2026-02-08_cov0p30_mixed_rs0p015_rt0p04_819324/queries_knn.geojson
  wrote   60 similarity queries to /ceph/project/P8-1/AISDATA/Query_border_files/run_2026-02-05_eval_2026-02-08_cov0p30_mixed_rs0p015_rt0p04_819324/queries_similarity.geojson
  wrote   60 clustering queries to /ceph/project/P8-1/AISDATA/Query_border_files/run_2026-02-05_eval_2026-02-08_cov0p30_mixed_rs0p015_rt0p04_819324/queries_clustering.geojson
[write-queries-geojson] done in 0.04s
[train-model (100 epochs)] starting...
  [main] epoch 001/100  loss=0.02014313  avg_tau=+0.035  pred_std=0.140239  select=+0.499  (112.37s)
    [main] val_query_f1=0.499215  range=0.458254  knn=0.434521  similarity=0.403923  clustering=0.764854
    [main] label_diag  range:pos=0.0617,p95=1.000,pairs=128151,skip=12732  knn:pos=0.0093,p95=1.000,pairs=90955,skip=13726  similarity:pos=0.0566,p95=1.000,pairs=31099,skip=13661  clustering:pos=0.0570,p95=1.000,pairs=122507,skip=12891
  [main] epoch 002/100  loss=0.02008453  avg_tau=+0.020  pred_std=0.163185  select=+0.497  (72.33s)
    [main] val_query_f1=0.496908  range=0.451027  knn=0.432648  similarity=0.404794  clustering=0.763422
    [main] label_diag  range:pos=0.0617,p95=1.000,pairs=127865,skip=12732  knn:pos=0.0093,p95=1.000,pairs=90848,skip=13726  similarity:pos=0.0566,p95=1.000,pairs=31025,skip=13661  clustering:pos=0.0570,p95=1.000,pairs=122840,skip=12891
  [main] epoch 003/100  loss=0.01924013  avg_tau=-0.142  pred_std=0.178414  select=+0.502  (101.70s)  *** NEW BEST MODEL ***
    [main] val_query_f1=0.501781  range=0.459058  knn=0.435470  similarity=0.412091  clustering=0.766818
    [main] label_diag  range:pos=0.0617,p95=1.000,pairs=127902,skip=12732  knn:pos=0.0093,p95=1.000,pairs=90835,skip=13726  similarity:pos=0.0566,p95=1.000,pairs=30960,skip=13661  clustering:pos=0.0570,p95=1.000,pairs=122929,skip=12891
  [main] epoch 004/100  loss=0.01688089  avg_tau=+0.233  pred_std=0.211142  select=+0.496  (96.56s)
    [main] val_query_f1=0.496068  range=0.448301  knn=0.432015  similarity=0.407496  clustering=0.760512
    [main] label_diag  range:pos=0.0617,p95=1.000,pairs=128167,skip=12732  knn:pos=0.0093,p95=1.000,pairs=90913,skip=13726  similarity:pos=0.0566,p95=1.000,pairs=31067,skip=13661  clustering:pos=0.0570,p95=1.000,pairs=122419,skip=12891
  [main] epoch 005/100  loss=0.01747824  avg_tau=+0.264  pred_std=0.239236  select=+0.497  (101.64s)
    [main] val_query_f1=0.497219  range=0.451474  knn=0.437366  similarity=0.405885  clustering=0.754004
    [main] label_diag  range:pos=0.0617,p95=1.000,pairs=127720,skip=12732  knn:pos=0.0093,p95=1.000,pairs=90657,skip=13726  similarity:pos=0.0566,p95=1.000,pairs=31193,skip=13661  clustering:pos=0.0570,p95=1.000,pairs=122656,skip=12891
  [main] epoch 006/100  loss=0.01549221  avg_tau=-0.129  pred_std=0.278432  select=+0.491  (103.49s)
    [main] val_query_f1=0.490867  range=0.440866  knn=0.432642  similarity=0.398279  clustering=0.749907
    [main] label_diag  range:pos=0.0617,p95=1.000,pairs=127969,skip=12732  knn:pos=0.0093,p95=1.000,pairs=91092,skip=13726  similarity:pos=0.0566,p95=1.000,pairs=31148,skip=13661  clustering:pos=0.0570,p95=1.000,pairs=122801,skip=12891
  [main] epoch 007/100  loss=0.01595796  avg_tau=-0.078  pred_std=0.288868  select=+0.472  (107.35s)
    [main] val_query_f1=0.471546  range=0.412050  knn=0.416261  similarity=0.375448  clustering=0.737711
    [main] label_diag  range:pos=0.0617,p95=1.000,pairs=128265,skip=12732  knn:pos=0.0093,p95=1.000,pairs=91025,skip=13726  similarity:pos=0.0566,p95=1.000,pairs=31140,skip=13661  clustering:pos=0.0570,p95=1.000,pairs=122751,skip=12891
  [main] epoch 008/100  loss=0.01552757  avg_tau=+0.045  pred_std=0.308315  select=+0.467  (97.56s)
    [main] val_query_f1=0.467101  range=0.406566  knn=0.417075  similarity=0.355547  clustering=0.739243
    [main] label_diag  range:pos=0.0617,p95=1.000,pairs=128050,skip=12732  knn:pos=0.0093,p95=1.000,pairs=90847,skip=13726  similarity:pos=0.0566,p95=1.000,pairs=31228,skip=13661  clustering:pos=0.0570,p95=1.000,pairs=122636,skip=12891
  [main] epoch 009/100  loss=0.01539692  avg_tau=-0.084  pred_std=0.312421  select=+0.479  (95.73s)
    [main] val_query_f1=0.479236  range=0.417775  knn=0.429015  similarity=0.382552  clustering=0.737821
    [main] label_diag  range:pos=0.0617,p95=1.000,pairs=128115,skip=12732  knn:pos=0.0093,p95=1.000,pairs=90810,skip=13726  similarity:pos=0.0566,p95=1.000,pairs=31069,skip=13661  clustering:pos=0.0570,p95=1.000,pairs=122523,skip=12891
  [main] epoch 010/100  loss=0.01572066  avg_tau=+0.017  pred_std=0.330986  select=+0.474  (82.57s)
    [main] val_query_f1=0.474352  range=0.404480  knn=0.433611  similarity=0.365326  clustering=0.734735
    [main] label_diag  range:pos=0.0617,p95=1.000,pairs=127893,skip=12732  knn:pos=0.0093,p95=1.000,pairs=90855,skip=13726  similarity:pos=0.0566,p95=1.000,pairs=31150,skip=13661  clustering:pos=0.0570,p95=1.000,pairs=122667,skip=12891
  [main] epoch 011/100  loss=0.01479305  avg_tau=-0.111  pred_std=0.336772  select=+0.477  (101.94s)
    [main] val_query_f1=0.476543  range=0.402117  knn=0.430136  similarity=0.384906  clustering=0.735421
    [main] label_diag  range:pos=0.0617,p95=1.000,pairs=128001,skip=12732  knn:pos=0.0093,p95=1.000,pairs=90836,skip=13726  similarity:pos=0.0566,p95=1.000,pairs=31140,skip=13661  clustering:pos=0.0570,p95=1.000,pairs=122795,skip=12891
  [main] epoch 012/100  loss=0.01500340  avg_tau=-0.058  pred_std=0.345965  select=+0.481  (98.19s)
    [main] val_query_f1=0.480501  range=0.396871  knn=0.443258  similarity=0.374968  clustering=0.744151
    [main] label_diag  range:pos=0.0617,p95=1.000,pairs=128106,skip=12732  knn:pos=0.0093,p95=1.000,pairs=90982,skip=13726  similarity:pos=0.0566,p95=1.000,pairs=31176,skip=13661  clustering:pos=0.0570,p95=1.000,pairs=122779,skip=12891
  [main] epoch 013/100  loss=0.01586468  avg_tau=+0.026  pred_std=0.353586  select=+0.477  (93.96s)
    [main] val_query_f1=0.477196  range=0.413219  knn=0.433636  similarity=0.366379  clustering=0.739110
    [main] label_diag  range:pos=0.0617,p95=1.000,pairs=127517,skip=12732  knn:pos=0.0093,p95=1.000,pairs=90664,skip=13726  similarity:pos=0.0566,p95=1.000,pairs=31130,skip=13661  clustering:pos=0.0570,p95=1.000,pairs=122742,skip=12891
  [main] early stopping at epoch 013: selection score did not improve over 10 diag epochs (best_selection=+0.502, best_loss=0.01924013)
  [main] restored best diagnostic epoch 3/13 (selection=+0.502, loss=0.01924013, val_f1=0.501781)
[train-model (100 epochs)] done in 1495.47s
[save-model] starting...
  saved checkpoint to /ceph/project/P8-1/QDS/qds_v2/src/models/saved_models/model_2026-02-05_eval_2026-02-08_cov0p30_mixed_rs0p015_rt0p04_819324.pt  (epochs_trained=13, best_epoch=3, best_loss=0.01924013, train_mix=clustering=0.2,knn=0.4,range=0.2,similarity=0.2, eval_mix=clustering=0.2,knn=0.4,range=0.2,similarity=0.2)
[save-model] done in 0.23s
[evaluate-matched] starting...
[  eval MLQDS] starting...
[  eval MLQDS] done in 249.13s
[  eval Random] starting...
[  eval Random] done in 164.38s
[  eval UniformTemporal] starting...
[  eval UniformTemporal] done in 192.86s
[  eval newUniformTemporal] starting...
[  eval newUniformTemporal] done in 66.00s
[  eval DouglasPeucker] starting...
[  eval DouglasPeucker] done in 187.96s
[  eval Oracle] starting...
[  eval Oracle] done in 95.20s
[evaluate-matched] done in 1083.77s
[evaluate-shift] starting...
[evaluate-shift] done in 6106.04s
[write-results] starting...
  wrote results to /ceph/project/P8-1/QDS/qds_v2/results
[write-results] done in 0.02s
[write-simplified-csv] starting...
  wrote 1296870 retained points across 1296870 samples to /ceph/project/P8-1/AISDATA/ML_processed_AIS_files/run_2026-02-05_eval_2026-02-08_cov0p30_mixed_rs0p015_rt0p04_819324/ML_simplified_eval.csv
[write-simplified-csv] done in 3.68s
[trajectory-length-loss] starting...
  [length-loss] 1564 trajectories  avg_orig_km=114.17  avg_simp_km=112.26  avg_length_loss=0.282  avg_points_removed=1932.3
  [length-loss] filtered out 569 trajectories with orig_km < 1.00 (likely docked/stationary) from top-25 ranking

  [length-loss] Top 25 MOST distorted (highest length_loss):
  rank        mmsi     orig_km     simp_km  length_loss    kept   removed
     1   219035305       13.43        1.56        0.883     155       359
     2   211457860        4.02        0.98        0.757      76       176
     3   257769000       21.34        5.52        0.741      78       181
     4   219440000        1.32        0.35        0.732     127       294
     5   211846360        3.24        0.92        0.717      92       212
     6   219004266        2.91        0.83        0.715     542      1262
     7   219014162        2.42        0.72        0.702     871      2031
     8   229044000        3.05        0.92        0.699      57       130
     9   219017784        1.42        0.43        0.699     156       362
    10   219003217        2.43        0.74        0.698     206       478
    11   244890000        1.13        0.36        0.685      86       200
    12   219026081        5.64        1.78        0.684    1286      3000
    13   258040000        2.08        0.66        0.681     108       251
    14   211385020       10.99        3.55        0.678      15        30
    15   259447000        4.08        1.32        0.676     312       725
    16   219033037        5.59        1.82        0.675     645      1504
    17   220076700        3.14        1.03        0.673     895      2086
    18   219005513        2.67        0.88        0.671     654      1523
    19   219003113        1.97        0.65        0.671     640      1492
    20   220343000        1.42        0.47        0.670     199       464
    21   219798000        1.09        0.36        0.668     394       917
    22   219438000       12.71        4.23        0.667    1185      2764
    23   265550210        8.81        2.94        0.666      88       203
    24   218030270       16.80        5.64        0.664     207       483
    25   219021176        1.75        0.59        0.664    1133      2643

  [length-loss] Top 25 LEAST distorted (lowest length_loss):
  rank        mmsi     orig_km     simp_km  length_loss    kept   removed
     1   258849000        5.65        5.65        0.000      10        23
     2   273268690       12.12       12.12        0.000      21        48
     3   255916022       25.50       25.50        0.000     118       275
     4   210425000       95.04       95.04        0.000     291       676
     5   636019492      164.27      164.26        0.000      38        83
     6   210568000       59.61       59.61        0.000      40        91
     7   258059000       19.92       19.92        0.000      16        35
     8   311995000       99.07       99.07        0.000     360       840
     9   538003242       36.40       36.39        0.000     118       273
    10   273272930       79.96       79.96        0.000     342       797
    11   255806436       88.16       88.15        0.000     398       928
    12   538008844       68.26       68.26        0.000     270       630
    13   636021770       15.55       15.55        0.000      28        64
    14   241689000       36.78       36.78        0.000      95       219
    15   229654000       84.00       83.99        0.000     412       960
    16   563103000      212.29      212.27        0.000     192       447
    17   311055400       97.53       97.53        0.000     441      1028
    18   229344000       37.80       37.80        0.000     124       288
    19   352002167      250.40      250.38        0.000     135       314
    20   636024739      112.29      112.28        0.000     408       951
    21   636023557      140.84      140.83        0.000     598      1393
    22   305654000       83.96       83.95        0.000     110       254
    23   538005249       83.21       83.19        0.000     444      1033
    24   351184000      116.49      116.48        0.000     595      1386
    25   244890472       44.97       44.96        0.000     212       492
[trajectory-length-loss] done in 18.19s
[pipeline] total runtime 8944.97s

Matched-workload table
Method                     AggregateF1   Compression   Latency(ms)        Type
------------------------------------------------------------------------------
MLQDS                         0.426497        0.3003     193878.04         all
  - range                     0.455693                                   range
  - knn                       0.421860                                     knn
  - similarity                0.380540                              similarity
  - clustering                0.452534                              clustering
Random                        0.461886        0.3007        554.71         all
  - range                     0.462297                                   range
  - knn                       0.448616                                     knn
  - similarity                0.440365                              similarity
  - clustering                0.509536                              clustering
UniformTemporal               0.273921        0.3009        397.83         all
  - range                     0.306821                                   range
  - knn                       0.257878                                     knn
  - similarity                0.232697                              similarity
  - clustering                0.314330                              clustering
newUniformTemporal            0.465111        0.3002        225.85         all
  - range                     0.461578                                   range
  - knn                       0.450092                                     knn
  - similarity                0.462195                              similarity
  - clustering                0.501598                              clustering
DouglasPeucker                0.287847        0.3002        520.20         all
  - range                     0.373963                                   range
  - knn                       0.283066                                     knn
  - similarity                0.214851                              similarity
  - clustering                0.284290                              clustering
Oracle                        0.910295        0.3007       9886.33         all
  - range                     0.938892                                   range
  - knn                       0.986637                                     knn
  - similarity                0.716919                              similarity
  - clustering                0.922392                              clustering

Distribution-shift table
Train\Eval            clustering=0.2,knn=0.4,range=0.2,similarity=0.2
---------------------------------------------------------------------
clustering=0.2,knn=0.4,range=0.2,similarity=0.2                0.4265
