[config] model=turn_aware  workload=mixed  epochs=75  n_queries=100  query_coverage=0.3  max_queries=3000  compression_ratio=0.15  lr=0.0005  pointwise_loss_weight=0.25  gradient_clip_norm=1.0  diagnostic_every=1  checkpoint_selection_metric=uniform_gap  f1_diagnostic_every=1  uniform_gap_weight=0.5  type_penalty_weight=1.0  range_spatial_fraction=0.015  range_time_fraction=0.04  knn_k=12  mlqds_temporal_fraction=0.75  residual_label_mode=temporal
[load-data] reading train CSV: /ceph/project/P8-1/AISDATA/preprocessed_AIS_files/preprocessed_2026-02-05.csv
[load-data] reading eval CSV: /ceph/project/P8-1/AISDATA/preprocessed_AIS_files/preprocessed_2026-02-08.csv
[load-data] train=1580 eval=1564 trajectories loaded in 51.98s
[pipeline] train=1580 trajectories, eval=1564 trajectories, train_mix=clustering=0.2,knn=0.4,range=0.2,similarity=0.2, eval_mix=clustering=0.2,knn=0.4,range=0.2,similarity=0.2
[split] starting...
  split mode=separate CSVs  train=1343  eval=1564
  checkpoint-selection validation=237 trajectories
[split] done in 0.00s
[build-datasets] starting...
[build-datasets] done in 0.78s
[generate-workloads] starting...
  train_workload=277 queries  coverage=30.02% (1144163/3811001)
  eval_workload=263 queries  coverage=30.37% (1311860/4318960)
  selection_workload=228 queries  coverage=30.05% (173523/577411)
[generate-workloads] done in 114.81s
[write-queries-geojson] starting...
  wrote   53 range queries to /ceph/project/P8-1/AISDATA/Query_border_files/run_2026-02-05_eval_2026-02-08_cov0p30_mixed_rs0p015_rt0p04_821194/queries_range.geojson
  wrote  105 knn queries to /ceph/project/P8-1/AISDATA/Query_border_files/run_2026-02-05_eval_2026-02-08_cov0p30_mixed_rs0p015_rt0p04_821194/queries_knn.geojson
  wrote   53 similarity queries to /ceph/project/P8-1/AISDATA/Query_border_files/run_2026-02-05_eval_2026-02-08_cov0p30_mixed_rs0p015_rt0p04_821194/queries_similarity.geojson
  wrote   52 clustering queries to /ceph/project/P8-1/AISDATA/Query_border_files/run_2026-02-05_eval_2026-02-08_cov0p30_mixed_rs0p015_rt0p04_821194/queries_clustering.geojson
[write-queries-geojson] done in 0.02s
[train-model (75 epochs)] starting...
  [main] validation newUniformTemporal_f1=0.345350  range=0.261677  knn=0.245737  similarity=0.212227  clustering=0.761370
  [main] epoch 01/75  loss=0.02529497  avg_tau=-0.075  pred_std=0.07162  select=+0.354  (144.98s)
    [main] val_query_f1=0.351631  range=0.259882  knn=0.257525  similarity=0.211689  clustering=0.771532
    [main] val_vs_uniform aggregate=+0.006281  type_deficit=0.000467  range=-0.001795  knn=+0.011788  similarity=-0.000538  clustering=+0.010161
    [main] label_diag  range:pos=0.0556,p95=1.000,pairs=118697,skip=12856  knn:pos=0.0202,p95=1.000,pairs=189156,skip=12519  similarity:pos=0.0034,p95=1.000,pairs=40706,skip=14335  clustering:pos=0.0559,p95=1.000,pairs=119065,skip=12828
  [main] epoch 02/75  loss=0.02279466  avg_tau=+0.014  pred_std=0.0800203  select=+0.355  (129.12s)  *** NEW BEST MODEL ***
    [main] val_query_f1=0.352040  range=0.260236  knn=0.259375  similarity=0.210343  clustering=0.770871
    [main] val_vs_uniform aggregate=+0.006690  type_deficit=0.000665  range=-0.001441  knn=+0.013638  similarity=-0.001884  clustering=+0.009501
    [main] label_diag  range:pos=0.0556,p95=1.000,pairs=118037,skip=12856  knn:pos=0.0202,p95=1.000,pairs=189081,skip=12519  similarity:pos=0.0034,p95=1.000,pairs=40628,skip=14335  clustering:pos=0.0559,p95=1.000,pairs=118965,skip=12828
  [main] epoch 03/75  loss=0.02327345  avg_tau=-0.190  pred_std=0.108198  select=+0.357  (80.97s)  *** NEW BEST MODEL ***
    [main] val_query_f1=0.353811  range=0.260432  knn=0.263470  similarity=0.209671  clustering=0.772010
    [main] val_vs_uniform aggregate=+0.008461  type_deficit=0.000760  range=-0.001245  knn=+0.017733  similarity=-0.002556  clustering=+0.010640
    [main] label_diag  range:pos=0.0556,p95=1.000,pairs=118451,skip=12856  knn:pos=0.0202,p95=1.000,pairs=189005,skip=12519  similarity:pos=0.0034,p95=1.000,pairs=40663,skip=14335  clustering:pos=0.0559,p95=1.000,pairs=119418,skip=12828
  [main] epoch 04/75  loss=0.02159186  avg_tau=-0.029  pred_std=0.111006  select=+0.361  (120.74s)  *** NEW BEST MODEL ***
    [main] val_query_f1=0.356031  range=0.258244  knn=0.267788  similarity=0.212778  clustering=0.773559
    [main] val_vs_uniform aggregate=+0.010682  type_deficit=0.000687  range=-0.003433  knn=+0.022051  similarity=+0.000551  clustering=+0.012189
    [main] label_diag  range:pos=0.0556,p95=1.000,pairs=118700,skip=12856  knn:pos=0.0202,p95=1.000,pairs=189222,skip=12519  similarity:pos=0.0034,p95=1.000,pairs=40756,skip=14335  clustering:pos=0.0559,p95=1.000,pairs=118701,skip=12828
  [main] epoch 05/75  loss=0.02208792  avg_tau=-0.047  pred_std=0.098613  select=+0.362  (90.47s)  *** NEW BEST MODEL ***
    [main] val_query_f1=0.357617  range=0.254467  knn=0.273397  similarity=0.214216  clustering=0.772607
    [main] val_vs_uniform aggregate=+0.012267  type_deficit=0.001442  range=-0.007210  knn=+0.027660  similarity=+0.001989  clustering=+0.011237
    [main] label_diag  range:pos=0.0556,p95=1.000,pairs=118301,skip=12856  knn:pos=0.0202,p95=1.000,pairs=188909,skip=12519  similarity:pos=0.0034,p95=1.000,pairs=40697,skip=14335  clustering:pos=0.0559,p95=1.000,pairs=118887,skip=12828
  [main] epoch 06/75  loss=0.01862644  avg_tau=+0.003  pred_std=0.0666125  select=+0.362  (260.01s)  *** NEW BEST MODEL ***
    [main] val_query_f1=0.357599  range=0.254315  knn=0.272868  similarity=0.215032  clustering=0.772910
    [main] val_vs_uniform aggregate=+0.012249  type_deficit=0.001472  range=-0.007362  knn=+0.027131  similarity=+0.002805  clustering=+0.011540
    [main] label_diag  range:pos=0.0556,p95=1.000,pairs=118339,skip=12856  knn:pos=0.0202,p95=1.000,pairs=189168,skip=12519  similarity:pos=0.0034,p95=1.000,pairs=40748,skip=14335  clustering:pos=0.0559,p95=1.000,pairs=119033,skip=12828
  [main] epoch 07/75  loss=0.01927205  avg_tau=+0.012  pred_std=0.0371251  select=+0.363  (110.56s)  *** NEW BEST MODEL ***
    [main] val_query_f1=0.358081  range=0.253542  knn=0.274028  similarity=0.215488  clustering=0.773319
    [main] val_vs_uniform aggregate=+0.012731  type_deficit=0.001627  range=-0.008135  knn=+0.028291  similarity=+0.003261  clustering=+0.011949
    [main] label_diag  range:pos=0.0556,p95=1.000,pairs=118461,skip=12856  knn:pos=0.0202,p95=1.000,pairs=189139,skip=12519  similarity:pos=0.0034,p95=1.000,pairs=40667,skip=14335  clustering:pos=0.0559,p95=1.000,pairs=118899,skip=12828
  [main] epoch 08/75  loss=0.01961358  avg_tau=-0.027  pred_std=0.0258041  select=+0.364  (211.89s)  *** NEW BEST MODEL ***
    [main] val_query_f1=0.358172  range=0.256889  knn=0.271283  similarity=0.217702  clustering=0.773702
    [main] val_vs_uniform aggregate=+0.012822  type_deficit=0.000958  range=-0.004788  knn=+0.025546  similarity=+0.005475  clustering=+0.012332
    [main] label_diag  range:pos=0.0556,p95=1.000,pairs=118565,skip=12856  knn:pos=0.0202,p95=1.000,pairs=188685,skip=12519  similarity:pos=0.0034,p95=1.000,pairs=40644,skip=14335  clustering:pos=0.0559,p95=1.000,pairs=118813,skip=12828
  [main] epoch 09/75  loss=0.02068883  avg_tau=+0.041  pred_std=0.0541275  select=+0.361  (143.63s)
    [main] val_query_f1=0.356457  range=0.256047  knn=0.269579  similarity=0.214224  clustering=0.772854
    [main] val_vs_uniform aggregate=+0.011107  type_deficit=0.001126  range=-0.005630  knn=+0.023842  similarity=+0.001998  clustering=+0.011484
    [main] label_diag  range:pos=0.0556,p95=1.000,pairs=118476,skip=12856  knn:pos=0.0202,p95=1.000,pairs=188880,skip=12519  similarity:pos=0.0034,p95=1.000,pairs=40627,skip=14335  clustering:pos=0.0559,p95=1.000,pairs=119059,skip=12828
  [main] epoch 10/75  loss=0.02149530  avg_tau=+0.166  pred_std=0.0731577  select=+0.361  (238.15s)
    [main] val_query_f1=0.356038  range=0.260266  knn=0.267669  similarity=0.212120  clustering=0.772463
    [main] val_vs_uniform aggregate=+0.010688  type_deficit=0.000304  range=-0.001411  knn=+0.021932  similarity=-0.000107  clustering=+0.011093
    [main] label_diag  range:pos=0.0556,p95=1.000,pairs=118051,skip=12856  knn:pos=0.0202,p95=1.000,pairs=188901,skip=12519  similarity:pos=0.0034,p95=1.000,pairs=40658,skip=14335  clustering:pos=0.0559,p95=1.000,pairs=119070,skip=12828
  [main] epoch 11/75  loss=0.01984806  avg_tau=+0.167  pred_std=0.101878  select=+0.364  (208.35s)
    [main] val_query_f1=0.357723  range=0.260180  knn=0.271621  similarity=0.213399  clustering=0.771796
    [main] val_vs_uniform aggregate=+0.012373  type_deficit=0.000299  range=-0.001497  knn=+0.025884  similarity=+0.001172  clustering=+0.010425
    [main] label_diag  range:pos=0.0556,p95=1.000,pairs=118133,skip=12856  knn:pos=0.0202,p95=1.000,pairs=189026,skip=12519  similarity:pos=0.0034,p95=1.000,pairs=40631,skip=14335  clustering:pos=0.0559,p95=1.000,pairs=119074,skip=12828
  [main] epoch 12/75  loss=0.02039425  avg_tau=+0.049  pred_std=0.108817  select=+0.360  (193.93s)
    [main] val_query_f1=0.355691  range=0.259641  knn=0.265787  similarity=0.217471  clustering=0.769769
    [main] val_vs_uniform aggregate=+0.010341  type_deficit=0.000407  range=-0.002036  knn=+0.020050  similarity=+0.005244  clustering=+0.008398
    [main] label_diag  range:pos=0.0556,p95=1.000,pairs=118376,skip=12856  knn:pos=0.0202,p95=1.000,pairs=188818,skip=12519  similarity:pos=0.0034,p95=1.000,pairs=40643,skip=14335  clustering:pos=0.0559,p95=1.000,pairs=119256,skip=12828
  [main] epoch 13/75  loss=0.02067949  avg_tau=+0.306  pred_std=0.112215  select=+0.363  (188.66s)
    [main] val_query_f1=0.356953  range=0.263786  knn=0.267232  similarity=0.216065  clustering=0.770452
    [main] val_vs_uniform aggregate=+0.011604  type_deficit=0.000000  range=+0.002109  knn=+0.021495  similarity=+0.003838  clustering=+0.009081
    [main] label_diag  range:pos=0.0556,p95=1.000,pairs=118633,skip=12856  knn:pos=0.0202,p95=1.000,pairs=189188,skip=12519  similarity:pos=0.0034,p95=1.000,pairs=40767,skip=14335  clustering:pos=0.0559,p95=1.000,pairs=118981,skip=12828
  [main] epoch 14/75  loss=0.02056990  avg_tau=+0.260  pred_std=0.138064  select=+0.363  (165.00s)
    [main] val_query_f1=0.357681  range=0.258770  knn=0.272414  similarity=0.216464  clustering=0.768344
    [main] val_vs_uniform aggregate=+0.012332  type_deficit=0.000581  range=-0.002907  knn=+0.026677  similarity=+0.004237  clustering=+0.006974
    [main] label_diag  range:pos=0.0556,p95=1.000,pairs=118249,skip=12856  knn:pos=0.0202,p95=1.000,pairs=188871,skip=12519  similarity:pos=0.0034,p95=1.000,pairs=40747,skip=14335  clustering:pos=0.0559,p95=1.000,pairs=119184,skip=12828
  [main] epoch 15/75  loss=0.01914948  avg_tau=+0.099  pred_std=0.157629  select=+0.369  (83.09s)  *** NEW BEST MODEL ***
    [main] val_query_f1=0.362672  range=0.252058  knn=0.281101  similarity=0.229648  clustering=0.769452
    [main] val_vs_uniform aggregate=+0.017322  type_deficit=0.001924  range=-0.009619  knn=+0.035364  similarity=+0.017421  clustering=+0.008081
    [main] label_diag  range:pos=0.0556,p95=1.000,pairs=118349,skip=12856  knn:pos=0.0202,p95=1.000,pairs=189291,skip=12519  similarity:pos=0.0034,p95=1.000,pairs=40669,skip=14335  clustering:pos=0.0559,p95=1.000,pairs=118980,skip=12828
  [main] epoch 16/75  loss=0.01987557  avg_tau=+0.383  pred_std=0.153362  select=+0.366  (127.38s)
    [main] val_query_f1=0.360385  range=0.253491  knn=0.278858  similarity=0.221882  clustering=0.768835
    [main] val_vs_uniform aggregate=+0.015035  type_deficit=0.001637  range=-0.008186  knn=+0.033120  similarity=+0.009655  clustering=+0.007465
    [main] label_diag  range:pos=0.0556,p95=1.000,pairs=118439,skip=12856  knn:pos=0.0202,p95=1.000,pairs=189228,skip=12519  similarity:pos=0.0034,p95=1.000,pairs=40703,skip=14335  clustering:pos=0.0559,p95=1.000,pairs=119007,skip=12828
  [main] epoch 17/75  loss=0.01996805  avg_tau=+0.030  pred_std=0.151797  select=+0.365  (81.65s)
    [main] val_query_f1=0.360258  range=0.248302  knn=0.276404  similarity=0.224250  clustering=0.775931
    [main] val_vs_uniform aggregate=+0.014908  type_deficit=0.002675  range=-0.013375  knn=+0.030666  similarity=+0.012023  clustering=+0.014561
    [main] label_diag  range:pos=0.0556,p95=1.000,pairs=118545,skip=12856  knn:pos=0.0202,p95=1.000,pairs=189286,skip=12519  similarity:pos=0.0034,p95=1.000,pairs=40697,skip=14335  clustering:pos=0.0559,p95=1.000,pairs=119119,skip=12828
  [main] epoch 18/75  loss=0.02199513  avg_tau=+0.137  pred_std=0.152541  select=+0.368  (166.22s)
    [main] val_query_f1=0.361305  range=0.253058  knn=0.273751  similarity=0.229413  clustering=0.776553
    [main] val_vs_uniform aggregate=+0.015955  type_deficit=0.001724  range=-0.008619  knn=+0.028014  similarity=+0.017186  clustering=+0.015183
    [main] label_diag  range:pos=0.0556,p95=1.000,pairs=118304,skip=12856  knn:pos=0.0202,p95=1.000,pairs=189034,skip=12519  similarity:pos=0.0034,p95=1.000,pairs=40684,skip=14335  clustering:pos=0.0559,p95=1.000,pairs=119309,skip=12828
  [main] epoch 19/75  loss=0.02189846  avg_tau=-0.107  pred_std=0.163287  select=+0.367  (117.46s)
    [main] val_query_f1=0.359822  range=0.258909  knn=0.270898  similarity=0.223963  clustering=0.774442
    [main] val_vs_uniform aggregate=+0.014472  type_deficit=0.000554  range=-0.002768  knn=+0.025160  similarity=+0.011737  clustering=+0.013071
    [main] label_diag  range:pos=0.0556,p95=1.000,pairs=118504,skip=12856  knn:pos=0.0202,p95=1.000,pairs=189020,skip=12519  similarity:pos=0.0034,p95=1.000,pairs=40640,skip=14335  clustering:pos=0.0559,p95=1.000,pairs=119116,skip=12828
  [main] epoch 20/75  loss=0.02120348  avg_tau=-0.015  pred_std=0.174557  select=+0.368  (110.88s)
    [main] val_query_f1=0.361365  range=0.254986  knn=0.273199  similarity=0.234338  clustering=0.771102
    [main] val_vs_uniform aggregate=+0.016015  type_deficit=0.001338  range=-0.006691  knn=+0.027462  similarity=+0.022111  clustering=+0.009731
    [main] label_diag  range:pos=0.0556,p95=1.000,pairs=118471,skip=12856  knn:pos=0.0202,p95=1.000,pairs=188859,skip=12519  similarity:pos=0.0034,p95=1.000,pairs=40621,skip=14335  clustering:pos=0.0559,p95=1.000,pairs=119140,skip=12828
  [main] epoch 21/75  loss=0.02199973  avg_tau=-0.138  pred_std=0.181729  select=+0.373  (107.82s)  *** NEW BEST MODEL ***
    [main] val_query_f1=0.363884  range=0.262497  knn=0.275477  similarity=0.232003  clustering=0.773967
    [main] val_vs_uniform aggregate=+0.018535  type_deficit=0.000000  range=+0.000820  knn=+0.029740  similarity=+0.019776  clustering=+0.012597
    [main] label_diag  range:pos=0.0556,p95=1.000,pairs=118503,skip=12856  knn:pos=0.0202,p95=1.000,pairs=189040,skip=12519  similarity:pos=0.0034,p95=1.000,pairs=40598,skip=14335  clustering:pos=0.0559,p95=1.000,pairs=118917,skip=12828
  [main] epoch 22/75  loss=0.01878737  avg_tau=-0.267  pred_std=0.168695  select=+0.379  (92.28s)  *** NEW BEST MODEL ***
    [main] val_query_f1=0.368206  range=0.258714  knn=0.287236  similarity=0.240667  clustering=0.767179
    [main] val_vs_uniform aggregate=+0.022857  type_deficit=0.000593  range=-0.002963  knn=+0.041499  similarity=+0.028440  clustering=+0.005809
    [main] label_diag  range:pos=0.0556,p95=1.000,pairs=118297,skip=12856  knn:pos=0.0202,p95=1.000,pairs=188995,skip=12519  similarity:pos=0.0034,p95=1.000,pairs=40689,skip=14335  clustering:pos=0.0559,p95=1.000,pairs=118939,skip=12828
  [main] epoch 23/75  loss=0.01922563  avg_tau=+0.004  pred_std=0.178936  select=+0.380  (145.94s)  *** NEW BEST MODEL ***
    [main] val_query_f1=0.368917  range=0.258118  knn=0.287037  similarity=0.244133  clustering=0.768262
    [main] val_vs_uniform aggregate=+0.023568  type_deficit=0.000712  range=-0.003559  knn=+0.041300  similarity=+0.031906  clustering=+0.006892
    [main] label_diag  range:pos=0.0556,p95=1.000,pairs=118448,skip=12856  knn:pos=0.0202,p95=1.000,pairs=189244,skip=12519  similarity:pos=0.0034,p95=1.000,pairs=40697,skip=14335  clustering:pos=0.0559,p95=1.000,pairs=119278,skip=12828
  [main] epoch 24/75  loss=0.01871068  avg_tau=-0.119  pred_std=0.16582  select=+0.373  (79.26s)
    [main] val_query_f1=0.364428  range=0.255712  knn=0.282013  similarity=0.232280  clustering=0.770124
    [main] val_vs_uniform aggregate=+0.019079  type_deficit=0.001193  range=-0.005965  knn=+0.036276  similarity=+0.020053  clustering=+0.008753
    [main] label_diag  range:pos=0.0556,p95=1.000,pairs=118523,skip=12856  knn:pos=0.0202,p95=1.000,pairs=188972,skip=12519  similarity:pos=0.0034,p95=1.000,pairs=40670,skip=14335  clustering:pos=0.0559,p95=1.000,pairs=118940,skip=12828
  [main] epoch 25/75  loss=0.01807159  avg_tau=+0.094  pred_std=0.165349  select=+0.376  (152.56s)
    [main] val_query_f1=0.367144  range=0.251698  knn=0.286004  similarity=0.242820  clustering=0.769193
    [main] val_vs_uniform aggregate=+0.021794  type_deficit=0.001996  range=-0.009979  knn=+0.040267  similarity=+0.030593  clustering=+0.007822
    [main] label_diag  range:pos=0.0556,p95=1.000,pairs=118310,skip=12856  knn:pos=0.0202,p95=1.000,pairs=188965,skip=12519  similarity:pos=0.0034,p95=1.000,pairs=40620,skip=14335  clustering:pos=0.0559,p95=1.000,pairs=119306,skip=12828
  [main] epoch 26/75  loss=0.01983141  avg_tau=-0.081  pred_std=0.163011  select=+0.373  (85.78s)
    [main] val_query_f1=0.364730  range=0.252156  knn=0.283616  similarity=0.234119  clustering=0.770140
    [main] val_vs_uniform aggregate=+0.019380  type_deficit=0.001904  range=-0.009521  knn=+0.037879  similarity=+0.021892  clustering=+0.008770
    [main] label_diag  range:pos=0.0556,p95=1.000,pairs=118337,skip=12856  knn:pos=0.0202,p95=1.000,pairs=188890,skip=12519  similarity:pos=0.0034,p95=1.000,pairs=40748,skip=14335  clustering:pos=0.0559,p95=1.000,pairs=118834,skip=12828
  [main] epoch 27/75  loss=0.01908035  avg_tau=-0.189  pred_std=0.149378  select=+0.366  (105.17s)
    [main] val_query_f1=0.360357  range=0.253990  knn=0.278373  similarity=0.223157  clustering=0.767891
    [main] val_vs_uniform aggregate=+0.015007  type_deficit=0.001537  range=-0.007687  knn=+0.032636  similarity=+0.010930  clustering=+0.006521
    [main] label_diag  range:pos=0.0556,p95=1.000,pairs=118241,skip=12856  knn:pos=0.0202,p95=1.000,pairs=188807,skip=12519  similarity:pos=0.0034,p95=1.000,pairs=40512,skip=14335  clustering:pos=0.0559,p95=1.000,pairs=119067,skip=12828
  [main] epoch 28/75  loss=0.02028336  avg_tau=-0.088  pred_std=0.159828  select=+0.377  (83.72s)
    [main] val_query_f1=0.367533  range=0.252264  knn=0.287276  similarity=0.241819  clustering=0.769030
    [main] val_vs_uniform aggregate=+0.022183  type_deficit=0.001883  range=-0.009413  knn=+0.041539  similarity=+0.029592  clustering=+0.007659
    [main] label_diag  range:pos=0.0556,p95=1.000,pairs=118717,skip=12856  knn:pos=0.0202,p95=1.000,pairs=189085,skip=12519  similarity:pos=0.0034,p95=1.000,pairs=40611,skip=14335  clustering:pos=0.0559,p95=1.000,pairs=118827,skip=12828
  [main] epoch 29/75  loss=0.02224456  avg_tau=+0.144  pred_std=0.15818  select=+0.367  (127.91s)
    [main] val_query_f1=0.362607  range=0.241434  knn=0.287282  similarity=0.227843  clustering=0.769195
    [main] val_vs_uniform aggregate=+0.017257  type_deficit=0.004049  range=-0.020243  knn=+0.041545  similarity=+0.015616  clustering=+0.007825
    [main] label_diag  range:pos=0.0556,p95=1.000,pairs=118492,skip=12856  knn:pos=0.0202,p95=1.000,pairs=189089,skip=12519  similarity:pos=0.0034,p95=1.000,pairs=40650,skip=14335  clustering:pos=0.0559,p95=1.000,pairs=118812,skip=12828
  [main] epoch 30/75  loss=0.01962069  avg_tau=-0.144  pred_std=0.157575  select=+0.371  (81.96s)
    [main] val_query_f1=0.363769  range=0.250093  knn=0.283958  similarity=0.231444  clustering=0.769394
    [main] val_vs_uniform aggregate=+0.018420  type_deficit=0.002317  range=-0.011584  knn=+0.038220  similarity=+0.019217  clustering=+0.008024
    [main] label_diag  range:pos=0.0556,p95=1.000,pairs=118455,skip=12856  knn:pos=0.0202,p95=1.000,pairs=189442,skip=12519  similarity:pos=0.0034,p95=1.000,pairs=40731,skip=14335  clustering:pos=0.0559,p95=1.000,pairs=119096,skip=12828
  [main] epoch 31/75  loss=0.01976729  avg_tau=-0.027  pred_std=0.167281  select=+0.371  (116.94s)
    [main] val_query_f1=0.364225  range=0.246684  knn=0.285107  similarity=0.237809  clustering=0.766418
    [main] val_vs_uniform aggregate=+0.018875  type_deficit=0.002999  range=-0.014993  knn=+0.039370  similarity=+0.025582  clustering=+0.005048
    [main] label_diag  range:pos=0.0556,p95=1.000,pairs=118605,skip=12856  knn:pos=0.0202,p95=1.000,pairs=188538,skip=12519  similarity:pos=0.0034,p95=1.000,pairs=40656,skip=14335  clustering:pos=0.0559,p95=1.000,pairs=118953,skip=12828
  [main] epoch 32/75  loss=0.01699166  avg_tau=-0.281  pred_std=0.170285  select=+0.368  (83.94s)
    [main] val_query_f1=0.362857  range=0.242600  knn=0.282959  similarity=0.235865  clustering=0.769902
    [main] val_vs_uniform aggregate=+0.017507  type_deficit=0.003815  range=-0.019077  knn=+0.037222  similarity=+0.023639  clustering=+0.008531
    [main] label_diag  range:pos=0.0556,p95=1.000,pairs=118069,skip=12856  knn:pos=0.0202,p95=1.000,pairs=188894,skip=12519  similarity:pos=0.0034,p95=1.000,pairs=40571,skip=14335  clustering:pos=0.0559,p95=1.000,pairs=119194,skip=12828
  [main] epoch 33/75  loss=0.01974819  avg_tau=-0.037  pred_std=0.16058  select=+0.365  (117.50s)
    [main] val_query_f1=0.360851  range=0.243525  knn=0.277638  similarity=0.235082  clustering=0.770369
    [main] val_vs_uniform aggregate=+0.015501  type_deficit=0.003630  range=-0.018152  knn=+0.031901  similarity=+0.022855  clustering=+0.008999
    [main] label_diag  range:pos=0.0556,p95=1.000,pairs=117917,skip=12856  knn:pos=0.0202,p95=1.000,pairs=188918,skip=12519  similarity:pos=0.0034,p95=1.000,pairs=40684,skip=14335  clustering:pos=0.0559,p95=1.000,pairs=119115,skip=12828
  [main] epoch 34/75  loss=0.01686212  avg_tau=+0.017  pred_std=0.171313  select=+0.371  (84.04s)
    [main] val_query_f1=0.363750  range=0.252704  knn=0.280497  similarity=0.236832  clustering=0.768221
    [main] val_vs_uniform aggregate=+0.018401  type_deficit=0.001795  range=-0.008973  knn=+0.034760  similarity=+0.024605  clustering=+0.006851
    [main] label_diag  range:pos=0.0556,p95=1.000,pairs=118213,skip=12856  knn:pos=0.0202,p95=1.000,pairs=188748,skip=12519  similarity:pos=0.0034,p95=1.000,pairs=40548,skip=14335  clustering:pos=0.0559,p95=1.000,pairs=119140,skip=12828
  [main] epoch 35/75  loss=0.02072595  avg_tau=+0.105  pred_std=0.165832  select=+0.366  (155.50s)
    [main] val_query_f1=0.361712  range=0.242042  knn=0.283165  similarity=0.235608  clustering=0.764580
    [main] val_vs_uniform aggregate=+0.016362  type_deficit=0.003927  range=-0.019635  knn=+0.037428  similarity=+0.023382  clustering=+0.003209
    [main] label_diag  range:pos=0.0556,p95=1.000,pairs=118301,skip=12856  knn:pos=0.0202,p95=1.000,pairs=188903,skip=12519  similarity:pos=0.0034,p95=1.000,pairs=40607,skip=14335  clustering:pos=0.0559,p95=1.000,pairs=119062,skip=12828
  [main] epoch 36/75  loss=0.01869945  avg_tau=-0.126  pred_std=0.18358  select=+0.373  (111.60s)
    [main] val_query_f1=0.364715  range=0.253453  knn=0.283095  similarity=0.239683  clustering=0.764248
    [main] val_vs_uniform aggregate=+0.019365  type_deficit=0.001645  range=-0.008224  knn=+0.037358  similarity=+0.027456  clustering=+0.002877
    [main] label_diag  range:pos=0.0556,p95=1.000,pairs=118286,skip=12856  knn:pos=0.0202,p95=1.000,pairs=189105,skip=12519  similarity:pos=0.0034,p95=1.000,pairs=40606,skip=14335  clustering:pos=0.0559,p95=1.000,pairs=118840,skip=12828
  [main] epoch 37/75  loss=0.02005629  avg_tau=+0.077  pred_std=0.17055  select=+0.374  (84.41s)
    [main] val_query_f1=0.366278  range=0.246375  knn=0.286219  similarity=0.240764  clustering=0.771812
    [main] val_vs_uniform aggregate=+0.020928  type_deficit=0.003060  range=-0.015302  knn=+0.040482  similarity=+0.028537  clustering=+0.010442
    [main] label_diag  range:pos=0.0556,p95=1.000,pairs=118723,skip=12856  knn:pos=0.0202,p95=1.000,pairs=188966,skip=12519  similarity:pos=0.0034,p95=1.000,pairs=40652,skip=14335  clustering:pos=0.0559,p95=1.000,pairs=119250,skip=12828
  [main] epoch 38/75  loss=0.01852856  avg_tau=-0.051  pred_std=0.176546  select=+0.363  (120.26s)
    [main] val_query_f1=0.358197  range=0.251303  knn=0.273270  similarity=0.226267  clustering=0.766875
    [main] val_vs_uniform aggregate=+0.012847  type_deficit=0.002075  range=-0.010374  knn=+0.027533  similarity=+0.014040  clustering=+0.005504
    [main] label_diag  range:pos=0.0556,p95=1.000,pairs=118709,skip=12856  knn:pos=0.0202,p95=1.000,pairs=189097,skip=12519  similarity:pos=0.0034,p95=1.000,pairs=40735,skip=14335  clustering:pos=0.0559,p95=1.000,pairs=119207,skip=12828
  [main] epoch 39/75  loss=0.01798795  avg_tau=-0.094  pred_std=0.183913  select=+0.373  (83.98s)
    [main] val_query_f1=0.365047  range=0.253608  knn=0.282927  similarity=0.234810  clustering=0.770962
    [main] val_vs_uniform aggregate=+0.019697  type_deficit=0.001614  range=-0.008069  knn=+0.037190  similarity=+0.022583  clustering=+0.009591
    [main] label_diag  range:pos=0.0556,p95=1.000,pairs=117941,skip=12856  knn:pos=0.0202,p95=1.000,pairs=189158,skip=12519  similarity:pos=0.0034,p95=1.000,pairs=40659,skip=14335  clustering:pos=0.0559,p95=1.000,pairs=119144,skip=12828
  [main] epoch 40/75  loss=0.01963540  avg_tau=+0.198  pred_std=0.160957  select=+0.367  (127.71s)
    [main] val_query_f1=0.362075  range=0.245460  knn=0.279955  similarity=0.240565  clustering=0.764441
    [main] val_vs_uniform aggregate=+0.016726  type_deficit=0.003243  range=-0.016217  knn=+0.034218  similarity=+0.028338  clustering=+0.003070
    [main] label_diag  range:pos=0.0556,p95=1.000,pairs=118547,skip=12856  knn:pos=0.0202,p95=1.000,pairs=188971,skip=12519  similarity:pos=0.0034,p95=1.000,pairs=40673,skip=14335  clustering:pos=0.0559,p95=1.000,pairs=118978,skip=12828
  [main] epoch 41/75  loss=0.01765716  avg_tau=-0.081  pred_std=0.17532  select=+0.374  (125.09s)
    [main] val_query_f1=0.364453  range=0.263261  knn=0.283811  similarity=0.219771  clustering=0.771613
    [main] val_vs_uniform aggregate=+0.019104  type_deficit=0.000000  range=+0.001584  knn=+0.038074  similarity=+0.007544  clustering=+0.010243
    [main] label_diag  range:pos=0.0556,p95=1.000,pairs=118214,skip=12856  knn:pos=0.0202,p95=1.000,pairs=189019,skip=12519  similarity:pos=0.0034,p95=1.000,pairs=40750,skip=14335  clustering:pos=0.0559,p95=1.000,pairs=119262,skip=12828
  [main] epoch 42/75  loss=0.01699145  avg_tau=-0.018  pred_std=0.202001  select=+0.375  (107.32s)
    [main] val_query_f1=0.366431  range=0.252149  knn=0.287752  similarity=0.239350  clustering=0.765149
    [main] val_vs_uniform aggregate=+0.021081  type_deficit=0.001906  range=-0.009528  knn=+0.042015  similarity=+0.027123  clustering=+0.003778
    [main] label_diag  range:pos=0.0556,p95=1.000,pairs=118371,skip=12856  knn:pos=0.0202,p95=1.000,pairs=189070,skip=12519  similarity:pos=0.0034,p95=1.000,pairs=40695,skip=14335  clustering:pos=0.0559,p95=1.000,pairs=118707,skip=12828
  [main] epoch 43/75  loss=0.01905007  avg_tau=+0.094  pred_std=0.244817  select=+0.369  (207.83s)
    [main] val_query_f1=0.363338  range=0.245891  knn=0.283230  similarity=0.231927  clustering=0.772411
    [main] val_vs_uniform aggregate=+0.017988  type_deficit=0.003157  range=-0.015786  knn=+0.037493  similarity=+0.019700  clustering=+0.011041
    [main] label_diag  range:pos=0.0556,p95=1.000,pairs=118632,skip=12856  knn:pos=0.0202,p95=1.000,pairs=189119,skip=12519  similarity:pos=0.0034,p95=1.000,pairs=40637,skip=14335  clustering:pos=0.0559,p95=1.000,pairs=119157,skip=12828
  [main] epoch 44/75  loss=0.01581267  avg_tau=-0.078  pred_std=0.21996  select=+0.371  (146.63s)
    [main] val_query_f1=0.363048  range=0.255102  knn=0.278255  similarity=0.236018  clustering=0.767608
    [main] val_vs_uniform aggregate=+0.017698  type_deficit=0.001315  range=-0.006575  knn=+0.032518  similarity=+0.023791  clustering=+0.006237
    [main] label_diag  range:pos=0.0556,p95=1.000,pairs=118144,skip=12856  knn:pos=0.0202,p95=1.000,pairs=189039,skip=12519  similarity:pos=0.0034,p95=1.000,pairs=40702,skip=14335  clustering:pos=0.0559,p95=1.000,pairs=118837,skip=12828
  [main] epoch 45/75  loss=0.01739994  avg_tau=-0.070  pred_std=0.175385  select=+0.373  (107.68s)
    [main] val_query_f1=0.364878  range=0.251398  knn=0.280122  similarity=0.233663  clustering=0.779083
    [main] val_vs_uniform aggregate=+0.019528  type_deficit=0.002056  range=-0.010279  knn=+0.034385  similarity=+0.021436  clustering=+0.017713
    [main] label_diag  range:pos=0.0556,p95=1.000,pairs=118360,skip=12856  knn:pos=0.0202,p95=1.000,pairs=189169,skip=12519  similarity:pos=0.0034,p95=1.000,pairs=40563,skip=14335  clustering:pos=0.0559,p95=1.000,pairs=118808,skip=12828
  [main] epoch 46/75  loss=0.01980666  avg_tau=+0.008  pred_std=0.196356  select=+0.376  (115.84s)
    [main] val_query_f1=0.366164  range=0.258483  knn=0.282400  similarity=0.233049  clustering=0.774491
    [main] val_vs_uniform aggregate=+0.020815  type_deficit=0.000639  range=-0.003195  knn=+0.036663  similarity=+0.020822  clustering=+0.013120
    [main] label_diag  range:pos=0.0556,p95=1.000,pairs=118382,skip=12856  knn:pos=0.0202,p95=1.000,pairs=189219,skip=12519  similarity:pos=0.0034,p95=1.000,pairs=40765,skip=14335  clustering:pos=0.0559,p95=1.000,pairs=119018,skip=12828
  [main] epoch 47/75  loss=0.01970412  avg_tau=-0.167  pred_std=0.184068  select=+0.376  (80.83s)
    [main] val_query_f1=0.366872  range=0.251047  knn=0.290723  similarity=0.233232  clustering=0.768637
    [main] val_vs_uniform aggregate=+0.021523  type_deficit=0.002126  range=-0.010630  knn=+0.044986  similarity=+0.021005  clustering=+0.007267
    [main] label_diag  range:pos=0.0556,p95=1.000,pairs=118525,skip=12856  knn:pos=0.0202,p95=1.000,pairs=188751,skip=12519  similarity:pos=0.0034,p95=1.000,pairs=40640,skip=14335  clustering:pos=0.0559,p95=1.000,pairs=118854,skip=12828
  [main] epoch 48/75  loss=0.01984129  avg_tau=-0.349  pred_std=0.205286  select=+0.370  (174.08s)
    [main] val_query_f1=0.363739  range=0.249227  knn=0.283633  similarity=0.237833  clustering=0.764368
    [main] val_vs_uniform aggregate=+0.018389  type_deficit=0.002490  range=-0.012450  knn=+0.037896  similarity=+0.025606  clustering=+0.002998
    [main] label_diag  range:pos=0.0556,p95=1.000,pairs=118400,skip=12856  knn:pos=0.0202,p95=1.000,pairs=188806,skip=12519  similarity:pos=0.0034,p95=1.000,pairs=40707,skip=14335  clustering:pos=0.0559,p95=1.000,pairs=119044,skip=12828
  [main] early stopping at epoch 48: selection score did not improve over 25 diag epochs (best_selection=+0.380, best_loss=0.01922563)
  [main] restored best diagnostic epoch 23/48 (selection=+0.380, loss=0.01922563, val_f1=0.368917)
[train-model (75 epochs)] done in 6300.43s
[save-model] starting...
  saved checkpoint to /ceph/project/P8-1/QDS/qds_v2/src/models/saved_models/model_2026-02-05_eval_2026-02-08_cov0p30_mixed_rs0p015_rt0p04_821194.pt  (epochs_trained=48, best_epoch=23, best_loss=0.01922563, train_mix=clustering=0.2,knn=0.4,range=0.2,similarity=0.2, eval_mix=clustering=0.2,knn=0.4,range=0.2,similarity=0.2)
[save-model] done in 0.19s
[evaluate-matched] starting...
[  eval MLQDS] starting...
[  eval MLQDS] done in 652.73s
[  eval Random] starting...
[  eval Random] done in 48.34s
[  eval newUniformTemporal] starting...
[  eval newUniformTemporal] done in 135.62s
[  eval DouglasPeucker] starting...
[  eval DouglasPeucker] done in 75.45s
[  eval Oracle] starting...
[  eval Oracle] done in 75.72s
[evaluate-matched] done in 1127.85s
[evaluate-shift] starting...
[evaluate-shift] done in 0.00s
[write-results] starting...
  wrote results to /ceph/project/P8-1/QDS/qds_v2/results
[write-results] done in 0.03s
[write-simplified-csv] starting...
  wrote 648573 retained points across 648573 samples to /ceph/project/P8-1/AISDATA/ML_processed_AIS_files/run_2026-02-05_eval_2026-02-08_cov0p30_mixed_rs0p015_rt0p04_821194/ML_simplified_eval.csv
[write-simplified-csv] done in 1.32s
[trajectory-length-loss] starting...
  [length-loss] 1564 trajectories  avg_orig_km=114.17  avg_simp_km=113.41  avg_length_loss=0.322  avg_points_removed=2346.8
  [length-loss] filtered out 569 trajectories with orig_km < 1.00 (likely docked/stationary) from top-25 ranking

  [length-loss] Top 25 MOST distorted (highest length_loss):
  rank        mmsi     orig_km     simp_km  length_loss    kept   removed
     1   211457860        4.02        0.62        0.845      38       214
     2   511100505        6.86        1.17        0.830      86       486
     3   219004266        2.91        0.52        0.820     271      1533
     4   211846360        3.24        0.60        0.816      46       258
     5   219798000        1.09        0.21        0.813     197      1114
     6   218030270       16.80        3.20        0.810     104       586
     7   245697000        2.89        0.56        0.805      59       328
     8   219001582        3.33        0.67        0.800     382      2160
     9   259447000        4.08        0.82        0.798     156       881
    10   219440000        1.32        0.28        0.789      64       357
    11   220343000        1.42        0.31        0.782     100       563
    12   219003217        2.43        0.54        0.779     103       581
    13   352005487        5.89        1.38        0.766      70       392
    14   244890000        1.13        0.27        0.761      43       243
    15   219024715        3.20        0.77        0.760     636      3602
    16   258040000        2.08        0.50        0.759      54       305
    17   219003113        1.97        0.48        0.758     320      1812
    18   219014162        2.42        0.59        0.757     436      2466
    19   219000881        2.07        0.52        0.751     469      2656
    20   219005513        2.67        0.69        0.742     327      1850
    21   215064000        2.40        0.62        0.740      64       360
    22   246133000        5.27        1.37        0.740      76       427
    23   219017784        1.42        0.38        0.735      78       440
    24   218003000        5.00        1.36        0.727     860      4867
    25   219000851        1.41        0.39        0.722      87       491

  [length-loss] Top 25 LEAST distorted (lowest length_loss):
  rank        mmsi     orig_km     simp_km  length_loss    kept   removed
     1   255916022       25.50       25.50        0.000      59       334
     2   636019492      164.27      164.27        0.000      19       102
     3   273268690       12.12       12.12        0.000      11        58
     4   258849000        5.65        5.65        0.000       5        28
     5   311055400       97.53       97.53        0.000     221      1248
     6   210425000       95.04       95.04        0.000     146       821
     7   636024739      112.29      112.29        0.000     204      1155
     8   215857000       36.63       36.63        0.000      76       425
     9   636020533      140.00      140.00        0.000     160       901
    10   230987000      367.62      367.61        0.000     746      4222
    11   636022717      266.92      266.91        0.000     690      3910
    12   230618000       98.61       98.60        0.000     245      1384
    13   477149200       54.20       54.20        0.000     131       738
    14   255806436       88.16       88.15        0.000     199      1127
    15   373267000      301.29      301.29        0.000     635      3598
    16   258059000       19.92       19.92        0.000       8        43
    17   311995000       99.07       99.07        0.000     180      1020
    18   636018491      116.16      116.16        0.000     276      1558
    19   311027600      231.23      231.22        0.000     432      2447
    20   241689000       36.78       36.78        0.000      48       266
    21   219560000      384.96      384.95        0.000     870      4925
    22   219814000       33.51       33.51        0.000       7        37
    23   538011780      181.37      181.37        0.000     451      2555
    24   255814000      155.05      155.04        0.000     361      2042
    25   538003242       36.40       36.39        0.000      59       332
[trajectory-length-loss] done in 10.99s
[pipeline] total runtime 7556.42s

Matched-workload table
Method                     AggregateF1   Compression    AvgPtGap   Latency(ms)        Type
------------------------------------------------------------------------------------------
MLQDS                         0.269899        0.1502        6.67     480605.71         all
  - range                     0.260729                                               range
  - knn                       0.268977                                                 knn
  - similarity                0.229845                                          similarity
  - clustering                0.320967                                          clustering
Random                        0.253613        0.1508        6.65        374.69         all
  - range                     0.262370                                               range
  - knn                       0.243254                                                 knn
  - similarity                0.205274                                          similarity
  - clustering                0.313913                                          clustering
newUniformTemporal            0.256469        0.1502        6.67        139.36         all
  - range                     0.260617                                               range
  - knn                       0.243185                                                 knn
  - similarity                0.217398                                          similarity
  - clustering                0.317960                                          clustering
DouglasPeucker                0.164232        0.1502        6.67       1474.54         all
  - range                     0.248112                                               range
  - knn                       0.140835                                                 knn
  - similarity                0.108437                                          similarity
  - clustering                0.182942                                          clustering
Oracle                        0.864595        0.1508        6.64       7073.00         all
  - range                     0.844720                                               range
  - knn                       0.916209                                                 knn
  - similarity                0.819270                                          similarity
  - clustering                0.826569                                          clustering

Distribution-shift table
Train\Eval            clustering=0.2,knn=0.4,range=0.2,similarity=0.2
---------------------------------------------------------------------
clustering=0.2,knn=0.4,range=0.2,similarity=0.2                0.2699
