[config] model=turn_aware  workload=clustering  epochs=50  n_queries=150  query_coverage=0.3  max_queries=3000  compression_ratio=0.3  lr=0.0005  pointwise_loss_weight=0.25  gradient_clip_norm=1.0  diagnostic_every=1  checkpoint_selection_metric=f1  f1_diagnostic_every=3  range_spatial_fraction=0.015  range_time_fraction=0.04
[load-data] reading train CSV: /ceph/project/P8-1/AISDATA/preprocessed_AIS_files/preprocessed_2026-02-05.csv
[load-data] reading eval CSV: /ceph/project/P8-1/AISDATA/preprocessed_AIS_files/preprocessed_2026-02-08.csv
[load-data] train=1580 eval=1564 trajectories loaded in 72.14s
[pipeline] train=1580 trajectories, eval=1564 trajectories, train_mix=clustering=1.0, eval_mix=clustering=1.0
[split] starting...
  split mode=separate CSVs  train=1343  eval=1564
  checkpoint-selection validation=237 trajectories
[split] done in 0.00s
[build-datasets] starting...
[build-datasets] done in 0.32s
[generate-workloads] starting...
  train_workload=399 queries  coverage=30.03% (1144521/3811001)
  eval_workload=385 queries  coverage=30.00% (1295763/4318960)
  selection_workload=300 queries  coverage=32.27% (186328/577411)
[generate-workloads] done in 71.09s
[write-queries-geojson] starting...
  wrote    0 range queries to /ceph/project/P8-1/AISDATA/Query_border_files/run_2026-02-05_eval_2026-02-08_cov0p30_clustering_rs0p015_rt0p04_819954/queries_range.geojson
  wrote    0 knn queries to /ceph/project/P8-1/AISDATA/Query_border_files/run_2026-02-05_eval_2026-02-08_cov0p30_clustering_rs0p015_rt0p04_819954/queries_knn.geojson
  wrote    0 similarity queries to /ceph/project/P8-1/AISDATA/Query_border_files/run_2026-02-05_eval_2026-02-08_cov0p30_clustering_rs0p015_rt0p04_819954/queries_similarity.geojson
  wrote  385 clustering queries to /ceph/project/P8-1/AISDATA/Query_border_files/run_2026-02-05_eval_2026-02-08_cov0p30_clustering_rs0p015_rt0p04_819954/queries_clustering.geojson
[write-queries-geojson] done in 0.03s
[train-model (50 epochs)] starting...
  [main] epoch 01/50  loss=0.09846664  avg_tau=+0.075  pred_std=0.021239  select=+0.847  (156.59s)
    [main] val_query_f1=0.847006  range=0.000000  knn=0.000000  similarity=0.000000  clustering=0.847006
    [main] label_diag  clustering:pos=0.2858,p95=1.000,pairs=449606,skip=7463
  [main] epoch 02/50  loss=0.09021322  avg_tau=-0.101  pred_std=0.031855  select=+0.847  (155.65s)
    [main] val_query_f1=0.846607  range=0.000000  knn=0.000000  similarity=0.000000  clustering=0.846607
    [main] label_diag  clustering:pos=0.2858,p95=1.000,pairs=449649,skip=7463
  [main] epoch 03/50  loss=0.08592897  avg_tau=+0.002  pred_std=0.0248789  select=+0.845  (165.13s)
    [main] val_query_f1=0.845334  range=0.000000  knn=0.000000  similarity=0.000000  clustering=0.845334
    [main] label_diag  clustering:pos=0.2858,p95=1.000,pairs=449465,skip=7463
  [main] epoch 04/50  loss=0.08321498  avg_tau=+0.043  pred_std=0.027726  select=+0.839  (159.45s)
    [main] val_query_f1=0.839488  range=0.000000  knn=0.000000  similarity=0.000000  clustering=0.839488
    [main] label_diag  clustering:pos=0.2858,p95=1.000,pairs=450054,skip=7463
  [main] epoch 05/50  loss=0.08155023  avg_tau=+0.065  pred_std=0.0272078  select=+0.847  (155.27s)
    [main] val_query_f1=0.846607  range=0.000000  knn=0.000000  similarity=0.000000  clustering=0.846607
    [main] label_diag  clustering:pos=0.2858,p95=1.000,pairs=449689,skip=7463
  [main] epoch 06/50  loss=0.08074187  avg_tau=+0.078  pred_std=0.0322117  select=+0.834  (154.82s)
    [main] val_query_f1=0.834210  range=0.000000  knn=0.000000  similarity=0.000000  clustering=0.834210
    [main] label_diag  clustering:pos=0.2858,p95=1.000,pairs=449588,skip=7463
  [main] epoch 07/50  loss=0.08021491  avg_tau=+0.052  pred_std=0.0284812  select=+0.847  (155.41s)
    [main] val_query_f1=0.846607  range=0.000000  knn=0.000000  similarity=0.000000  clustering=0.846607
    [main] label_diag  clustering:pos=0.2858,p95=1.000,pairs=449807,skip=7463
  [main] epoch 08/50  loss=0.07989845  avg_tau=-0.032  pred_std=0.0488014  select=+0.847  (148.47s)
    [main] val_query_f1=0.846607  range=0.000000  knn=0.000000  similarity=0.000000  clustering=0.846607
    [main] label_diag  clustering:pos=0.2858,p95=1.000,pairs=449413,skip=7463
  [main] epoch 09/50  loss=0.07978154  avg_tau=-0.060  pred_std=0.0531332  select=+0.846  (155.28s)
    [main] val_query_f1=0.846293  range=0.000000  knn=0.000000  similarity=0.000000  clustering=0.846293
    [main] label_diag  clustering:pos=0.2858,p95=1.000,pairs=449793,skip=7463
  [main] epoch 10/50  loss=0.07960646  avg_tau=-0.025  pred_std=0.0495503  select=+0.847  (152.20s)
    [main] val_query_f1=0.846607  range=0.000000  knn=0.000000  similarity=0.000000  clustering=0.846607
    [main] label_diag  clustering:pos=0.2858,p95=1.000,pairs=449479,skip=7463
  [main] epoch 11/50  loss=0.07949872  avg_tau=+0.051  pred_std=0.0546644  select=+0.847  (149.36s)
    [main] val_query_f1=0.846607  range=0.000000  knn=0.000000  similarity=0.000000  clustering=0.846607
    [main] label_diag  clustering:pos=0.2858,p95=1.000,pairs=449218,skip=7463
  [main] epoch 12/50  loss=0.07957237  avg_tau=-0.074  pred_std=0.0531353  select=+0.835  (148.30s)
    [main] val_query_f1=0.834789  range=0.000000  knn=0.000000  similarity=0.000000  clustering=0.834789
    [main] label_diag  clustering:pos=0.2858,p95=1.000,pairs=449044,skip=7463
  [main] epoch 13/50  loss=0.07946172  avg_tau=+0.014  pred_std=0.047319  select=+0.847  (159.53s)
    [main] val_query_f1=0.846607  range=0.000000  knn=0.000000  similarity=0.000000  clustering=0.846607
    [main] label_diag  clustering:pos=0.2858,p95=1.000,pairs=449817,skip=7463
  [main] epoch 14/50  loss=0.07921993  avg_tau=-0.030  pred_std=0.062753  select=+0.847  (145.99s)
    [main] val_query_f1=0.846607  range=0.000000  knn=0.000000  similarity=0.000000  clustering=0.846607
    [main] label_diag  clustering:pos=0.2858,p95=1.000,pairs=449593,skip=7463
  [main] epoch 15/50  loss=0.07921248  avg_tau=+0.023  pred_std=0.0460536  select=+0.847  (146.98s)
    [main] val_query_f1=0.846607  range=0.000000  knn=0.000000  similarity=0.000000  clustering=0.846607
    [main] label_diag  clustering:pos=0.2858,p95=1.000,pairs=449213,skip=7463
  [main] epoch 16/50  loss=0.07931944  avg_tau=+0.097  pred_std=0.0484291  select=+0.847  (148.38s)
    [main] val_query_f1=0.846607  range=0.000000  knn=0.000000  similarity=0.000000  clustering=0.846607
    [main] label_diag  clustering:pos=0.2858,p95=1.000,pairs=449212,skip=7463
  [main] epoch 17/50  loss=0.07933815  avg_tau=+0.022  pred_std=0.0729662  select=+0.847  (151.52s)  *** NEW BEST MODEL ***
    [main] val_query_f1=0.847136  range=0.000000  knn=0.000000  similarity=0.000000  clustering=0.847136
    [main] label_diag  clustering:pos=0.2858,p95=1.000,pairs=449713,skip=7463
  [main] epoch 18/50  loss=0.07909884  avg_tau=+0.038  pred_std=0.0690164  select=+0.837  (153.83s)
    [main] val_query_f1=0.837205  range=0.000000  knn=0.000000  similarity=0.000000  clustering=0.837205
    [main] label_diag  clustering:pos=0.2858,p95=1.000,pairs=449286,skip=7463
  [main] epoch 19/50  loss=0.07898790  avg_tau=+0.156  pred_std=0.0573806  select=+0.836  (143.14s)
    [main] val_query_f1=0.836460  range=0.000000  knn=0.000000  similarity=0.000000  clustering=0.836460
    [main] label_diag  clustering:pos=0.2858,p95=1.000,pairs=449127,skip=7463
  [main] epoch 20/50  loss=0.07912406  avg_tau=-0.017  pred_std=0.0654702  select=+0.836  (146.29s)
    [main] val_query_f1=0.836482  range=0.000000  knn=0.000000  similarity=0.000000  clustering=0.836482
    [main] label_diag  clustering:pos=0.2858,p95=1.000,pairs=449070,skip=7463
  [main] epoch 21/50  loss=0.07888127  avg_tau=+0.035  pred_std=0.0626925  select=+0.838  (133.88s)
    [main] val_query_f1=0.837913  range=0.000000  knn=0.000000  similarity=0.000000  clustering=0.837913
    [main] label_diag  clustering:pos=0.2858,p95=1.000,pairs=450227,skip=7463
  [main] epoch 22/50  loss=0.07890555  avg_tau=+0.067  pred_std=0.0923793  select=+0.847  (149.84s)
    [main] val_query_f1=0.846662  range=0.000000  knn=0.000000  similarity=0.000000  clustering=0.846662
    [main] label_diag  clustering:pos=0.2858,p95=1.000,pairs=449618,skip=7463
  [main] epoch 23/50  loss=0.07877046  avg_tau=+0.019  pred_std=0.0850763  select=+0.842  (150.76s)
    [main] val_query_f1=0.842336  range=0.000000  knn=0.000000  similarity=0.000000  clustering=0.842336
    [main] label_diag  clustering:pos=0.2858,p95=1.000,pairs=449737,skip=7463
  [main] epoch 24/50  loss=0.07867849  avg_tau=+0.065  pred_std=0.0632338  select=+0.841  (160.30s)
    [main] val_query_f1=0.840979  range=0.000000  knn=0.000000  similarity=0.000000  clustering=0.840979
    [main] label_diag  clustering:pos=0.2858,p95=1.000,pairs=449786,skip=7463
  [main] epoch 25/50  loss=0.07885577  avg_tau=+0.074  pred_std=0.0719403  select=+0.847  (151.69s)
    [main] val_query_f1=0.846566  range=0.000000  knn=0.000000  similarity=0.000000  clustering=0.846566
    [main] label_diag  clustering:pos=0.2858,p95=1.000,pairs=449873,skip=7463
  [main] epoch 26/50  loss=0.07877534  avg_tau=-0.002  pred_std=0.0548436  select=+0.840  (150.78s)
    [main] val_query_f1=0.839557  range=0.000000  knn=0.000000  similarity=0.000000  clustering=0.839557
    [main] label_diag  clustering:pos=0.2858,p95=1.000,pairs=449739,skip=7463
  [main] epoch 27/50  loss=0.07863855  avg_tau=+0.016  pred_std=0.0830722  select=+0.846  (148.38s)
    [main] val_query_f1=0.846134  range=0.000000  knn=0.000000  similarity=0.000000  clustering=0.846134
    [main] label_diag  clustering:pos=0.2858,p95=1.000,pairs=449323,skip=7463
  [main] epoch 28/50  loss=0.07852670  avg_tau=-0.022  pred_std=0.0980036  select=+0.840  (143.02s)
    [main] val_query_f1=0.839947  range=0.000000  knn=0.000000  similarity=0.000000  clustering=0.839947
    [main] label_diag  clustering:pos=0.2858,p95=1.000,pairs=449804,skip=7463
  [main] epoch 29/50  loss=0.07843023  avg_tau=+0.064  pred_std=0.0958022  select=+0.845  (150.77s)
    [main] val_query_f1=0.845133  range=0.000000  knn=0.000000  similarity=0.000000  clustering=0.845133
    [main] label_diag  clustering:pos=0.2858,p95=1.000,pairs=449218,skip=7463
  [main] epoch 30/50  loss=0.07856438  avg_tau=-0.036  pred_std=0.0852854  select=+0.843  (149.02s)
    [main] val_query_f1=0.843115  range=0.000000  knn=0.000000  similarity=0.000000  clustering=0.843115
    [main] label_diag  clustering:pos=0.2858,p95=1.000,pairs=448765,skip=7463
  [main] epoch 31/50  loss=0.07827661  avg_tau=+0.094  pred_std=0.109483  select=+0.847  (152.21s)  *** NEW BEST MODEL ***
    [main] val_query_f1=0.847497  range=0.000000  knn=0.000000  similarity=0.000000  clustering=0.847497
    [main] label_diag  clustering:pos=0.2858,p95=1.000,pairs=449662,skip=7463
  [main] epoch 32/50  loss=0.07822634  avg_tau=+0.037  pred_std=0.0967744  select=+0.847  (155.65s)
    [main] val_query_f1=0.846645  range=0.000000  knn=0.000000  similarity=0.000000  clustering=0.846645
    [main] label_diag  clustering:pos=0.2858,p95=1.000,pairs=449380,skip=7463
  [main] epoch 33/50  loss=0.07821453  avg_tau=+0.041  pred_std=0.10595  select=+0.847  (172.80s)
    [main] val_query_f1=0.847245  range=0.000000  knn=0.000000  similarity=0.000000  clustering=0.847245
    [main] label_diag  clustering:pos=0.2858,p95=1.000,pairs=449490,skip=7463
  [main] epoch 34/50  loss=0.07818303  avg_tau=+0.096  pred_std=0.129999  select=+0.836  (161.22s)
    [main] val_query_f1=0.835747  range=0.000000  knn=0.000000  similarity=0.000000  clustering=0.835747
    [main] label_diag  clustering:pos=0.2858,p95=1.000,pairs=449651,skip=7463
  [main] epoch 35/50  loss=0.07815777  avg_tau=+0.010  pred_std=0.10868  select=+0.838  (176.72s)
    [main] val_query_f1=0.837793  range=0.000000  knn=0.000000  similarity=0.000000  clustering=0.837793
    [main] label_diag  clustering:pos=0.2858,p95=1.000,pairs=449183,skip=7463
  [main] epoch 36/50  loss=0.07811645  avg_tau=-0.031  pred_std=0.092916  select=+0.847  (199.32s)
    [main] val_query_f1=0.846823  range=0.000000  knn=0.000000  similarity=0.000000  clustering=0.846823
    [main] label_diag  clustering:pos=0.2858,p95=1.000,pairs=449390,skip=7463
  [main] epoch 37/50  loss=0.07821937  avg_tau=-0.052  pred_std=0.104938  select=+0.834  (185.57s)
    [main] val_query_f1=0.834254  range=0.000000  knn=0.000000  similarity=0.000000  clustering=0.834254
    [main] label_diag  clustering:pos=0.2858,p95=1.000,pairs=449181,skip=7463
  [main] epoch 38/50  loss=0.07797867  avg_tau=-0.011  pred_std=0.121786  select=+0.834  (164.21s)
    [main] val_query_f1=0.833531  range=0.000000  knn=0.000000  similarity=0.000000  clustering=0.833531
    [main] label_diag  clustering:pos=0.2858,p95=1.000,pairs=449208,skip=7463
  [main] epoch 39/50  loss=0.07790664  avg_tau=+0.052  pred_std=0.125483  select=+0.836  (159.74s)
    [main] val_query_f1=0.836269  range=0.000000  knn=0.000000  similarity=0.000000  clustering=0.836269
    [main] label_diag  clustering:pos=0.2858,p95=1.000,pairs=449767,skip=7463
  [main] epoch 40/50  loss=0.07788266  avg_tau=+0.091  pred_std=0.11792  select=+0.834  (166.86s)
    [main] val_query_f1=0.833543  range=0.000000  knn=0.000000  similarity=0.000000  clustering=0.833543
    [main] label_diag  clustering:pos=0.2858,p95=1.000,pairs=449638,skip=7463
  [main] epoch 41/50  loss=0.07779895  avg_tau=+0.001  pred_std=0.0917716  select=+0.847  (184.51s)
    [main] val_query_f1=0.846607  range=0.000000  knn=0.000000  similarity=0.000000  clustering=0.846607
    [main] label_diag  clustering:pos=0.2858,p95=1.000,pairs=449271,skip=7463
  [main] epoch 42/50  loss=0.07781719  avg_tau=+0.040  pred_std=0.106993  select=+0.832  (191.82s)
    [main] val_query_f1=0.832421  range=0.000000  knn=0.000000  similarity=0.000000  clustering=0.832421
    [main] label_diag  clustering:pos=0.2858,p95=1.000,pairs=449868,skip=7463
  [main] epoch 43/50  loss=0.07785132  avg_tau=-0.007  pred_std=0.110828  select=+0.847  (194.45s)
    [main] val_query_f1=0.846628  range=0.000000  knn=0.000000  similarity=0.000000  clustering=0.846628
    [main] label_diag  clustering:pos=0.2858,p95=1.000,pairs=449381,skip=7463
  [main] epoch 44/50  loss=0.07764902  avg_tau=+0.111  pred_std=0.138664  select=+0.847  (195.42s)
    [main] val_query_f1=0.846632  range=0.000000  knn=0.000000  similarity=0.000000  clustering=0.846632
    [main] label_diag  clustering:pos=0.2858,p95=1.000,pairs=449730,skip=7463
  [main] epoch 45/50  loss=0.07749624  avg_tau=+0.046  pred_std=0.144654  select=+0.847  (196.51s)
    [main] val_query_f1=0.846609  range=0.000000  knn=0.000000  similarity=0.000000  clustering=0.846609
    [main] label_diag  clustering:pos=0.2858,p95=1.000,pairs=449636,skip=7463
  [main] epoch 46/50  loss=0.07763875  avg_tau=+0.007  pred_std=0.12356  select=+0.836  (194.60s)
    [main] val_query_f1=0.836373  range=0.000000  knn=0.000000  similarity=0.000000  clustering=0.836373
    [main] label_diag  clustering:pos=0.2858,p95=1.000,pairs=450083,skip=7463
  [main] epoch 47/50  loss=0.07742953  avg_tau=+0.050  pred_std=0.138381  select=+0.847  (187.59s)
    [main] val_query_f1=0.846628  range=0.000000  knn=0.000000  similarity=0.000000  clustering=0.846628
    [main] label_diag  clustering:pos=0.2858,p95=1.000,pairs=449087,skip=7463
  [main] epoch 48/50  loss=0.07737134  avg_tau=+0.140  pred_std=0.139413  select=+0.847  (186.25s)
    [main] val_query_f1=0.846607  range=0.000000  knn=0.000000  similarity=0.000000  clustering=0.846607
    [main] label_diag  clustering:pos=0.2858,p95=1.000,pairs=449004,skip=7463
  [main] epoch 49/50  loss=0.07719843  avg_tau=+0.035  pred_std=0.149749  select=+0.847  (198.10s)
    [main] val_query_f1=0.846607  range=0.000000  knn=0.000000  similarity=0.000000  clustering=0.846607
    [main] label_diag  clustering:pos=0.2858,p95=1.000,pairs=449494,skip=7463
  [main] epoch 50/50  loss=0.07734699  avg_tau=+0.091  pred_std=0.142257  select=+0.847  (185.30s)
    [main] val_query_f1=0.846607  range=0.000000  knn=0.000000  similarity=0.000000  clustering=0.846607
    [main] label_diag  clustering:pos=0.2858,p95=1.000,pairs=450106,skip=7463
  [main] restored best diagnostic epoch 31/50 (selection=+0.847, loss=0.07827661, val_f1=0.847497)
[train-model (50 epochs)] done in 8285.93s
[save-model] starting...
  saved checkpoint to /ceph/project/P8-1/QDS/qds_v2/src/models/saved_models/model_2026-02-05_eval_2026-02-08_cov0p30_clustering_rs0p015_rt0p04_819954.pt  (epochs_trained=50, best_epoch=31, best_loss=0.07827661, train_mix=clustering=1.0, eval_mix=clustering=1.0)
[save-model] done in 0.16s
[evaluate-matched] starting...
[  eval MLQDS] starting...
[  eval MLQDS] done in 292.74s
[  eval Random] starting...
[  eval Random] done in 129.33s
[  eval UniformTemporal] starting...
[  eval UniformTemporal] done in 126.82s
[  eval newUniformTemporal] starting...
[  eval newUniformTemporal] done in 117.70s
[  eval DouglasPeucker] starting...
[  eval DouglasPeucker] done in 133.17s
[  eval Oracle] starting...
[  eval Oracle] done in 133.72s
[evaluate-matched] done in 1026.95s
[evaluate-shift] starting...
[evaluate-shift] done in 0.00s
[write-results] starting...
  wrote results to /ceph/project/P8-1/QDS/qds_v2/results
[write-results] done in 0.03s
[write-simplified-csv] starting...
  wrote 1296472 retained points across 1296472 samples to /ceph/project/P8-1/AISDATA/ML_processed_AIS_files/run_2026-02-05_eval_2026-02-08_cov0p30_clustering_rs0p015_rt0p04_819954/ML_simplified_eval.csv
[write-simplified-csv] done in 4.04s
[trajectory-length-loss] starting...
  [length-loss] 1564 trajectories  avg_orig_km=114.17  avg_simp_km=113.56  avg_length_loss=0.247  avg_points_removed=1932.5
  [length-loss] filtered out 569 trajectories with orig_km < 1.00 (likely docked/stationary) from top-25 ranking

  [length-loss] Top 25 MOST distorted (highest length_loss):
  rank        mmsi     orig_km     simp_km  length_loss    kept   removed
     1   211457860        4.02        0.89        0.777      76       176
     2   211846360        3.24        1.06        0.672      92       212
     3   219004266        2.91        1.05        0.640     542      1262
     4   265513270       20.45        7.72        0.623      15        32
     5   218030270       16.80        6.48        0.614     207       483
     6   259447000        4.08        1.60        0.609     312       725
     7   211385020       10.99        4.39        0.601      14        31
     8   245697000        2.89        1.18        0.593     117       270
     9   219001582        3.33        1.40        0.580     763      1779
    10   219003217        2.43        1.03        0.577     206       478
    11   219798000        1.09        0.46        0.577     394       917
    12   511100505        6.86        2.91        0.576     172       400
    13   219003113        1.97        0.88        0.554     640      1492
    14   220343000        1.42        0.64        0.549     199       464
    15   219440000        1.32        0.60        0.543     127       294
    16   215064000        2.40        1.12        0.536     128       296
    17   352005487        5.89        2.74        0.535     139       323
    18   219005513        2.67        1.24        0.535     654      1523
    19   341832000        1.19        0.56        0.532      72       166
    20   219024715        3.20        1.50        0.531    1272      2966
    21   258040000        2.08        0.99        0.523     108       251
    22   219017784        1.42        0.68        0.522     156       362
    23   219021176        1.75        0.84        0.518    1133      2643
    24   219005921        1.26        0.62        0.514     423       985
    25   219014162        2.42        1.19        0.508     871      2031

  [length-loss] Top 25 LEAST distorted (lowest length_loss):
  rank        mmsi     orig_km     simp_km  length_loss    kept   removed
     1   636019492      164.27      164.27        0.000      37        84
     2   255916022       25.50       25.50        0.000     118       275
     3   273268690       12.12       12.12        0.000      21        48
     4   311055400       97.53       97.53        0.000     441      1028
     5   636024739      112.29      112.29        0.000     408       951
     6   258059000       19.92       19.92        0.000      16        35
     7   230618000       98.61       98.60        0.000     489      1140
     8   258849000        5.65        5.65        0.000      10        23
     9   219560000      384.96      384.96        0.000    1739      4056
    10   373267000      301.29      301.29        0.000    1270      2963
    11   219028116      436.51      436.50        0.000    1985      4631
    12   255814000      155.05      155.05        0.000     721      1682
    13   636022717      266.92      266.92        0.000    1380      3220
    14   230987000      367.62      367.62        0.000    1491      3477
    15   215857000       36.63       36.63        0.000     151       350
    16   255806436       88.16       88.16        0.000     398       928
    17   477149200       54.20       54.20        0.000     261       608
    18   241689000       36.78       36.78        0.000      95       219
    19   538011780      181.37      181.37        0.000     902      2104
    20   230982000      343.48      343.48        0.000    1390      3241
    21   636020533      140.00      140.00        0.000     319       742
    22   230617000      239.92      239.92        0.000    1216      2836
    23   210425000       95.04       95.04        0.000     291       676
    24   245897000      546.18      546.17        0.000    2907      6782
    25   636018491      116.16      116.16        0.000     551      1283
[trajectory-length-loss] done in 11.77s
[pipeline] total runtime 9400.32s

Matched-workload table
Method                     AggregateF1   Compression   Latency(ms)        Type
------------------------------------------------------------------------------
MLQDS                         0.483383        0.3002     173057.81         all
  - range                     0.000000                                   range
  - knn                       0.000000                                     knn
  - similarity                0.000000                              similarity
  - clustering                0.483383                              clustering
Random                        0.482187        0.3007        632.92         all
  - range                     0.000000                                   range
  - knn                       0.000000                                     knn
  - similarity                0.000000                              similarity
  - clustering                0.482187                              clustering
UniformTemporal               0.269230        0.3009        533.16         all
  - range                     0.000000                                   range
  - knn                       0.000000                                     knn
  - similarity                0.000000                              similarity
  - clustering                0.269230                              clustering
newUniformTemporal            0.488394        0.3002        174.33         all
  - range                     0.000000                                   range
  - knn                       0.000000                                     knn
  - similarity                0.000000                              similarity
  - clustering                0.488394                              clustering
DouglasPeucker                0.253152        0.3002        928.07         all
  - range                     0.000000                                   range
  - knn                       0.000000                                     knn
  - similarity                0.000000                              similarity
  - clustering                0.253152                              clustering
Oracle                        0.854654        0.3007        572.39         all
  - range                     0.000000                                   range
  - knn                       0.000000                                     knn
  - similarity                0.000000                              similarity
  - clustering                0.854654                              clustering

Distribution-shift table
Train\Eval                    clustering=1.0
--------------------------------------------
clustering=1.0                        0.4834
