[config] model=turn_aware  workload=similarity  epochs=50  n_queries=150  query_coverage=0.3  max_queries=3000  compression_ratio=0.3  lr=0.0005  pointwise_loss_weight=0.25  gradient_clip_norm=1.0  diagnostic_every=1  checkpoint_selection_metric=f1  f1_diagnostic_every=3  range_spatial_fraction=0.015  range_time_fraction=0.04
[load-data] reading train CSV: /ceph/project/P8-1/AISDATA/preprocessed_AIS_files/preprocessed_2026-02-05.csv
[load-data] reading eval CSV: /ceph/project/P8-1/AISDATA/preprocessed_AIS_files/preprocessed_2026-02-08.csv
[load-data] train=1580 eval=1564 trajectories loaded in 117.69s
[pipeline] train=1580 trajectories, eval=1564 trajectories, train_mix=similarity=1.0, eval_mix=similarity=1.0
[split] starting...
  split mode=separate CSVs  train=1343  eval=1564
  checkpoint-selection validation=237 trajectories
[split] done in 0.00s
[build-datasets] starting...
[build-datasets] done in 0.41s
[generate-workloads] starting...
  train_workload=150 queries  coverage=96.71% (3685578/3811001)
  eval_workload=150 queries  coverage=96.88% (4184275/4318960)
  selection_workload=150 queries  coverage=95.52% (551541/577411)
[generate-workloads] done in 2.60s
[write-queries-geojson] starting...
  wrote    0 range queries to /ceph/project/P8-1/AISDATA/Query_border_files/run_2026-02-05_eval_2026-02-08_cov0p30_similarity_rs0p015_rt0p04_819352/queries_range.geojson
  wrote    0 knn queries to /ceph/project/P8-1/AISDATA/Query_border_files/run_2026-02-05_eval_2026-02-08_cov0p30_similarity_rs0p015_rt0p04_819352/queries_knn.geojson
  wrote  150 similarity queries to /ceph/project/P8-1/AISDATA/Query_border_files/run_2026-02-05_eval_2026-02-08_cov0p30_similarity_rs0p015_rt0p04_819352/queries_similarity.geojson
  wrote    0 clustering queries to /ceph/project/P8-1/AISDATA/Query_border_files/run_2026-02-05_eval_2026-02-08_cov0p30_similarity_rs0p015_rt0p04_819352/queries_clustering.geojson
[write-queries-geojson] done in 0.01s
[train-model (50 epochs)] starting...
  [main] epoch 01/50  loss=0.03208379  avg_tau=+0.394  pred_std=0.00576911  select=+0.426  (72.04s)
    [main] val_query_f1=0.426005  range=0.000000  knn=0.000000  similarity=0.426005  clustering=0.000000
    [main] label_diag  similarity:pos=0.1284,p95=1.000,pairs=67158,skip=12313
  [main] epoch 02/50  loss=0.03117068  avg_tau=+0.032  pred_std=0.00753302  select=+0.426  (55.29s)  *** NEW BEST MODEL ***
    [main] val_query_f1=0.426005  range=0.000000  knn=0.000000  similarity=0.426005  clustering=0.000000
    [main] label_diag  similarity:pos=0.1284,p95=1.000,pairs=67049,skip=12313
  [main] epoch 03/50  loss=0.03074335  avg_tau=-0.291  pred_std=0.00360207  select=+0.426  (57.71s)  *** NEW BEST MODEL ***
    [main] val_query_f1=0.426005  range=0.000000  knn=0.000000  similarity=0.426005  clustering=0.000000
    [main] label_diag  similarity:pos=0.1284,p95=1.000,pairs=67093,skip=12313
  [main] epoch 04/50  loss=0.03035504  avg_tau=+0.026  pred_std=0.00685708  select=+0.426  (62.92s)  *** NEW BEST MODEL ***
    [main] val_query_f1=0.426005  range=0.000000  knn=0.000000  similarity=0.426005  clustering=0.000000
    [main] label_diag  similarity:pos=0.1284,p95=1.000,pairs=67172,skip=12313
  [main] epoch 05/50  loss=0.03005278  avg_tau=-0.088  pred_std=0.00429373  select=+0.426  (59.44s)  *** NEW BEST MODEL ***
    [main] val_query_f1=0.426005  range=0.000000  knn=0.000000  similarity=0.426005  clustering=0.000000
    [main] label_diag  similarity:pos=0.1284,p95=1.000,pairs=67000,skip=12313
  [main] epoch 06/50  loss=0.02989002  avg_tau=+0.090  pred_std=0.00197983  select=+0.426  (59.69s)  *** NEW BEST MODEL ***
    [main] val_query_f1=0.426005  range=0.000000  knn=0.000000  similarity=0.426005  clustering=0.000000
    [main] label_diag  similarity:pos=0.1284,p95=1.000,pairs=67125,skip=12313
  [main] epoch 07/50  loss=0.02964493  avg_tau=-0.098  pred_std=0.0048064  select=+0.426  (60.42s)  *** NEW BEST MODEL ***
    [main] val_query_f1=0.426005  range=0.000000  knn=0.000000  similarity=0.426005  clustering=0.000000
    [main] label_diag  similarity:pos=0.1284,p95=1.000,pairs=66978,skip=12313
  [main] epoch 08/50  loss=0.02952214  avg_tau=-0.035  pred_std=0.0106458  select=+0.425  (62.34s)
    [main] val_query_f1=0.424739  range=0.000000  knn=0.000000  similarity=0.424739  clustering=0.000000
    [main] label_diag  similarity:pos=0.1284,p95=1.000,pairs=67133,skip=12313
  [main] epoch 09/50  loss=0.02933881  avg_tau=-0.157  pred_std=0.0128492  select=+0.425  (60.54s)
    [main] val_query_f1=0.424739  range=0.000000  knn=0.000000  similarity=0.424739  clustering=0.000000
    [main] label_diag  similarity:pos=0.1284,p95=1.000,pairs=67069,skip=12313
  [main] epoch 10/50  loss=0.02916867  avg_tau=-0.185  pred_std=0.00399411  select=+0.420  (58.97s)
    [main] val_query_f1=0.420078  range=0.000000  knn=0.000000  similarity=0.420078  clustering=0.000000
    [main] label_diag  similarity:pos=0.1284,p95=1.000,pairs=67170,skip=12313
  [main] epoch 11/50  loss=0.02913453  avg_tau=+0.202  pred_std=0.014931  select=+0.425  (57.93s)
    [main] val_query_f1=0.424739  range=0.000000  knn=0.000000  similarity=0.424739  clustering=0.000000
    [main] label_diag  similarity:pos=0.1284,p95=1.000,pairs=67156,skip=12313
  [main] epoch 12/50  loss=0.02904010  avg_tau=-0.074  pred_std=0.00823525  select=+0.425  (59.84s)
    [main] val_query_f1=0.424739  range=0.000000  knn=0.000000  similarity=0.424739  clustering=0.000000
    [main] label_diag  similarity:pos=0.1284,p95=1.000,pairs=67338,skip=12313
  [main] epoch 13/50  loss=0.02894784  avg_tau=+0.311  pred_std=0.00972111  select=+0.425  (61.28s)
    [main] val_query_f1=0.424739  range=0.000000  knn=0.000000  similarity=0.424739  clustering=0.000000
    [main] label_diag  similarity:pos=0.1284,p95=1.000,pairs=67068,skip=12313
  [main] epoch 14/50  loss=0.02892677  avg_tau=-0.247  pred_std=0.0176726  select=+0.425  (53.27s)
    [main] val_query_f1=0.424739  range=0.000000  knn=0.000000  similarity=0.424739  clustering=0.000000
    [main] label_diag  similarity:pos=0.1284,p95=1.000,pairs=66931,skip=12313
  [main] epoch 15/50  loss=0.02880387  avg_tau=-0.115  pred_std=0.0224048  select=+0.425  (62.29s)
    [main] val_query_f1=0.424739  range=0.000000  knn=0.000000  similarity=0.424739  clustering=0.000000
    [main] label_diag  similarity:pos=0.1284,p95=1.000,pairs=67035,skip=12313
  [main] epoch 16/50  loss=0.02874227  avg_tau=-0.192  pred_std=0.0172529  select=+0.425  (61.82s)
    [main] val_query_f1=0.424739  range=0.000000  knn=0.000000  similarity=0.424739  clustering=0.000000
    [main] label_diag  similarity:pos=0.1284,p95=1.000,pairs=67152,skip=12313
  [main] epoch 17/50  loss=0.02874663  avg_tau=-0.155  pred_std=0.0274007  select=+0.425  (61.05s)
    [main] val_query_f1=0.424739  range=0.000000  knn=0.000000  similarity=0.424739  clustering=0.000000
    [main] label_diag  similarity:pos=0.1284,p95=1.000,pairs=67488,skip=12313
  [main] early stopping at epoch 17: selection score did not improve over 10 diag epochs (best_selection=+0.426, best_loss=0.02964493)
  [main] restored best diagnostic epoch 7/17 (selection=+0.426, loss=0.02964493, val_f1=0.426005)
[train-model (50 epochs)] done in 1096.92s
[save-model] starting...
  saved checkpoint to /ceph/project/P8-1/QDS/qds_v2/src/models/saved_models/model_2026-02-05_eval_2026-02-08_cov0p30_similarity_rs0p015_rt0p04_819352.pt  (epochs_trained=17, best_epoch=7, best_loss=0.02964493, train_mix=similarity=1.0, eval_mix=similarity=1.0)
[save-model] done in 0.14s
[evaluate-matched] starting...
[  eval MLQDS] starting...
[  eval MLQDS] done in 236.35s
[  eval Random] starting...
[  eval Random] done in 91.68s
[  eval UniformTemporal] starting...
[  eval UniformTemporal] done in 57.23s
[  eval newUniformTemporal] starting...
[  eval newUniformTemporal] done in 65.74s
[  eval DouglasPeucker] starting...
[  eval DouglasPeucker] done in 181.26s
[  eval Oracle] starting...
[  eval Oracle] done in 186.13s
[evaluate-matched] done in 921.75s
[evaluate-shift] starting...
[evaluate-shift] done in 1480.16s
[write-results] starting...
  wrote results to /ceph/project/P8-1/QDS/qds_v2/results
[write-results] done in 0.97s
[write-simplified-csv] starting...
  wrote 1298601 retained points across 1298601 samples to /ceph/project/P8-1/AISDATA/ML_processed_AIS_files/run_2026-02-05_eval_2026-02-08_cov0p30_similarity_rs0p015_rt0p04_819352/ML_simplified_eval.csv
[write-simplified-csv] done in 3.46s
[trajectory-length-loss] starting...
  [length-loss] 1564 trajectories  avg_orig_km=114.17  avg_simp_km=113.38  avg_length_loss=0.248  avg_points_removed=1931.2
  [length-loss] filtered out 569 trajectories with orig_km < 1.00 (likely docked/stationary) from top-25 ranking

  [length-loss] Top 25 MOST distorted (highest length_loss):
  rank        mmsi     orig_km     simp_km  length_loss    kept   removed
     1   265513270       20.45        3.13        0.847      17        30
     2   211385020       10.99        3.13        0.715      15        30
     3   211457860        4.02        1.18        0.706      78       174
     4   211846360        3.24        0.99        0.694      93       211
     5   219001582        3.33        1.13        0.661     763      1779
     6   219004266        2.91        0.98        0.661     544      1260
     7   218030270       16.80        5.97        0.645     208       482
     8   259447000        4.08        1.45        0.644     314       723
     9   219003217        2.43        0.89        0.633     207       477
    10   219798000        1.09        0.40        0.632     395       916
    11   258040000        2.08        0.78        0.622     110       249
    12   219005513        2.67        1.02        0.618     655      1522
    13   219024715        3.20        1.22        0.618    1273      2965
    14   219003113        1.97        0.77        0.610     642      1490
    15   219005921        1.26        0.49        0.609     425       983
    16   219000851        1.41        0.55        0.608     176       402
    17   511100505        6.86        2.70        0.606     173       399
    18   219021176        1.75        0.70        0.597    1135      2641
    19   220343000        1.42        0.58        0.591     200       463
    20   219017784        1.42        0.58        0.590     158       360
    21   219440000        1.32        0.54        0.590     128       293
    22   219014162        2.42        1.00        0.587     872      2030
    23   218003000        5.00        2.07        0.587    1721      4006
    24   219000881        2.07        0.86        0.584     939      2186
    25   229044000        3.05        1.27        0.584      58       129

  [length-loss] Top 25 LEAST distorted (lowest length_loss):
  rank        mmsi     orig_km     simp_km  length_loss    kept   removed
     1   636019492      164.27      164.27        0.000      39        82
     2   255916022       25.50       25.50        0.000     120       273
     3   273268690       12.12       12.12        0.000      23        46
     4   258849000        5.65        5.65        0.000      12        21
     5   311055400       97.53       97.53        0.000     443      1026
     6   636024739      112.29      112.29        0.000     410       949
     7   215857000       36.63       36.63        0.000     153       348
     8   373267000      301.29      301.29        0.000    1271      2962
     9   230618000       98.61       98.60        0.000     491      1138
    10   219560000      384.96      384.95        0.000    1740      4055
    11   311995000       99.07       99.07        0.000     362       838
    12   477149200       54.20       54.20        0.000     262       607
    13   210425000       95.04       95.04        0.000     293       674
    14   636018491      116.16      116.16        0.000     553      1281
    15   538011780      181.37      181.37        0.000     903      2103
    16   255806436       88.16       88.15        0.000     399       927
    17   258059000       19.92       19.92        0.000      17        34
    18   230987000      367.62      367.61        0.000    1492      3476
    19   636022717      266.92      266.91        0.000    1382      3218
    20   255814000      155.05      155.04        0.000     723      1680
    21   212112000      197.89      197.89        0.000     711      1654
    22   636020533      140.00      140.00        0.000     320       741
    23   241689000       36.78       36.78        0.000      97       217
    24   538003242       36.40       36.39        0.000     119       272
    25   219814000       33.51       33.51        0.000      15        29
[trajectory-length-loss] done in 17.27s
[pipeline] total runtime 3523.80s

Matched-workload table
Method                     AggregateF1   Compression   Latency(ms)        Type
------------------------------------------------------------------------------
MLQDS                         0.423849        0.3007     162354.33         all
  - range                     0.000000                                   range
  - knn                       0.000000                                     knn
  - similarity                0.423849                              similarity
  - clustering                0.000000                              clustering
Random                        0.449056        0.3007        450.16         all
  - range                     0.000000                                   range
  - knn                       0.000000                                     knn
  - similarity                0.449056                              similarity
  - clustering                0.000000                              clustering
UniformTemporal               0.208635        0.3009        361.10         all
  - range                     0.000000                                   range
  - knn                       0.000000                                     knn
  - similarity                0.208635                              similarity
  - clustering                0.000000                              clustering
newUniformTemporal            0.456647        0.3002        101.82         all
  - range                     0.000000                                   range
  - knn                       0.000000                                     knn
  - similarity                0.456647                              similarity
  - clustering                0.000000                              clustering
DouglasPeucker                0.254414        0.3002        602.96         all
  - range                     0.000000                                   range
  - knn                       0.000000                                     knn
  - similarity                0.254414                              similarity
  - clustering                0.000000                              clustering
Oracle                        0.769698        0.3007        414.92         all
  - range                     0.000000                                   range
  - knn                       0.000000                                     knn
  - similarity                0.769698                              similarity
  - clustering                0.000000                              clustering

Distribution-shift table
Train\Eval                    similarity=1.0
--------------------------------------------
similarity=1.0                        0.4238
