[config] model=turn_aware  workload=mixed  epochs=100  n_queries=300  query_coverage=0.3  max_queries=3000  compression_ratio=0.3  lr=0.0005  pointwise_loss_weight=0.25  gradient_clip_norm=1.0  diagnostic_every=1  checkpoint_selection_metric=f1  f1_diagnostic_every=3  range_spatial_fraction=0.015  range_time_fraction=0.04
[load-data] reading train CSV: /ceph/project/P8-1/AISDATA/preprocessed_AIS_files/preprocessed_2026-02-05.csv
[load-data] reading eval CSV: /ceph/project/P8-1/AISDATA/preprocessed_AIS_files/preprocessed_2026-02-08.csv
[load-data] train=1580 eval=1564 trajectories loaded in 53.24s
[pipeline] train=1580 trajectories, eval=1564 trajectories, train_mix=clustering=0.2,knn=0.2,range=0.2,similarity=0.2, eval_mix=clustering=0.2,knn=0.2,range=0.2,similarity=0.2
[split] starting...
  split mode=separate CSVs  train=1343  eval=1564
  checkpoint-selection validation=237 trajectories
[split] done in 0.00s
[build-datasets] starting...
[build-datasets] done in 0.23s
[generate-workloads] starting...
  train_workload=300 queries  coverage=89.52% (3411529/3811001)
  eval_workload=300 queries  coverage=89.10% (3848125/4318960)
  selection_workload=300 queries  coverage=88.46% (510769/577411)
[generate-workloads] done in 169.17s
[write-queries-geojson] starting...
  wrote   75 range queries to /ceph/project/P8-1/AISDATA/Query_border_files/run_2026-02-05_eval_2026-02-08_cov0p30_mixed_rs0p015_rt0p04_819326/queries_range.geojson
  wrote   75 knn queries to /ceph/project/P8-1/AISDATA/Query_border_files/run_2026-02-05_eval_2026-02-08_cov0p30_mixed_rs0p015_rt0p04_819326/queries_knn.geojson
  wrote   75 similarity queries to /ceph/project/P8-1/AISDATA/Query_border_files/run_2026-02-05_eval_2026-02-08_cov0p30_mixed_rs0p015_rt0p04_819326/queries_similarity.geojson
  wrote   75 clustering queries to /ceph/project/P8-1/AISDATA/Query_border_files/run_2026-02-05_eval_2026-02-08_cov0p30_mixed_rs0p015_rt0p04_819326/queries_clustering.geojson
[write-queries-geojson] done in 0.02s
[train-model (100 epochs)] starting...
  [main] epoch 001/100  loss=0.02469569  avg_tau=-0.126  pred_std=0.109945  select=+0.527  (135.76s)
    [main] val_query_f1=0.526668  range=0.457225  knn=0.412519  similarity=0.413716  clustering=0.823213
    [main] label_diag  range:pos=0.0761,p95=1.000,pairs=156402,skip=12266  knn:pos=0.0059,p95=1.000,pairs=57963,skip=14117  similarity:pos=0.0787,p95=1.000,pairs=35911,skip=13288  clustering:pos=0.0765,p95=1.000,pairs=147897,skip=12398
  [main] epoch 002/100  loss=0.02259399  avg_tau=-0.045  pred_std=0.0994919  select=+0.522  (112.42s)
    [main] val_query_f1=0.521720  range=0.453743  knn=0.420041  similarity=0.398823  clustering=0.814274
    [main] label_diag  range:pos=0.0761,p95=1.000,pairs=156445,skip=12266  knn:pos=0.0059,p95=1.000,pairs=57785,skip=14117  similarity:pos=0.0787,p95=1.000,pairs=35947,skip=13288  clustering:pos=0.0765,p95=1.000,pairs=147638,skip=12398
  [main] epoch 003/100  loss=0.02149569  avg_tau=-0.077  pred_std=0.125689  select=+0.525  (113.28s)
    [main] val_query_f1=0.524925  range=0.452374  knn=0.437226  similarity=0.398143  clustering=0.811959
    [main] label_diag  range:pos=0.0761,p95=1.000,pairs=156643,skip=12266  knn:pos=0.0059,p95=1.000,pairs=57833,skip=14117  similarity:pos=0.0787,p95=1.000,pairs=35917,skip=13288  clustering:pos=0.0765,p95=1.000,pairs=147528,skip=12398
  [main] epoch 004/100  loss=0.02222049  avg_tau=+0.214  pred_std=0.15628  select=+0.525  (114.76s)
    [main] val_query_f1=0.524791  range=0.442524  knn=0.456380  similarity=0.382435  clustering=0.817823
    [main] label_diag  range:pos=0.0761,p95=1.000,pairs=156748,skip=12266  knn:pos=0.0059,p95=1.000,pairs=57890,skip=14117  similarity:pos=0.0787,p95=1.000,pairs=35743,skip=13288  clustering:pos=0.0765,p95=1.000,pairs=147571,skip=12398
  [main] epoch 005/100  loss=0.01971808  avg_tau=-0.097  pred_std=0.17085  select=+0.508  (122.56s)
    [main] val_query_f1=0.508008  range=0.425794  knn=0.440682  similarity=0.363687  clustering=0.801869
    [main] label_diag  range:pos=0.0761,p95=1.000,pairs=156320,skip=12266  knn:pos=0.0059,p95=1.000,pairs=57837,skip=14117  similarity:pos=0.0787,p95=1.000,pairs=35888,skip=13288  clustering:pos=0.0765,p95=1.000,pairs=147637,skip=12398
  [main] epoch 006/100  loss=0.02069048  avg_tau=+0.005  pred_std=0.179844  select=+0.520  (108.68s)
    [main] val_query_f1=0.520342  range=0.425002  knn=0.455915  similarity=0.388620  clustering=0.811832
    [main] label_diag  range:pos=0.0761,p95=1.000,pairs=156657,skip=12266  knn:pos=0.0059,p95=1.000,pairs=57905,skip=14117  similarity:pos=0.0787,p95=1.000,pairs=35866,skip=13288  clustering:pos=0.0765,p95=1.000,pairs=147640,skip=12398
  [main] epoch 007/100  loss=0.02051148  avg_tau=+0.019  pred_std=0.185819  select=+0.508  (111.65s)
    [main] val_query_f1=0.508409  range=0.405252  knn=0.447341  similarity=0.376440  clustering=0.804605
    [main] label_diag  range:pos=0.0761,p95=1.000,pairs=156671,skip=12266  knn:pos=0.0059,p95=1.000,pairs=57814,skip=14117  similarity:pos=0.0787,p95=1.000,pairs=35732,skip=13288  clustering:pos=0.0765,p95=1.000,pairs=147623,skip=12398
  [main] epoch 008/100  loss=0.01882869  avg_tau=+0.123  pred_std=0.196864  select=+0.524  (108.60s)
    [main] val_query_f1=0.524133  range=0.421318  knn=0.443839  similarity=0.421292  clustering=0.810084
    [main] label_diag  range:pos=0.0761,p95=1.000,pairs=156523,skip=12266  knn:pos=0.0059,p95=1.000,pairs=57788,skip=14117  similarity:pos=0.0787,p95=1.000,pairs=35823,skip=13288  clustering:pos=0.0765,p95=1.000,pairs=147657,skip=12398
  [main] epoch 009/100  loss=0.01958255  avg_tau=-0.170  pred_std=0.190421  select=+0.527  (118.40s)  *** NEW BEST MODEL ***
    [main] val_query_f1=0.526687  range=0.425212  knn=0.451047  similarity=0.420656  clustering=0.809832
    [main] label_diag  range:pos=0.0761,p95=1.000,pairs=156469,skip=12266  knn:pos=0.0059,p95=1.000,pairs=57926,skip=14117  similarity:pos=0.0787,p95=1.000,pairs=35814,skip=13288  clustering:pos=0.0765,p95=1.000,pairs=147699,skip=12398
  [main] epoch 010/100  loss=0.01665466  avg_tau=+0.205  pred_std=0.213676  select=+0.526  (98.36s)
    [main] val_query_f1=0.526426  range=0.404203  knn=0.436967  similarity=0.446763  clustering=0.817771
    [main] label_diag  range:pos=0.0761,p95=1.000,pairs=156600,skip=12266  knn:pos=0.0059,p95=1.000,pairs=57809,skip=14117  similarity:pos=0.0787,p95=1.000,pairs=35910,skip=13288  clustering:pos=0.0765,p95=1.000,pairs=147746,skip=12398
  [main] epoch 011/100  loss=0.01868392  avg_tau=+0.156  pred_std=0.218471  select=+0.521  (99.02s)
    [main] val_query_f1=0.521153  range=0.419180  knn=0.422030  similarity=0.425870  clustering=0.817530
    [main] label_diag  range:pos=0.0761,p95=1.000,pairs=156415,skip=12266  knn:pos=0.0059,p95=1.000,pairs=57937,skip=14117  similarity:pos=0.0787,p95=1.000,pairs=36044,skip=13288  clustering:pos=0.0765,p95=1.000,pairs=147562,skip=12398
  [main] epoch 012/100  loss=0.01822717  avg_tau=-0.078  pred_std=0.23685  select=+0.511  (100.69s)
    [main] val_query_f1=0.510680  range=0.412054  knn=0.445759  similarity=0.383542  clustering=0.801364
    [main] label_diag  range:pos=0.0761,p95=1.000,pairs=156697,skip=12266  knn:pos=0.0059,p95=1.000,pairs=57823,skip=14117  similarity:pos=0.0787,p95=1.000,pairs=35920,skip=13288  clustering:pos=0.0765,p95=1.000,pairs=147444,skip=12398
  [main] epoch 013/100  loss=0.02064176  avg_tau=+0.112  pred_std=0.246451  select=+0.504  (94.03s)
    [main] val_query_f1=0.504370  range=0.402500  knn=0.434374  similarity=0.384937  clustering=0.795667
    [main] label_diag  range:pos=0.0761,p95=1.000,pairs=156707,skip=12266  knn:pos=0.0059,p95=1.000,pairs=57906,skip=14117  similarity:pos=0.0787,p95=1.000,pairs=36127,skip=13288  clustering:pos=0.0765,p95=1.000,pairs=147295,skip=12398
  [main] epoch 014/100  loss=0.01820242  avg_tau=-0.046  pred_std=0.243254  select=+0.522  (190.05s)
    [main] val_query_f1=0.522443  range=0.415902  knn=0.439843  similarity=0.419433  clustering=0.814595
    [main] label_diag  range:pos=0.0761,p95=1.000,pairs=156677,skip=12266  knn:pos=0.0059,p95=1.000,pairs=57876,skip=14117  similarity:pos=0.0787,p95=1.000,pairs=35765,skip=13288  clustering:pos=0.0765,p95=1.000,pairs=147595,skip=12398
  [main] epoch 015/100  loss=0.01880339  avg_tau=+0.074  pred_std=0.255189  select=+0.502  (225.45s)
    [main] val_query_f1=0.501529  range=0.395939  knn=0.433788  similarity=0.384416  clustering=0.791975
    [main] label_diag  range:pos=0.0761,p95=1.000,pairs=156742,skip=12266  knn:pos=0.0059,p95=1.000,pairs=57721,skip=14117  similarity:pos=0.0787,p95=1.000,pairs=35776,skip=13288  clustering:pos=0.0765,p95=1.000,pairs=147795,skip=12398
  [main] epoch 016/100  loss=0.01784025  avg_tau=-0.172  pred_std=0.248184  select=+0.522  (216.32s)
    [main] val_query_f1=0.522054  range=0.410177  knn=0.437934  similarity=0.426371  clustering=0.813732
    [main] label_diag  range:pos=0.0761,p95=1.000,pairs=156606,skip=12266  knn:pos=0.0059,p95=1.000,pairs=57755,skip=14117  similarity:pos=0.0787,p95=1.000,pairs=36024,skip=13288  clustering:pos=0.0765,p95=1.000,pairs=147407,skip=12398
  [main] epoch 017/100  loss=0.01875818  avg_tau=+0.068  pred_std=0.246303  select=+0.517  (221.22s)
    [main] val_query_f1=0.517257  range=0.407883  knn=0.407818  similarity=0.426615  clustering=0.826711
    [main] label_diag  range:pos=0.0761,p95=1.000,pairs=156239,skip=12266  knn:pos=0.0059,p95=1.000,pairs=57845,skip=14117  similarity:pos=0.0787,p95=1.000,pairs=35963,skip=13288  clustering:pos=0.0765,p95=1.000,pairs=147602,skip=12398
  [main] epoch 018/100  loss=0.01876955  avg_tau=+0.057  pred_std=0.247076  select=+0.500  (182.92s)
    [main] val_query_f1=0.500344  range=0.398731  knn=0.426042  similarity=0.371609  clustering=0.804992
    [main] label_diag  range:pos=0.0761,p95=1.000,pairs=156815,skip=12266  knn:pos=0.0059,p95=1.000,pairs=57770,skip=14117  similarity:pos=0.0787,p95=1.000,pairs=35884,skip=13288  clustering:pos=0.0765,p95=1.000,pairs=147476,skip=12398
  [main] epoch 019/100  loss=0.02031214  avg_tau=-0.008  pred_std=0.242959  select=+0.497  (176.56s)
    [main] val_query_f1=0.496650  range=0.381814  knn=0.408278  similarity=0.387036  clustering=0.809472
    [main] label_diag  range:pos=0.0761,p95=1.000,pairs=156717,skip=12266  knn:pos=0.0059,p95=1.000,pairs=57885,skip=14117  similarity:pos=0.0787,p95=1.000,pairs=36080,skip=13288  clustering:pos=0.0765,p95=1.000,pairs=147663,skip=12398
  [main] early stopping at epoch 019: selection score did not improve over 10 diag epochs (best_selection=+0.527, best_loss=0.01958255)
  [main] restored best diagnostic epoch 9/19 (selection=+0.527, loss=0.01958255, val_f1=0.526687)
[train-model (100 epochs)] done in 2949.33s
[save-model] starting...
  saved checkpoint to /ceph/project/P8-1/QDS/qds_v2/src/models/saved_models/model_2026-02-05_eval_2026-02-08_cov0p30_mixed_rs0p015_rt0p04_819326.pt  (epochs_trained=19, best_epoch=9, best_loss=0.01958255, train_mix=clustering=0.2,knn=0.2,range=0.2,similarity=0.2, eval_mix=clustering=0.2,knn=0.2,range=0.2,similarity=0.2)
[save-model] done in 0.08s
[evaluate-matched] starting...
[  eval MLQDS] starting...
[  eval MLQDS] done in 4576.70s
[  eval Random] starting...
[  eval Random] done in 1072.39s
[  eval UniformTemporal] starting...
[  eval UniformTemporal] done in 267.60s
[  eval newUniformTemporal] starting...
[  eval newUniformTemporal] done in 116.28s
[  eval DouglasPeucker] starting...
[  eval DouglasPeucker] done in 108.73s
[  eval Oracle] starting...
[  eval Oracle] done in 111.94s
[evaluate-matched] done in 6310.94s
[evaluate-shift] starting...
[evaluate-shift] done in 480.62s
[write-results] starting...
  wrote results to /ceph/project/P8-1/QDS/qds_v2/results
[write-results] done in 0.02s
[write-simplified-csv] starting...
  wrote 1298655 retained points across 1298655 samples to /ceph/project/P8-1/AISDATA/ML_processed_AIS_files/run_2026-02-05_eval_2026-02-08_cov0p30_mixed_rs0p015_rt0p04_819326/ML_simplified_eval.csv
[write-simplified-csv] done in 3.00s
[trajectory-length-loss] starting...
  [length-loss] 1564 trajectories  avg_orig_km=114.17  avg_simp_km=111.44  avg_length_loss=0.267  avg_points_removed=1931.1
  [length-loss] filtered out 569 trajectories with orig_km < 1.00 (likely docked/stationary) from top-25 ranking

  [length-loss] Top 25 MOST distorted (highest length_loss):
  rank        mmsi     orig_km     simp_km  length_loss    kept   removed
     1   211611070        9.61        1.94        0.798     105       241
     2   246133000        5.27        1.07        0.797     152       351
     3   352005487        5.89        1.24        0.789     141       321
     4   266384000        1.27        0.30        0.764     128       292
     5   219035305       13.43        3.36        0.750     157       357
     6   219003217        2.43        0.68        0.721     207       477
     7   219017784        1.42        0.42        0.702     158       360
     8   211457860        4.02        1.21        0.699      78       174
     9   219001582        3.33        1.00        0.699     764      1778
    10   245697000        2.89        0.87        0.699     119       268
    11   219026081        5.64        1.71        0.697    1288      2998
    12   258040000        2.08        0.64        0.691     110       249
    13   215064000        2.40        0.75        0.687     130       294
    14   219024715        3.20        1.01        0.684    1274      2964
    15   219004266        2.91        0.92        0.683     544      1260
    16   219438000       12.71        4.10        0.678    1187      2762
    17   219014162        2.42        0.79        0.675     873      2029
    18   219003113        1.97        0.65        0.672     641      1491
    19   265513270       20.45        6.72        0.671      17        30
    20   218030270       16.80        5.53        0.671     208       482
    21   219005513        2.67        0.89        0.669     656      1521
    22   220343000        1.42        0.48        0.665     201       462
    23   219033037        5.59        1.89        0.662     647      1502
    24   259447000        4.08        1.38        0.661     314       723
    25   209452000        1.04        0.35        0.661     142       327

  [length-loss] Top 25 LEAST distorted (lowest length_loss):
  rank        mmsi     orig_km     simp_km  length_loss    kept   removed
     1   258849000        5.65        5.65        0.000      12        21
     2   636019492      164.27      164.27        0.000      39        82
     3   273268690       12.12       12.12        0.000      23        46
     4   314849000      292.91      292.91        0.000     446      1038
     5   210568000       59.61       59.61        0.000      42        89
     6   258059000       19.92       19.92        0.000      18        33
     7   210425000       95.04       95.04        0.000     292       675
     8   311995000       99.07       99.07        0.000     360       840
     9   538003242       36.40       36.39        0.000     119       272
    10   257369000        2.93        2.93        0.000       5         3
    11   636021770       15.55       15.55        0.000      30        62
    12   241689000       36.78       36.78        0.000      96       218
    13   255916022       25.50       25.50        0.000     120       273
    14   230618000       98.61       98.60        0.000     489      1140
    15   636020533      140.00      139.99        0.000     319       742
    16   305654000       83.96       83.96        0.000     111       253
    17   538008844       68.26       68.26        0.000     272       628
    18   265039000       99.91       99.91        0.000     427       990
    19   255806436       88.16       88.15        0.000     399       927
    20   636024739      112.29      112.28        0.000     409       950
    21   211845000       13.89       13.89        0.000       7         8
    22   246845000      370.85      370.82        0.000     994      2317
    23   229344000       37.80       37.80        0.000     125       287
    24   219814000       33.51       33.51        0.000      16        28
    25   311055400       97.53       97.52        0.000     442      1027
[trajectory-length-loss] done in 8.91s
[pipeline] total runtime 9922.57s

Matched-workload table
Method                     AggregateF1   Compression   Latency(ms)        Type
------------------------------------------------------------------------------
MLQDS                         0.423558        0.3007    3502149.73         all
  - range                     0.458048                                   range
  - knn                       0.394534                                     knn
  - similarity                0.386697                              similarity
  - clustering                0.454954                              clustering
Random                        0.455613        0.3007       9831.56         all
  - range                     0.461378                                   range
  - knn                       0.442023                                     knn
  - similarity                0.450740                              similarity
  - clustering                0.468310                              clustering
UniformTemporal               0.318797        0.3009       9733.76         all
  - range                     0.399799                                   range
  - knn                       0.365192                                     knn
  - similarity                0.209571                              similarity
  - clustering                0.300625                              clustering
newUniformTemporal            0.459962        0.3002        875.04         all
  - range                     0.461448                                   range
  - knn                       0.448404                                     knn
  - similarity                0.458487                              similarity
  - clustering                0.471509                              clustering
DouglasPeucker                0.289616        0.3002        648.31         all
  - range                     0.405363                                   range
  - knn                       0.236568                                     knn
  - similarity                0.254749                              similarity
  - clustering                0.261784                              clustering
Oracle                        0.889785        0.3007        470.67         all
  - range                     0.933723                                   range
  - knn                       0.991438                                     knn
  - similarity                0.709191                              similarity
  - clustering                0.924790                              clustering

Distribution-shift table
Train\Eval            clustering=0.2,knn=0.2,range=0.2,similarity=0.2
---------------------------------------------------------------------
clustering=0.2,knn=0.2,range=0.2,similarity=0.2                0.4236
