[config] model=turn_aware  workload=similarity  epochs=75  n_queries=150  query_coverage=0.3  max_queries=3000  compression_ratio=0.3  lr=0.0005  pointwise_loss_weight=0.25  gradient_clip_norm=1.0  diagnostic_every=1  checkpoint_selection_metric=f1  f1_diagnostic_every=3  range_spatial_fraction=0.015  range_time_fraction=0.04
[load-data] reading train CSV: /ceph/project/P8-1/AISDATA/preprocessed_AIS_files/preprocessed_2026-02-05.csv
[load-data] reading eval CSV: /ceph/project/P8-1/AISDATA/preprocessed_AIS_files/preprocessed_2026-02-08.csv
[load-data] train=1580 eval=1564 trajectories loaded in 51.13s
[pipeline] train=1580 trajectories, eval=1564 trajectories, train_mix=similarity=1.0, eval_mix=similarity=1.0
[split] starting...
  split mode=separate CSVs  train=1343  eval=1564
  checkpoint-selection validation=237 trajectories
[split] done in 0.00s
[build-datasets] starting...
[build-datasets] done in 0.20s
[generate-workloads] starting...
  train_workload=150 queries  coverage=43.91% (1673518/3811001)
  eval_workload=150 queries  coverage=51.66% (2231178/4318960)
  selection_workload=300 queries  coverage=69.57% (401690/577411)
[generate-workloads] done in 2.26s
[write-queries-geojson] starting...
  wrote    0 range queries to /ceph/project/P8-1/AISDATA/Query_border_files/run_2026-02-05_eval_2026-02-08_cov0p30_similarity_rs0p015_rt0p04_819951/queries_range.geojson
  wrote    0 knn queries to /ceph/project/P8-1/AISDATA/Query_border_files/run_2026-02-05_eval_2026-02-08_cov0p30_similarity_rs0p015_rt0p04_819951/queries_knn.geojson
  wrote  150 similarity queries to /ceph/project/P8-1/AISDATA/Query_border_files/run_2026-02-05_eval_2026-02-08_cov0p30_similarity_rs0p015_rt0p04_819951/queries_similarity.geojson
  wrote    0 clustering queries to /ceph/project/P8-1/AISDATA/Query_border_files/run_2026-02-05_eval_2026-02-08_cov0p30_similarity_rs0p015_rt0p04_819951/queries_clustering.geojson
[write-queries-geojson] done in 0.09s
[train-model (75 epochs)] starting...
  [main] epoch 01/75  loss=0.01645838  avg_tau=+0.688  pred_std=0.0208626  select=+0.401  (62.16s)
    [main] val_query_f1=0.401422  range=0.000000  knn=0.000000  similarity=0.401422  clustering=0.000000
    [main] label_diag  similarity:pos=0.0086,p95=1.000,pairs=100942,skip=13625
  [main] epoch 02/75  loss=0.01545979  avg_tau=-0.337  pred_std=0.0181943  select=+0.402  (55.42s)  *** NEW BEST MODEL ***
    [main] val_query_f1=0.401509  range=0.000000  knn=0.000000  similarity=0.401509  clustering=0.000000
    [main] label_diag  similarity:pos=0.0086,p95=1.000,pairs=101017,skip=13625
  [main] epoch 03/75  loss=0.01479282  avg_tau=-0.266  pred_std=0.0175589  select=+0.402  (52.46s)  *** NEW BEST MODEL ***
    [main] val_query_f1=0.401503  range=0.000000  knn=0.000000  similarity=0.401503  clustering=0.000000
    [main] label_diag  similarity:pos=0.0086,p95=1.000,pairs=101048,skip=13625
  [main] epoch 04/75  loss=0.01424714  avg_tau=+0.347  pred_std=0.0176373  select=+0.381  (59.96s)
    [main] val_query_f1=0.380796  range=0.000000  knn=0.000000  similarity=0.380796  clustering=0.000000
    [main] label_diag  similarity:pos=0.0086,p95=1.000,pairs=101071,skip=13625
  [main] epoch 05/75  loss=0.01386196  avg_tau=+0.000  pred_std=0.0128391  select=+0.403  (53.26s)  *** NEW BEST MODEL ***
    [main] val_query_f1=0.402533  range=0.000000  knn=0.000000  similarity=0.402533  clustering=0.000000
    [main] label_diag  similarity:pos=0.0086,p95=1.000,pairs=100927,skip=13625
  [main] epoch 06/75  loss=0.01353602  avg_tau=+0.000  pred_std=0.0176077  select=+0.403  (62.42s)  *** NEW BEST MODEL ***
    [main] val_query_f1=0.402533  range=0.000000  knn=0.000000  similarity=0.402533  clustering=0.000000
    [main] label_diag  similarity:pos=0.0086,p95=1.000,pairs=101068,skip=13625
  [main] epoch 07/75  loss=0.01326534  avg_tau=+0.000  pred_std=0.0174486  select=+0.403  (52.90s)  *** NEW BEST MODEL ***
    [main] val_query_f1=0.402533  range=0.000000  knn=0.000000  similarity=0.402533  clustering=0.000000
    [main] label_diag  similarity:pos=0.0086,p95=1.000,pairs=100923,skip=13625
  [main] epoch 08/75  loss=0.01304879  avg_tau=+0.226  pred_std=0.0164099  select=+0.403  (68.53s)  *** NEW BEST MODEL ***
    [main] val_query_f1=0.402533  range=0.000000  knn=0.000000  similarity=0.402533  clustering=0.000000
    [main] label_diag  similarity:pos=0.0086,p95=1.000,pairs=101046,skip=13625
  [main] epoch 09/75  loss=0.01288035  avg_tau=-0.658  pred_std=0.0153356  select=+0.403  (56.07s)  *** NEW BEST MODEL ***
    [main] val_query_f1=0.402533  range=0.000000  knn=0.000000  similarity=0.402533  clustering=0.000000
    [main] label_diag  similarity:pos=0.0086,p95=1.000,pairs=100974,skip=13625
  [main] epoch 10/75  loss=0.01279196  avg_tau=+0.578  pred_std=0.0174251  select=+0.403  (54.34s)  *** NEW BEST MODEL ***
    [main] val_query_f1=0.402533  range=0.000000  knn=0.000000  similarity=0.402533  clustering=0.000000
    [main] label_diag  similarity:pos=0.0086,p95=1.000,pairs=100950,skip=13625
  [main] epoch 11/75  loss=0.01269375  avg_tau=-0.397  pred_std=0.0176049  select=+0.403  (55.94s)  *** NEW BEST MODEL ***
    [main] val_query_f1=0.402533  range=0.000000  knn=0.000000  similarity=0.402533  clustering=0.000000
    [main] label_diag  similarity:pos=0.0086,p95=1.000,pairs=100932,skip=13625
  [main] epoch 12/75  loss=0.01265556  avg_tau=+0.000  pred_std=0.0172792  select=+0.403  (51.33s)  *** NEW BEST MODEL ***
    [main] val_query_f1=0.402533  range=0.000000  knn=0.000000  similarity=0.402533  clustering=0.000000
    [main] label_diag  similarity:pos=0.0086,p95=1.000,pairs=101053,skip=13625
  [main] epoch 13/75  loss=0.01266732  avg_tau=+0.439  pred_std=0.018851  select=+0.359  (56.67s)
    [main] val_query_f1=0.358641  range=0.000000  knn=0.000000  similarity=0.358641  clustering=0.000000
    [main] label_diag  similarity:pos=0.0086,p95=1.000,pairs=101015,skip=13625
  [main] epoch 14/75  loss=0.01257691  avg_tau=+0.000  pred_std=0.0198732  select=+0.403  (46.00s)  *** NEW BEST MODEL ***
    [main] val_query_f1=0.402533  range=0.000000  knn=0.000000  similarity=0.402533  clustering=0.000000
    [main] label_diag  similarity:pos=0.0086,p95=1.000,pairs=100880,skip=13625
  [main] epoch 15/75  loss=0.01257976  avg_tau=+0.268  pred_std=0.0206537  select=+0.401  (56.27s)
    [main] val_query_f1=0.401422  range=0.000000  knn=0.000000  similarity=0.401422  clustering=0.000000
    [main] label_diag  similarity:pos=0.0086,p95=1.000,pairs=100876,skip=13625
  [main] epoch 16/75  loss=0.01251769  avg_tau=+0.930  pred_std=0.0180147  select=+0.401  (48.35s)
    [main] val_query_f1=0.401422  range=0.000000  knn=0.000000  similarity=0.401422  clustering=0.000000
    [main] label_diag  similarity:pos=0.0086,p95=1.000,pairs=101078,skip=13625
  [main] epoch 17/75  loss=0.01247727  avg_tau=+0.598  pred_std=0.0204689  select=+0.401  (54.51s)
    [main] val_query_f1=0.401422  range=0.000000  knn=0.000000  similarity=0.401422  clustering=0.000000
    [main] label_diag  similarity:pos=0.0086,p95=1.000,pairs=101052,skip=13625
  [main] epoch 18/75  loss=0.01243301  avg_tau=-0.166  pred_std=0.0194832  select=+0.401  (48.98s)
    [main] val_query_f1=0.401422  range=0.000000  knn=0.000000  similarity=0.401422  clustering=0.000000
    [main] label_diag  similarity:pos=0.0086,p95=1.000,pairs=101128,skip=13625
  [main] epoch 19/75  loss=0.01235789  avg_tau=+0.426  pred_std=0.0204822  select=+0.401  (55.10s)
    [main] val_query_f1=0.401422  range=0.000000  knn=0.000000  similarity=0.401422  clustering=0.000000
    [main] label_diag  similarity:pos=0.0086,p95=1.000,pairs=100973,skip=13625
  [main] epoch 20/75  loss=0.01231907  avg_tau=+0.211  pred_std=0.0226337  select=+0.401  (48.94s)
    [main] val_query_f1=0.401422  range=0.000000  knn=0.000000  similarity=0.401422  clustering=0.000000
    [main] label_diag  similarity:pos=0.0086,p95=1.000,pairs=101109,skip=13625
  [main] epoch 21/75  loss=0.01230201  avg_tau=+0.000  pred_std=0.0191454  select=+0.401  (53.04s)
    [main] val_query_f1=0.401422  range=0.000000  knn=0.000000  similarity=0.401422  clustering=0.000000
    [main] label_diag  similarity:pos=0.0086,p95=1.000,pairs=100987,skip=13625
  [main] epoch 22/75  loss=0.01225221  avg_tau=-0.333  pred_std=0.0194184  select=+0.403  (49.56s)  *** NEW BEST MODEL ***
    [main] val_query_f1=0.402533  range=0.000000  knn=0.000000  similarity=0.402533  clustering=0.000000
    [main] label_diag  similarity:pos=0.0086,p95=1.000,pairs=100840,skip=13625
  [main] epoch 23/75  loss=0.01220507  avg_tau=+0.000  pred_std=0.0218751  select=+0.402  (55.64s)
    [main] val_query_f1=0.401515  range=0.000000  knn=0.000000  similarity=0.401515  clustering=0.000000
    [main] label_diag  similarity:pos=0.0086,p95=1.000,pairs=101117,skip=13625
  [main] epoch 24/75  loss=0.01216352  avg_tau=+0.116  pred_std=0.0223343  select=+0.372  (52.47s)
    [main] val_query_f1=0.372110  range=0.000000  knn=0.000000  similarity=0.372110  clustering=0.000000
    [main] label_diag  similarity:pos=0.0086,p95=1.000,pairs=100782,skip=13625
  [main] epoch 25/75  loss=0.01209016  avg_tau=+0.256  pred_std=0.0225293  select=+0.374  (62.79s)
    [main] val_query_f1=0.373978  range=0.000000  knn=0.000000  similarity=0.373978  clustering=0.000000
    [main] label_diag  similarity:pos=0.0086,p95=1.000,pairs=101018,skip=13625
  [main] epoch 26/75  loss=0.01206779  avg_tau=-0.447  pred_std=0.023508  select=+0.403  (55.64s)  *** NEW BEST MODEL ***
    [main] val_query_f1=0.402533  range=0.000000  knn=0.000000  similarity=0.402533  clustering=0.000000
    [main] label_diag  similarity:pos=0.0086,p95=1.000,pairs=101062,skip=13625
  [main] epoch 27/75  loss=0.01200612  avg_tau=+0.000  pred_std=0.0244119  select=+0.403  (70.21s)  *** NEW BEST MODEL ***
    [main] val_query_f1=0.402533  range=0.000000  knn=0.000000  similarity=0.402533  clustering=0.000000
    [main] label_diag  similarity:pos=0.0086,p95=1.000,pairs=101178,skip=13625
  [main] epoch 28/75  loss=0.01199702  avg_tau=-0.186  pred_std=0.0269124  select=+0.401  (54.90s)
    [main] val_query_f1=0.401422  range=0.000000  knn=0.000000  similarity=0.401422  clustering=0.000000
    [main] label_diag  similarity:pos=0.0086,p95=1.000,pairs=101108,skip=13625
  [main] epoch 29/75  loss=0.01193242  avg_tau=-0.268  pred_std=0.0316948  select=+0.401  (60.16s)
    [main] val_query_f1=0.401422  range=0.000000  knn=0.000000  similarity=0.401422  clustering=0.000000
    [main] label_diag  similarity:pos=0.0086,p95=1.000,pairs=100883,skip=13625
  [main] epoch 30/75  loss=0.01190491  avg_tau=+0.000  pred_std=0.0317716  select=+0.402  (52.26s)
    [main] val_query_f1=0.401552  range=0.000000  knn=0.000000  similarity=0.401552  clustering=0.000000
    [main] label_diag  similarity:pos=0.0086,p95=1.000,pairs=100978,skip=13625
  [main] epoch 31/75  loss=0.01183513  avg_tau=+0.000  pred_std=0.0333843  select=+0.402  (60.05s)
    [main] val_query_f1=0.401531  range=0.000000  knn=0.000000  similarity=0.401531  clustering=0.000000
    [main] label_diag  similarity:pos=0.0086,p95=1.000,pairs=101045,skip=13625
  [main] epoch 32/75  loss=0.01178237  avg_tau=+0.709  pred_std=0.0355652  select=+0.401  (78.64s)
    [main] val_query_f1=0.401259  range=0.000000  knn=0.000000  similarity=0.401259  clustering=0.000000
    [main] label_diag  similarity:pos=0.0086,p95=1.000,pairs=101160,skip=13625
  [main] epoch 33/75  loss=0.01171187  avg_tau=+0.347  pred_std=0.0360103  select=+0.401  (60.15s)
    [main] val_query_f1=0.401461  range=0.000000  knn=0.000000  similarity=0.401461  clustering=0.000000
    [main] label_diag  similarity:pos=0.0086,p95=1.000,pairs=101132,skip=13625
  [main] epoch 34/75  loss=0.01185126  avg_tau=+0.799  pred_std=0.0411364  select=+0.403  (76.10s)  *** NEW BEST MODEL ***
    [main] val_query_f1=0.402533  range=0.000000  knn=0.000000  similarity=0.402533  clustering=0.000000
    [main] label_diag  similarity:pos=0.0086,p95=1.000,pairs=101044,skip=13625
  [main] epoch 35/75  loss=0.01169096  avg_tau=+0.196  pred_std=0.0412449  select=+0.403  (55.17s)  *** NEW BEST MODEL ***
    [main] val_query_f1=0.402533  range=0.000000  knn=0.000000  similarity=0.402533  clustering=0.000000
    [main] label_diag  similarity:pos=0.0086,p95=1.000,pairs=101055,skip=13625
  [main] epoch 36/75  loss=0.01168107  avg_tau=+0.000  pred_std=0.0566302  select=+0.403  (53.22s)  *** NEW BEST MODEL ***
    [main] val_query_f1=0.402533  range=0.000000  knn=0.000000  similarity=0.402533  clustering=0.000000
    [main] label_diag  similarity:pos=0.0086,p95=1.000,pairs=100945,skip=13625
  [main] epoch 37/75  loss=0.01163134  avg_tau=-0.056  pred_std=0.0672571  select=+0.403  (47.77s)  *** NEW BEST MODEL ***
    [main] val_query_f1=0.402533  range=0.000000  knn=0.000000  similarity=0.402533  clustering=0.000000
    [main] label_diag  similarity:pos=0.0086,p95=1.000,pairs=101027,skip=13625
  [main] epoch 38/75  loss=0.01160290  avg_tau=+0.000  pred_std=0.0572758  select=+0.357  (51.21s)
    [main] val_query_f1=0.356767  range=0.000000  knn=0.000000  similarity=0.356767  clustering=0.000000
    [main] label_diag  similarity:pos=0.0086,p95=1.000,pairs=101037,skip=13625
  [main] epoch 39/75  loss=0.01151023  avg_tau=+0.000  pred_std=0.103752  select=+0.355  (52.34s)
    [main] val_query_f1=0.354698  range=0.000000  knn=0.000000  similarity=0.354698  clustering=0.000000
    [main] label_diag  similarity:pos=0.0086,p95=1.000,pairs=101122,skip=13625
  [main] epoch 40/75  loss=0.01179414  avg_tau=+0.005  pred_std=0.0565182  select=+0.401  (52.64s)
    [main] val_query_f1=0.401422  range=0.000000  knn=0.000000  similarity=0.401422  clustering=0.000000
    [main] label_diag  similarity:pos=0.0086,p95=1.000,pairs=101113,skip=13625
  [main] epoch 41/75  loss=0.01154288  avg_tau=+0.000  pred_std=0.103405  select=+0.401  (54.73s)
    [main] val_query_f1=0.401422  range=0.000000  knn=0.000000  similarity=0.401422  clustering=0.000000
    [main] label_diag  similarity:pos=0.0086,p95=1.000,pairs=101113,skip=13625
  [main] epoch 42/75  loss=0.01154970  avg_tau=+0.668  pred_std=0.0926938  select=+0.401  (50.58s)
    [main] val_query_f1=0.401422  range=0.000000  knn=0.000000  similarity=0.401422  clustering=0.000000
    [main] label_diag  similarity:pos=0.0086,p95=1.000,pairs=101136,skip=13625
  [main] epoch 43/75  loss=0.01154335  avg_tau=+0.980  pred_std=0.107474  select=+0.401  (57.55s)
    [main] val_query_f1=0.401422  range=0.000000  knn=0.000000  similarity=0.401422  clustering=0.000000
    [main] label_diag  similarity:pos=0.0086,p95=1.000,pairs=101054,skip=13625
  [main] epoch 44/75  loss=0.01175417  avg_tau=+0.116  pred_std=0.0568723  select=+0.401  (56.44s)
    [main] val_query_f1=0.401431  range=0.000000  knn=0.000000  similarity=0.401431  clustering=0.000000
    [main] label_diag  similarity:pos=0.0086,p95=1.000,pairs=100982,skip=13625
  [main] epoch 45/75  loss=0.01154901  avg_tau=+0.167  pred_std=0.223199  select=+0.378  (76.29s)
    [main] val_query_f1=0.378398  range=0.000000  knn=0.000000  similarity=0.378398  clustering=0.000000
    [main] label_diag  similarity:pos=0.0086,p95=1.000,pairs=100969,skip=13625
  [main] epoch 46/75  loss=0.01151520  avg_tau=+0.000  pred_std=0.184146  select=+0.401  (56.04s)
    [main] val_query_f1=0.401415  range=0.000000  knn=0.000000  similarity=0.401415  clustering=0.000000
    [main] label_diag  similarity:pos=0.0086,p95=1.000,pairs=101160,skip=13625
  [main] epoch 47/75  loss=0.01144144  avg_tau=+0.428  pred_std=0.187258  select=+0.388  (57.85s)
    [main] val_query_f1=0.388235  range=0.000000  knn=0.000000  similarity=0.388235  clustering=0.000000
    [main] label_diag  similarity:pos=0.0086,p95=1.000,pairs=101114,skip=13625
  [main] early stopping at epoch 47: selection score did not improve over 10 diag epochs (best_selection=+0.403, best_loss=0.01163134)
  [main] restored best diagnostic epoch 37/47 (selection=+0.403, loss=0.01163134, val_f1=0.402533)
[train-model (75 epochs)] done in 2693.65s
[save-model] starting...
  saved checkpoint to /ceph/project/P8-1/QDS/qds_v2/src/models/saved_models/model_2026-02-05_eval_2026-02-08_cov0p30_similarity_rs0p015_rt0p04_819951.pt  (epochs_trained=47, best_epoch=37, best_loss=0.01163134, train_mix=similarity=1.0, eval_mix=similarity=1.0)
[save-model] done in 0.01s
[evaluate-matched] starting...
[  eval MLQDS] starting...
[  eval MLQDS] done in 252.25s
[  eval Random] starting...
[  eval Random] done in 52.69s
[  eval UniformTemporal] starting...
[  eval UniformTemporal] done in 60.19s
[  eval newUniformTemporal] starting...
[  eval newUniformTemporal] done in 44.80s
[  eval DouglasPeucker] starting...
[  eval DouglasPeucker] done in 63.68s
[  eval Oracle] starting...
[  eval Oracle] done in 62.35s
[evaluate-matched] done in 564.51s
[evaluate-shift] starting...
[evaluate-shift] done in 0.00s
[write-results] starting...
  wrote results to /ceph/project/P8-1/QDS/qds_v2/results
[write-results] done in 0.26s
[write-simplified-csv] starting...
  wrote 1296472 retained points across 1296472 samples to /ceph/project/P8-1/AISDATA/ML_processed_AIS_files/run_2026-02-05_eval_2026-02-08_cov0p30_similarity_rs0p015_rt0p04_819951/ML_simplified_eval.csv
[write-simplified-csv] done in 2.73s
[trajectory-length-loss] starting...
  [length-loss] 1564 trajectories  avg_orig_km=114.17  avg_simp_km=113.56  avg_length_loss=0.246  avg_points_removed=1932.5
  [length-loss] filtered out 569 trajectories with orig_km < 1.00 (likely docked/stationary) from top-25 ranking

  [length-loss] Top 25 MOST distorted (highest length_loss):
  rank        mmsi     orig_km     simp_km  length_loss    kept   removed
     1   211457860        4.02        0.89        0.777      76       176
     2   211846360        3.24        1.12        0.654      92       212
     3   219004266        2.91        1.04        0.642     542      1262
     4   265513270       20.45        7.79        0.619      15        32
     5   259447000        4.08        1.57        0.614     312       725
     6   211385020       10.99        4.39        0.601      14        31
     7   218030270       16.80        6.73        0.599     207       483
     8   245697000        2.89        1.19        0.589     117       270
     9   219001582        3.33        1.39        0.584     763      1779
    10   219003217        2.43        1.02        0.581     206       478
    11   219798000        1.09        0.46        0.579     394       917
    12   511100505        6.86        2.93        0.573     172       400
    13   219003113        1.97        0.88        0.554     640      1492
    14   220343000        1.42        0.64        0.550     199       464
    15   219440000        1.32        0.60        0.548     127       294
    16   341832000        1.19        0.56        0.532      72       166
    17   219005513        2.67        1.25        0.532     654      1523
    18   215064000        2.40        1.13        0.531     128       296
    19   219024715        3.20        1.51        0.529    1272      2966
    20   352005487        5.89        2.78        0.527     139       323
    21   219017784        1.42        0.68        0.524     156       362
    22   219021176        1.75        0.84        0.516    1133      2643
    23   219005921        1.26        0.62        0.513     423       985
    24   218003000        5.00        2.47        0.506    1719      4008
    25   219014162        2.42        1.20        0.506     871      2031

  [length-loss] Top 25 LEAST distorted (lowest length_loss):
  rank        mmsi     orig_km     simp_km  length_loss    kept   removed
     1   636019492      164.27      164.27        0.000      37        84
     2   255916022       25.50       25.50        0.000     118       275
     3   273268690       12.12       12.12        0.000      21        48
     4   311055400       97.53       97.53        0.000     441      1028
     5   636024739      112.29      112.29        0.000     408       951
     6   230618000       98.61       98.60        0.000     489      1140
     7   258849000        5.65        5.65        0.000      10        23
     8   219560000      384.96      384.96        0.000    1739      4056
     9   373267000      301.29      301.29        0.000    1270      2963
    10   219028116      436.51      436.50        0.000    1985      4631
    11   255814000      155.05      155.05        0.000     721      1682
    12   636022717      266.92      266.92        0.000    1380      3220
    13   230987000      367.62      367.62        0.000    1491      3477
    14   215857000       36.63       36.63        0.000     151       350
    15   636020533      140.00      140.00        0.000     319       742
    16   477149200       54.20       54.20        0.000     261       608
    17   255806436       88.16       88.16        0.000     398       928
    18   538011780      181.37      181.37        0.000     902      2104
    19   241689000       36.78       36.78        0.000      95       219
    20   230982000      343.48      343.48        0.000    1390      3241
    21   258059000       19.92       19.92        0.000      16        35
    22   230617000      239.92      239.92        0.000    1216      2836
    23   210425000       95.04       95.04        0.000     291       676
    24   245897000      546.18      546.17        0.000    2907      6782
    25   636018491      116.16      116.16        0.000     551      1283
[trajectory-length-loss] done in 10.98s
[pipeline] total runtime 3274.68s

Matched-workload table
Method                     AggregateF1   Compression   Latency(ms)        Type
------------------------------------------------------------------------------
MLQDS                         0.416155        0.3002     199082.57         all
  - range                     0.000000                                   range
  - knn                       0.000000                                     knn
  - similarity                0.416155                              similarity
  - clustering                0.000000                              clustering
Random                        0.410154        0.3007        659.08         all
  - range                     0.000000                                   range
  - knn                       0.000000                                     knn
  - similarity                0.410154                              similarity
  - clustering                0.000000                              clustering
UniformTemporal               0.231756        0.3009        369.89         all
  - range                     0.000000                                   range
  - knn                       0.000000                                     knn
  - similarity                0.231756                              similarity
  - clustering                0.000000                              clustering
newUniformTemporal            0.428406        0.3002        156.33         all
  - range                     0.000000                                   range
  - knn                       0.000000                                     knn
  - similarity                0.428406                              similarity
  - clustering                0.000000                              clustering
DouglasPeucker                0.208601        0.3002        521.76         all
  - range                     0.000000                                   range
  - knn                       0.000000                                     knn
  - similarity                0.208601                              similarity
  - clustering                0.000000                              clustering
Oracle                        0.935236        0.3007        356.11         all
  - range                     0.000000                                   range
  - knn                       0.000000                                     knn
  - similarity                0.935236                              similarity
  - clustering                0.000000                              clustering

Distribution-shift table
Train\Eval                    similarity=1.0
--------------------------------------------
similarity=1.0                        0.4162
