[config] model=turn_aware  workload=mixed  epochs=75  n_queries=500  query_coverage=0.5  max_queries=10000  compression_ratio=0.15  lr=0.0005  pointwise_loss_weight=0.25  gradient_clip_norm=1.0  diagnostic_every=1  checkpoint_selection_metric=uniform_gap  f1_diagnostic_every=1  uniform_gap_weight=0.5  type_penalty_weight=1.0  range_spatial_fraction=0.015  range_time_fraction=0.04  knn_k=12  mlqds_temporal_fraction=0.0  residual_label_mode=temporal
[load-data] reading train CSV: /ceph/project/P8-1/AISDATA/preprocessed_AIS_files/preprocessed_2026-02-05.csv
[load-data] reading eval CSV: /ceph/project/P8-1/AISDATA/preprocessed_AIS_files/preprocessed_2026-02-08.csv
[load-data] train=1580 eval=1564 trajectories loaded in 53.68s
[pipeline] train=1580 trajectories, eval=1564 trajectories, train_mix=clustering=0.2,knn=0.4,range=0.2,similarity=0.2, eval_mix=clustering=0.2,knn=0.4,range=0.2,similarity=0.2
[split] starting...
  split mode=separate CSVs  train=1343  eval=1564
  checkpoint-selection validation=237 trajectories
[split] done in 0.00s
[build-datasets] starting...
[build-datasets] done in 0.46s
[generate-workloads] starting...
  train_workload=553 queries  coverage=50.29% (1916392/3811001)
  eval_workload=513 queries  coverage=50.35% (2174798/4318960)
  selection_workload=1000 queries  coverage=73.74% (425786/577411)
[generate-workloads] done in 179.62s
[write-queries-geojson] starting...
  wrote  103 range queries to /ceph/project/P8-1/AISDATA/Query_border_files/run_run2_high_cov_2026-02-05_eval_2026-02-08_cov0p50_mixed_rs0p015_rt0p04_822133/queries_range.geojson
  wrote  205 knn queries to /ceph/project/P8-1/AISDATA/Query_border_files/run_run2_high_cov_2026-02-05_eval_2026-02-08_cov0p50_mixed_rs0p015_rt0p04_822133/queries_knn.geojson
  wrote  103 similarity queries to /ceph/project/P8-1/AISDATA/Query_border_files/run_run2_high_cov_2026-02-05_eval_2026-02-08_cov0p50_mixed_rs0p015_rt0p04_822133/queries_similarity.geojson
  wrote  102 clustering queries to /ceph/project/P8-1/AISDATA/Query_border_files/run_run2_high_cov_2026-02-05_eval_2026-02-08_cov0p50_mixed_rs0p015_rt0p04_822133/queries_clustering.geojson
[write-queries-geojson] done in 0.20s
[train-model (75 epochs)] starting...
  [main] validation newUniformTemporal_f1=0.354289  range=0.261082  knn=0.247202  similarity=0.215837  clustering=0.800120
  [main] epoch 01/75  loss=0.04001471  avg_tau=-0.045  pred_std=0.189393  select=+0.210  (166.82s)
    [main] val_query_f1=0.296750  range=0.226804  knn=0.183212  similarity=0.118848  clustering=0.771673
    [main] val_vs_uniform aggregate=-0.057538  type_deficit=0.057538  range=-0.034278  knn=-0.063989  similarity=-0.096988  clustering=-0.028447
    [main] label_diag  range:pos=0.0973,p95=1.000,pairs=202411,skip=11444  knn:pos=0.0385,p95=1.000,pairs=327969,skip=10809  similarity:pos=0.0062,p95=1.000,pairs=69252,skip=13994  clustering:pos=0.0890,p95=1.000,pairs=173519,skip=11879
  [main] epoch 02/75  loss=0.03607097  avg_tau=+0.118  pred_std=0.176851  select=+0.216  (176.54s)  *** NEW BEST MODEL ***
    [main] val_query_f1=0.299027  range=0.226018  knn=0.187058  similarity=0.120606  clustering=0.774397
    [main] val_vs_uniform aggregate=-0.055261  type_deficit=0.055261  range=-0.035064  knn=-0.060144  similarity=-0.095231  clustering=-0.025723
    [main] label_diag  range:pos=0.0973,p95=1.000,pairs=202311,skip=11444  knn:pos=0.0385,p95=1.000,pairs=328125,skip=10809  similarity:pos=0.0062,p95=1.000,pairs=69395,skip=13994  clustering:pos=0.0890,p95=1.000,pairs=173407,skip=11879
  [main] epoch 03/75  loss=0.03473490  avg_tau=+0.349  pred_std=0.194663  select=+0.207  (169.51s)
    [main] val_query_f1=0.295395  range=0.224345  knn=0.182480  similarity=0.115871  clustering=0.771799
    [main] val_vs_uniform aggregate=-0.058894  type_deficit=0.058894  range=-0.036737  knn=-0.064722  similarity=-0.099965  clustering=-0.028322
    [main] label_diag  range:pos=0.0973,p95=1.000,pairs=202982,skip=11444  knn:pos=0.0385,p95=1.000,pairs=327957,skip=10809  similarity:pos=0.0062,p95=1.000,pairs=69275,skip=13994  clustering:pos=0.0890,p95=1.000,pairs=173585,skip=11879
  [main] epoch 04/75  loss=0.03117853  avg_tau=-0.159  pred_std=0.20008  select=+0.203  (130.29s)
    [main] val_query_f1=0.293840  range=0.223803  knn=0.179904  similarity=0.114710  clustering=0.770877
    [main] val_vs_uniform aggregate=-0.060449  type_deficit=0.060449  range=-0.037279  knn=-0.067298  similarity=-0.101126  clustering=-0.029243
    [main] label_diag  range:pos=0.0973,p95=1.000,pairs=202567,skip=11444  knn:pos=0.0385,p95=1.000,pairs=327602,skip=10809  similarity:pos=0.0062,p95=1.000,pairs=69375,skip=13994  clustering:pos=0.0890,p95=1.000,pairs=173728,skip=11879
  [main] epoch 05/75  loss=0.03400993  avg_tau=-0.043  pred_std=0.215451  select=+0.202  (166.72s)
    [main] val_query_f1=0.293461  range=0.223543  knn=0.179913  similarity=0.113003  clustering=0.770931
    [main] val_vs_uniform aggregate=-0.060828  type_deficit=0.060828  range=-0.037539  knn=-0.067289  similarity=-0.102834  clustering=-0.029189
    [main] label_diag  range:pos=0.0973,p95=1.000,pairs=202334,skip=11444  knn:pos=0.0385,p95=1.000,pairs=327849,skip=10809  similarity:pos=0.0062,p95=1.000,pairs=69258,skip=13994  clustering:pos=0.0890,p95=1.000,pairs=173937,skip=11879
  [main] epoch 06/75  loss=0.03000347  avg_tau=+0.281  pred_std=0.196409  select=+0.201  (166.46s)
    [main] val_query_f1=0.292983  range=0.223450  knn=0.178970  similarity=0.114940  clustering=0.768586
    [main] val_vs_uniform aggregate=-0.061306  type_deficit=0.061306  range=-0.037632  knn=-0.068232  similarity=-0.100897  clustering=-0.031535
    [main] label_diag  range:pos=0.0973,p95=1.000,pairs=202194,skip=11444  knn:pos=0.0385,p95=1.000,pairs=327703,skip=10809  similarity:pos=0.0062,p95=1.000,pairs=69307,skip=13994  clustering:pos=0.0890,p95=1.000,pairs=173658,skip=11879
  [main] epoch 07/75  loss=0.03315490  avg_tau=+0.141  pred_std=0.174956  select=+0.201  (161.43s)
    [main] val_query_f1=0.292800  range=0.222797  knn=0.178863  similarity=0.115190  clustering=0.768286
    [main] val_vs_uniform aggregate=-0.061489  type_deficit=0.061489  range=-0.038285  knn=-0.068339  similarity=-0.100647  clustering=-0.031834
    [main] label_diag  range:pos=0.0973,p95=1.000,pairs=202456,skip=11444  knn:pos=0.0385,p95=1.000,pairs=327483,skip=10809  similarity:pos=0.0062,p95=1.000,pairs=69394,skip=13994  clustering:pos=0.0890,p95=1.000,pairs=173645,skip=11879
  [main] epoch 08/75  loss=0.03155443  avg_tau=+0.160  pred_std=0.144464  select=+0.202  (166.86s)
    [main] val_query_f1=0.293185  range=0.223105  knn=0.179394  similarity=0.116876  clustering=0.767154
    [main] val_vs_uniform aggregate=-0.061104  type_deficit=0.061104  range=-0.037977  knn=-0.067808  similarity=-0.098960  clustering=-0.032966
    [main] label_diag  range:pos=0.0973,p95=1.000,pairs=202311,skip=11444  knn:pos=0.0385,p95=1.000,pairs=327669,skip=10809  similarity:pos=0.0062,p95=1.000,pairs=69383,skip=13994  clustering:pos=0.0890,p95=1.000,pairs=173314,skip=11879
  [main] epoch 09/75  loss=0.03089342  avg_tau=-0.080  pred_std=0.132454  select=+0.200  (160.24s)
    [main] val_query_f1=0.292392  range=0.222097  knn=0.178297  similarity=0.114669  clustering=0.768597
    [main] val_vs_uniform aggregate=-0.061897  type_deficit=0.061897  range=-0.038985  knn=-0.068905  similarity=-0.101167  clustering=-0.031523
    [main] label_diag  range:pos=0.0973,p95=1.000,pairs=202781,skip=11444  knn:pos=0.0385,p95=1.000,pairs=327922,skip=10809  similarity:pos=0.0062,p95=1.000,pairs=69332,skip=13994  clustering:pos=0.0890,p95=1.000,pairs=173876,skip=11879
  [main] epoch 10/75  loss=0.02937298  avg_tau=+0.027  pred_std=0.116886  select=+0.201  (179.34s)
    [main] val_query_f1=0.292855  range=0.222240  knn=0.179439  similarity=0.113695  clustering=0.769464
    [main] val_vs_uniform aggregate=-0.061433  type_deficit=0.061433  range=-0.038842  knn=-0.067763  similarity=-0.102142  clustering=-0.030656
    [main] label_diag  range:pos=0.0973,p95=1.000,pairs=202527,skip=11444  knn:pos=0.0385,p95=1.000,pairs=327886,skip=10809  similarity:pos=0.0062,p95=1.000,pairs=69483,skip=13994  clustering:pos=0.0890,p95=1.000,pairs=173973,skip=11879
  [main] epoch 11/75  loss=0.03251540  avg_tau=+0.006  pred_std=0.109607  select=+0.201  (163.46s)
    [main] val_query_f1=0.293160  range=0.222739  knn=0.180386  similarity=0.113694  clustering=0.768596
    [main] val_vs_uniform aggregate=-0.061128  type_deficit=0.061128  range=-0.038343  knn=-0.066816  similarity=-0.102143  clustering=-0.031524
    [main] label_diag  range:pos=0.0973,p95=1.000,pairs=202196,skip=11444  knn:pos=0.0385,p95=1.000,pairs=327526,skip=10809  similarity:pos=0.0062,p95=1.000,pairs=69329,skip=13994  clustering:pos=0.0890,p95=1.000,pairs=173631,skip=11879
  [main] epoch 12/75  loss=0.03315449  avg_tau=+0.227  pred_std=0.110386  select=+0.203  (169.80s)
    [main] val_query_f1=0.293718  range=0.223007  knn=0.180467  similarity=0.115922  clustering=0.768728
    [main] val_vs_uniform aggregate=-0.060570  type_deficit=0.060570  range=-0.038075  knn=-0.066735  similarity=-0.099914  clustering=-0.031392
    [main] label_diag  range:pos=0.0973,p95=1.000,pairs=202594,skip=11444  knn:pos=0.0385,p95=1.000,pairs=327838,skip=10809  similarity:pos=0.0062,p95=1.000,pairs=69338,skip=13994  clustering:pos=0.0890,p95=1.000,pairs=173505,skip=11879
  [main] epoch 13/75  loss=0.02872266  avg_tau=-0.202  pred_std=0.0964402  select=+0.202  (143.60s)
    [main] val_query_f1=0.293548  range=0.222170  knn=0.180697  similarity=0.114464  clustering=0.769710
    [main] val_vs_uniform aggregate=-0.060741  type_deficit=0.060741  range=-0.038912  knn=-0.066505  similarity=-0.101372  clustering=-0.030410
    [main] label_diag  range:pos=0.0973,p95=1.000,pairs=202292,skip=11444  knn:pos=0.0385,p95=1.000,pairs=327828,skip=10809  similarity:pos=0.0062,p95=1.000,pairs=69412,skip=13994  clustering:pos=0.0890,p95=1.000,pairs=174266,skip=11879
  [main] epoch 14/75  loss=0.03131431  avg_tau=+0.106  pred_std=0.0948488  select=+0.204  (170.54s)
    [main] val_query_f1=0.294302  range=0.221228  knn=0.183088  similarity=0.114228  clustering=0.769881
    [main] val_vs_uniform aggregate=-0.059986  type_deficit=0.059986  range=-0.039854  knn=-0.064114  similarity=-0.101609  clustering=-0.030239
    [main] label_diag  range:pos=0.0973,p95=1.000,pairs=202369,skip=11444  knn:pos=0.0385,p95=1.000,pairs=327663,skip=10809  similarity:pos=0.0062,p95=1.000,pairs=69223,skip=13994  clustering:pos=0.0890,p95=1.000,pairs=173766,skip=11879
  [main] epoch 15/75  loss=0.02881757  avg_tau=-0.022  pred_std=0.0929826  select=+0.205  (176.89s)
    [main] val_query_f1=0.294653  range=0.222397  knn=0.182473  similarity=0.114513  clustering=0.771409
    [main] val_vs_uniform aggregate=-0.059635  type_deficit=0.059635  range=-0.038685  knn=-0.064728  similarity=-0.101324  clustering=-0.028712
    [main] label_diag  range:pos=0.0973,p95=1.000,pairs=202339,skip=11444  knn:pos=0.0385,p95=1.000,pairs=327692,skip=10809  similarity:pos=0.0062,p95=1.000,pairs=69470,skip=13994  clustering:pos=0.0890,p95=1.000,pairs=173769,skip=11879
  [main] epoch 16/75  loss=0.03287943  avg_tau=+0.157  pred_std=0.0982011  select=+0.203  (142.42s)
    [main] val_query_f1=0.293711  range=0.223132  knn=0.179984  similarity=0.115846  clustering=0.769609
    [main] val_vs_uniform aggregate=-0.060577  type_deficit=0.060577  range=-0.037950  knn=-0.067218  similarity=-0.099990  clustering=-0.030511
    [main] label_diag  range:pos=0.0973,p95=1.000,pairs=202699,skip=11444  knn:pos=0.0385,p95=1.000,pairs=327801,skip=10809  similarity:pos=0.0062,p95=1.000,pairs=69308,skip=13994  clustering:pos=0.0890,p95=1.000,pairs=174137,skip=11879
  [main] epoch 17/75  loss=0.03151054  avg_tau=+0.250  pred_std=0.0983966  select=+0.206  (155.39s)
    [main] val_query_f1=0.294821  range=0.222845  knn=0.182642  similarity=0.114507  clustering=0.771472
    [main] val_vs_uniform aggregate=-0.059467  type_deficit=0.059467  range=-0.038238  knn=-0.064560  similarity=-0.101330  clustering=-0.028648
    [main] label_diag  range:pos=0.0973,p95=1.000,pairs=202565,skip=11444  knn:pos=0.0385,p95=1.000,pairs=327747,skip=10809  similarity:pos=0.0062,p95=1.000,pairs=69334,skip=13994  clustering:pos=0.0890,p95=1.000,pairs=173702,skip=11879
  [main] epoch 18/75  loss=0.03272383  avg_tau=+0.194  pred_std=0.106089  select=+0.202  (146.53s)
    [main] val_query_f1=0.293447  range=0.223348  knn=0.181671  similarity=0.112371  clustering=0.768171
    [main] val_vs_uniform aggregate=-0.060842  type_deficit=0.060842  range=-0.037734  knn=-0.065530  similarity=-0.103466  clustering=-0.031949
    [main] label_diag  range:pos=0.0973,p95=1.000,pairs=202568,skip=11444  knn:pos=0.0385,p95=1.000,pairs=327763,skip=10809  similarity:pos=0.0062,p95=1.000,pairs=69212,skip=13994  clustering:pos=0.0890,p95=1.000,pairs=173731,skip=11879
  [main] epoch 19/75  loss=0.02714772  avg_tau=+0.052  pred_std=0.0895199  select=+0.198  (141.28s)
    [main] val_query_f1=0.291628  range=0.222861  knn=0.177513  similarity=0.114511  clustering=0.765742
    [main] val_vs_uniform aggregate=-0.062661  type_deficit=0.062661  range=-0.038221  knn=-0.069689  similarity=-0.101326  clustering=-0.034378
    [main] label_diag  range:pos=0.0973,p95=1.000,pairs=202551,skip=11444  knn:pos=0.0385,p95=1.000,pairs=327916,skip=10809  similarity:pos=0.0062,p95=1.000,pairs=69452,skip=13994  clustering:pos=0.0890,p95=1.000,pairs=173793,skip=11879
  [main] epoch 20/75  loss=0.02836274  avg_tau=+0.001  pred_std=0.0889431  select=+0.204  (167.01s)
    [main] val_query_f1=0.293984  range=0.223145  knn=0.180717  similarity=0.113953  clustering=0.771385
    [main] val_vs_uniform aggregate=-0.060305  type_deficit=0.060305  range=-0.037937  knn=-0.066485  similarity=-0.101883  clustering=-0.028735
    [main] label_diag  range:pos=0.0973,p95=1.000,pairs=202742,skip=11444  knn:pos=0.0385,p95=1.000,pairs=327824,skip=10809  similarity:pos=0.0062,p95=1.000,pairs=69193,skip=13994  clustering:pos=0.0890,p95=1.000,pairs=173699,skip=11879
  [main] epoch 21/75  loss=0.02622869  avg_tau=+0.036  pred_std=0.0837777  select=+0.201  (162.58s)
    [main] val_query_f1=0.292854  range=0.222546  knn=0.181674  similarity=0.113337  clustering=0.765040
    [main] val_vs_uniform aggregate=-0.061434  type_deficit=0.061434  range=-0.038536  knn=-0.065528  similarity=-0.102500  clustering=-0.035080
    [main] label_diag  range:pos=0.0973,p95=1.000,pairs=202729,skip=11444  knn:pos=0.0385,p95=1.000,pairs=327592,skip=10809  similarity:pos=0.0062,p95=1.000,pairs=69434,skip=13994  clustering:pos=0.0890,p95=1.000,pairs=173566,skip=11879
  [main] epoch 22/75  loss=0.02951578  avg_tau=-0.092  pred_std=0.0924624  select=+0.197  (161.36s)
    [main] val_query_f1=0.291399  range=0.224507  knn=0.176369  similarity=0.116355  clustering=0.763396
    [main] val_vs_uniform aggregate=-0.062890  type_deficit=0.062890  range=-0.036575  knn=-0.070833  similarity=-0.099482  clustering=-0.036724
    [main] label_diag  range:pos=0.0973,p95=1.000,pairs=202403,skip=11444  knn:pos=0.0385,p95=1.000,pairs=327641,skip=10809  similarity:pos=0.0062,p95=1.000,pairs=69420,skip=13994  clustering:pos=0.0890,p95=1.000,pairs=173373,skip=11879
  [main] epoch 23/75  loss=0.03423700  avg_tau=+0.085  pred_std=0.116523  select=+0.198  (162.83s)
    [main] val_query_f1=0.291710  range=0.224404  knn=0.178403  similarity=0.113770  clustering=0.763572
    [main] val_vs_uniform aggregate=-0.062578  type_deficit=0.062578  range=-0.036678  knn=-0.068799  similarity=-0.102067  clustering=-0.036549
    [main] label_diag  range:pos=0.0973,p95=1.000,pairs=202404,skip=11444  knn:pos=0.0385,p95=1.000,pairs=327524,skip=10809  similarity:pos=0.0062,p95=1.000,pairs=69329,skip=13994  clustering:pos=0.0890,p95=1.000,pairs=173354,skip=11879
  [main] epoch 24/75  loss=0.02744436  avg_tau=+0.060  pred_std=0.0984036  select=+0.193  (141.12s)
    [main] val_query_f1=0.289661  range=0.221865  knn=0.174316  similarity=0.115088  clustering=0.762719
    [main] val_vs_uniform aggregate=-0.064628  type_deficit=0.064628  range=-0.039217  knn=-0.072885  similarity=-0.100748  clustering=-0.037402
    [main] label_diag  range:pos=0.0973,p95=1.000,pairs=202739,skip=11444  knn:pos=0.0385,p95=1.000,pairs=327434,skip=10809  similarity:pos=0.0062,p95=1.000,pairs=69311,skip=13994  clustering:pos=0.0890,p95=1.000,pairs=173429,skip=11879
  [main] epoch 25/75  loss=0.03186527  avg_tau=+0.198  pred_std=0.110135  select=+0.202  (162.41s)
    [main] val_query_f1=0.293325  range=0.222465  knn=0.179978  similarity=0.115377  clustering=0.768828
    [main] val_vs_uniform aggregate=-0.060963  type_deficit=0.060963  range=-0.038617  knn=-0.067224  similarity=-0.100459  clustering=-0.031293
    [main] label_diag  range:pos=0.0973,p95=1.000,pairs=202540,skip=11444  knn:pos=0.0385,p95=1.000,pairs=327560,skip=10809  similarity:pos=0.0062,p95=1.000,pairs=69523,skip=13994  clustering:pos=0.0890,p95=1.000,pairs=173870,skip=11879
  [main] epoch 26/75  loss=0.03050170  avg_tau=+0.011  pred_std=0.11012  select=+0.198  (158.08s)
    [main] val_query_f1=0.291891  range=0.223470  knn=0.177222  similarity=0.116532  clustering=0.765011
    [main] val_vs_uniform aggregate=-0.062397  type_deficit=0.062397  range=-0.037612  knn=-0.069980  similarity=-0.099304  clustering=-0.035109
    [main] label_diag  range:pos=0.0973,p95=1.000,pairs=202729,skip=11444  knn:pos=0.0385,p95=1.000,pairs=327919,skip=10809  similarity:pos=0.0062,p95=1.000,pairs=69311,skip=13994  clustering:pos=0.0890,p95=1.000,pairs=173635,skip=11879
  [main] epoch 27/75  loss=0.02663388  avg_tau=+0.038  pred_std=0.102486  select=+0.199  (171.46s)
    [main] val_query_f1=0.291988  range=0.223703  knn=0.178227  similarity=0.115050  clustering=0.764732
    [main] val_vs_uniform aggregate=-0.062301  type_deficit=0.062301  range=-0.037379  knn=-0.068975  similarity=-0.100787  clustering=-0.035388
    [main] label_diag  range:pos=0.0973,p95=1.000,pairs=202649,skip=11444  knn:pos=0.0385,p95=1.000,pairs=328047,skip=10809  similarity:pos=0.0062,p95=1.000,pairs=69378,skip=13994  clustering:pos=0.0890,p95=1.000,pairs=173745,skip=11879
  [main] early stopping at epoch 27: selection score did not improve over 25 diag epochs (best_selection=+0.216, best_loss=0.03607097)
  [main] restored best diagnostic epoch 2/27 (selection=+0.216, loss=0.03607097, val_f1=0.299027)
[train-model (75 epochs)] done in 4432.08s
[save-model] starting...
  saved checkpoint to /ceph/project/P8-1/QDS/qds_v2/src/models/saved_models/model_run2_high_cov_2026-02-05_eval_2026-02-08_cov0p50_mixed_rs0p015_rt0p04_822133.pt  (epochs_trained=27, best_epoch=2, best_loss=0.03607097, train_mix=clustering=0.2,knn=0.4,range=0.2,similarity=0.2, eval_mix=clustering=0.2,knn=0.4,range=0.2,similarity=0.2)
[save-model] done in 0.01s
[evaluate-matched] starting...
[  eval MLQDS] starting...
[  eval MLQDS] done in 220.51s
[  eval Random] starting...
[  eval Random] done in 65.10s
[  eval newUniformTemporal] starting...
[  eval newUniformTemporal] done in 65.24s
[  eval DouglasPeucker] starting...
[  eval DouglasPeucker] done in 61.64s
[  eval Oracle] starting...
[  eval Oracle] done in 79.12s
[evaluate-matched] done in 542.35s
[evaluate-shift] starting...
[evaluate-shift] done in 0.00s
[write-results] starting...
  wrote results to /ceph/project/P8-1/QDS/qds_v2/results/run2_high_cov_822133
[write-results] done in 0.01s
[write-simplified-csv] starting...
  wrote 648573 retained points across 648573 samples to /ceph/project/P8-1/AISDATA/ML_processed_AIS_files/run_run2_high_cov_2026-02-05_eval_2026-02-08_cov0p50_mixed_rs0p015_rt0p04_822133/ML_simplified_eval.csv
[write-simplified-csv] done in 1.22s
[trajectory-length-loss] starting...
  [length-loss] 1564 trajectories  avg_orig_km=114.17  avg_simp_km=99.40  avg_length_loss=0.439  avg_points_removed=2346.8
  [length-loss] filtered out 569 trajectories with orig_km < 1.00 (likely docked/stationary) from top-25 ranking

  [length-loss] Top 25 MOST distorted (highest length_loss):
  rank        mmsi     orig_km     simp_km  length_loss    kept   removed
     1   219001239        4.07        0.19        0.953     299      1692
     2   265513270       20.45        1.48        0.928       8        39
     3   220343000        1.42        0.13        0.906     100       563
     4   219020533        3.77        0.36        0.904     587      3326
     5   209075000        2.77        0.29        0.897      53       300
     6   218413000        2.22        0.26        0.883      61       340
     7   219440000        1.32        0.15        0.883      64       357
     8   219003113        1.97        0.23        0.882     320      1812
     9   219021176        1.75        0.22        0.871     567      3209
    10   265738540        1.40        0.19        0.864     344      1943
    11   219035305       13.43        1.85        0.862      78       436
    12   220076700        3.14        0.43        0.861     448      2533
    13   218143000        1.19        0.17        0.858      90       505
    14   219026081        5.64        0.82        0.854     643      3643
    15   219004266        2.91        0.43        0.853     271      1533
    16   258040000        2.08        0.31        0.852      54       305
    17   265650950        1.86        0.28        0.851     305      1724
    18   219033037        5.59        0.86        0.846     323      1826
    19   219798000        1.09        0.17        0.845     197      1114
    20   218003000        5.00        0.78        0.843     860      4867
    21   219005513        2.67        0.43        0.839     327      1850
    22   219438000       12.71        2.05        0.838     593      3356
    23   245697000        2.89        0.47        0.837      59       328
    24   219000881        2.07        0.34        0.837     469      2656
    25   265739650        1.39        0.23        0.837     320      1812

  [length-loss] Top 25 LEAST distorted (lowest length_loss):
  rank        mmsi     orig_km     simp_km  length_loss    kept   removed
     1   273268690       12.12       12.12        0.000      11        58
     2   258849000        5.65        5.65        0.000       5        28
     3   636019492      164.27      164.26        0.000      19       102
     4   255916022       25.50       25.50        0.000      59       334
     5   636021770       15.55       15.55        0.000      14        78
     6   538003242       36.40       36.39        0.000      59       332
     7   210425000       95.04       95.04        0.000     146       821
     8   258059000       19.92       19.92        0.000       8        43
     9   219814000       33.51       33.51        0.000       7        37
    10   311995000       99.07       99.06        0.000     180      1020
    11   241689000       36.78       36.78        0.000      48       266
    12   229344000       37.80       37.80        0.000      62       350
    13   244890472       44.97       44.96        0.000     106       598
    14   255915977      273.15      273.09        0.000     115       651
    15   235108527       44.96       44.95        0.000      68       385
    16   667001252       74.44       74.42        0.000     176       996
    17   477149200       54.20       54.19        0.000     131       738
    18   266254000       10.67       10.67        0.000      29       159
    19   351184000      116.49      116.46        0.000     298      1683
    20   212770000       70.37       70.34        0.000     129       726
    21   257308000      175.45      175.37        0.000     409      2313
    22   210387000       71.08       71.05        0.000     220      1243
    23   577678000       61.67       61.64        0.000     123       696
    24   352002167      250.40      250.28        0.000      68       381
    25   229654000       84.00       83.95        0.001     206      1166
[trajectory-length-loss] done in 8.05s
[pipeline] total runtime 5164.02s

Matched-workload table
Method                     AggregateF1   Compression    AvgPtGap   Latency(ms)        Type
------------------------------------------------------------------------------------------
MLQDS                         0.166017        0.1502        6.67     161786.00         all
  - range                     0.204670                                               range
  - knn                       0.150170                                                 knn
  - similarity                0.092805                                          similarity
  - clustering                0.232271                                          clustering
Random                        0.260283        0.1508        6.65        277.13         all
  - range                     0.263411                                               range
  - knn                       0.246150                                                 knn
  - similarity                0.205535                                          similarity
  - clustering                0.340171                                          clustering
newUniformTemporal            0.261298        0.1502        6.67         94.37         all
  - range                     0.260881                                               range
  - knn                       0.245348                                                 knn
  - similarity                0.216743                                          similarity
  - clustering                0.338172                                          clustering
DouglasPeucker                0.159105        0.1502        6.67        395.62         all
  - range                     0.218074                                               range
  - knn                       0.140579                                                 knn
  - similarity                0.096581                                          similarity
  - clustering                0.199715                                          clustering
Oracle                        0.815104        0.1508        6.65        288.27         all
  - range                     0.718480                                               range
  - knn                       0.926266                                                 knn
  - similarity                0.778191                                          similarity
  - clustering                0.726320                                          clustering

Geometric-distortion table (lower is better; SED = time-synchronous, PED = perpendicular, in km)
Method                    AvgSED_km  MaxSED_km  AvgPED_km  MaxPED_km   AvgLengthL     F1x(1-L)
----------------------------------------------------------------------------------------------
MLQDS                        6.2059     111.05     3.6014      74.12       0.4404     0.092908
Random                       0.0083      55.85     0.0035      31.32       0.3087     0.179933
newUniformTemporal           0.0049      57.72     0.0015      14.42       0.3224     0.177053
DouglasPeucker               9.9229     114.59     6.2193      85.98       0.4193     0.092396
Oracle                       0.7090      83.33     0.4874      62.35       0.3361     0.541130

Distribution-shift table
Train\Eval            clustering=0.2,knn=0.4,range=0.2,similarity=0.2
---------------------------------------------------------------------
clustering=0.2,knn=0.4,range=0.2,similarity=0.2                0.1660
