[config] model=turn_aware  workload=range  epochs=50  n_queries=75  query_coverage=0.15  max_queries=3000  compression_ratio=0.15  lr=0.0005  pointwise_loss_weight=0.25  gradient_clip_norm=1.0  diagnostic_every=1  checkpoint_selection_metric=uniform_gap  f1_diagnostic_every=1  uniform_gap_weight=0.5  type_penalty_weight=1.0  range_spatial_fraction=0.015  range_time_fraction=0.04  knn_k=12  mlqds_temporal_fraction=0.75  residual_label_mode=temporal
[load-data] reading train CSV: /ceph/project/P8-1/AISDATA/preprocessed_AIS_files/preprocessed_2026-02-05.csv
[load-data] reading eval CSV: /ceph/project/P8-1/AISDATA/preprocessed_AIS_files/preprocessed_2026-02-08.csv
[load-data] train=1580 eval=1564 trajectories loaded in 115.62s
[pipeline] train=1580 trajectories, eval=1564 trajectories, train_mix=range=1.0, eval_mix=range=1.0
[split] starting...
  split mode=separate CSVs  train=1343  eval=1564
  checkpoint-selection validation=237 trajectories
[split] done in 0.00s
[build-datasets] starting...
[build-datasets] done in 0.17s
[generate-workloads] starting...
  train_workload=153 queries  coverage=15.02% (572304/3811001)
  eval_workload=162 queries  coverage=15.03% (649076/4318960)
  selection_workload=150 queries  coverage=19.15% (110590/577411)
[generate-workloads] done in 40.52s
[write-queries-geojson] starting...
  wrote  162 range queries to /ceph/project/P8-1/AISDATA/Query_border_files/run_2026-02-05_eval_2026-02-08_cov0p15_range_rs0p015_rt0p04_821187/queries_range.geojson
  wrote    0 knn queries to /ceph/project/P8-1/AISDATA/Query_border_files/run_2026-02-05_eval_2026-02-08_cov0p15_range_rs0p015_rt0p04_821187/queries_knn.geojson
  wrote    0 similarity queries to /ceph/project/P8-1/AISDATA/Query_border_files/run_2026-02-05_eval_2026-02-08_cov0p15_range_rs0p015_rt0p04_821187/queries_similarity.geojson
  wrote    0 clustering queries to /ceph/project/P8-1/AISDATA/Query_border_files/run_2026-02-05_eval_2026-02-08_cov0p15_range_rs0p015_rt0p04_821187/queries_clustering.geojson
[write-queries-geojson] done in 0.02s
[train-model (50 epochs)] starting...
  [main] validation newUniformTemporal_f1=0.260885  range=0.260885  knn=0.000000  similarity=0.000000  clustering=0.000000
  [main] epoch 01/50  loss=0.06099504  avg_tau=-0.011  pred_std=0.0100001  select=+0.253  (87.70s)
    [main] val_query_f1=0.257796  range=0.257796  knn=0.000000  similarity=0.000000  clustering=0.000000
    [main] val_vs_uniform aggregate=-0.003089  type_deficit=0.003089  range=-0.003089  knn=+0.000000  similarity=+0.000000  clustering=+0.000000
    [main] label_diag  range:pos=0.1502,p95=1.000,pairs=266350,skip=10282
  [main] epoch 02/50  loss=0.05734954  avg_tau=+0.153  pred_std=0.00954472  select=+0.255  (79.06s)  *** NEW BEST MODEL ***
    [main] val_query_f1=0.258333  range=0.258333  knn=0.000000  similarity=0.000000  clustering=0.000000
    [main] val_vs_uniform aggregate=-0.002552  type_deficit=0.002552  range=-0.002552  knn=+0.000000  similarity=+0.000000  clustering=+0.000000
    [main] label_diag  range:pos=0.1502,p95=1.000,pairs=266242,skip=10282
  [main] epoch 03/50  loss=0.05514590  avg_tau=+0.025  pred_std=0.0107995  select=+0.253  (74.21s)
    [main] val_query_f1=0.257707  range=0.257707  knn=0.000000  similarity=0.000000  clustering=0.000000
    [main] val_vs_uniform aggregate=-0.003179  type_deficit=0.003179  range=-0.003179  knn=+0.000000  similarity=+0.000000  clustering=+0.000000
    [main] label_diag  range:pos=0.1502,p95=1.000,pairs=266948,skip=10282
  [main] epoch 04/50  loss=0.05381872  avg_tau=-0.260  pred_std=0.0132565  select=+0.245  (76.85s)
    [main] val_query_f1=0.254440  range=0.254440  knn=0.000000  similarity=0.000000  clustering=0.000000
    [main] val_vs_uniform aggregate=-0.006445  type_deficit=0.006445  range=-0.006445  knn=+0.000000  similarity=+0.000000  clustering=+0.000000
    [main] label_diag  range:pos=0.1502,p95=1.000,pairs=266508,skip=10282
  [main] epoch 05/50  loss=0.05294606  avg_tau=+0.193  pred_std=0.0140577  select=+0.245  (61.87s)
    [main] val_query_f1=0.254377  range=0.254377  knn=0.000000  similarity=0.000000  clustering=0.000000
    [main] val_vs_uniform aggregate=-0.006508  type_deficit=0.006508  range=-0.006508  knn=+0.000000  similarity=+0.000000  clustering=+0.000000
    [main] label_diag  range:pos=0.1502,p95=1.000,pairs=266251,skip=10282
  [main] epoch 06/50  loss=0.05247252  avg_tau=-0.068  pred_std=0.01517  select=+0.247  (64.53s)
    [main] val_query_f1=0.255516  range=0.255516  knn=0.000000  similarity=0.000000  clustering=0.000000
    [main] val_vs_uniform aggregate=-0.005369  type_deficit=0.005369  range=-0.005369  knn=+0.000000  similarity=+0.000000  clustering=+0.000000
    [main] label_diag  range:pos=0.1502,p95=1.000,pairs=266583,skip=10282
  [main] epoch 07/50  loss=0.05217511  avg_tau=-0.079  pred_std=0.0170833  select=+0.242  (72.42s)
    [main] val_query_f1=0.253512  range=0.253512  knn=0.000000  similarity=0.000000  clustering=0.000000
    [main] val_vs_uniform aggregate=-0.007373  type_deficit=0.007373  range=-0.007373  knn=+0.000000  similarity=+0.000000  clustering=+0.000000
    [main] label_diag  range:pos=0.1502,p95=1.000,pairs=266335,skip=10282
  [main] epoch 08/50  loss=0.05192482  avg_tau=+0.161  pred_std=0.0170947  select=+0.242  (77.70s)
    [main] val_query_f1=0.253179  range=0.253179  knn=0.000000  similarity=0.000000  clustering=0.000000
    [main] val_vs_uniform aggregate=-0.007706  type_deficit=0.007706  range=-0.007706  knn=+0.000000  similarity=+0.000000  clustering=+0.000000
    [main] label_diag  range:pos=0.1502,p95=1.000,pairs=266771,skip=10282
  [main] epoch 09/50  loss=0.05174846  avg_tau=+0.130  pred_std=0.0180377  select=+0.238  (77.85s)
    [main] val_query_f1=0.251868  range=0.251868  knn=0.000000  similarity=0.000000  clustering=0.000000
    [main] val_vs_uniform aggregate=-0.009017  type_deficit=0.009017  range=-0.009017  knn=+0.000000  similarity=+0.000000  clustering=+0.000000
    [main] label_diag  range:pos=0.1502,p95=1.000,pairs=266232,skip=10282
  [main] epoch 10/50  loss=0.05167311  avg_tau=+0.330  pred_std=0.0175765  select=+0.237  (78.33s)
    [main] val_query_f1=0.251453  range=0.251453  knn=0.000000  similarity=0.000000  clustering=0.000000
    [main] val_vs_uniform aggregate=-0.009432  type_deficit=0.009432  range=-0.009432  knn=+0.000000  similarity=+0.000000  clustering=+0.000000
    [main] label_diag  range:pos=0.1502,p95=1.000,pairs=265941,skip=10282
  [main] epoch 11/50  loss=0.05167468  avg_tau=-0.059  pred_std=0.0177288  select=+0.234  (79.05s)
    [main] val_query_f1=0.250085  range=0.250085  knn=0.000000  similarity=0.000000  clustering=0.000000
    [main] val_vs_uniform aggregate=-0.010801  type_deficit=0.010801  range=-0.010801  knn=+0.000000  similarity=+0.000000  clustering=+0.000000
    [main] label_diag  range:pos=0.1502,p95=1.000,pairs=266883,skip=10282
  [main] epoch 12/50  loss=0.05159719  avg_tau=-0.135  pred_std=0.0190696  select=+0.239  (77.27s)
    [main] val_query_f1=0.252234  range=0.252234  knn=0.000000  similarity=0.000000  clustering=0.000000
    [main] val_vs_uniform aggregate=-0.008652  type_deficit=0.008652  range=-0.008652  knn=+0.000000  similarity=+0.000000  clustering=+0.000000
    [main] label_diag  range:pos=0.1502,p95=1.000,pairs=266883,skip=10282
  [main] epoch 13/50  loss=0.05147569  avg_tau=-0.025  pred_std=0.0206677  select=+0.236  (79.23s)
    [main] val_query_f1=0.250981  range=0.250981  knn=0.000000  similarity=0.000000  clustering=0.000000
    [main] val_vs_uniform aggregate=-0.009904  type_deficit=0.009904  range=-0.009904  knn=+0.000000  similarity=+0.000000  clustering=+0.000000
    [main] label_diag  range:pos=0.1502,p95=1.000,pairs=266148,skip=10282
  [main] epoch 14/50  loss=0.05146123  avg_tau=+0.188  pred_std=0.0188141  select=+0.239  (79.27s)
    [main] val_query_f1=0.251952  range=0.251952  knn=0.000000  similarity=0.000000  clustering=0.000000
    [main] val_vs_uniform aggregate=-0.008933  type_deficit=0.008933  range=-0.008933  knn=+0.000000  similarity=+0.000000  clustering=+0.000000
    [main] label_diag  range:pos=0.1502,p95=1.000,pairs=266518,skip=10282
  [main] epoch 15/50  loss=0.05144362  avg_tau=+0.123  pred_std=0.0184988  select=+0.250  (77.19s)
    [main] val_query_f1=0.256617  range=0.256617  knn=0.000000  similarity=0.000000  clustering=0.000000
    [main] val_vs_uniform aggregate=-0.004268  type_deficit=0.004268  range=-0.004268  knn=+0.000000  similarity=+0.000000  clustering=+0.000000
    [main] label_diag  range:pos=0.1502,p95=1.000,pairs=266424,skip=10282
  [main] epoch 16/50  loss=0.05140220  avg_tau=+0.097  pred_std=0.0195965  select=+0.252  (73.99s)
    [main] val_query_f1=0.257287  range=0.257287  knn=0.000000  similarity=0.000000  clustering=0.000000
    [main] val_vs_uniform aggregate=-0.003599  type_deficit=0.003599  range=-0.003599  knn=+0.000000  similarity=+0.000000  clustering=+0.000000
    [main] label_diag  range:pos=0.1502,p95=1.000,pairs=266626,skip=10282
  [main] epoch 17/50  loss=0.05148467  avg_tau=+0.119  pred_std=0.0208915  select=+0.248  (79.72s)
    [main] val_query_f1=0.255701  range=0.255701  knn=0.000000  similarity=0.000000  clustering=0.000000
    [main] val_vs_uniform aggregate=-0.005184  type_deficit=0.005184  range=-0.005184  knn=+0.000000  similarity=+0.000000  clustering=+0.000000
    [main] label_diag  range:pos=0.1502,p95=1.000,pairs=266109,skip=10282
  [main] epoch 18/50  loss=0.05141203  avg_tau=+0.054  pred_std=0.0209056  select=+0.248  (78.27s)
    [main] val_query_f1=0.255738  range=0.255738  knn=0.000000  similarity=0.000000  clustering=0.000000
    [main] val_vs_uniform aggregate=-0.005148  type_deficit=0.005148  range=-0.005148  knn=+0.000000  similarity=+0.000000  clustering=+0.000000
    [main] label_diag  range:pos=0.1502,p95=1.000,pairs=266538,skip=10282
  [main] epoch 19/50  loss=0.05141818  avg_tau=-0.118  pred_std=0.0208423  select=+0.247  (78.10s)
    [main] val_query_f1=0.255272  range=0.255272  knn=0.000000  similarity=0.000000  clustering=0.000000
    [main] val_vs_uniform aggregate=-0.005613  type_deficit=0.005613  range=-0.005613  knn=+0.000000  similarity=+0.000000  clustering=+0.000000
    [main] label_diag  range:pos=0.1502,p95=1.000,pairs=266124,skip=10282
  [main] epoch 20/50  loss=0.05128967  avg_tau=-0.187  pred_std=0.019709  select=+0.245  (76.84s)
    [main] val_query_f1=0.254377  range=0.254377  knn=0.000000  similarity=0.000000  clustering=0.000000
    [main] val_vs_uniform aggregate=-0.006508  type_deficit=0.006508  range=-0.006508  knn=+0.000000  similarity=+0.000000  clustering=+0.000000
    [main] label_diag  range:pos=0.1502,p95=1.000,pairs=266856,skip=10282
  [main] epoch 21/50  loss=0.05134604  avg_tau=+0.091  pred_std=0.0210214  select=+0.257  (78.54s)  *** NEW BEST MODEL ***
    [main] val_query_f1=0.259338  range=0.259338  knn=0.000000  similarity=0.000000  clustering=0.000000
    [main] val_vs_uniform aggregate=-0.001547  type_deficit=0.001547  range=-0.001547  knn=+0.000000  similarity=+0.000000  clustering=+0.000000
    [main] label_diag  range:pos=0.1502,p95=1.000,pairs=266827,skip=10282
  [main] epoch 22/50  loss=0.05128358  avg_tau=+0.365  pred_std=0.0198078  select=+0.242  (77.84s)
    [main] val_query_f1=0.253287  range=0.253287  knn=0.000000  similarity=0.000000  clustering=0.000000
    [main] val_vs_uniform aggregate=-0.007598  type_deficit=0.007598  range=-0.007598  knn=+0.000000  similarity=+0.000000  clustering=+0.000000
    [main] label_diag  range:pos=0.1502,p95=1.000,pairs=266868,skip=10282
  [main] epoch 23/50  loss=0.05124446  avg_tau=-0.076  pred_std=0.0225829  select=+0.243  (77.25s)
    [main] val_query_f1=0.253616  range=0.253616  knn=0.000000  similarity=0.000000  clustering=0.000000
    [main] val_vs_uniform aggregate=-0.007269  type_deficit=0.007269  range=-0.007269  knn=+0.000000  similarity=+0.000000  clustering=+0.000000
    [main] label_diag  range:pos=0.1502,p95=1.000,pairs=266918,skip=10282
  [main] epoch 24/50  loss=0.05124677  avg_tau=+0.171  pred_std=0.0209224  select=+0.239  (77.03s)
    [main] val_query_f1=0.252037  range=0.252037  knn=0.000000  similarity=0.000000  clustering=0.000000
    [main] val_vs_uniform aggregate=-0.008848  type_deficit=0.008848  range=-0.008848  knn=+0.000000  similarity=+0.000000  clustering=+0.000000
    [main] label_diag  range:pos=0.1502,p95=1.000,pairs=266324,skip=10282
  [main] epoch 25/50  loss=0.05117761  avg_tau=-0.248  pred_std=0.0226719  select=+0.253  (79.61s)
    [main] val_query_f1=0.257756  range=0.257756  knn=0.000000  similarity=0.000000  clustering=0.000000
    [main] val_vs_uniform aggregate=-0.003130  type_deficit=0.003130  range=-0.003130  knn=+0.000000  similarity=+0.000000  clustering=+0.000000
    [main] label_diag  range:pos=0.1502,p95=1.000,pairs=266078,skip=10282
  [main] epoch 26/50  loss=0.05109780  avg_tau=+0.445  pred_std=0.0208824  select=+0.236  (78.21s)
    [main] val_query_f1=0.250945  range=0.250945  knn=0.000000  similarity=0.000000  clustering=0.000000
    [main] val_vs_uniform aggregate=-0.009940  type_deficit=0.009940  range=-0.009940  knn=+0.000000  similarity=+0.000000  clustering=+0.000000
    [main] label_diag  range:pos=0.1502,p95=1.000,pairs=266281,skip=10282
  [main] epoch 27/50  loss=0.05122088  avg_tau=+0.157  pred_std=0.0212423  select=+0.228  (77.42s)
    [main] val_query_f1=0.247822  range=0.247822  knn=0.000000  similarity=0.000000  clustering=0.000000
    [main] val_vs_uniform aggregate=-0.013063  type_deficit=0.013063  range=-0.013063  knn=+0.000000  similarity=+0.000000  clustering=+0.000000
    [main] label_diag  range:pos=0.1502,p95=1.000,pairs=266570,skip=10282
  [main] epoch 28/50  loss=0.05111111  avg_tau=-0.049  pred_std=0.021278  select=+0.248  (63.69s)
    [main] val_query_f1=0.255671  range=0.255671  knn=0.000000  similarity=0.000000  clustering=0.000000
    [main] val_vs_uniform aggregate=-0.005215  type_deficit=0.005215  range=-0.005215  knn=+0.000000  similarity=+0.000000  clustering=+0.000000
    [main] label_diag  range:pos=0.1502,p95=1.000,pairs=266518,skip=10282
  [main] epoch 29/50  loss=0.05113386  avg_tau=+0.093  pred_std=0.021203  select=+0.249  (71.97s)
    [main] val_query_f1=0.256154  range=0.256154  knn=0.000000  similarity=0.000000  clustering=0.000000
    [main] val_vs_uniform aggregate=-0.004732  type_deficit=0.004732  range=-0.004732  knn=+0.000000  similarity=+0.000000  clustering=+0.000000
    [main] label_diag  range:pos=0.1502,p95=1.000,pairs=266246,skip=10282
  [main] epoch 30/50  loss=0.05096066  avg_tau=+0.198  pred_std=0.0230449  select=+0.237  (78.42s)
    [main] val_query_f1=0.251159  range=0.251159  knn=0.000000  similarity=0.000000  clustering=0.000000
    [main] val_vs_uniform aggregate=-0.009726  type_deficit=0.009726  range=-0.009726  knn=+0.000000  similarity=+0.000000  clustering=+0.000000
    [main] label_diag  range:pos=0.1502,p95=1.000,pairs=266480,skip=10282
  [main] epoch 31/50  loss=0.05098150  avg_tau=+0.095  pred_std=0.022656  select=+0.217  (79.58s)
    [main] val_query_f1=0.243271  range=0.243271  knn=0.000000  similarity=0.000000  clustering=0.000000
    [main] val_vs_uniform aggregate=-0.017614  type_deficit=0.017614  range=-0.017614  knn=+0.000000  similarity=+0.000000  clustering=+0.000000
    [main] label_diag  range:pos=0.1502,p95=1.000,pairs=266335,skip=10282
  [main] epoch 32/50  loss=0.05101159  avg_tau=+0.255  pred_std=0.0220664  select=+0.239  (67.11s)
    [main] val_query_f1=0.252159  range=0.252159  knn=0.000000  similarity=0.000000  clustering=0.000000
    [main] val_vs_uniform aggregate=-0.008727  type_deficit=0.008727  range=-0.008727  knn=+0.000000  similarity=+0.000000  clustering=+0.000000
    [main] label_diag  range:pos=0.1502,p95=1.000,pairs=266566,skip=10282
  [main] epoch 33/50  loss=0.05087983  avg_tau=+0.103  pred_std=0.0221391  select=+0.231  (50.49s)
    [main] val_query_f1=0.248825  range=0.248825  knn=0.000000  similarity=0.000000  clustering=0.000000
    [main] val_vs_uniform aggregate=-0.012060  type_deficit=0.012060  range=-0.012060  knn=+0.000000  similarity=+0.000000  clustering=+0.000000
    [main] label_diag  range:pos=0.1502,p95=1.000,pairs=266180,skip=10282
  [main] epoch 34/50  loss=0.05089350  avg_tau=-0.256  pred_std=0.0219545  select=+0.234  (45.75s)
    [main] val_query_f1=0.249999  range=0.249999  knn=0.000000  similarity=0.000000  clustering=0.000000
    [main] val_vs_uniform aggregate=-0.010886  type_deficit=0.010886  range=-0.010886  knn=+0.000000  similarity=+0.000000  clustering=+0.000000
    [main] label_diag  range:pos=0.1502,p95=1.000,pairs=266783,skip=10282
  [main] epoch 35/50  loss=0.05093823  avg_tau=+0.028  pred_std=0.0223729  select=+0.229  (45.70s)
    [main] val_query_f1=0.248220  range=0.248220  knn=0.000000  similarity=0.000000  clustering=0.000000
    [main] val_vs_uniform aggregate=-0.012665  type_deficit=0.012665  range=-0.012665  knn=+0.000000  similarity=+0.000000  clustering=+0.000000
    [main] label_diag  range:pos=0.1502,p95=1.000,pairs=266347,skip=10282
  [main] epoch 36/50  loss=0.05084036  avg_tau=+0.331  pred_std=0.0219026  select=+0.237  (45.82s)
    [main] val_query_f1=0.251262  range=0.251262  knn=0.000000  similarity=0.000000  clustering=0.000000
    [main] val_vs_uniform aggregate=-0.009623  type_deficit=0.009623  range=-0.009623  knn=+0.000000  similarity=+0.000000  clustering=+0.000000
    [main] label_diag  range:pos=0.1502,p95=1.000,pairs=266368,skip=10282
  [main] epoch 37/50  loss=0.05088203  avg_tau=+0.254  pred_std=0.0235339  select=+0.250  (45.88s)
    [main] val_query_f1=0.256602  range=0.256602  knn=0.000000  similarity=0.000000  clustering=0.000000
    [main] val_vs_uniform aggregate=-0.004283  type_deficit=0.004283  range=-0.004283  knn=+0.000000  similarity=+0.000000  clustering=+0.000000
    [main] label_diag  range:pos=0.1502,p95=1.000,pairs=266704,skip=10282
  [main] epoch 38/50  loss=0.05078255  avg_tau=+0.104  pred_std=0.0231255  select=+0.254  (49.80s)
    [main] val_query_f1=0.258021  range=0.258021  knn=0.000000  similarity=0.000000  clustering=0.000000
    [main] val_vs_uniform aggregate=-0.002864  type_deficit=0.002864  range=-0.002864  knn=+0.000000  similarity=+0.000000  clustering=+0.000000
    [main] label_diag  range:pos=0.1502,p95=1.000,pairs=266060,skip=10282
  [main] epoch 39/50  loss=0.05067527  avg_tau=+0.019  pred_std=0.0233263  select=+0.244  (46.83s)
    [main] val_query_f1=0.254028  range=0.254028  knn=0.000000  similarity=0.000000  clustering=0.000000
    [main] val_vs_uniform aggregate=-0.006857  type_deficit=0.006857  range=-0.006857  knn=+0.000000  similarity=+0.000000  clustering=+0.000000
    [main] label_diag  range:pos=0.1502,p95=1.000,pairs=266861,skip=10282
  [main] epoch 40/50  loss=0.05066902  avg_tau=+0.243  pred_std=0.0227761  select=+0.242  (52.63s)
    [main] val_query_f1=0.253499  range=0.253499  knn=0.000000  similarity=0.000000  clustering=0.000000
    [main] val_vs_uniform aggregate=-0.007386  type_deficit=0.007386  range=-0.007386  knn=+0.000000  similarity=+0.000000  clustering=+0.000000
    [main] label_diag  range:pos=0.1502,p95=1.000,pairs=266638,skip=10282
  [main] epoch 41/50  loss=0.05060114  avg_tau=+0.198  pred_std=0.0221186  select=+0.249  (68.12s)
    [main] val_query_f1=0.255959  range=0.255959  knn=0.000000  similarity=0.000000  clustering=0.000000
    [main] val_vs_uniform aggregate=-0.004926  type_deficit=0.004926  range=-0.004926  knn=+0.000000  similarity=+0.000000  clustering=+0.000000
    [main] label_diag  range:pos=0.1502,p95=1.000,pairs=266609,skip=10282
  [main] epoch 42/50  loss=0.05055972  avg_tau=+0.164  pred_std=0.0232643  select=+0.247  (56.59s)
    [main] val_query_f1=0.255361  range=0.255361  knn=0.000000  similarity=0.000000  clustering=0.000000
    [main] val_vs_uniform aggregate=-0.005524  type_deficit=0.005524  range=-0.005524  knn=+0.000000  similarity=+0.000000  clustering=+0.000000
    [main] label_diag  range:pos=0.1502,p95=1.000,pairs=266710,skip=10282
  [main] epoch 43/50  loss=0.05058708  avg_tau=+0.037  pred_std=0.0228636  select=+0.234  (63.42s)
    [main] val_query_f1=0.250281  range=0.250281  knn=0.000000  similarity=0.000000  clustering=0.000000
    [main] val_vs_uniform aggregate=-0.010605  type_deficit=0.010605  range=-0.010605  knn=+0.000000  similarity=+0.000000  clustering=+0.000000
    [main] label_diag  range:pos=0.1502,p95=1.000,pairs=266094,skip=10282
  [main] epoch 44/50  loss=0.05046579  avg_tau=+0.350  pred_std=0.0230544  select=+0.240  (64.47s)
    [main] val_query_f1=0.252339  range=0.252339  knn=0.000000  similarity=0.000000  clustering=0.000000
    [main] val_vs_uniform aggregate=-0.008546  type_deficit=0.008546  range=-0.008546  knn=+0.000000  similarity=+0.000000  clustering=+0.000000
    [main] label_diag  range:pos=0.1502,p95=1.000,pairs=266791,skip=10282
  [main] epoch 45/50  loss=0.05049680  avg_tau=-0.040  pred_std=0.0217691  select=+0.253  (75.67s)
    [main] val_query_f1=0.257593  range=0.257593  knn=0.000000  similarity=0.000000  clustering=0.000000
    [main] val_vs_uniform aggregate=-0.003292  type_deficit=0.003292  range=-0.003292  knn=+0.000000  similarity=+0.000000  clustering=+0.000000
    [main] label_diag  range:pos=0.1502,p95=1.000,pairs=266456,skip=10282
  [main] epoch 46/50  loss=0.05043627  avg_tau=+0.127  pred_std=0.0216088  select=+0.235  (84.58s)
    [main] val_query_f1=0.250443  range=0.250443  knn=0.000000  similarity=0.000000  clustering=0.000000
    [main] val_vs_uniform aggregate=-0.010443  type_deficit=0.010443  range=-0.010443  knn=+0.000000  similarity=+0.000000  clustering=+0.000000
    [main] label_diag  range:pos=0.1502,p95=1.000,pairs=266343,skip=10282
  [main] early stopping at epoch 46: selection score did not improve over 25 diag epochs (best_selection=+0.257, best_loss=0.05134604)
  [main] restored best diagnostic epoch 21/46 (selection=+0.257, loss=0.05134604, val_f1=0.259338)
[train-model (50 epochs)] done in 3298.31s
[save-model] starting...
  saved checkpoint to /ceph/project/P8-1/QDS/qds_v2/src/models/saved_models/model_2026-02-05_eval_2026-02-08_cov0p15_range_rs0p015_rt0p04_821187.pt  (epochs_trained=46, best_epoch=21, best_loss=0.05134604, train_mix=range=1.0, eval_mix=range=1.0)
[save-model] done in 0.01s
[evaluate-matched] starting...
[  eval MLQDS] starting...
[  eval MLQDS] done in 174.10s
[  eval Random] starting...
[  eval Random] done in 2.26s
[  eval newUniformTemporal] starting...
[  eval newUniformTemporal] done in 1.82s
[  eval DouglasPeucker] starting...
[  eval DouglasPeucker] done in 2.18s
[  eval Oracle] starting...
[  eval Oracle] done in 2.37s
[evaluate-matched] done in 183.13s
[evaluate-shift] starting...
[evaluate-shift] done in 0.00s
[write-results] starting...
  wrote results to /ceph/project/P8-1/QDS/qds_v2/results
[write-results] done in 0.39s
[write-simplified-csv] starting...
  wrote 648573 retained points across 648573 samples to /ceph/project/P8-1/AISDATA/ML_processed_AIS_files/run_2026-02-05_eval_2026-02-08_cov0p15_range_rs0p015_rt0p04_821187/ML_simplified_eval.csv
[write-simplified-csv] done in 1.53s
[trajectory-length-loss] starting...
  [length-loss] 1564 trajectories  avg_orig_km=114.17  avg_simp_km=113.36  avg_length_loss=0.322  avg_points_removed=2346.8
  [length-loss] filtered out 569 trajectories with orig_km < 1.00 (likely docked/stationary) from top-25 ranking

  [length-loss] Top 25 MOST distorted (highest length_loss):
  rank        mmsi     orig_km     simp_km  length_loss    kept   removed
     1   211457860        4.02        0.48        0.880      38       214
     2   511100505        6.86        1.16        0.831      86       486
     3   211846360        3.24        0.56        0.828      46       258
     4   218030270       16.80        3.03        0.820     104       586
     5   219004266        2.91        0.55        0.811     271      1533
     6   259447000        4.08        0.81        0.802     156       881
     7   219001582        3.33        0.68        0.797     382      2160
     8   245697000        2.89        0.62        0.787      59       328
     9   219798000        1.09        0.24        0.785     197      1114
    10   219440000        1.32        0.29        0.778      64       357
    11   219003217        2.43        0.55        0.776     103       581
    12   219003113        1.97        0.47        0.760     320      1812
    13   219024715        3.20        0.78        0.757     636      3602
    14   244890000        1.13        0.27        0.757      43       243
    15   220343000        1.42        0.35        0.754     100       563
    16   352005487        5.89        1.46        0.752      70       392
    17   219014162        2.42        0.61        0.749     436      2466
    18   219017784        1.42        0.36        0.747      78       440
    19   215064000        2.40        0.62        0.742      64       360
    20   219000881        2.07        0.54        0.739     469      2656
    21   219000851        1.41        0.37        0.739      87       491
    22   218003000        5.00        1.36        0.728     860      4867
    23   219005513        2.67        0.73        0.727     327      1850
    24   258040000        2.08        0.57        0.723      54       305
    25   211385020       10.99        3.05        0.723       7        38

  [length-loss] Top 25 LEAST distorted (lowest length_loss):
  rank        mmsi     orig_km     simp_km  length_loss    kept   removed
     1   273268690       12.12       12.12        0.000      11        58
     2   255916022       25.50       25.50        0.000      59       334
     3   636019492      164.27      164.27        0.000      19       102
     4   258849000        5.65        5.65        0.000       5        28
     5   636024739      112.29      112.29        0.000     204      1155
     6   311055400       97.53       97.53        0.000     221      1248
     7   215857000       36.63       36.63        0.000      76       425
     8   212112000      197.89      197.89        0.000     355      2010
     9   210425000       95.04       95.04        0.000     146       821
    10   636020533      140.00      140.00        0.000     160       901
    11   230618000       98.61       98.60        0.000     245      1384
    12   258059000       19.92       19.92        0.000       8        43
    13   373267000      301.29      301.29        0.000     635      3598
    14   230987000      367.62      367.61        0.000     746      4222
    15   636022717      266.92      266.91        0.000     690      3910
    16   477149200       54.20       54.20        0.000     131       738
    17   311995000       99.07       99.07        0.000     180      1020
    18   255806436       88.16       88.15        0.000     199      1127
    19   241689000       36.78       36.78        0.000      48       266
    20   219560000      384.96      384.95        0.000     870      4925
    21   219814000       33.51       33.51        0.000       7        37
    22   255814000      155.05      155.04        0.000     361      2042
    23   538011780      181.37      181.37        0.000     451      2555
    24   538003242       36.40       36.39        0.000      59       332
    25   636018491      116.16      116.15        0.000     276      1558
[trajectory-length-loss] done in 9.76s
[pipeline] total runtime 3533.85s

Matched-workload table
Method                     AggregateF1   Compression    AvgPtGap   Latency(ms)        Type
------------------------------------------------------------------------------------------
MLQDS                         0.257029        0.1502        6.67     172519.88         all
  - range                     0.257029                                               range
  - knn                       0.000000                                                 knn
  - similarity                0.000000                                          similarity
  - clustering                0.000000                                          clustering
Random                        0.261305        0.1508        6.65        315.90         all
  - range                     0.261305                                               range
  - knn                       0.000000                                                 knn
  - similarity                0.000000                                          similarity
  - clustering                0.000000                                          clustering
newUniformTemporal            0.260685        0.1502        6.67        183.51         all
  - range                     0.260685                                               range
  - knn                       0.000000                                                 knn
  - similarity                0.000000                                          similarity
  - clustering                0.000000                                          clustering
DouglasPeucker                0.257756        0.1502        6.67        418.77         all
  - range                     0.257756                                               range
  - knn                       0.000000                                                 knn
  - similarity                0.000000                                          similarity
  - clustering                0.000000                                          clustering
Oracle                        0.851095        0.1508        6.64        272.59         all
  - range                     0.851095                                               range
  - knn                       0.000000                                                 knn
  - similarity                0.000000                                          similarity
  - clustering                0.000000                                          clustering

Distribution-shift table
Train\Eval                         range=1.0
--------------------------------------------
range=1.0                             0.2570
