[config] model=turn_aware  workload=mixed  epochs=50  n_queries=300  query_coverage=0.3  max_queries=3000  compression_ratio=0.3  lr=0.0005  pointwise_loss_weight=0.25  gradient_clip_norm=1.0  diagnostic_every=1  checkpoint_selection_metric=f1  f1_diagnostic_every=3  range_spatial_fraction=0.015  range_time_fraction=0.04
[load-data] reading train CSV: /ceph/project/P8-1/AISDATA/preprocessed_AIS_files/preprocessed_2026-02-05.csv
[load-data] reading eval CSV: /ceph/project/P8-1/AISDATA/preprocessed_AIS_files/preprocessed_2026-02-08.csv
[load-data] train=1580 eval=1564 trajectories loaded in 53.27s
[pipeline] train=1580 trajectories, eval=1564 trajectories, train_mix=clustering=0.2,knn=0.2,range=0.2,similarity=0.2, eval_mix=clustering=0.2,knn=0.2,range=0.2,similarity=0.2
[split] starting...
  split mode=separate CSVs  train=1343  eval=1564
  checkpoint-selection validation=237 trajectories
[split] done in 0.00s
[build-datasets] starting...
[build-datasets] done in 4.96s
[generate-workloads] starting...
  train_workload=300 queries  coverage=89.52% (3411529/3811001)
  eval_workload=300 queries  coverage=89.10% (3848125/4318960)
  selection_workload=300 queries  coverage=88.46% (510769/577411)
[generate-workloads] done in 272.34s
[write-queries-geojson] starting...
  wrote   75 range queries to /ceph/project/P8-1/AISDATA/Query_border_files/run_2026-02-05_eval_2026-02-08_cov0p30_mixed_rs0p015_rt0p04_819327/queries_range.geojson
  wrote   75 knn queries to /ceph/project/P8-1/AISDATA/Query_border_files/run_2026-02-05_eval_2026-02-08_cov0p30_mixed_rs0p015_rt0p04_819327/queries_knn.geojson
  wrote   75 similarity queries to /ceph/project/P8-1/AISDATA/Query_border_files/run_2026-02-05_eval_2026-02-08_cov0p30_mixed_rs0p015_rt0p04_819327/queries_similarity.geojson
  wrote   75 clustering queries to /ceph/project/P8-1/AISDATA/Query_border_files/run_2026-02-05_eval_2026-02-08_cov0p30_mixed_rs0p015_rt0p04_819327/queries_clustering.geojson
[write-queries-geojson] done in 0.02s
[train-model (50 epochs)] starting...
  [main] epoch 01/50  loss=0.02468499  avg_tau=-0.117  pred_std=0.0979229  select=+0.525  (132.06s)
    [main] val_query_f1=0.525470  range=0.456018  knn=0.412678  similarity=0.410065  clustering=0.823121
    [main] label_diag  range:pos=0.0761,p95=1.000,pairs=156402,skip=12266  knn:pos=0.0059,p95=1.000,pairs=57963,skip=14117  similarity:pos=0.0787,p95=1.000,pairs=35911,skip=13288  clustering:pos=0.0765,p95=1.000,pairs=147897,skip=12398
  [main] epoch 02/50  loss=0.02256644  avg_tau=-0.072  pred_std=0.0853737  select=+0.528  (109.97s)  *** NEW BEST MODEL ***
    [main] val_query_f1=0.527848  range=0.452253  knn=0.420784  similarity=0.422389  clustering=0.815967
    [main] label_diag  range:pos=0.0761,p95=1.000,pairs=156445,skip=12266  knn:pos=0.0059,p95=1.000,pairs=57785,skip=14117  similarity:pos=0.0787,p95=1.000,pairs=35947,skip=13288  clustering:pos=0.0765,p95=1.000,pairs=147638,skip=12398
  [main] epoch 03/50  loss=0.02148824  avg_tau=-0.048  pred_std=0.112405  select=+0.528  (110.65s)  *** NEW BEST MODEL ***
    [main] val_query_f1=0.527955  range=0.454745  knn=0.436515  similarity=0.403100  clustering=0.817460
    [main] label_diag  range:pos=0.0761,p95=1.000,pairs=156643,skip=12266  knn:pos=0.0059,p95=1.000,pairs=57833,skip=14117  similarity:pos=0.0787,p95=1.000,pairs=35917,skip=13288  clustering:pos=0.0765,p95=1.000,pairs=147528,skip=12398
  [main] epoch 04/50  loss=0.02221093  avg_tau=+0.137  pred_std=0.150264  select=+0.529  (104.81s)  *** NEW BEST MODEL ***
    [main] val_query_f1=0.528937  range=0.449428  knn=0.448798  similarity=0.404257  clustering=0.813265
    [main] label_diag  range:pos=0.0761,p95=1.000,pairs=156748,skip=12266  knn:pos=0.0059,p95=1.000,pairs=57890,skip=14117  similarity:pos=0.0787,p95=1.000,pairs=35743,skip=13288  clustering:pos=0.0765,p95=1.000,pairs=147571,skip=12398
  [main] epoch 05/50  loss=0.01968990  avg_tau=-0.105  pred_std=0.159616  select=+0.517  (111.86s)
    [main] val_query_f1=0.517156  range=0.433941  knn=0.440242  similarity=0.382736  clustering=0.811705
    [main] label_diag  range:pos=0.0761,p95=1.000,pairs=156320,skip=12266  knn:pos=0.0059,p95=1.000,pairs=57837,skip=14117  similarity:pos=0.0787,p95=1.000,pairs=35888,skip=13288  clustering:pos=0.0765,p95=1.000,pairs=147637,skip=12398
  [main] epoch 06/50  loss=0.02068318  avg_tau=+0.052  pred_std=0.175331  select=+0.502  (107.14s)
    [main] val_query_f1=0.501976  range=0.419660  knn=0.440157  similarity=0.353277  clustering=0.794809
    [main] label_diag  range:pos=0.0761,p95=1.000,pairs=156657,skip=12266  knn:pos=0.0059,p95=1.000,pairs=57905,skip=14117  similarity:pos=0.0787,p95=1.000,pairs=35866,skip=13288  clustering:pos=0.0765,p95=1.000,pairs=147640,skip=12398
  [main] epoch 07/50  loss=0.02052292  avg_tau=+0.059  pred_std=0.189612  select=+0.499  (101.32s)
    [main] val_query_f1=0.498851  range=0.407551  knn=0.439326  similarity=0.350303  clustering=0.798225
    [main] label_diag  range:pos=0.0761,p95=1.000,pairs=156671,skip=12266  knn:pos=0.0059,p95=1.000,pairs=57814,skip=14117  similarity:pos=0.0787,p95=1.000,pairs=35732,skip=13288  clustering:pos=0.0765,p95=1.000,pairs=147623,skip=12398
  [main] epoch 08/50  loss=0.01883814  avg_tau=+0.101  pred_std=0.197576  select=+0.522  (113.38s)
    [main] val_query_f1=0.522249  range=0.418901  knn=0.435906  similarity=0.425327  clustering=0.808860
    [main] label_diag  range:pos=0.0761,p95=1.000,pairs=156523,skip=12266  knn:pos=0.0059,p95=1.000,pairs=57788,skip=14117  similarity:pos=0.0787,p95=1.000,pairs=35823,skip=13288  clustering:pos=0.0765,p95=1.000,pairs=147657,skip=12398
  [main] epoch 09/50  loss=0.01959945  avg_tau=-0.065  pred_std=0.194724  select=+0.520  (106.11s)
    [main] val_query_f1=0.519841  range=0.409753  knn=0.450787  similarity=0.408082  clustering=0.810744
    [main] label_diag  range:pos=0.0761,p95=1.000,pairs=156469,skip=12266  knn:pos=0.0059,p95=1.000,pairs=57926,skip=14117  similarity:pos=0.0787,p95=1.000,pairs=35814,skip=13288  clustering:pos=0.0765,p95=1.000,pairs=147699,skip=12398
  [main] epoch 10/50  loss=0.01668560  avg_tau=+0.303  pred_std=0.225513  select=+0.517  (104.91s)
    [main] val_query_f1=0.517340  range=0.417656  knn=0.424501  similarity=0.418668  clustering=0.808534
    [main] label_diag  range:pos=0.0761,p95=1.000,pairs=156600,skip=12266  knn:pos=0.0059,p95=1.000,pairs=57809,skip=14117  similarity:pos=0.0787,p95=1.000,pairs=35910,skip=13288  clustering:pos=0.0765,p95=1.000,pairs=147746,skip=12398
  [main] epoch 11/50  loss=0.01871155  avg_tau=+0.130  pred_std=0.219079  select=+0.520  (102.59s)
    [main] val_query_f1=0.520288  range=0.407962  knn=0.445206  similarity=0.426692  clustering=0.801291
    [main] label_diag  range:pos=0.0761,p95=1.000,pairs=156415,skip=12266  knn:pos=0.0059,p95=1.000,pairs=57937,skip=14117  similarity:pos=0.0787,p95=1.000,pairs=36044,skip=13288  clustering:pos=0.0765,p95=1.000,pairs=147562,skip=12398
  [main] epoch 12/50  loss=0.01824870  avg_tau=-0.043  pred_std=0.233926  select=+0.524  (108.72s)
    [main] val_query_f1=0.523977  range=0.406858  knn=0.449793  similarity=0.431319  clustering=0.807937
    [main] label_diag  range:pos=0.0761,p95=1.000,pairs=156697,skip=12266  knn:pos=0.0059,p95=1.000,pairs=57823,skip=14117  similarity:pos=0.0787,p95=1.000,pairs=35920,skip=13288  clustering:pos=0.0765,p95=1.000,pairs=147444,skip=12398
  [main] epoch 13/50  loss=0.02067725  avg_tau=+0.319  pred_std=0.241993  select=+0.511  (90.01s)
    [main] val_query_f1=0.511346  range=0.378808  knn=0.439018  similarity=0.424681  clustering=0.802876
    [main] label_diag  range:pos=0.0761,p95=1.000,pairs=156707,skip=12266  knn:pos=0.0059,p95=1.000,pairs=57906,skip=14117  similarity:pos=0.0787,p95=1.000,pairs=36127,skip=13288  clustering:pos=0.0765,p95=1.000,pairs=147295,skip=12398
  [main] epoch 14/50  loss=0.01823945  avg_tau=+0.031  pred_std=0.23981  select=+0.516  (98.27s)
    [main] val_query_f1=0.516329  range=0.389943  knn=0.411283  similarity=0.451164  clustering=0.812924
    [main] label_diag  range:pos=0.0761,p95=1.000,pairs=156677,skip=12266  knn:pos=0.0059,p95=1.000,pairs=57876,skip=14117  similarity:pos=0.0787,p95=1.000,pairs=35765,skip=13288  clustering:pos=0.0765,p95=1.000,pairs=147595,skip=12398
  [main] early stopping at epoch 14: selection score did not improve over 10 diag epochs (best_selection=+0.529, best_loss=0.02221093)
  [main] restored best diagnostic epoch 4/14 (selection=+0.529, loss=0.02221093, val_f1=0.528937)
[train-model (50 epochs)] done in 1692.59s
[save-model] starting...
  saved checkpoint to /ceph/project/P8-1/QDS/qds_v2/src/models/saved_models/model_2026-02-05_eval_2026-02-08_cov0p30_mixed_rs0p015_rt0p04_819327.pt  (epochs_trained=14, best_epoch=4, best_loss=0.02221093, train_mix=clustering=0.2,knn=0.2,range=0.2,similarity=0.2, eval_mix=clustering=0.2,knn=0.2,range=0.2,similarity=0.2)
[save-model] done in 0.07s
[evaluate-matched] starting...
[  eval MLQDS] starting...
[  eval MLQDS] done in 1045.49s
[  eval Random] starting...
[  eval Random] done in 395.35s
[  eval UniformTemporal] starting...
[  eval UniformTemporal] done in 556.80s
[  eval newUniformTemporal] starting...
[  eval newUniformTemporal] done in 700.31s
[  eval DouglasPeucker] starting...
[  eval DouglasPeucker] done in 592.11s
[  eval Oracle] starting...
[  eval Oracle] done in 682.82s
[evaluate-matched] done in 4471.64s
[evaluate-shift] starting...
[evaluate-shift] done in 3067.34s
[write-results] starting...
  wrote results to /ceph/project/P8-1/QDS/qds_v2/results
[write-results] done in 0.02s
[write-simplified-csv] starting...
  wrote 1298351 retained points across 1298351 samples to /ceph/project/P8-1/AISDATA/ML_processed_AIS_files/run_2026-02-05_eval_2026-02-08_cov0p30_mixed_rs0p015_rt0p04_819327/ML_simplified_eval.csv
[write-simplified-csv] done in 2.58s
[trajectory-length-loss] starting...
  [length-loss] 1564 trajectories  avg_orig_km=114.17  avg_simp_km=111.37  avg_length_loss=0.275  avg_points_removed=1931.3
  [length-loss] filtered out 569 trajectories with orig_km < 1.00 (likely docked/stationary) from top-25 ranking

  [length-loss] Top 25 MOST distorted (highest length_loss):
  rank        mmsi     orig_km     simp_km  length_loss    kept   removed
     1   219035305       13.43        2.29        0.829     156       358
     2   211611070        9.61        1.68        0.825     105       241
     3   211457860        4.02        0.84        0.792      77       175
     4   257769000       21.34        5.50        0.742      79       180
     5   211846360        3.24        0.85        0.738      93       211
     6   219440000        1.32        0.37        0.717     128       293
     7   219003217        2.43        0.70        0.713     207       477
     8   219017784        1.42        0.42        0.705     157       361
     9   265513270       20.45        6.04        0.705      17        30
    10   219004266        2.91        0.87        0.701     543      1261
    11   219026081        5.64        1.69        0.700    1287      2999
    12   219003113        1.97        0.60        0.694     641      1491
    13   219024715        3.20        1.01        0.686    1273      2965
    14   219033037        5.59        1.77        0.683     646      1503
    15   219438000       12.71        4.04        0.682    1186      2763
    16   259447000        4.08        1.31        0.680     313       724
    17   352005487        5.89        1.89        0.679     140       322
    18   219001582        3.33        1.07        0.678     763      1779
    19   218030270       16.80        5.46        0.675     207       483
    20   220076700        3.14        1.04        0.670     896      2085
    21   219003103        5.15        1.72        0.667     933      2172
    22   219014162        2.42        0.81        0.667     872      2030
    23   219798000        1.09        0.37        0.663     395       916
    24   219021176        1.75        0.59        0.663    1134      2642
    25   219005513        2.67        0.90        0.662     655      1522

  [length-loss] Top 25 LEAST distorted (lowest length_loss):
  rank        mmsi     orig_km     simp_km  length_loss    kept   removed
     1   258849000        5.65        5.65        0.000      12        21
     2   273268690       12.12       12.12        0.000      23        46
     3   210568000       59.61       59.61        0.000      41        90
     4   636019492      164.27      164.26        0.000      38        83
     5   210425000       95.04       95.04        0.000     292       675
     6   311995000       99.07       99.07        0.000     361       839
     7   258059000       19.92       19.92        0.000      18        33
     8   538003242       36.40       36.39        0.000     119       272
     9   255916022       25.50       25.50        0.000     119       274
    10   636021770       15.55       15.55        0.000      29        63
    11   538008844       68.26       68.26        0.000     271       629
    12   305654000       83.96       83.96        0.000     111       253
    13   241689000       36.78       36.78        0.000      96       218
    14   311055400       97.53       97.53        0.000     442      1027
    15   246845000      370.85      370.82        0.000     994      2317
    16   352002167      250.40      250.38        0.000     136       313
    17   265039000       99.91       99.91        0.000     427       990
    18   229344000       37.80       37.80        0.000     125       287
    19   636024739      112.29      112.28        0.000     409       950
    20   229654000       84.00       83.99        0.000     413       959
    21   219814000       33.51       33.51        0.000      16        28
    22   636023557      140.84      140.82        0.000     599      1392
    23   244890472       44.97       44.96        0.000     213       491
    24   266199000       76.74       76.73        0.000     427       992
    25   246100000      152.27      152.24        0.000     465      1079
[trajectory-length-loss] done in 15.96s
[pipeline] total runtime 9527.53s

Matched-workload table
Method                     AggregateF1   Compression   Latency(ms)        Type
------------------------------------------------------------------------------
MLQDS                         0.428370        0.3006     868959.43         all
  - range                     0.453621                                   range
  - knn                       0.418910                                     knn
  - similarity                0.401416                              similarity
  - clustering                0.439534                              clustering
Random                        0.455613        0.3007        524.78         all
  - range                     0.461378                                   range
  - knn                       0.442023                                     knn
  - similarity                0.450740                              similarity
  - clustering                0.468310                              clustering
UniformTemporal               0.318797        0.3009       4261.82         all
  - range                     0.399799                                   range
  - knn                       0.365192                                     knn
  - similarity                0.209571                              similarity
  - clustering                0.300625                              clustering
newUniformTemporal            0.459962        0.3002       1630.02         all
  - range                     0.461448                                   range
  - knn                       0.448404                                     knn
  - similarity                0.458487                              similarity
  - clustering                0.471509                              clustering
DouglasPeucker                0.289616        0.3002       4317.31         all
  - range                     0.405363                                   range
  - knn                       0.236568                                     knn
  - similarity                0.254749                              similarity
  - clustering                0.261784                              clustering
Oracle                        0.889785        0.3007       3176.74         all
  - range                     0.933723                                   range
  - knn                       0.991438                                     knn
  - similarity                0.709191                              similarity
  - clustering                0.924790                              clustering

Distribution-shift table
Train\Eval            clustering=0.2,knn=0.2,range=0.2,similarity=0.2
---------------------------------------------------------------------
clustering=0.2,knn=0.2,range=0.2,similarity=0.2                0.4284
