[config] model=turn_aware  workload=similarity  epochs=75  n_queries=150  query_coverage=0.3  max_queries=3000  compression_ratio=0.3  lr=0.0005  pointwise_loss_weight=0.25  gradient_clip_norm=1.0  diagnostic_every=1  checkpoint_selection_metric=f1  f1_diagnostic_every=1  range_spatial_fraction=0.015  range_time_fraction=0.04  knn_k=12  mlqds_temporal_fraction=0.5  residual_label_mode=temporal
[load-data] reading train CSV: /ceph/project/P8-1/AISDATA/preprocessed_AIS_files/preprocessed_2026-02-05.csv
[load-data] reading eval CSV: /ceph/project/P8-1/AISDATA/preprocessed_AIS_files/preprocessed_2026-02-08.csv
[load-data] train=1580 eval=1564 trajectories loaded in 70.82s
[pipeline] train=1580 trajectories, eval=1564 trajectories, train_mix=similarity=1.0, eval_mix=similarity=1.0
[split] starting...
  split mode=separate CSVs  train=1343  eval=1564
  checkpoint-selection validation=237 trajectories
[split] done in 0.00s
[build-datasets] starting...
[build-datasets] done in 1.29s
[generate-workloads] starting...
  train_workload=150 queries  coverage=43.91% (1673518/3811001)
  eval_workload=150 queries  coverage=51.66% (2231178/4318960)
  selection_workload=300 queries  coverage=69.57% (401690/577411)
[generate-workloads] done in 28.85s
[write-queries-geojson] starting...
  wrote    0 range queries to /ceph/project/P8-1/AISDATA/Query_border_files/run_2026-02-05_eval_2026-02-08_cov0p30_similarity_rs0p015_rt0p04_820658/queries_range.geojson
  wrote    0 knn queries to /ceph/project/P8-1/AISDATA/Query_border_files/run_2026-02-05_eval_2026-02-08_cov0p30_similarity_rs0p015_rt0p04_820658/queries_knn.geojson
  wrote  150 similarity queries to /ceph/project/P8-1/AISDATA/Query_border_files/run_2026-02-05_eval_2026-02-08_cov0p30_similarity_rs0p015_rt0p04_820658/queries_similarity.geojson
  wrote    0 clustering queries to /ceph/project/P8-1/AISDATA/Query_border_files/run_2026-02-05_eval_2026-02-08_cov0p30_similarity_rs0p015_rt0p04_820658/queries_clustering.geojson
[write-queries-geojson] done in 0.02s
[train-model (75 epochs)] starting...
  [main] epoch 01/75  loss=0.01646486  avg_tau=+0.500  pred_std=0.021496  select=+0.412  (118.18s)
    [main] val_query_f1=0.412223  range=0.000000  knn=0.000000  similarity=0.412223  clustering=0.000000
    [main] label_diag  similarity:pos=0.0086,p95=1.000,pairs=100993,skip=13626
  [main] epoch 02/75  loss=0.01553280  avg_tau=+0.137  pred_std=0.0175075  select=+0.411  (118.97s)
    [main] val_query_f1=0.411398  range=0.000000  knn=0.000000  similarity=0.411398  clustering=0.000000
    [main] label_diag  similarity:pos=0.0086,p95=1.000,pairs=100848,skip=13626
  [main] epoch 03/75  loss=0.01479378  avg_tau=+0.234  pred_std=0.020439  select=+0.411  (110.34s)
    [main] val_query_f1=0.411398  range=0.000000  knn=0.000000  similarity=0.411398  clustering=0.000000
    [main] label_diag  similarity:pos=0.0086,p95=1.000,pairs=100800,skip=13626
  [main] epoch 04/75  loss=0.01425037  avg_tau=+0.000  pred_std=0.0147908  select=+0.411  (110.47s)
    [main] val_query_f1=0.411398  range=0.000000  knn=0.000000  similarity=0.411398  clustering=0.000000
    [main] label_diag  similarity:pos=0.0086,p95=1.000,pairs=100872,skip=13626
  [main] epoch 05/75  loss=0.01384388  avg_tau=-0.960  pred_std=0.0134553  select=+0.411  (115.46s)
    [main] val_query_f1=0.411398  range=0.000000  knn=0.000000  similarity=0.411398  clustering=0.000000
    [main] label_diag  similarity:pos=0.0086,p95=1.000,pairs=100861,skip=13626
  [main] epoch 06/75  loss=0.01352656  avg_tau=-0.698  pred_std=0.0167979  select=+0.411  (110.04s)
    [main] val_query_f1=0.411398  range=0.000000  knn=0.000000  similarity=0.411398  clustering=0.000000
    [main] label_diag  similarity:pos=0.0086,p95=1.000,pairs=100810,skip=13626
  [main] epoch 07/75  loss=0.01328042  avg_tau=-0.307  pred_std=0.0177493  select=+0.411  (120.81s)
    [main] val_query_f1=0.411398  range=0.000000  knn=0.000000  similarity=0.411398  clustering=0.000000
    [main] label_diag  similarity:pos=0.0086,p95=1.000,pairs=101008,skip=13626
  [main] epoch 08/75  loss=0.01306270  avg_tau=+0.000  pred_std=0.0162664  select=+0.411  (111.19s)
    [main] val_query_f1=0.411398  range=0.000000  knn=0.000000  similarity=0.411398  clustering=0.000000
    [main] label_diag  similarity:pos=0.0086,p95=1.000,pairs=100710,skip=13626
  [main] epoch 09/75  loss=0.01289319  avg_tau=+0.000  pred_std=0.0185561  select=+0.411  (113.82s)
    [main] val_query_f1=0.411398  range=0.000000  knn=0.000000  similarity=0.411398  clustering=0.000000
    [main] label_diag  similarity:pos=0.0086,p95=1.000,pairs=100793,skip=13626
  [main] epoch 10/75  loss=0.01278723  avg_tau=-0.075  pred_std=0.0177228  select=+0.411  (117.54s)
    [main] val_query_f1=0.411398  range=0.000000  knn=0.000000  similarity=0.411398  clustering=0.000000
    [main] label_diag  similarity:pos=0.0086,p95=1.000,pairs=100795,skip=13626
  [main] epoch 11/75  loss=0.01270241  avg_tau=+0.930  pred_std=0.0175633  select=+0.411  (118.01s)
    [main] val_query_f1=0.411398  range=0.000000  knn=0.000000  similarity=0.411398  clustering=0.000000
    [main] label_diag  similarity:pos=0.0086,p95=1.000,pairs=100860,skip=13626
  [main] epoch 12/75  loss=0.01265451  avg_tau=+0.000  pred_std=0.0189741  select=+0.411  (107.86s)
    [main] val_query_f1=0.411398  range=0.000000  knn=0.000000  similarity=0.411398  clustering=0.000000
    [main] label_diag  similarity:pos=0.0086,p95=1.000,pairs=100827,skip=13626
  [main] epoch 13/75  loss=0.01258896  avg_tau=+0.000  pred_std=0.0182265  select=+0.412  (109.52s)  *** NEW BEST MODEL ***
    [main] val_query_f1=0.412223  range=0.000000  knn=0.000000  similarity=0.412223  clustering=0.000000
    [main] label_diag  similarity:pos=0.0086,p95=1.000,pairs=100875,skip=13626
  [main] epoch 14/75  loss=0.01256800  avg_tau=+0.387  pred_std=0.0168987  select=+0.412  (109.77s)  *** NEW BEST MODEL ***
    [main] val_query_f1=0.412223  range=0.000000  knn=0.000000  similarity=0.412223  clustering=0.000000
    [main] label_diag  similarity:pos=0.0086,p95=1.000,pairs=100841,skip=13626
  [main] epoch 15/75  loss=0.01256909  avg_tau=+0.000  pred_std=0.0183422  select=+0.412  (109.16s)
    [main] val_query_f1=0.412223  range=0.000000  knn=0.000000  similarity=0.412223  clustering=0.000000
    [main] label_diag  similarity:pos=0.0086,p95=1.000,pairs=100858,skip=13626
  [main] epoch 16/75  loss=0.01254499  avg_tau=+0.227  pred_std=0.0194668  select=+0.412  (105.65s)  *** NEW BEST MODEL ***
    [main] val_query_f1=0.412223  range=0.000000  knn=0.000000  similarity=0.412223  clustering=0.000000
    [main] label_diag  similarity:pos=0.0086,p95=1.000,pairs=100802,skip=13626
  [main] epoch 17/75  loss=0.01249986  avg_tau=+0.769  pred_std=0.0200788  select=+0.412  (105.91s)  *** NEW BEST MODEL ***
    [main] val_query_f1=0.412223  range=0.000000  knn=0.000000  similarity=0.412223  clustering=0.000000
    [main] label_diag  similarity:pos=0.0086,p95=1.000,pairs=100918,skip=13626
  [main] epoch 18/75  loss=0.01249646  avg_tau=+0.618  pred_std=0.0250115  select=+0.412  (103.69s)  *** NEW BEST MODEL ***
    [main] val_query_f1=0.412223  range=0.000000  knn=0.000000  similarity=0.412223  clustering=0.000000
    [main] label_diag  similarity:pos=0.0086,p95=1.000,pairs=100832,skip=13626
  [main] epoch 19/75  loss=0.01241543  avg_tau=+0.497  pred_std=0.0241617  select=+0.412  (105.64s)  *** NEW BEST MODEL ***
    [main] val_query_f1=0.412176  range=0.000000  knn=0.000000  similarity=0.412176  clustering=0.000000
    [main] label_diag  similarity:pos=0.0086,p95=1.000,pairs=101061,skip=13626
  [main] epoch 20/75  loss=0.01240215  avg_tau=+0.045  pred_std=0.0254426  select=+0.412  (104.45s)  *** NEW BEST MODEL ***
    [main] val_query_f1=0.412298  range=0.000000  knn=0.000000  similarity=0.412298  clustering=0.000000
    [main] label_diag  similarity:pos=0.0086,p95=1.000,pairs=100836,skip=13626
  [main] epoch 21/75  loss=0.01232695  avg_tau=+0.015  pred_std=0.0249169  select=+0.412  (106.39s)  *** NEW BEST MODEL ***
    [main] val_query_f1=0.412223  range=0.000000  knn=0.000000  similarity=0.412223  clustering=0.000000
    [main] label_diag  similarity:pos=0.0086,p95=1.000,pairs=100838,skip=13626
  [main] epoch 22/75  loss=0.01229616  avg_tau=+0.778  pred_std=0.024871  select=+0.412  (116.53s)  *** NEW BEST MODEL ***
    [main] val_query_f1=0.412223  range=0.000000  knn=0.000000  similarity=0.412223  clustering=0.000000
    [main] label_diag  similarity:pos=0.0086,p95=1.000,pairs=100955,skip=13626
  [main] epoch 23/75  loss=0.01222110  avg_tau=+0.000  pred_std=0.0261853  select=+0.412  (115.63s)  *** NEW BEST MODEL ***
    [main] val_query_f1=0.412223  range=0.000000  knn=0.000000  similarity=0.412223  clustering=0.000000
    [main] label_diag  similarity:pos=0.0086,p95=1.000,pairs=100820,skip=13626
  [main] epoch 24/75  loss=0.01220628  avg_tau=+0.000  pred_std=0.0266704  select=+0.412  (115.10s)
    [main] val_query_f1=0.412106  range=0.000000  knn=0.000000  similarity=0.412106  clustering=0.000000
    [main] label_diag  similarity:pos=0.0086,p95=1.000,pairs=100783,skip=13626
  [main] epoch 25/75  loss=0.01216162  avg_tau=-0.186  pred_std=0.0267164  select=+0.414  (116.95s)  *** NEW BEST MODEL ***
    [main] val_query_f1=0.414234  range=0.000000  knn=0.000000  similarity=0.414234  clustering=0.000000
    [main] label_diag  similarity:pos=0.0086,p95=1.000,pairs=100726,skip=13626
  [main] epoch 26/75  loss=0.01210031  avg_tau=+0.367  pred_std=0.0262663  select=+0.415  (116.04s)  *** NEW BEST MODEL ***
    [main] val_query_f1=0.414877  range=0.000000  knn=0.000000  similarity=0.414877  clustering=0.000000
    [main] label_diag  similarity:pos=0.0086,p95=1.000,pairs=101101,skip=13626
  [main] epoch 27/75  loss=0.01209838  avg_tau=-0.789  pred_std=0.027021  select=+0.411  (109.22s)
    [main] val_query_f1=0.411398  range=0.000000  knn=0.000000  similarity=0.411398  clustering=0.000000
    [main] label_diag  similarity:pos=0.0086,p95=1.000,pairs=100822,skip=13626
  [main] epoch 28/75  loss=0.01203434  avg_tau=+0.000  pred_std=0.0290637  select=+0.411  (113.46s)
    [main] val_query_f1=0.411398  range=0.000000  knn=0.000000  similarity=0.411398  clustering=0.000000
    [main] label_diag  similarity:pos=0.0086,p95=1.000,pairs=100863,skip=13626
  [main] epoch 29/75  loss=0.01203838  avg_tau=+0.608  pred_std=0.0296744  select=+0.411  (111.77s)
    [main] val_query_f1=0.411398  range=0.000000  knn=0.000000  similarity=0.411398  clustering=0.000000
    [main] label_diag  similarity:pos=0.0086,p95=1.000,pairs=101032,skip=13626
  [main] epoch 30/75  loss=0.01194950  avg_tau=+0.000  pred_std=0.0322463  select=+0.411  (109.90s)
    [main] val_query_f1=0.411398  range=0.000000  knn=0.000000  similarity=0.411398  clustering=0.000000
    [main] label_diag  similarity:pos=0.0086,p95=1.000,pairs=100864,skip=13626
  [main] epoch 31/75  loss=0.01190955  avg_tau=+0.000  pred_std=0.0308679  select=+0.411  (113.31s)
    [main] val_query_f1=0.411398  range=0.000000  knn=0.000000  similarity=0.411398  clustering=0.000000
    [main] label_diag  similarity:pos=0.0086,p95=1.000,pairs=100862,skip=13626
  [main] epoch 32/75  loss=0.01186896  avg_tau=+0.508  pred_std=0.036004  select=+0.411  (106.75s)
    [main] val_query_f1=0.411398  range=0.000000  knn=0.000000  similarity=0.411398  clustering=0.000000
    [main] label_diag  similarity:pos=0.0086,p95=1.000,pairs=100891,skip=13626
  [main] epoch 33/75  loss=0.01183687  avg_tau=-0.186  pred_std=0.0350044  select=+0.411  (116.02s)
    [main] val_query_f1=0.411398  range=0.000000  knn=0.000000  similarity=0.411398  clustering=0.000000
    [main] label_diag  similarity:pos=0.0086,p95=1.000,pairs=100776,skip=13626
  [main] epoch 34/75  loss=0.01177151  avg_tau=-0.487  pred_std=0.0326812  select=+0.411  (114.06s)
    [main] val_query_f1=0.411398  range=0.000000  knn=0.000000  similarity=0.411398  clustering=0.000000
    [main] label_diag  similarity:pos=0.0086,p95=1.000,pairs=100852,skip=13626
  [main] epoch 35/75  loss=0.01175567  avg_tau=+0.000  pred_std=0.0330983  select=+0.411  (106.97s)
    [main] val_query_f1=0.411398  range=0.000000  knn=0.000000  similarity=0.411398  clustering=0.000000
    [main] label_diag  similarity:pos=0.0086,p95=1.000,pairs=100912,skip=13626
  [main] epoch 36/75  loss=0.01166484  avg_tau=+0.000  pred_std=0.0367964  select=+0.411  (108.19s)
    [main] val_query_f1=0.411398  range=0.000000  knn=0.000000  similarity=0.411398  clustering=0.000000
    [main] label_diag  similarity:pos=0.0086,p95=1.000,pairs=100878,skip=13626
  [main] epoch 37/75  loss=0.01167172  avg_tau=+0.558  pred_std=0.0466474  select=+0.411  (98.92s)
    [main] val_query_f1=0.411398  range=0.000000  knn=0.000000  similarity=0.411398  clustering=0.000000
    [main] label_diag  similarity:pos=0.0086,p95=1.000,pairs=100813,skip=13626
  [main] epoch 38/75  loss=0.01168495  avg_tau=+0.000  pred_std=0.039079  select=+0.411  (110.47s)
    [main] val_query_f1=0.411398  range=0.000000  knn=0.000000  similarity=0.411398  clustering=0.000000
    [main] label_diag  similarity:pos=0.0086,p95=1.000,pairs=100864,skip=13626
  [main] epoch 39/75  loss=0.01156937  avg_tau=+0.000  pred_std=0.041342  select=+0.411  (113.37s)
    [main] val_query_f1=0.411398  range=0.000000  knn=0.000000  similarity=0.411398  clustering=0.000000
    [main] label_diag  similarity:pos=0.0086,p95=1.000,pairs=100726,skip=13626
  [main] epoch 40/75  loss=0.01150532  avg_tau=+0.588  pred_std=0.0486947  select=+0.418  (115.18s)  *** NEW BEST MODEL ***
    [main] val_query_f1=0.418331  range=0.000000  knn=0.000000  similarity=0.418331  clustering=0.000000
    [main] label_diag  similarity:pos=0.0086,p95=1.000,pairs=100920,skip=13626
  [main] epoch 41/75  loss=0.01152442  avg_tau=+0.000  pred_std=0.048937  select=+0.411  (112.17s)
    [main] val_query_f1=0.411398  range=0.000000  knn=0.000000  similarity=0.411398  clustering=0.000000
    [main] label_diag  similarity:pos=0.0086,p95=1.000,pairs=100899,skip=13626
  [main] epoch 42/75  loss=0.01144625  avg_tau=+0.819  pred_std=0.0623363  select=+0.407  (109.80s)
    [main] val_query_f1=0.407295  range=0.000000  knn=0.000000  similarity=0.407295  clustering=0.000000
    [main] label_diag  similarity:pos=0.0086,p95=1.000,pairs=100872,skip=13626
  [main] epoch 43/75  loss=0.01144193  avg_tau=+0.000  pred_std=0.0698334  select=+0.411  (118.24s)
    [main] val_query_f1=0.411406  range=0.000000  knn=0.000000  similarity=0.411406  clustering=0.000000
    [main] label_diag  similarity:pos=0.0086,p95=1.000,pairs=100847,skip=13626
  [main] epoch 44/75  loss=0.01143807  avg_tau=+0.259  pred_std=0.0652386  select=+0.411  (97.30s)
    [main] val_query_f1=0.411398  range=0.000000  knn=0.000000  similarity=0.411398  clustering=0.000000
    [main] label_diag  similarity:pos=0.0086,p95=1.000,pairs=100864,skip=13626
  [main] epoch 45/75  loss=0.01158854  avg_tau=-0.538  pred_std=0.0745343  select=+0.408  (108.63s)
    [main] val_query_f1=0.407991  range=0.000000  knn=0.000000  similarity=0.407991  clustering=0.000000
    [main] label_diag  similarity:pos=0.0086,p95=1.000,pairs=100857,skip=13626
  [main] epoch 46/75  loss=0.01150641  avg_tau=+0.385  pred_std=0.0470046  select=+0.412  (112.23s)
    [main] val_query_f1=0.412223  range=0.000000  knn=0.000000  similarity=0.412223  clustering=0.000000
    [main] label_diag  similarity:pos=0.0086,p95=1.000,pairs=101125,skip=13626
  [main] epoch 47/75  loss=0.01137215  avg_tau=+0.000  pred_std=0.139165  select=+0.419  (103.75s)  *** NEW BEST MODEL ***
    [main] val_query_f1=0.418536  range=0.000000  knn=0.000000  similarity=0.418536  clustering=0.000000
    [main] label_diag  similarity:pos=0.0086,p95=1.000,pairs=100804,skip=13626
  [main] epoch 48/75  loss=0.01131878  avg_tau=-0.206  pred_std=0.245826  select=+0.404  (111.26s)
    [main] val_query_f1=0.404424  range=0.000000  knn=0.000000  similarity=0.404424  clustering=0.000000
    [main] label_diag  similarity:pos=0.0086,p95=1.000,pairs=100790,skip=13626
  [main] epoch 49/75  loss=0.01139546  avg_tau=+0.000  pred_std=0.328421  select=+0.424  (110.48s)  *** NEW BEST MODEL ***
    [main] val_query_f1=0.423685  range=0.000000  knn=0.000000  similarity=0.423685  clustering=0.000000
    [main] label_diag  similarity:pos=0.0086,p95=1.000,pairs=100950,skip=13626
  [main] epoch 50/75  loss=0.01143994  avg_tau=+0.000  pred_std=0.136863  select=+0.411  (115.05s)
    [main] val_query_f1=0.411398  range=0.000000  knn=0.000000  similarity=0.411398  clustering=0.000000
    [main] label_diag  similarity:pos=0.0086,p95=1.000,pairs=100780,skip=13626
  [main] epoch 51/75  loss=0.01138280  avg_tau=+0.678  pred_std=0.234029  select=+0.429  (110.57s)  *** NEW BEST MODEL ***
    [main] val_query_f1=0.428673  range=0.000000  knn=0.000000  similarity=0.428673  clustering=0.000000
    [main] label_diag  similarity:pos=0.0086,p95=1.000,pairs=100873,skip=13626
  [main] epoch 52/75  loss=0.01118669  avg_tau=+0.000  pred_std=0.191911  select=+0.411  (111.64s)
    [main] val_query_f1=0.411398  range=0.000000  knn=0.000000  similarity=0.411398  clustering=0.000000
    [main] label_diag  similarity:pos=0.0086,p95=1.000,pairs=100919,skip=13626
  [main] epoch 53/75  loss=0.01116235  avg_tau=+0.920  pred_std=0.255364  select=+0.411  (116.34s)
    [main] val_query_f1=0.411398  range=0.000000  knn=0.000000  similarity=0.411398  clustering=0.000000
    [main] label_diag  similarity:pos=0.0086,p95=1.000,pairs=100799,skip=13626
  [main] epoch 54/75  loss=0.01117683  avg_tau=+0.264  pred_std=0.259824  select=+0.411  (105.74s)
    [main] val_query_f1=0.411398  range=0.000000  knn=0.000000  similarity=0.411398  clustering=0.000000
    [main] label_diag  similarity:pos=0.0086,p95=1.000,pairs=100903,skip=13626
  [main] epoch 55/75  loss=0.01117618  avg_tau=+0.327  pred_std=0.176592  select=+0.411  (107.90s)
    [main] val_query_f1=0.411398  range=0.000000  knn=0.000000  similarity=0.411398  clustering=0.000000
    [main] label_diag  similarity:pos=0.0086,p95=1.000,pairs=100780,skip=13626
  [main] epoch 56/75  loss=0.01110338  avg_tau=+0.479  pred_std=0.460869  select=+0.411  (113.07s)
    [main] val_query_f1=0.411398  range=0.000000  knn=0.000000  similarity=0.411398  clustering=0.000000
    [main] label_diag  similarity:pos=0.0086,p95=1.000,pairs=100912,skip=13626
  [main] epoch 57/75  loss=0.01128579  avg_tau=+0.000  pred_std=0.283741  select=+0.411  (110.54s)
    [main] val_query_f1=0.411398  range=0.000000  knn=0.000000  similarity=0.411398  clustering=0.000000
    [main] label_diag  similarity:pos=0.0086,p95=1.000,pairs=100802,skip=13626
  [main] epoch 58/75  loss=0.01102359  avg_tau=+0.000  pred_std=0.534576  select=+0.411  (110.85s)
    [main] val_query_f1=0.411398  range=0.000000  knn=0.000000  similarity=0.411398  clustering=0.000000
    [main] label_diag  similarity:pos=0.0086,p95=1.000,pairs=100900,skip=13626
  [main] epoch 59/75  loss=0.01095172  avg_tau=+0.940  pred_std=0.357004  select=+0.411  (112.57s)
    [main] val_query_f1=0.411398  range=0.000000  knn=0.000000  similarity=0.411398  clustering=0.000000
    [main] label_diag  similarity:pos=0.0086,p95=1.000,pairs=100717,skip=13626
  [main] epoch 60/75  loss=0.01114163  avg_tau=+0.598  pred_std=0.472125  select=+0.411  (110.73s)
    [main] val_query_f1=0.411398  range=0.000000  knn=0.000000  similarity=0.411398  clustering=0.000000
    [main] label_diag  similarity:pos=0.0086,p95=1.000,pairs=100813,skip=13626
  [main] epoch 61/75  loss=0.01092197  avg_tau=+0.347  pred_std=0.394017  select=+0.411  (103.82s)
    [main] val_query_f1=0.411398  range=0.000000  knn=0.000000  similarity=0.411398  clustering=0.000000
    [main] label_diag  similarity:pos=0.0086,p95=1.000,pairs=100795,skip=13626
  [main] epoch 62/75  loss=0.01091345  avg_tau=+0.000  pred_std=0.22451  select=+0.411  (110.99s)
    [main] val_query_f1=0.411398  range=0.000000  knn=0.000000  similarity=0.411398  clustering=0.000000
    [main] label_diag  similarity:pos=0.0086,p95=1.000,pairs=100709,skip=13626
  [main] epoch 63/75  loss=0.01105701  avg_tau=+0.397  pred_std=0.367871  select=+0.407  (114.79s)
    [main] val_query_f1=0.407057  range=0.000000  knn=0.000000  similarity=0.407057  clustering=0.000000
    [main] label_diag  similarity:pos=0.0086,p95=1.000,pairs=100846,skip=13626
  [main] epoch 64/75  loss=0.01096894  avg_tau=+0.000  pred_std=0.435144  select=+0.411  (109.38s)
    [main] val_query_f1=0.411398  range=0.000000  knn=0.000000  similarity=0.411398  clustering=0.000000
    [main] label_diag  similarity:pos=0.0086,p95=1.000,pairs=100663,skip=13626
  [main] epoch 65/75  loss=0.01088581  avg_tau=+0.000  pred_std=0.3904  select=+0.411  (101.75s)
    [main] val_query_f1=0.411398  range=0.000000  knn=0.000000  similarity=0.411398  clustering=0.000000
    [main] label_diag  similarity:pos=0.0086,p95=1.000,pairs=100955,skip=13626
  [main] epoch 66/75  loss=0.01076434  avg_tau=+0.000  pred_std=0.549921  select=+0.411  (109.60s)
    [main] val_query_f1=0.411398  range=0.000000  knn=0.000000  similarity=0.411398  clustering=0.000000
    [main] label_diag  similarity:pos=0.0086,p95=1.000,pairs=100824,skip=13626
  [main] epoch 67/75  loss=0.01075181  avg_tau=+0.467  pred_std=0.53871  select=+0.411  (110.09s)
    [main] val_query_f1=0.411398  range=0.000000  knn=0.000000  similarity=0.411398  clustering=0.000000
    [main] label_diag  similarity:pos=0.0086,p95=1.000,pairs=100994,skip=13626
  [main] epoch 68/75  loss=0.01091096  avg_tau=+0.000  pred_std=0.31193  select=+0.411  (112.68s)
    [main] val_query_f1=0.411398  range=0.000000  knn=0.000000  similarity=0.411398  clustering=0.000000
    [main] label_diag  similarity:pos=0.0086,p95=1.000,pairs=100649,skip=13626
  [main] epoch 69/75  loss=0.01071151  avg_tau=+0.000  pred_std=0.727171  select=+0.411  (111.10s)
    [main] val_query_f1=0.411398  range=0.000000  knn=0.000000  similarity=0.411398  clustering=0.000000
    [main] label_diag  similarity:pos=0.0086,p95=1.000,pairs=100777,skip=13626
  [main] epoch 70/75  loss=0.01068146  avg_tau=+0.000  pred_std=0.412017  select=+0.411  (108.53s)
    [main] val_query_f1=0.411398  range=0.000000  knn=0.000000  similarity=0.411398  clustering=0.000000
    [main] label_diag  similarity:pos=0.0086,p95=1.000,pairs=100868,skip=13626
  [main] epoch 71/75  loss=0.01052475  avg_tau=+0.000  pred_std=0.764239  select=+0.412  (111.01s)
    [main] val_query_f1=0.412223  range=0.000000  knn=0.000000  similarity=0.412223  clustering=0.000000
    [main] label_diag  similarity:pos=0.0086,p95=1.000,pairs=100715,skip=13626
  [main] epoch 72/75  loss=0.01099487  avg_tau=-0.698  pred_std=0.366848  select=+0.411  (119.75s)
    [main] val_query_f1=0.411398  range=0.000000  knn=0.000000  similarity=0.411398  clustering=0.000000
    [main] label_diag  similarity:pos=0.0086,p95=1.000,pairs=100844,skip=13626
  [main] epoch 73/75  loss=0.01061342  avg_tau=+0.000  pred_std=0.50624  select=+0.416  (111.88s)
    [main] val_query_f1=0.415983  range=0.000000  knn=0.000000  similarity=0.415983  clustering=0.000000
    [main] label_diag  similarity:pos=0.0086,p95=1.000,pairs=100813,skip=13626
  [main] epoch 74/75  loss=0.01064238  avg_tau=-0.266  pred_std=0.341884  select=+0.411  (114.76s)
    [main] val_query_f1=0.411398  range=0.000000  knn=0.000000  similarity=0.411398  clustering=0.000000
    [main] label_diag  similarity:pos=0.0086,p95=1.000,pairs=100949,skip=13626
  [main] epoch 75/75  loss=0.01064570  avg_tau=+0.645  pred_std=0.65227  select=+0.411  (116.77s)
    [main] val_query_f1=0.411398  range=0.000000  knn=0.000000  similarity=0.411398  clustering=0.000000
    [main] label_diag  similarity:pos=0.0086,p95=1.000,pairs=100846,skip=13626
  [main] restored best diagnostic epoch 51/75 (selection=+0.429, loss=0.01138280, val_f1=0.428673)
[train-model (75 epochs)] done in 8538.94s
[save-model] starting...
  saved checkpoint to /ceph/project/P8-1/QDS/qds_v2/src/models/saved_models/model_2026-02-05_eval_2026-02-08_cov0p30_similarity_rs0p015_rt0p04_820658.pt  (epochs_trained=75, best_epoch=51, best_loss=0.01138280, train_mix=similarity=1.0, eval_mix=similarity=1.0)
[save-model] done in 1.41s
[evaluate-matched] starting...
[  eval MLQDS] starting...
[  eval MLQDS] done in 1120.63s
[  eval Random] starting...
[  eval Random] done in 202.99s
[  eval newUniformTemporal] starting...
[  eval newUniformTemporal] done in 238.38s
[  eval DouglasPeucker] starting...
[  eval DouglasPeucker] done in 276.34s
[  eval Oracle] starting...
[  eval Oracle] done in 265.45s
[evaluate-matched] done in 2316.96s
[evaluate-shift] starting...
[evaluate-shift] done in 0.00s
[write-results] starting...
  wrote results to /ceph/project/P8-1/QDS/qds_v2/results
[write-results] done in 0.02s
[write-simplified-csv] starting...
  wrote 1296472 retained points across 1296472 samples to /ceph/project/P8-1/AISDATA/ML_processed_AIS_files/run_2026-02-05_eval_2026-02-08_cov0p30_similarity_rs0p015_rt0p04_820658/ML_simplified_eval.csv
[write-simplified-csv] done in 3.64s
[trajectory-length-loss] starting...
  [length-loss] 1564 trajectories  avg_orig_km=114.17  avg_simp_km=113.58  avg_length_loss=0.250  avg_points_removed=1932.5
  [length-loss] filtered out 569 trajectories with orig_km < 1.00 (likely docked/stationary) from top-25 ranking

  [length-loss] Top 25 MOST distorted (highest length_loss):
  rank        mmsi     orig_km     simp_km  length_loss    kept   removed
     1   219004266        2.91        0.97        0.666     542      1262
     2   211846360        3.24        1.17        0.638      92       212
     3   258040000        2.08        0.76        0.632     108       251
     4   219003113        1.97        0.74        0.623     640      1492
     5   259447000        4.08        1.57        0.616     312       725
     6   229044000        3.05        1.17        0.616      57       130
     7   219017784        1.42        0.55        0.613     156       362
     8   220343000        1.42        0.55        0.611     199       464
     9   219024715        3.20        1.25        0.610    1272      2966
    10   219440000        1.32        0.52        0.609     127       294
    11   211457860        4.02        1.57        0.609      76       176
    12   219001582        3.33        1.33        0.601     763      1779
    13   219003217        2.43        0.99        0.592     206       478
    14   218030270       16.80        6.86        0.592     207       483
    15   211385020       10.99        4.49        0.592      14        31
    16   511100505        6.86        2.87        0.582     172       400
    17   219798000        1.09        0.46        0.578     394       917
    18   218003000        5.00        2.13        0.574    1719      4008
    19   244890000        1.13        0.48        0.572      86       200
    20   219005513        2.67        1.17        0.561     654      1523
    21   341832000        1.19        0.53        0.553      72       166
    22   219014162        2.42        1.08        0.553     871      2031
    23   219000881        2.07        0.92        0.553     938      2187
    24   219021176        1.75        0.79        0.548    1133      2643
    25   220076700        3.14        1.43        0.544     895      2086

  [length-loss] Top 25 LEAST distorted (lowest length_loss):
  rank        mmsi     orig_km     simp_km  length_loss    kept   removed
     1   273268690       12.12       12.12        0.000      21        48
     2   255916022       25.50       25.50        0.000     118       275
     3   311055400       97.53       97.53        0.000     441      1028
     4   636024739      112.29      112.29        0.000     408       951
     5   258059000       19.92       19.92        0.000      16        35
     6   258849000        5.65        5.65        0.000      10        23
     7   230618000       98.61       98.60        0.000     489      1140
     8   210425000       95.04       95.04        0.000     291       676
     9   352002167      250.40      250.39        0.000     135       314
    10   212112000      197.89      197.89        0.000     710      1655
    11   636019492      164.27      164.27        0.000      37        84
    12   563288800       50.71       50.71        0.000      56       130
    13   373267000      301.29      301.29        0.000    1270      2963
    14   636022717      266.92      266.92        0.000    1380      3220
    15   215857000       36.63       36.63        0.000     151       350
    16   255806436       88.16       88.16        0.000     398       928
    17   219560000      384.96      384.96        0.000    1739      4056
    18   636020533      140.00      140.00        0.000     319       742
    19   230987000      367.62      367.61        0.000    1491      3477
    20   477149200       54.20       54.20        0.000     261       608
    21   255814000      155.05      155.04        0.000     721      1682
    22   538011780      181.37      181.37        0.000     902      2104
    23   311995000       99.07       99.07        0.000     360       840
    24   218816000      506.38      506.36        0.000    1752      4087
    25   636018491      116.16      116.16        0.000     551      1283
[trajectory-length-loss] done in 16.52s
[pipeline] total runtime 10907.65s

Matched-workload table
Method                     AggregateF1   Compression   Latency(ms)        Type
------------------------------------------------------------------------------
MLQDS                         0.419653        0.3002     897963.16         all
  - range                     0.000000                                   range
  - knn                       0.000000                                     knn
  - similarity                0.419653                              similarity
  - clustering                0.000000                              clustering
Random                        0.410154        0.3007       1847.89         all
  - range                     0.000000                                   range
  - knn                       0.000000                                     knn
  - similarity                0.410154                              similarity
  - clustering                0.000000                              clustering
newUniformTemporal            0.428406        0.3002        859.03         all
  - range                     0.000000                                   range
  - knn                       0.000000                                     knn
  - similarity                0.428406                              similarity
  - clustering                0.000000                              clustering
DouglasPeucker                0.208601        0.3002       3025.85         all
  - range                     0.000000                                   range
  - knn                       0.000000                                     knn
  - similarity                0.208601                              similarity
  - clustering                0.000000                              clustering
Oracle                        0.935236        0.3007       2556.41         all
  - range                     0.000000                                   range
  - knn                       0.000000                                     knn
  - similarity                0.935236                              similarity
  - clustering                0.000000                              clustering

Distribution-shift table
Train\Eval                    similarity=1.0
--------------------------------------------
similarity=1.0                        0.4197
