[config] model=turn_aware  workload=knn  epochs=50  n_queries=150  query_coverage=0.3  max_queries=3000  compression_ratio=0.3  lr=0.0005  pointwise_loss_weight=0.25  gradient_clip_norm=1.0  diagnostic_every=1  checkpoint_selection_metric=f1  f1_diagnostic_every=3  range_spatial_fraction=0.015  range_time_fraction=0.04
[load-data] reading train CSV: /ceph/project/P8-1/AISDATA/preprocessed_AIS_files/preprocessed_2026-02-05.csv
[load-data] reading eval CSV: /ceph/project/P8-1/AISDATA/preprocessed_AIS_files/preprocessed_2026-02-08.csv
[load-data] train=1580 eval=1564 trajectories loaded in 63.10s
[pipeline] train=1580 trajectories, eval=1564 trajectories, train_mix=knn=1.0, eval_mix=knn=1.0
[split] starting...
  split mode=separate CSVs  train=1343  eval=1564
  checkpoint-selection validation=237 trajectories
[split] done in 0.00s
[build-datasets] starting...
[build-datasets] done in 0.38s
[generate-workloads] starting...
  train_workload=3000 queries  coverage=1.31% (49901/3811001)
  eval_workload=3000 queries  coverage=1.05% (45493/4318960)
  selection_workload=3000 queries  coverage=8.52% (49213/577411)
  WARNING: train workload stopped below requested coverage (1.31% < 30.00%); raise --n_queries or query footprint to cover more points.
  WARNING: eval workload stopped below requested coverage (1.05% < 30.00%); raise --n_queries or query footprint to cover more points.
[generate-workloads] done in 1260.72s
[write-queries-geojson] starting...
  wrote    0 range queries to /ceph/project/P8-1/AISDATA/Query_border_files/run_2026-02-05_eval_2026-02-08_cov0p30_knn_rs0p015_rt0p04_819893/queries_range.geojson
  wrote 3000 knn queries to /ceph/project/P8-1/AISDATA/Query_border_files/run_2026-02-05_eval_2026-02-08_cov0p30_knn_rs0p015_rt0p04_819893/queries_knn.geojson
  wrote    0 similarity queries to /ceph/project/P8-1/AISDATA/Query_border_files/run_2026-02-05_eval_2026-02-08_cov0p30_knn_rs0p015_rt0p04_819893/queries_similarity.geojson
  wrote    0 clustering queries to /ceph/project/P8-1/AISDATA/Query_border_files/run_2026-02-05_eval_2026-02-08_cov0p30_knn_rs0p015_rt0p04_819893/queries_clustering.geojson
[write-queries-geojson] done in 0.11s
[train-model (50 epochs)] starting...
  [main] epoch 01/50  loss=0.12883242  avg_tau=-0.075  pred_std=0.0281699  select=+0.460  (246.61s)
    [main] val_query_f1=0.459912  range=0.000000  knn=0.459912  similarity=0.000000  clustering=0.000000
    [main] label_diag  knn:pos=0.1846,p95=1.000,pairs=881354,skip=4168
  [main] epoch 02/50  loss=0.11877797  avg_tau=+0.342  pred_std=0.0306801  select=+0.455  (212.68s)
    [main] val_query_f1=0.455126  range=0.000000  knn=0.455126  similarity=0.000000  clustering=0.000000
    [main] label_diag  knn:pos=0.1846,p95=1.000,pairs=881052,skip=4168
  [main] epoch 03/50  loss=0.11367381  avg_tau=+0.043  pred_std=0.0449527  select=+0.452  (236.77s)
    [main] val_query_f1=0.452063  range=0.000000  knn=0.452063  similarity=0.000000  clustering=0.000000
    [main] label_diag  knn:pos=0.1846,p95=1.000,pairs=881021,skip=4168
  [main] epoch 04/50  loss=0.11116065  avg_tau=-0.052  pred_std=0.0516775  select=+0.454  (234.63s)
    [main] val_query_f1=0.453550  range=0.000000  knn=0.453550  similarity=0.000000  clustering=0.000000
    [main] label_diag  knn:pos=0.1846,p95=1.000,pairs=881798,skip=4168
  [main] epoch 05/50  loss=0.10976044  avg_tau=-0.248  pred_std=0.0628447  select=+0.459  (252.96s)
    [main] val_query_f1=0.459138  range=0.000000  knn=0.459138  similarity=0.000000  clustering=0.000000
    [main] label_diag  knn:pos=0.1846,p95=1.000,pairs=880978,skip=4168
  [main] epoch 06/50  loss=0.10960602  avg_tau=-0.103  pred_std=0.0764504  select=+0.462  (235.05s)  *** NEW BEST MODEL ***
    [main] val_query_f1=0.462149  range=0.000000  knn=0.462149  similarity=0.000000  clustering=0.000000
    [main] label_diag  knn:pos=0.1846,p95=1.000,pairs=881138,skip=4168
  [main] epoch 07/50  loss=0.10910151  avg_tau=+0.053  pred_std=0.0626934  select=+0.455  (247.36s)
    [main] val_query_f1=0.455405  range=0.000000  knn=0.455405  similarity=0.000000  clustering=0.000000
    [main] label_diag  knn:pos=0.1846,p95=1.000,pairs=880614,skip=4168
  [main] epoch 08/50  loss=0.10899211  avg_tau=-0.081  pred_std=0.0717229  select=+0.456  (242.23s)
    [main] val_query_f1=0.455525  range=0.000000  knn=0.455525  similarity=0.000000  clustering=0.000000
    [main] label_diag  knn:pos=0.1846,p95=1.000,pairs=881088,skip=4168
  [main] epoch 09/50  loss=0.10880850  avg_tau=-0.223  pred_std=0.0827292  select=+0.452  (244.11s)
    [main] val_query_f1=0.452280  range=0.000000  knn=0.452280  similarity=0.000000  clustering=0.000000
    [main] label_diag  knn:pos=0.1846,p95=1.000,pairs=881185,skip=4168
  [main] epoch 10/50  loss=0.10887645  avg_tau=+0.139  pred_std=0.0803483  select=+0.458  (237.59s)
    [main] val_query_f1=0.458499  range=0.000000  knn=0.458499  similarity=0.000000  clustering=0.000000
    [main] label_diag  knn:pos=0.1846,p95=1.000,pairs=880704,skip=4168
  [main] epoch 11/50  loss=0.10865419  avg_tau=+0.027  pred_std=0.096353  select=+0.459  (241.95s)
    [main] val_query_f1=0.458766  range=0.000000  knn=0.458766  similarity=0.000000  clustering=0.000000
    [main] label_diag  knn:pos=0.1846,p95=1.000,pairs=880751,skip=4168
  [main] epoch 12/50  loss=0.10871027  avg_tau=+0.102  pred_std=0.0824338  select=+0.461  (233.45s)
    [main] val_query_f1=0.461025  range=0.000000  knn=0.461025  similarity=0.000000  clustering=0.000000
    [main] label_diag  knn:pos=0.1846,p95=1.000,pairs=880994,skip=4168
  [main] epoch 13/50  loss=0.10855918  avg_tau=-0.129  pred_std=0.0990485  select=+0.454  (223.68s)
    [main] val_query_f1=0.453872  range=0.000000  knn=0.453872  similarity=0.000000  clustering=0.000000
    [main] label_diag  knn:pos=0.1846,p95=1.000,pairs=880677,skip=4168
  [main] epoch 14/50  loss=0.10863443  avg_tau=-0.031  pred_std=0.0996578  select=+0.454  (232.93s)
    [main] val_query_f1=0.453792  range=0.000000  knn=0.453792  similarity=0.000000  clustering=0.000000
    [main] label_diag  knn:pos=0.1846,p95=1.000,pairs=880766,skip=4168
  [main] epoch 15/50  loss=0.10861327  avg_tau=-0.104  pred_std=0.0662496  select=+0.432  (221.27s)
    [main] val_query_f1=0.431710  range=0.000000  knn=0.431710  similarity=0.000000  clustering=0.000000
    [main] label_diag  knn:pos=0.1846,p95=1.000,pairs=880899,skip=4168
  [main] epoch 16/50  loss=0.10903384  avg_tau=-0.119  pred_std=0.0667554  select=+0.464  (239.42s)  *** NEW BEST MODEL ***
    [main] val_query_f1=0.464361  range=0.000000  knn=0.464361  similarity=0.000000  clustering=0.000000
    [main] label_diag  knn:pos=0.1846,p95=1.000,pairs=881276,skip=4168
  [main] epoch 17/50  loss=0.10849128  avg_tau=+0.054  pred_std=0.0791197  select=+0.447  (241.10s)
    [main] val_query_f1=0.446722  range=0.000000  knn=0.446722  similarity=0.000000  clustering=0.000000
    [main] label_diag  knn:pos=0.1846,p95=1.000,pairs=881414,skip=4168
  [main] epoch 18/50  loss=0.10845257  avg_tau=+0.110  pred_std=0.104542  select=+0.462  (223.63s)
    [main] val_query_f1=0.461501  range=0.000000  knn=0.461501  similarity=0.000000  clustering=0.000000
    [main] label_diag  knn:pos=0.1846,p95=1.000,pairs=881428,skip=4168
  [main] epoch 19/50  loss=0.10851152  avg_tau=-0.157  pred_std=0.0706457  select=+0.465  (233.40s)  *** NEW BEST MODEL ***
    [main] val_query_f1=0.464523  range=0.000000  knn=0.464523  similarity=0.000000  clustering=0.000000
    [main] label_diag  knn:pos=0.1846,p95=1.000,pairs=881171,skip=4168
  [main] epoch 20/50  loss=0.10842961  avg_tau=+0.191  pred_std=0.0770128  select=+0.466  (250.23s)  *** NEW BEST MODEL ***
    [main] val_query_f1=0.466150  range=0.000000  knn=0.466150  similarity=0.000000  clustering=0.000000
    [main] label_diag  knn:pos=0.1846,p95=1.000,pairs=881330,skip=4168
  [main] epoch 21/50  loss=0.10826540  avg_tau=-0.039  pred_std=0.0941304  select=+0.461  (235.50s)
    [main] val_query_f1=0.460760  range=0.000000  knn=0.460760  similarity=0.000000  clustering=0.000000
    [main] label_diag  knn:pos=0.1846,p95=1.000,pairs=881668,skip=4168
  [main] epoch 22/50  loss=0.10829739  avg_tau=-0.049  pred_std=0.0706279  select=+0.459  (224.20s)
    [main] val_query_f1=0.458816  range=0.000000  knn=0.458816  similarity=0.000000  clustering=0.000000
    [main] label_diag  knn:pos=0.1846,p95=1.000,pairs=881139,skip=4168
  [main] epoch 23/50  loss=0.10822566  avg_tau=+0.081  pred_std=0.0816498  select=+0.460  (231.81s)
    [main] val_query_f1=0.460138  range=0.000000  knn=0.460138  similarity=0.000000  clustering=0.000000
    [main] label_diag  knn:pos=0.1846,p95=1.000,pairs=881156,skip=4168
  [main] epoch 24/50  loss=0.10827465  avg_tau=-0.091  pred_std=0.0819321  select=+0.457  (221.50s)
    [main] val_query_f1=0.457240  range=0.000000  knn=0.457240  similarity=0.000000  clustering=0.000000
    [main] label_diag  knn:pos=0.1846,p95=1.000,pairs=881320,skip=4168
  [main] epoch 25/50  loss=0.10821180  avg_tau=-0.054  pred_std=0.104246  select=+0.461  (239.19s)
    [main] val_query_f1=0.461376  range=0.000000  knn=0.461376  similarity=0.000000  clustering=0.000000
    [main] label_diag  knn:pos=0.1846,p95=1.000,pairs=881976,skip=4168
  [main] epoch 26/50  loss=0.10824455  avg_tau=+0.348  pred_std=0.0858908  select=+0.458  (228.16s)
    [main] val_query_f1=0.458099  range=0.000000  knn=0.458099  similarity=0.000000  clustering=0.000000
    [main] label_diag  knn:pos=0.1846,p95=1.000,pairs=880783,skip=4168
  [main] epoch 27/50  loss=0.10813796  avg_tau=-0.056  pred_std=0.0925137  select=+0.460  (178.19s)
    [main] val_query_f1=0.459541  range=0.000000  knn=0.459541  similarity=0.000000  clustering=0.000000
    [main] label_diag  knn:pos=0.1846,p95=1.000,pairs=881292,skip=4168
  [main] epoch 28/50  loss=0.10804162  avg_tau=-0.095  pred_std=0.092575  select=+0.453  (230.79s)
    [main] val_query_f1=0.453009  range=0.000000  knn=0.453009  similarity=0.000000  clustering=0.000000
    [main] label_diag  knn:pos=0.1846,p95=1.000,pairs=880976,skip=4168
  [main] epoch 29/50  loss=0.10800140  avg_tau=-0.111  pred_std=0.0970541  select=+0.459  (224.76s)
    [main] val_query_f1=0.458658  range=0.000000  knn=0.458658  similarity=0.000000  clustering=0.000000
    [main] label_diag  knn:pos=0.1846,p95=1.000,pairs=881178,skip=4168
  [main] epoch 30/50  loss=0.10841674  avg_tau=-0.046  pred_std=0.0778065  select=+0.453  (237.57s)
    [main] val_query_f1=0.452881  range=0.000000  knn=0.452881  similarity=0.000000  clustering=0.000000
    [main] label_diag  knn:pos=0.1846,p95=1.000,pairs=881273,skip=4168
  [main] early stopping at epoch 30: selection score did not improve over 10 diag epochs (best_selection=+0.466, best_loss=0.10842961)
  [main] restored best diagnostic epoch 20/30 (selection=+0.466, loss=0.10842961, val_f1=0.466150)
[train-model (50 epochs)] done in 7126.62s
[save-model] starting...
  saved checkpoint to /ceph/project/P8-1/QDS/qds_v2/src/models/saved_models/model_2026-02-05_eval_2026-02-08_cov0p30_knn_rs0p015_rt0p04_819893.pt  (epochs_trained=30, best_epoch=20, best_loss=0.10842961, train_mix=knn=1.0, eval_mix=knn=1.0)
[save-model] done in 0.14s
[evaluate-matched] starting...
[  eval MLQDS] starting...
[  eval MLQDS] done in 461.50s
[  eval Random] starting...
[  eval Random] done in 111.72s
[  eval UniformTemporal] starting...
[  eval UniformTemporal] done in 121.83s
[  eval newUniformTemporal] starting...
[  eval newUniformTemporal] done in 107.15s
[  eval DouglasPeucker] starting...
[  eval DouglasPeucker] done in 107.60s
[  eval Oracle] starting...
[  eval Oracle] done in 110.48s
[evaluate-matched] done in 1117.84s
[evaluate-shift] starting...
[evaluate-shift] done in 0.00s
[write-results] starting...
  wrote results to /ceph/project/P8-1/QDS/qds_v2/results
[write-results] done in 0.15s
[write-simplified-csv] starting...
  wrote 1296472 retained points across 1296472 samples to /ceph/project/P8-1/AISDATA/ML_processed_AIS_files/run_2026-02-05_eval_2026-02-08_cov0p30_knn_rs0p015_rt0p04_819893/ML_simplified_eval.csv
[write-simplified-csv] done in 2.91s
[trajectory-length-loss] starting...
  [length-loss] 1564 trajectories  avg_orig_km=114.17  avg_simp_km=113.62  avg_length_loss=0.249  avg_points_removed=1932.5
  [length-loss] filtered out 569 trajectories with orig_km < 1.00 (likely docked/stationary) from top-25 ranking

  [length-loss] Top 25 MOST distorted (highest length_loss):
  rank        mmsi     orig_km     simp_km  length_loss    kept   removed
     1   211457860        4.02        1.03        0.743      76       176
     2   218030270       16.80        5.76        0.657     207       483
     3   219004266        2.91        1.00        0.657     542      1262
     4   511100505        6.86        2.40        0.650     172       400
     5   211846360        3.24        1.20        0.629      92       212
     6   245697000        2.89        1.08        0.626     117       270
     7   265513270       20.45        7.67        0.625      15        32
     8   219003217        2.43        0.95        0.609     206       478
     9   219001582        3.33        1.31        0.607     763      1779
    10   352005487        5.89        2.35        0.601     139       323
    11   259447000        4.08        1.63        0.600     312       725
    12   215064000        2.40        0.97        0.595     128       296
    13   219003113        1.97        0.82        0.581     640      1492
    14   211385020       10.99        4.67        0.575      14        31
    15   219798000        1.09        0.47        0.571     394       917
    16   220343000        1.42        0.61        0.568     199       464
    17   219024715        3.20        1.39        0.565    1272      2966
    18   219440000        1.32        0.59        0.555     127       294
    19   219017784        1.42        0.64        0.550     156       362
    20   219000851        1.41        0.64        0.547     174       404
    21   219005513        2.67        1.22        0.545     654      1523
    22   219021176        1.75        0.80        0.541    1133      2643
    23   218003000        5.00        2.33        0.534    1719      4008
    24   219014162        2.42        1.13        0.532     871      2031
    25   219000881        2.07        0.99        0.523     938      2187

  [length-loss] Top 25 LEAST distorted (lowest length_loss):
  rank        mmsi     orig_km     simp_km  length_loss    kept   removed
     1   636019492      164.27      164.27        0.000      37        84
     2   255916022       25.50       25.50        0.000     118       275
     3   273268690       12.12       12.12        0.000      21        48
     4   230987000      367.62      367.62        0.000    1491      3477
     5   311055400       97.53       97.53        0.000     441      1028
     6   636024739      112.29      112.29        0.000     408       951
     7   230618000       98.61       98.60        0.000     489      1140
     8   219560000      384.96      384.96        0.000    1739      4056
     9   258849000        5.65        5.65        0.000      10        23
    10   636022717      266.92      266.92        0.000    1380      3220
    11   636020533      140.00      140.00        0.000     319       742
    12   212112000      197.89      197.89        0.000     710      1655
    13   563288800       50.71       50.71        0.000      56       130
    14   210425000       95.04       95.04        0.000     291       676
    15   219028116      436.51      436.50        0.000    1985      4631
    16   255814000      155.05      155.05        0.000     721      1682
    17   373267000      301.29      301.29        0.000    1270      2963
    18   215857000       36.63       36.63        0.000     151       350
    19   477149200       54.20       54.20        0.000     261       608
    20   255806436       88.16       88.16        0.000     398       928
    21   538011780      181.37      181.37        0.000     902      2104
    22   636018491      116.16      116.16        0.000     551      1283
    23   538004785      390.73      390.72        0.000     894      2085
    24   352002167      250.40      250.39        0.000     135       314
    25   258059000       19.92       19.92        0.000      16        35
[trajectory-length-loss] done in 13.57s
[pipeline] total runtime 9522.44s

Matched-workload table
Method                     AggregateF1   Compression   Latency(ms)        Type
------------------------------------------------------------------------------
MLQDS                         0.452492        0.3002     349812.51         all
  - range                     0.000000                                   range
  - knn                       0.452492                                     knn
  - similarity                0.000000                              similarity
  - clustering                0.000000                              clustering
Random                        0.441452        0.3007        641.59         all
  - range                     0.000000                                   range
  - knn                       0.441452                                     knn
  - similarity                0.000000                              similarity
  - clustering                0.000000                              clustering
UniformTemporal               0.263875        0.3009        867.95         all
  - range                     0.000000                                   range
  - knn                       0.263875                                     knn
  - similarity                0.000000                              similarity
  - clustering                0.000000                              clustering
newUniformTemporal            0.444634        0.3002        122.37         all
  - range                     0.000000                                   range
  - knn                       0.444634                                     knn
  - similarity                0.000000                              similarity
  - clustering                0.000000                              clustering
DouglasPeucker                0.269347        0.3002        479.68         all
  - range                     0.000000                                   range
  - knn                       0.269347                                     knn
  - similarity                0.000000                              similarity
  - clustering                0.000000                              clustering
Oracle                        0.935537        0.3007        375.14         all
  - range                     0.000000                                   range
  - knn                       0.935537                                     knn
  - similarity                0.000000                              similarity
  - clustering                0.000000                              clustering

Distribution-shift table
Train\Eval                           knn=1.0
--------------------------------------------
knn=1.0                               0.4525
