[config] model=turn_aware  workload=mixed  epochs=75  n_queries=250  query_coverage=0.3  max_queries=5000  compression_ratio=0.3  lr=0.0005  pointwise_loss_weight=0.25  gradient_clip_norm=1.0  diagnostic_every=1  checkpoint_selection_metric=uniform_gap  f1_diagnostic_every=1  uniform_gap_weight=0.5  type_penalty_weight=1.0  range_spatial_fraction=0.015  range_time_fraction=0.04  knn_k=12  mlqds_temporal_fraction=0.0  residual_label_mode=temporal
[load-data] reading train CSV: /ceph/project/P8-1/AISDATA/preprocessed_AIS_files/preprocessed_2026-02-05.csv
[load-data] reading eval CSV: /ceph/project/P8-1/AISDATA/preprocessed_AIS_files/preprocessed_2026-02-08.csv
[load-data] train=1580 eval=1564 trajectories loaded in 72.83s
[pipeline] train=1580 trajectories, eval=1564 trajectories, train_mix=clustering=0.2,knn=0.4,range=0.2,similarity=0.2, eval_mix=clustering=0.2,knn=0.4,range=0.2,similarity=0.2
[split] starting...
  split mode=separate CSVs  train=1343  eval=1564
  checkpoint-selection validation=237 trajectories
[split] done in 0.00s
[build-datasets] starting...
[build-datasets] done in 13.02s
[generate-workloads] starting...
  train_workload=278 queries  coverage=30.29% (1154195/3811001)
  eval_workload=263 queries  coverage=30.37% (1311860/4318960)
  selection_workload=500 queries  coverage=51.02% (294583/577411)
[generate-workloads] done in 825.42s
[write-queries-geojson] starting...
  wrote   53 range queries to /ceph/project/P8-1/AISDATA/Query_border_files/run_run4_easy_compression_2026-02-05_eval_2026-02-08_cov0p30_mixed_rs0p015_rt0p04_822135/queries_range.geojson
  wrote  105 knn queries to /ceph/project/P8-1/AISDATA/Query_border_files/run_run4_easy_compression_2026-02-05_eval_2026-02-08_cov0p30_mixed_rs0p015_rt0p04_822135/queries_knn.geojson
  wrote   53 similarity queries to /ceph/project/P8-1/AISDATA/Query_border_files/run_run4_easy_compression_2026-02-05_eval_2026-02-08_cov0p30_mixed_rs0p015_rt0p04_822135/queries_similarity.geojson
  wrote   52 clustering queries to /ceph/project/P8-1/AISDATA/Query_border_files/run_run4_easy_compression_2026-02-05_eval_2026-02-08_cov0p30_mixed_rs0p015_rt0p04_822135/queries_clustering.geojson
[write-queries-geojson] done in 0.03s
[train-model (75 epochs)] starting...
  [main] validation newUniformTemporal_f1=0.519359  range=0.461558  knn=0.448229  similarity=0.420618  clustering=0.818162
  [main] epoch 01/75  loss=0.02502160  avg_tau=-0.081  pred_std=0.183437  select=+0.321  (585.21s)
    [main] val_query_f1=0.440030  range=0.385457  knn=0.402543  similarity=0.281625  clustering=0.727980
    [main] val_vs_uniform aggregate=-0.079330  type_deficit=0.079330  range=-0.076101  knn=-0.045686  similarity=-0.138994  clustering=-0.090182
    [main] label_diag  range:pos=0.0605,p95=1.000,pairs=124076,skip=12705  knn:pos=0.0193,p95=1.000,pairs=186792,skip=12555  similarity:pos=0.0033,p95=1.000,pairs=39836,skip=14344  clustering:pos=0.0554,p95=1.000,pairs=127886,skip=12741
  [main] epoch 02/75  loss=0.02164431  avg_tau=+0.018  pred_std=0.192223  select=+0.318  (567.25s)
    [main] val_query_f1=0.438754  range=0.386365  knn=0.401858  similarity=0.275715  clustering=0.727973
    [main] val_vs_uniform aggregate=-0.080605  type_deficit=0.080605  range=-0.075193  knn=-0.046371  similarity=-0.144903  clustering=-0.090189
    [main] label_diag  range:pos=0.0605,p95=1.000,pairs=124056,skip=12705  knn:pos=0.0193,p95=1.000,pairs=186740,skip=12555  similarity:pos=0.0033,p95=1.000,pairs=39814,skip=14344  clustering:pos=0.0554,p95=1.000,pairs=127693,skip=12741
  [main] epoch 03/75  loss=0.01894089  avg_tau=-0.144  pred_std=0.208958  select=+0.316  (370.99s)
    [main] val_query_f1=0.438051  range=0.384735  knn=0.401472  similarity=0.276249  clustering=0.726330
    [main] val_vs_uniform aggregate=-0.081308  type_deficit=0.081308  range=-0.076824  knn=-0.046757  similarity=-0.144369  clustering=-0.091831
    [main] label_diag  range:pos=0.0605,p95=1.000,pairs=124041,skip=12705  knn:pos=0.0193,p95=1.000,pairs=186890,skip=12555  similarity:pos=0.0033,p95=1.000,pairs=39846,skip=14344  clustering:pos=0.0554,p95=1.000,pairs=127852,skip=12741
  [main] epoch 04/75  loss=0.01973486  avg_tau=+0.068  pred_std=0.200498  select=+0.320  (558.56s)
    [main] val_query_f1=0.439582  range=0.385959  knn=0.404092  similarity=0.276042  clustering=0.727723
    [main] val_vs_uniform aggregate=-0.079777  type_deficit=0.079777  range=-0.075599  knn=-0.044137  similarity=-0.144576  clustering=-0.090438
    [main] label_diag  range:pos=0.0605,p95=1.000,pairs=123851,skip=12705  knn:pos=0.0193,p95=1.000,pairs=186777,skip=12555  similarity:pos=0.0033,p95=1.000,pairs=39778,skip=14344  clustering:pos=0.0554,p95=1.000,pairs=128017,skip=12741
  [main] epoch 05/75  loss=0.01849929  avg_tau=-0.265  pred_std=0.231004  select=+0.304  (551.63s)
    [main] val_query_f1=0.433340  range=0.382750  knn=0.399553  similarity=0.265818  clustering=0.719028
    [main] val_vs_uniform aggregate=-0.086019  type_deficit=0.086019  range=-0.078808  knn=-0.048676  similarity=-0.154801  clustering=-0.099134
    [main] label_diag  range:pos=0.0605,p95=1.000,pairs=123723,skip=12705  knn:pos=0.0193,p95=1.000,pairs=186633,skip=12555  similarity:pos=0.0033,p95=1.000,pairs=39824,skip=14344  clustering:pos=0.0554,p95=1.000,pairs=127776,skip=12741
  [main] epoch 06/75  loss=0.01876772  avg_tau=-0.131  pred_std=0.226752  select=+0.299  (551.85s)
    [main] val_query_f1=0.431047  range=0.381368  knn=0.395303  similarity=0.258396  clustering=0.724864
    [main] val_vs_uniform aggregate=-0.088313  type_deficit=0.088313  range=-0.080191  knn=-0.052926  similarity=-0.162223  clustering=-0.093298
    [main] label_diag  range:pos=0.0605,p95=1.000,pairs=123868,skip=12705  knn:pos=0.0193,p95=1.000,pairs=186603,skip=12555  similarity:pos=0.0033,p95=1.000,pairs=39747,skip=14344  clustering:pos=0.0554,p95=1.000,pairs=127633,skip=12741
  [main] epoch 07/75  loss=0.02129976  avg_tau=+0.088  pred_std=0.242807  select=+0.302  (554.75s)
    [main] val_query_f1=0.432362  range=0.380749  knn=0.395482  similarity=0.269571  clustering=0.720527
    [main] val_vs_uniform aggregate=-0.086997  type_deficit=0.086997  range=-0.080810  knn=-0.052747  similarity=-0.151048  clustering=-0.097634
    [main] label_diag  range:pos=0.0605,p95=1.000,pairs=123931,skip=12705  knn:pos=0.0193,p95=1.000,pairs=186932,skip=12555  similarity:pos=0.0033,p95=1.000,pairs=39874,skip=14344  clustering:pos=0.0554,p95=1.000,pairs=127809,skip=12741
  [main] epoch 08/75  loss=0.01817797  avg_tau=+0.381  pred_std=0.20763  select=+0.302  (552.02s)
    [main] val_query_f1=0.432554  range=0.383230  knn=0.398646  similarity=0.262501  clustering=0.719745
    [main] val_vs_uniform aggregate=-0.086806  type_deficit=0.086806  range=-0.078329  knn=-0.049583  similarity=-0.158117  clustering=-0.098417
    [main] label_diag  range:pos=0.0605,p95=1.000,pairs=123992,skip=12705  knn:pos=0.0193,p95=1.000,pairs=186942,skip=12555  similarity:pos=0.0033,p95=1.000,pairs=39740,skip=14344  clustering:pos=0.0554,p95=1.000,pairs=127440,skip=12741
  [main] epoch 09/75  loss=0.02004351  avg_tau=-0.199  pred_std=0.231307  select=+0.295  (565.90s)
    [main] val_query_f1=0.429471  range=0.379521  knn=0.393933  similarity=0.259214  clustering=0.720754
    [main] val_vs_uniform aggregate=-0.089888  type_deficit=0.089888  range=-0.082038  knn=-0.054296  similarity=-0.161404  clustering=-0.097407
    [main] label_diag  range:pos=0.0605,p95=1.000,pairs=124067,skip=12705  knn:pos=0.0193,p95=1.000,pairs=186751,skip=12555  similarity:pos=0.0033,p95=1.000,pairs=39836,skip=14344  clustering:pos=0.0554,p95=1.000,pairs=127739,skip=12741
  [main] epoch 10/75  loss=0.02066632  avg_tau=+0.065  pred_std=0.239099  select=+0.291  (564.58s)
    [main] val_query_f1=0.427885  range=0.378285  knn=0.393943  similarity=0.255212  clustering=0.718039
    [main] val_vs_uniform aggregate=-0.091475  type_deficit=0.091475  range=-0.083273  knn=-0.054286  similarity=-0.165407  clustering=-0.100122
    [main] label_diag  range:pos=0.0605,p95=1.000,pairs=123953,skip=12705  knn:pos=0.0193,p95=1.000,pairs=187043,skip=12555  similarity:pos=0.0033,p95=1.000,pairs=39913,skip=14344  clustering:pos=0.0554,p95=1.000,pairs=127667,skip=12741
  [main] epoch 11/75  loss=0.01872371  avg_tau=+0.065  pred_std=0.20103  select=+0.302  (548.89s)
    [main] val_query_f1=0.432580  range=0.383291  knn=0.401196  similarity=0.254838  clustering=0.722378
    [main] val_vs_uniform aggregate=-0.086779  type_deficit=0.086779  range=-0.078267  knn=-0.047033  similarity=-0.165780  clustering=-0.095784
    [main] label_diag  range:pos=0.0605,p95=1.000,pairs=124133,skip=12705  knn:pos=0.0193,p95=1.000,pairs=186621,skip=12555  similarity:pos=0.0033,p95=1.000,pairs=39811,skip=14344  clustering:pos=0.0554,p95=1.000,pairs=128009,skip=12741
  [main] epoch 12/75  loss=0.02086608  avg_tau=-0.138  pred_std=0.215026  select=+0.294  (550.88s)
    [main] val_query_f1=0.429119  range=0.376463  knn=0.394002  similarity=0.260950  clustering=0.720179
    [main] val_vs_uniform aggregate=-0.090240  type_deficit=0.090240  range=-0.085095  knn=-0.054227  similarity=-0.159669  clustering=-0.097982
    [main] label_diag  range:pos=0.0605,p95=1.000,pairs=124206,skip=12705  knn:pos=0.0193,p95=1.000,pairs=186810,skip=12555  similarity:pos=0.0033,p95=1.000,pairs=39802,skip=14344  clustering:pos=0.0554,p95=1.000,pairs=127541,skip=12741
  [main] epoch 13/75  loss=0.01924972  avg_tau=-0.039  pred_std=0.223389  select=+0.300  (551.85s)
    [main] val_query_f1=0.431681  range=0.379886  knn=0.399859  similarity=0.257912  clustering=0.720889
    [main] val_vs_uniform aggregate=-0.087678  type_deficit=0.087678  range=-0.081672  knn=-0.048370  similarity=-0.162707  clustering=-0.097273
    [main] label_diag  range:pos=0.0605,p95=1.000,pairs=123980,skip=12705  knn:pos=0.0193,p95=1.000,pairs=186756,skip=12555  similarity:pos=0.0033,p95=1.000,pairs=39756,skip=14344  clustering:pos=0.0554,p95=1.000,pairs=127790,skip=12741
  [main] epoch 14/75  loss=0.01949273  avg_tau=+0.079  pred_std=0.2213  select=+0.301  (562.43s)
    [main] val_query_f1=0.432097  range=0.382139  knn=0.398196  similarity=0.261988  clustering=0.719963
    [main] val_vs_uniform aggregate=-0.087263  type_deficit=0.087263  range=-0.079419  knn=-0.050032  similarity=-0.158631  clustering=-0.098199
    [main] label_diag  range:pos=0.0605,p95=1.000,pairs=123736,skip=12705  knn:pos=0.0193,p95=1.000,pairs=186913,skip=12555  similarity:pos=0.0033,p95=1.000,pairs=39799,skip=14344  clustering:pos=0.0554,p95=1.000,pairs=127768,skip=12741
  [main] epoch 15/75  loss=0.01935302  avg_tau=+0.132  pred_std=0.215939  select=+0.304  (559.37s)
    [main] val_query_f1=0.433223  range=0.381250  knn=0.399000  similarity=0.264862  clustering=0.722000
    [main] val_vs_uniform aggregate=-0.086137  type_deficit=0.086137  range=-0.080308  knn=-0.049229  similarity=-0.155756  clustering=-0.096162
    [main] label_diag  range:pos=0.0605,p95=1.000,pairs=123943,skip=12705  knn:pos=0.0193,p95=1.000,pairs=186719,skip=12555  similarity:pos=0.0033,p95=1.000,pairs=39829,skip=14344  clustering:pos=0.0554,p95=1.000,pairs=127424,skip=12741
