[config] model=turn_aware  workload=mixed  epochs=50  n_queries=300  query_coverage=0.3  max_queries=3000  compression_ratio=0.3  lr=0.0005  pointwise_loss_weight=0.25  gradient_clip_norm=1.0  diagnostic_every=1  checkpoint_selection_metric=f1  f1_diagnostic_every=3  range_spatial_fraction=0.015  range_time_fraction=0.04
[load-data] reading train CSV: /ceph/project/P8-1/AISDATA/preprocessed_AIS_files/preprocessed_2026-02-05.csv
[load-data] reading eval CSV: /ceph/project/P8-1/AISDATA/preprocessed_AIS_files/preprocessed_2026-02-08.csv
[load-data] train=1580 eval=1564 trajectories loaded in 54.87s
[pipeline] train=1580 trajectories, eval=1564 trajectories, train_mix=clustering=0.2,knn=0.4,range=0.2,similarity=0.2, eval_mix=clustering=0.2,knn=0.4,range=0.2,similarity=0.2
[split] starting...
  split mode=separate CSVs  train=1343  eval=1564
  checkpoint-selection validation=237 trajectories
[split] done in 0.00s
[build-datasets] starting...
[build-datasets] done in 0.75s
[generate-workloads] starting...
  train_workload=300 queries  coverage=32.41% (1235043/3811001)
  eval_workload=300 queries  coverage=32.03% (1383271/4318960)
  selection_workload=600 queries  coverage=55.06% (317913/577411)
[generate-workloads] done in 273.59s
[write-queries-geojson] starting...
  wrote   72 range queries to /ceph/project/P8-1/AISDATA/Query_border_files/run_2026-02-05_eval_2026-02-08_cov0p30_mixed_rs0p015_rt0p04_819896/queries_range.geojson
  wrote  114 knn queries to /ceph/project/P8-1/AISDATA/Query_border_files/run_2026-02-05_eval_2026-02-08_cov0p30_mixed_rs0p015_rt0p04_819896/queries_knn.geojson
  wrote   57 similarity queries to /ceph/project/P8-1/AISDATA/Query_border_files/run_2026-02-05_eval_2026-02-08_cov0p30_mixed_rs0p015_rt0p04_819896/queries_similarity.geojson
  wrote   57 clustering queries to /ceph/project/P8-1/AISDATA/Query_border_files/run_2026-02-05_eval_2026-02-08_cov0p30_mixed_rs0p015_rt0p04_819896/queries_clustering.geojson
[write-queries-geojson] done in 0.03s
[train-model (50 epochs)] starting...
  [main] epoch 01/50  loss=0.01829666  avg_tau=+0.033  pred_std=0.139862  select=+0.515  (113.27s)
    [main] val_query_f1=0.514924  range=0.468708  knn=0.446815  similarity=0.380381  clustering=0.843453
    [main] label_diag  range:pos=0.0553,p95=1.000,pairs=108464,skip=12950  knn:pos=0.0093,p95=1.000,pairs=90832,skip=13726  similarity:pos=0.0030,p95=1.000,pairs=41262,skip=14327  clustering:pos=0.0518,p95=1.000,pairs=108456,skip=12990
  [main] epoch 02/50  loss=0.01582862  avg_tau=-0.096  pred_std=0.115332  select=+0.514  (79.43s)
    [main] val_query_f1=0.514061  range=0.470176  knn=0.443312  similarity=0.378619  clustering=0.845857
    [main] label_diag  range:pos=0.0553,p95=1.000,pairs=108683,skip=12950  knn:pos=0.0093,p95=1.000,pairs=90819,skip=13726  similarity:pos=0.0030,p95=1.000,pairs=41275,skip=14327  clustering:pos=0.0518,p95=1.000,pairs=108808,skip=12990
  [main] epoch 03/50  loss=0.01409311  avg_tau=-0.010  pred_std=0.128999  select=+0.510  (122.99s)
    [main] val_query_f1=0.509927  range=0.465585  knn=0.439518  similarity=0.372778  clustering=0.843323
    [main] label_diag  range:pos=0.0553,p95=1.000,pairs=108634,skip=12950  knn:pos=0.0093,p95=1.000,pairs=90894,skip=13726  similarity:pos=0.0030,p95=1.000,pairs=41191,skip=14327  clustering:pos=0.0518,p95=1.000,pairs=108557,skip=12990
  [main] epoch 04/50  loss=0.01592955  avg_tau=-0.039  pred_std=0.109735  select=+0.516  (80.21s)  *** NEW BEST MODEL ***
    [main] val_query_f1=0.516308  range=0.457958  knn=0.457222  similarity=0.377403  clustering=0.846322
    [main] label_diag  range:pos=0.0553,p95=1.000,pairs=108614,skip=12950  knn:pos=0.0093,p95=1.000,pairs=90988,skip=13726  similarity:pos=0.0030,p95=1.000,pairs=41167,skip=14327  clustering:pos=0.0518,p95=1.000,pairs=108978,skip=12990
  [main] epoch 05/50  loss=0.01367616  avg_tau=+0.026  pred_std=0.133446  select=+0.515  (88.85s)
    [main] val_query_f1=0.515457  range=0.457437  knn=0.453108  similarity=0.379772  clustering=0.848368
    [main] label_diag  range:pos=0.0553,p95=1.000,pairs=108679,skip=12950  knn:pos=0.0093,p95=1.000,pairs=90976,skip=13726  similarity:pos=0.0030,p95=1.000,pairs=41313,skip=14327  clustering:pos=0.0518,p95=1.000,pairs=108781,skip=12990
  [main] epoch 06/50  loss=0.01398639  avg_tau=+0.002  pred_std=0.134019  select=+0.512  (93.64s)
    [main] val_query_f1=0.512321  range=0.454010  knn=0.447159  similarity=0.390123  clustering=0.837732
    [main] label_diag  range:pos=0.0553,p95=1.000,pairs=108618,skip=12950  knn:pos=0.0093,p95=1.000,pairs=90859,skip=13726  similarity:pos=0.0030,p95=1.000,pairs=41254,skip=14327  clustering:pos=0.0518,p95=1.000,pairs=108370,skip=12990
  [main] epoch 07/50  loss=0.01637391  avg_tau=-0.006  pred_std=0.115059  select=+0.515  (130.12s)
    [main] val_query_f1=0.515431  range=0.456665  knn=0.450192  similarity=0.385221  clustering=0.849577
    [main] label_diag  range:pos=0.0553,p95=1.000,pairs=108517,skip=12950  knn:pos=0.0093,p95=1.000,pairs=90683,skip=13726  similarity:pos=0.0030,p95=1.000,pairs=41076,skip=14327  clustering:pos=0.0518,p95=1.000,pairs=109012,skip=12990
  [main] epoch 08/50  loss=0.01408772  avg_tau=-0.197  pred_std=0.0950008  select=+0.511  (76.40s)
    [main] val_query_f1=0.510715  range=0.445934  knn=0.448475  similarity=0.381622  clustering=0.845264
    [main] label_diag  range:pos=0.0553,p95=1.000,pairs=108541,skip=12950  knn:pos=0.0093,p95=1.000,pairs=90724,skip=13726  similarity:pos=0.0030,p95=1.000,pairs=41194,skip=14327  clustering:pos=0.0518,p95=1.000,pairs=108858,skip=12990
  [main] epoch 09/50  loss=0.01508254  avg_tau=-0.105  pred_std=0.0765094  select=+0.504  (85.37s)
    [main] val_query_f1=0.503513  range=0.436192  knn=0.441345  similarity=0.379716  clustering=0.835799
    [main] label_diag  range:pos=0.0553,p95=1.000,pairs=108514,skip=12950  knn:pos=0.0093,p95=1.000,pairs=90812,skip=13726  similarity:pos=0.0030,p95=1.000,pairs=41203,skip=14327  clustering:pos=0.0518,p95=1.000,pairs=108528,skip=12990
  [main] epoch 10/50  loss=0.01210439  avg_tau=-0.128  pred_std=0.0834251  select=+0.505  (181.40s)
    [main] val_query_f1=0.505070  range=0.430147  knn=0.442760  similarity=0.387229  clustering=0.841183
    [main] label_diag  range:pos=0.0553,p95=1.000,pairs=108500,skip=12950  knn:pos=0.0093,p95=1.000,pairs=90929,skip=13726  similarity:pos=0.0030,p95=1.000,pairs=41188,skip=14327  clustering:pos=0.0518,p95=1.000,pairs=108983,skip=12990
  [main] epoch 11/50  loss=0.01304462  avg_tau=+0.092  pred_std=0.0826014  select=+0.507  (80.21s)
    [main] val_query_f1=0.506975  range=0.432133  knn=0.444033  similarity=0.393972  clustering=0.839415
    [main] label_diag  range:pos=0.0553,p95=1.000,pairs=108493,skip=12950  knn:pos=0.0093,p95=1.000,pairs=90827,skip=13726  similarity:pos=0.0030,p95=1.000,pairs=41201,skip=14327  clustering:pos=0.0518,p95=1.000,pairs=108716,skip=12990
  [main] epoch 12/50  loss=0.01510210  avg_tau=-0.082  pred_std=0.0786265  select=+0.501  (90.00s)
    [main] val_query_f1=0.501116  range=0.429625  knn=0.435327  similarity=0.385380  clustering=0.837794
    [main] label_diag  range:pos=0.0553,p95=1.000,pairs=108688,skip=12950  knn:pos=0.0093,p95=1.000,pairs=90751,skip=13726  similarity:pos=0.0030,p95=1.000,pairs=41289,skip=14327  clustering:pos=0.0518,p95=1.000,pairs=108682,skip=12990
  [main] epoch 13/50  loss=0.01220825  avg_tau=+0.296  pred_std=0.0886639  select=+0.515  (75.66s)
    [main] val_query_f1=0.514820  range=0.458585  knn=0.445450  similarity=0.401722  clustering=0.836955
    [main] label_diag  range:pos=0.0553,p95=1.000,pairs=108457,skip=12950  knn:pos=0.0093,p95=1.000,pairs=90953,skip=13726  similarity:pos=0.0030,p95=1.000,pairs=41256,skip=14327  clustering:pos=0.0518,p95=1.000,pairs=108839,skip=12990
  [main] epoch 14/50  loss=0.01465743  avg_tau=-0.027  pred_std=0.0809078  select=+0.509  (81.45s)
    [main] val_query_f1=0.509078  range=0.454114  knn=0.437162  similarity=0.389804  clustering=0.840891
    [main] label_diag  range:pos=0.0553,p95=1.000,pairs=108639,skip=12950  knn:pos=0.0093,p95=1.000,pairs=90791,skip=13726  similarity:pos=0.0030,p95=1.000,pairs=41317,skip=14327  clustering:pos=0.0518,p95=1.000,pairs=108517,skip=12990
  [main] early stopping at epoch 14: selection score did not improve over 10 diag epochs (best_selection=+0.516, best_loss=0.01592955)
  [main] restored best diagnostic epoch 4/14 (selection=+0.516, loss=0.01592955, val_f1=0.516308)
[train-model (50 epochs)] done in 1442.50s
[save-model] starting...
  saved checkpoint to /ceph/project/P8-1/QDS/qds_v2/src/models/saved_models/model_2026-02-05_eval_2026-02-08_cov0p30_mixed_rs0p015_rt0p04_819896.pt  (epochs_trained=14, best_epoch=4, best_loss=0.01592955, train_mix=clustering=0.2,knn=0.4,range=0.2,similarity=0.2, eval_mix=clustering=0.2,knn=0.4,range=0.2,similarity=0.2)
[save-model] done in 0.16s
[evaluate-matched] starting...
[  eval MLQDS] starting...
[  eval MLQDS] done in 932.98s
[  eval Random] starting...
[  eval Random] done in 386.04s
[  eval UniformTemporal] starting...
[  eval UniformTemporal] done in 311.78s
[  eval newUniformTemporal] starting...
[  eval newUniformTemporal] done in 342.57s
[  eval DouglasPeucker] starting...
[  eval DouglasPeucker] done in 431.61s
[  eval Oracle] starting...
[  eval Oracle] done in 259.12s
[evaluate-matched] done in 2823.29s
[evaluate-shift] starting...
[evaluate-shift] done in 0.00s
[write-results] starting...
  wrote results to /ceph/project/P8-1/QDS/qds_v2/results
[write-results] done in 0.06s
[write-simplified-csv] starting...
  wrote 1296472 retained points across 1296472 samples to /ceph/project/P8-1/AISDATA/ML_processed_AIS_files/run_2026-02-05_eval_2026-02-08_cov0p30_mixed_rs0p015_rt0p04_819896/ML_simplified_eval.csv
[write-simplified-csv] done in 2.67s
[trajectory-length-loss] starting...
  [length-loss] 1564 trajectories  avg_orig_km=114.17  avg_simp_km=113.60  avg_length_loss=0.248  avg_points_removed=1932.5
  [length-loss] filtered out 569 trajectories with orig_km < 1.00 (likely docked/stationary) from top-25 ranking

  [length-loss] Top 25 MOST distorted (highest length_loss):
  rank        mmsi     orig_km     simp_km  length_loss    kept   removed
     1   211457860        4.02        0.92        0.772      76       176
     2   211846360        3.24        1.05        0.677      92       212
     3   218030270       16.80        5.49        0.673     207       483
     4   219004266        2.91        1.00        0.657     542      1262
     5   265513270       20.45        7.67        0.625      15        32
     6   219003217        2.43        0.91        0.625     206       478
     7   245697000        2.89        1.10        0.620     117       270
     8   511100505        6.86        2.63        0.617     172       400
     9   220343000        1.42        0.55        0.612     199       464
    10   219001582        3.33        1.32        0.604     763      1779
    11   219440000        1.32        0.52        0.602     127       294
    12   219798000        1.09        0.45        0.590     394       917
    13   259447000        4.08        1.67        0.590     312       725
    14   258040000        2.08        0.87        0.581     108       251
    15   352005487        5.89        2.47        0.580     139       323
    16   219003113        1.97        0.84        0.574     640      1492
    17   219017784        1.42        0.62        0.565     156       362
    18   215064000        2.40        1.05        0.564     128       296
    19   219024715        3.20        1.43        0.555    1272      2966
    20   341832000        1.19        0.54        0.550      72       166
    21   244890000        1.13        0.51        0.548      86       200
    22   219005513        2.67        1.23        0.540     654      1523
    23   219014162        2.42        1.12        0.536     871      2031
    24   219000851        1.41        0.65        0.536     174       404
    25   219021176        1.75        0.81        0.535    1133      2643

  [length-loss] Top 25 LEAST distorted (lowest length_loss):
  rank        mmsi     orig_km     simp_km  length_loss    kept   removed
     1   636019492      164.27      164.27        0.000      37        84
     2   255916022       25.50       25.50        0.000     118       275
     3   273268690       12.12       12.12        0.000      21        48
     4   230987000      367.62      367.62        0.000    1491      3477
     5   311055400       97.53       97.53        0.000     441      1028
     6   636024739      112.29      112.29        0.000     408       951
     7   258849000        5.65        5.65        0.000      10        23
     8   230618000       98.61       98.60        0.000     489      1140
     9   210568000       59.61       59.61        0.000      40        91
    10   636022717      266.92      266.92        0.000    1380      3220
    11   219560000      384.96      384.96        0.000    1739      4056
    12   210425000       95.04       95.04        0.000     291       676
    13   636020533      140.00      140.00        0.000     319       742
    14   373267000      301.29      301.29        0.000    1270      2963
    15   255814000      155.05      155.05        0.000     721      1682
    16   219028116      436.51      436.50        0.000    1985      4631
    17   215857000       36.63       36.63        0.000     151       350
    18   477149200       54.20       54.20        0.000     261       608
    19   241689000       36.78       36.78        0.000      95       219
    20   255806436       88.16       88.16        0.000     398       928
    21   352002167      250.40      250.39        0.000     135       314
    22   258059000       19.92       19.92        0.000      16        35
    23   538011780      181.37      181.37        0.000     902      2104
    24   230617000      239.92      239.92        0.000    1216      2836
    25   230982000      343.48      343.48        0.000    1390      3241
[trajectory-length-loss] done in 13.58s
[pipeline] total runtime 4556.62s

Matched-workload table
Method                     AggregateF1   Compression   Latency(ms)        Type
------------------------------------------------------------------------------
MLQDS                         0.439894        0.3002     604383.69         all
  - range                     0.459106                                   range
  - knn                       0.436643                                     knn
  - similarity                0.403555                              similarity
  - clustering                0.458719                              clustering
Random                        0.441475        0.3007        462.45         all
  - range                     0.462060                                   range
  - knn                       0.434794                                     knn
  - similarity                0.430286                              similarity
  - clustering                0.440293                              clustering
UniformTemporal               0.264272        0.3009      10292.59         all
  - range                     0.416305                                   range
  - knn                       0.229377                                     knn
  - similarity                0.170539                              similarity
  - clustering                0.237751                              clustering
newUniformTemporal            0.446018        0.3002       3607.82         all
  - range                     0.461699                                   range
  - knn                       0.444172                                     knn
  - similarity                0.429899                              similarity
  - clustering                0.446229                              clustering
DouglasPeucker                0.293474        0.3002      10923.86         all
  - range                     0.417671                                   range
  - knn                       0.273255                                     knn
  - similarity                0.213314                              similarity
  - clustering                0.258827                              clustering
Oracle                        0.938983        0.3007      10321.68         all
  - range                     0.914554                                   range
  - knn                       0.983171                                     knn
  - similarity                0.943141                              similarity
  - clustering                0.876986                              clustering

Distribution-shift table
Train\Eval            clustering=0.2,knn=0.4,range=0.2,similarity=0.2
---------------------------------------------------------------------
clustering=0.2,knn=0.4,range=0.2,similarity=0.2                0.4399
