[config] model=turn_aware  workload=mixed  epochs=75  n_queries=300  query_coverage=0.3  max_queries=3000  compression_ratio=0.3  lr=0.0005  pointwise_loss_weight=0.25  gradient_clip_norm=1.0  diagnostic_every=1  checkpoint_selection_metric=uniform_gap  f1_diagnostic_every=1  uniform_gap_weight=0.5  type_penalty_weight=1.0  range_spatial_fraction=0.015  range_time_fraction=0.04  knn_k=12  mlqds_temporal_fraction=0.75  residual_label_mode=temporal
[load-data] reading train CSV: /ceph/project/P8-1/AISDATA/preprocessed_AIS_files/preprocessed_2026-02-05.csv
[load-data] reading eval CSV: /ceph/project/P8-1/AISDATA/preprocessed_AIS_files/preprocessed_2026-02-08.csv
[load-data] train=1580 eval=1564 trajectories loaded in 72.88s
[pipeline] train=1580 trajectories, eval=1564 trajectories, train_mix=clustering=0.2,knn=0.4,range=0.2,similarity=0.2, eval_mix=clustering=0.2,knn=0.4,range=0.2,similarity=0.2
[split] starting...
  split mode=separate CSVs  train=1343  eval=1564
  checkpoint-selection validation=237 trajectories
[split] done in 0.00s
[build-datasets] starting...
[build-datasets] done in 1.63s
[generate-workloads] starting...
  train_workload=300 queries  coverage=31.58% (1203418/3811001)
  eval_workload=300 queries  coverage=32.85% (1418906/4318960)
  selection_workload=600 queries  coverage=56.47% (326083/577411)
[generate-workloads] done in 113.04s
[write-queries-geojson] starting...
  wrote   60 range queries to /ceph/project/P8-1/AISDATA/Query_border_files/run_2026-02-05_eval_2026-02-08_cov0p30_mixed_rs0p015_rt0p04_821183/queries_range.geojson
  wrote  120 knn queries to /ceph/project/P8-1/AISDATA/Query_border_files/run_2026-02-05_eval_2026-02-08_cov0p30_mixed_rs0p015_rt0p04_821183/queries_knn.geojson
  wrote   60 similarity queries to /ceph/project/P8-1/AISDATA/Query_border_files/run_2026-02-05_eval_2026-02-08_cov0p30_mixed_rs0p015_rt0p04_821183/queries_similarity.geojson
  wrote   60 clustering queries to /ceph/project/P8-1/AISDATA/Query_border_files/run_2026-02-05_eval_2026-02-08_cov0p30_mixed_rs0p015_rt0p04_821183/queries_clustering.geojson
[write-queries-geojson] done in 0.02s
[train-model (75 epochs)] starting...
  [main] validation newUniformTemporal_f1=0.519482  range=0.461509  knn=0.449936  similarity=0.420858  clustering=0.815171
  [main] epoch 01/75  loss=0.02498510  avg_tau=-0.183  pred_std=0.244007  select=+0.520  (134.81s)
    [main] val_query_f1=0.521095  range=0.461712  knn=0.455610  similarity=0.426081  clustering=0.806462
    [main] val_vs_uniform aggregate=+0.001613  type_deficit=0.001742  range=+0.000202  knn=+0.005674  similarity=+0.005223  clustering=-0.008708
    [main] label_diag  range:pos=0.0634,p95=1.000,pairs=129417,skip=12645  knn:pos=0.0210,p95=1.000,pairs=198501,skip=12406  similarity:pos=0.0037,p95=1.000,pairs=45209,skip=14281  clustering:pos=0.0521,p95=1.000,pairs=110225,skip=12967
  [main] epoch 02/75  loss=0.02135462  avg_tau=-0.079  pred_std=0.245762  select=+0.525  (127.64s)  *** NEW BEST MODEL ***
    [main] val_query_f1=0.524263  range=0.461742  knn=0.459056  similarity=0.434256  clustering=0.807203
    [main] val_vs_uniform aggregate=+0.004781  type_deficit=0.001593  range=+0.000233  knn=+0.009120  similarity=+0.013398  clustering=-0.007967
    [main] label_diag  range:pos=0.0634,p95=1.000,pairs=129332,skip=12645  knn:pos=0.0210,p95=1.000,pairs=198859,skip=12406  similarity:pos=0.0037,p95=1.000,pairs=45159,skip=14281  clustering:pos=0.0521,p95=1.000,pairs=110061,skip=12967
  [main] epoch 03/75  loss=0.02110811  avg_tau=+0.028  pred_std=0.222888  select=+0.528  (136.94s)  *** NEW BEST MODEL ***
    [main] val_query_f1=0.526590  range=0.463653  knn=0.464862  similarity=0.433843  clustering=0.805731
    [main] val_vs_uniform aggregate=+0.007108  type_deficit=0.001888  range=+0.002143  knn=+0.014926  similarity=+0.012985  clustering=-0.009439
    [main] label_diag  range:pos=0.0634,p95=1.000,pairs=129325,skip=12645  knn:pos=0.0210,p95=1.000,pairs=199162,skip=12406  similarity:pos=0.0037,p95=1.000,pairs=45166,skip=14281  clustering:pos=0.0521,p95=1.000,pairs=110582,skip=12967
  [main] epoch 04/75  loss=0.02149317  avg_tau=-0.011  pred_std=0.249528  select=+0.530  (139.92s)  *** NEW BEST MODEL ***
    [main] val_query_f1=0.527812  range=0.458298  knn=0.468291  similarity=0.437505  clustering=0.806677
    [main] val_vs_uniform aggregate=+0.008331  type_deficit=0.002341  range=-0.003211  knn=+0.018355  similarity=+0.016648  clustering=-0.008493
    [main] label_diag  range:pos=0.0634,p95=1.000,pairs=129635,skip=12645  knn:pos=0.0210,p95=1.000,pairs=198816,skip=12406  similarity:pos=0.0037,p95=1.000,pairs=45095,skip=14281  clustering:pos=0.0521,p95=1.000,pairs=110622,skip=12967
  [main] epoch 05/75  loss=0.02011183  avg_tau=+0.005  pred_std=0.233562  select=+0.529  (121.33s)
    [main] val_query_f1=0.528175  range=0.455314  knn=0.473537  similarity=0.433704  clustering=0.804784
    [main] val_vs_uniform aggregate=+0.008693  type_deficit=0.003316  range=-0.006195  knn=+0.023602  similarity=+0.012846  clustering=-0.010387
    [main] label_diag  range:pos=0.0634,p95=1.000,pairs=129626,skip=12645  knn:pos=0.0210,p95=1.000,pairs=199020,skip=12406  similarity:pos=0.0037,p95=1.000,pairs=45079,skip=14281  clustering:pos=0.0521,p95=1.000,pairs=110148,skip=12967
  [main] epoch 06/75  loss=0.01919283  avg_tau=-0.092  pred_std=0.233  select=+0.528  (124.56s)
    [main] val_query_f1=0.527105  range=0.456815  knn=0.468104  similarity=0.438016  clustering=0.804486
    [main] val_vs_uniform aggregate=+0.007623  type_deficit=0.003076  range=-0.004694  knn=+0.018168  similarity=+0.017158  clustering=-0.010685
    [main] label_diag  range:pos=0.0634,p95=1.000,pairs=129387,skip=12645  knn:pos=0.0210,p95=1.000,pairs=199257,skip=12406  similarity:pos=0.0037,p95=1.000,pairs=45011,skip=14281  clustering:pos=0.0521,p95=1.000,pairs=110347,skip=12967
  [main] epoch 07/75  loss=0.02011850  avg_tau=+0.190  pred_std=0.237144  select=+0.527  (131.74s)
    [main] val_query_f1=0.527536  range=0.452818  knn=0.472935  similarity=0.437318  clustering=0.801671
    [main] val_vs_uniform aggregate=+0.008054  type_deficit=0.004438  range=-0.008691  knn=+0.023000  similarity=+0.016461  clustering=-0.013500
    [main] label_diag  range:pos=0.0634,p95=1.000,pairs=129199,skip=12645  knn:pos=0.0210,p95=1.000,pairs=198917,skip=12406  similarity:pos=0.0037,p95=1.000,pairs=45261,skip=14281  clustering:pos=0.0521,p95=1.000,pairs=110304,skip=12967
  [main] epoch 08/75  loss=0.02005327  avg_tau=+0.001  pred_std=0.218953  select=+0.532  (131.40s)  *** NEW BEST MODEL ***
    [main] val_query_f1=0.530218  range=0.453809  knn=0.475792  similarity=0.440969  clustering=0.804729
    [main] val_vs_uniform aggregate=+0.010736  type_deficit=0.003628  range=-0.007700  knn=+0.025856  similarity=+0.020111  clustering=-0.010441
    [main] label_diag  range:pos=0.0634,p95=1.000,pairs=129386,skip=12645  knn:pos=0.0210,p95=1.000,pairs=199211,skip=12406  similarity:pos=0.0037,p95=1.000,pairs=45099,skip=14281  clustering:pos=0.0521,p95=1.000,pairs=110446,skip=12967
  [main] epoch 09/75  loss=0.02055894  avg_tau=-0.123  pred_std=0.23221  select=+0.534  (129.18s)  *** NEW BEST MODEL ***
    [main] val_query_f1=0.531339  range=0.458395  knn=0.478513  similarity=0.441737  clustering=0.799535
    [main] val_vs_uniform aggregate=+0.011857  type_deficit=0.003750  range=-0.003114  knn=+0.028578  similarity=+0.020879  clustering=-0.015636
    [main] label_diag  range:pos=0.0634,p95=1.000,pairs=129187,skip=12645  knn:pos=0.0210,p95=1.000,pairs=199040,skip=12406  similarity:pos=0.0037,p95=1.000,pairs=45144,skip=14281  clustering:pos=0.0521,p95=1.000,pairs=110758,skip=12967
  [main] epoch 10/75  loss=0.02049783  avg_tau=+0.166  pred_std=0.222951  select=+0.531  (135.64s)
    [main] val_query_f1=0.529418  range=0.452911  knn=0.475887  similarity=0.437460  clustering=0.804947
    [main] val_vs_uniform aggregate=+0.009936  type_deficit=0.003764  range=-0.008598  knn=+0.025951  similarity=+0.016602  clustering=-0.010224
    [main] label_diag  range:pos=0.0634,p95=1.000,pairs=129380,skip=12645  knn:pos=0.0210,p95=1.000,pairs=199121,skip=12406  similarity:pos=0.0037,p95=1.000,pairs=45093,skip=14281  clustering:pos=0.0521,p95=1.000,pairs=110301,skip=12967
  [main] epoch 11/75  loss=0.01907532  avg_tau=-0.345  pred_std=0.198632  select=+0.534  (127.11s)  *** NEW BEST MODEL ***
    [main] val_query_f1=0.531186  range=0.454025  knn=0.478741  similarity=0.435281  clustering=0.809140
    [main] val_vs_uniform aggregate=+0.011704  type_deficit=0.002703  range=-0.007484  knn=+0.028806  similarity=+0.014424  clustering=-0.006031
    [main] label_diag  range:pos=0.0634,p95=1.000,pairs=129282,skip=12645  knn:pos=0.0210,p95=1.000,pairs=198837,skip=12406  similarity:pos=0.0037,p95=1.000,pairs=45096,skip=14281  clustering:pos=0.0521,p95=1.000,pairs=110314,skip=12967
  [main] epoch 12/75  loss=0.01922090  avg_tau=+0.025  pred_std=0.196019  select=+0.537  (128.76s)  *** NEW BEST MODEL ***
    [main] val_query_f1=0.533776  range=0.450182  knn=0.487565  similarity=0.439123  clustering=0.804446
    [main] val_vs_uniform aggregate=+0.014295  type_deficit=0.004410  range=-0.011327  knn=+0.037630  similarity=+0.018265  clustering=-0.010724
    [main] label_diag  range:pos=0.0634,p95=1.000,pairs=129353,skip=12645  knn:pos=0.0210,p95=1.000,pairs=199062,skip=12406  similarity:pos=0.0037,p95=1.000,pairs=45135,skip=14281  clustering:pos=0.0521,p95=1.000,pairs=110579,skip=12967
  [main] epoch 13/75  loss=0.01729100  avg_tau=-0.133  pred_std=0.169521  select=+0.544  (128.79s)  *** NEW BEST MODEL ***
    [main] val_query_f1=0.537452  range=0.457235  knn=0.488871  similarity=0.443702  clustering=0.808582
    [main] val_vs_uniform aggregate=+0.017971  type_deficit=0.002172  range=-0.004274  knn=+0.038935  similarity=+0.022844  clustering=-0.006588
    [main] label_diag  range:pos=0.0634,p95=1.000,pairs=129507,skip=12645  knn:pos=0.0210,p95=1.000,pairs=199229,skip=12406  similarity:pos=0.0037,p95=1.000,pairs=45064,skip=14281  clustering:pos=0.0521,p95=1.000,pairs=110637,skip=12967
  [main] epoch 14/75  loss=0.01948924  avg_tau=+0.217  pred_std=0.1875  select=+0.536  (128.16s)
    [main] val_query_f1=0.532667  range=0.454412  knn=0.484859  similarity=0.433921  clustering=0.805287
    [main] val_vs_uniform aggregate=+0.013186  type_deficit=0.003396  range=-0.007098  knn=+0.034923  similarity=+0.013063  clustering=-0.009883
    [main] label_diag  range:pos=0.0634,p95=1.000,pairs=129344,skip=12645  knn:pos=0.0210,p95=1.000,pairs=199156,skip=12406  similarity:pos=0.0037,p95=1.000,pairs=45070,skip=14281  clustering:pos=0.0521,p95=1.000,pairs=110425,skip=12967
  [main] epoch 15/75  loss=0.02022890  avg_tau=+0.037  pred_std=0.207793  select=+0.536  (136.83s)
    [main] val_query_f1=0.532350  range=0.456979  knn=0.482551  similarity=0.435585  clustering=0.804086
    [main] val_vs_uniform aggregate=+0.012869  type_deficit=0.003123  range=-0.004530  knn=+0.032615  similarity=+0.014728  clustering=-0.011085
    [main] label_diag  range:pos=0.0634,p95=1.000,pairs=129491,skip=12645  knn:pos=0.0210,p95=1.000,pairs=199215,skip=12406  similarity:pos=0.0037,p95=1.000,pairs=45117,skip=14281  clustering:pos=0.0521,p95=1.000,pairs=110386,skip=12967
  [main] epoch 16/75  loss=0.01932970  avg_tau=+0.086  pred_std=0.199959  select=+0.539  (119.87s)
    [main] val_query_f1=0.534073  range=0.452301  knn=0.485939  similarity=0.432479  clustering=0.813709
    [main] val_vs_uniform aggregate=+0.014592  type_deficit=0.002134  range=-0.009208  knn=+0.036003  similarity=+0.011621  clustering=-0.001461
    [main] label_diag  range:pos=0.0634,p95=1.000,pairs=129440,skip=12645  knn:pos=0.0210,p95=1.000,pairs=199010,skip=12406  similarity:pos=0.0037,p95=1.000,pairs=45123,skip=14281  clustering:pos=0.0521,p95=1.000,pairs=110038,skip=12967
  [main] epoch 17/75  loss=0.01785910  avg_tau=+0.003  pred_std=0.193725  select=+0.543  (134.91s)
    [main] val_query_f1=0.537329  range=0.453002  knn=0.489164  similarity=0.445775  clustering=0.809541
    [main] val_vs_uniform aggregate=+0.017847  type_deficit=0.002827  range=-0.008508  knn=+0.039228  similarity=+0.024917  clustering=-0.005630
    [main] label_diag  range:pos=0.0634,p95=1.000,pairs=129500,skip=12645  knn:pos=0.0210,p95=1.000,pairs=198731,skip=12406  similarity:pos=0.0037,p95=1.000,pairs=45104,skip=14281  clustering:pos=0.0521,p95=1.000,pairs=110321,skip=12967
  [main] epoch 18/75  loss=0.01898902  avg_tau=-0.128  pred_std=0.193345  select=+0.534  (123.60s)
    [main] val_query_f1=0.530867  range=0.457614  knn=0.478028  similarity=0.435916  clustering=0.804747
    [main] val_vs_uniform aggregate=+0.011385  type_deficit=0.002864  range=-0.003895  knn=+0.028093  similarity=+0.015058  clustering=-0.010423
    [main] label_diag  range:pos=0.0634,p95=1.000,pairs=129395,skip=12645  knn:pos=0.0210,p95=1.000,pairs=198894,skip=12406  similarity:pos=0.0037,p95=1.000,pairs=45274,skip=14281  clustering:pos=0.0521,p95=1.000,pairs=110348,skip=12967
  [main] epoch 19/75  loss=0.01982895  avg_tau=+0.296  pred_std=0.218499  select=+0.530  (128.57s)
    [main] val_query_f1=0.528615  range=0.454576  knn=0.474338  similarity=0.435101  clustering=0.804720
    [main] val_vs_uniform aggregate=+0.009133  type_deficit=0.003477  range=-0.006933  knn=+0.024402  similarity=+0.014244  clustering=-0.010451
    [main] label_diag  range:pos=0.0634,p95=1.000,pairs=129454,skip=12645  knn:pos=0.0210,p95=1.000,pairs=199104,skip=12406  similarity:pos=0.0037,p95=1.000,pairs=45167,skip=14281  clustering:pos=0.0521,p95=1.000,pairs=110791,skip=12967
  [main] epoch 20/75  loss=0.02137094  avg_tau=+0.067  pred_std=0.24547  select=+0.531  (128.83s)
    [main] val_query_f1=0.529307  range=0.455071  knn=0.476784  similarity=0.432520  clustering=0.805379
    [main] val_vs_uniform aggregate=+0.009826  type_deficit=0.003246  range=-0.006439  knn=+0.026848  similarity=+0.011662  clustering=-0.009792
    [main] label_diag  range:pos=0.0634,p95=1.000,pairs=129406,skip=12645  knn:pos=0.0210,p95=1.000,pairs=198914,skip=12406  similarity:pos=0.0037,p95=1.000,pairs=45061,skip=14281  clustering:pos=0.0521,p95=1.000,pairs=110100,skip=12967
  [main] epoch 21/75  loss=0.02025252  avg_tau=-0.196  pred_std=0.235309  select=+0.536  (120.41s)
    [main] val_query_f1=0.532032  range=0.449698  knn=0.482494  similarity=0.431830  clustering=0.813642
    [main] val_vs_uniform aggregate=+0.012550  type_deficit=0.002668  range=-0.011811  knn=+0.032559  similarity=+0.010972  clustering=-0.001528
    [main] label_diag  range:pos=0.0634,p95=1.000,pairs=129871,skip=12645  knn:pos=0.0210,p95=1.000,pairs=199242,skip=12406  similarity:pos=0.0037,p95=1.000,pairs=45121,skip=14281  clustering:pos=0.0521,p95=1.000,pairs=110463,skip=12967
  [main] epoch 22/75  loss=0.01916190  avg_tau=+0.029  pred_std=0.206539  select=+0.535  (117.71s)
    [main] val_query_f1=0.530762  range=0.457307  knn=0.477828  similarity=0.429777  clustering=0.811069
    [main] val_vs_uniform aggregate=+0.011280  type_deficit=0.001661  range=-0.004202  knn=+0.027892  similarity=+0.008919  clustering=-0.004102
    [main] label_diag  range:pos=0.0634,p95=1.000,pairs=129460,skip=12645  knn:pos=0.0210,p95=1.000,pairs=199099,skip=12406  similarity:pos=0.0037,p95=1.000,pairs=45219,skip=14281  clustering:pos=0.0521,p95=1.000,pairs=109950,skip=12967
  [main] epoch 23/75  loss=0.01960608  avg_tau=-0.080  pred_std=0.20608  select=+0.534  (125.99s)
    [main] val_query_f1=0.531430  range=0.452143  knn=0.482545  similarity=0.430146  clustering=0.809772
    [main] val_vs_uniform aggregate=+0.011949  type_deficit=0.002953  range=-0.009367  knn=+0.032610  similarity=+0.009289  clustering=-0.005398
    [main] label_diag  range:pos=0.0634,p95=1.000,pairs=129591,skip=12645  knn:pos=0.0210,p95=1.000,pairs=198989,skip=12406  similarity:pos=0.0037,p95=1.000,pairs=45106,skip=14281  clustering:pos=0.0521,p95=1.000,pairs=110386,skip=12967
  [main] epoch 24/75  loss=0.01887014  avg_tau=-0.097  pred_std=0.198806  select=+0.530  (136.86s)
    [main] val_query_f1=0.528094  range=0.448574  knn=0.474245  similarity=0.429068  clustering=0.814340
    [main] val_vs_uniform aggregate=+0.008612  type_deficit=0.002753  range=-0.012935  knn=+0.024309  similarity=+0.008210  clustering=-0.000831
    [main] label_diag  range:pos=0.0634,p95=1.000,pairs=129262,skip=12645  knn:pos=0.0210,p95=1.000,pairs=198815,skip=12406  similarity:pos=0.0037,p95=1.000,pairs=45018,skip=14281  clustering:pos=0.0521,p95=1.000,pairs=110206,skip=12967
  [main] epoch 25/75  loss=0.02029428  avg_tau=-0.384  pred_std=0.22111  select=+0.531  (122.18s)
    [main] val_query_f1=0.528884  range=0.455330  knn=0.474403  similarity=0.431431  clustering=0.808851
    [main] val_vs_uniform aggregate=+0.009402  type_deficit=0.002500  range=-0.006179  knn=+0.024468  similarity=+0.010573  clustering=-0.006320
    [main] label_diag  range:pos=0.0634,p95=1.000,pairs=129318,skip=12645  knn:pos=0.0210,p95=1.000,pairs=199104,skip=12406  similarity:pos=0.0037,p95=1.000,pairs=45153,skip=14281  clustering:pos=0.0521,p95=1.000,pairs=110396,skip=12967
  [main] epoch 26/75  loss=0.02049401  avg_tau=+0.060  pred_std=0.23991  select=+0.525  (144.69s)
    [main] val_query_f1=0.525628  range=0.453988  knn=0.468867  similarity=0.430465  clustering=0.805953
    [main] val_vs_uniform aggregate=+0.006146  type_deficit=0.003348  range=-0.007521  knn=+0.018932  similarity=+0.009607  clustering=-0.009218
    [main] label_diag  range:pos=0.0634,p95=1.000,pairs=129271,skip=12645  knn:pos=0.0210,p95=1.000,pairs=198822,skip=12406  similarity:pos=0.0037,p95=1.000,pairs=45139,skip=14281  clustering:pos=0.0521,p95=1.000,pairs=110281,skip=12967
  [main] epoch 27/75  loss=0.01813559  avg_tau=-0.042  pred_std=0.208198  select=+0.533  (122.48s)
    [main] val_query_f1=0.529600  range=0.459368  knn=0.474173  similarity=0.433505  clustering=0.806780
    [main] val_vs_uniform aggregate=+0.010118  type_deficit=0.002106  range=-0.002142  knn=+0.024237  similarity=+0.012648  clustering=-0.008391
    [main] label_diag  range:pos=0.0634,p95=1.000,pairs=129865,skip=12645  knn:pos=0.0210,p95=1.000,pairs=199165,skip=12406  similarity:pos=0.0037,p95=1.000,pairs=45151,skip=14281  clustering:pos=0.0521,p95=1.000,pairs=110503,skip=12967
  [main] epoch 28/75  loss=0.01909092  avg_tau=+0.350  pred_std=0.220157  select=+0.530  (129.02s)
    [main] val_query_f1=0.528486  range=0.453837  knn=0.475161  similarity=0.430559  clustering=0.807712
    [main] val_vs_uniform aggregate=+0.009004  type_deficit=0.003026  range=-0.007672  knn=+0.025225  similarity=+0.009702  clustering=-0.007459
    [main] label_diag  range:pos=0.0634,p95=1.000,pairs=129481,skip=12645  knn:pos=0.0210,p95=1.000,pairs=199054,skip=12406  similarity:pos=0.0037,p95=1.000,pairs=45211,skip=14281  clustering:pos=0.0521,p95=1.000,pairs=110226,skip=12967
  [main] epoch 29/75  loss=0.01761924  avg_tau=-0.249  pred_std=0.202717  select=+0.532  (124.89s)
    [main] val_query_f1=0.530297  range=0.454744  knn=0.476631  similarity=0.437933  clustering=0.805549
    [main] val_vs_uniform aggregate=+0.010816  type_deficit=0.003278  range=-0.006766  knn=+0.026696  similarity=+0.017075  clustering=-0.009622
    [main] label_diag  range:pos=0.0634,p95=1.000,pairs=129353,skip=12645  knn:pos=0.0210,p95=1.000,pairs=198998,skip=12406  similarity:pos=0.0037,p95=1.000,pairs=45082,skip=14281  clustering:pos=0.0521,p95=1.000,pairs=110226,skip=12967
  [main] epoch 30/75  loss=0.01843250  avg_tau=-0.302  pred_std=0.196796  select=+0.529  (121.51s)
    [main] val_query_f1=0.528110  range=0.451229  knn=0.476093  similarity=0.428327  clustering=0.808809
    [main] val_vs_uniform aggregate=+0.008628  type_deficit=0.003328  range=-0.010280  knn=+0.026158  similarity=+0.007469  clustering=-0.006362
    [main] label_diag  range:pos=0.0634,p95=1.000,pairs=129617,skip=12645  knn:pos=0.0210,p95=1.000,pairs=199314,skip=12406  similarity:pos=0.0037,p95=1.000,pairs=45144,skip=14281  clustering:pos=0.0521,p95=1.000,pairs=110527,skip=12967
  [main] epoch 31/75  loss=0.01856546  avg_tau=-0.392  pred_std=0.20832  select=+0.531  (118.56s)
    [main] val_query_f1=0.528359  range=0.460258  knn=0.473333  similarity=0.428330  clustering=0.806539
    [main] val_vs_uniform aggregate=+0.008877  type_deficit=0.001977  range=-0.001251  knn=+0.023397  similarity=+0.007472  clustering=-0.008632
    [main] label_diag  range:pos=0.0634,p95=1.000,pairs=129671,skip=12645  knn:pos=0.0210,p95=1.000,pairs=198607,skip=12406  similarity:pos=0.0037,p95=1.000,pairs=45173,skip=14281  clustering:pos=0.0521,p95=1.000,pairs=110468,skip=12967
  [main] epoch 32/75  loss=0.01904446  avg_tau=+0.037  pred_std=0.21635  select=+0.532  (117.81s)
    [main] val_query_f1=0.529545  range=0.452896  knn=0.479041  similarity=0.428082  clustering=0.808667
    [main] val_vs_uniform aggregate=+0.010064  type_deficit=0.003023  range=-0.008613  knn=+0.029105  similarity=+0.007224  clustering=-0.006503
    [main] label_diag  range:pos=0.0634,p95=1.000,pairs=129298,skip=12645  knn:pos=0.0210,p95=1.000,pairs=199069,skip=12406  similarity:pos=0.0037,p95=1.000,pairs=45159,skip=14281  clustering:pos=0.0521,p95=1.000,pairs=110636,skip=12967
  [main] epoch 33/75  loss=0.01896973  avg_tau=+0.366  pred_std=0.245167  select=+0.527  (113.44s)
    [main] val_query_f1=0.526516  range=0.452343  knn=0.470390  similarity=0.431122  clustering=0.808332
    [main] val_vs_uniform aggregate=+0.007034  type_deficit=0.003201  range=-0.009166  knn=+0.020455  similarity=+0.010264  clustering=-0.006839
    [main] label_diag  range:pos=0.0634,p95=1.000,pairs=129540,skip=12645  knn:pos=0.0210,p95=1.000,pairs=199322,skip=12406  similarity:pos=0.0037,p95=1.000,pairs=45253,skip=14281  clustering:pos=0.0521,p95=1.000,pairs=110376,skip=12967
  [main] epoch 34/75  loss=0.01895280  avg_tau=+0.101  pred_std=0.229788  select=+0.531  (128.21s)
    [main] val_query_f1=0.528964  range=0.453801  knn=0.473086  similarity=0.434709  clustering=0.810138
    [main] val_vs_uniform aggregate=+0.009482  type_deficit=0.002548  range=-0.007708  knn=+0.023150  similarity=+0.013851  clustering=-0.005033
    [main] label_diag  range:pos=0.0634,p95=1.000,pairs=129507,skip=12645  knn:pos=0.0210,p95=1.000,pairs=198896,skip=12406  similarity:pos=0.0037,p95=1.000,pairs=45181,skip=14281  clustering:pos=0.0521,p95=1.000,pairs=110622,skip=12967
  [main] epoch 35/75  loss=0.01812794  avg_tau=+0.008  pred_std=0.21452  select=+0.529  (120.87s)
    [main] val_query_f1=0.526870  range=0.459897  knn=0.466618  similarity=0.434566  clustering=0.806649
    [main] val_vs_uniform aggregate=+0.007388  type_deficit=0.002027  range=-0.001612  knn=+0.016682  similarity=+0.013709  clustering=-0.008522
    [main] label_diag  range:pos=0.0634,p95=1.000,pairs=129235,skip=12645  knn:pos=0.0210,p95=1.000,pairs=198631,skip=12406  similarity:pos=0.0037,p95=1.000,pairs=45017,skip=14281  clustering:pos=0.0521,p95=1.000,pairs=110217,skip=12967
  [main] epoch 36/75  loss=0.01617145  avg_tau=-0.250  pred_std=0.209039  select=+0.537  (124.31s)
    [main] val_query_f1=0.531224  range=0.462327  knn=0.472455  similarity=0.436624  clustering=0.812257
    [main] val_vs_uniform aggregate=+0.011742  type_deficit=0.000583  range=+0.000818  knn=+0.022520  similarity=+0.015767  clustering=-0.002914
    [main] label_diag  range:pos=0.0634,p95=1.000,pairs=129543,skip=12645  knn:pos=0.0210,p95=1.000,pairs=198961,skip=12406  similarity:pos=0.0037,p95=1.000,pairs=45090,skip=14281  clustering:pos=0.0521,p95=1.000,pairs=110425,skip=12967
  [main] epoch 37/75  loss=0.01892691  avg_tau=+0.338  pred_std=0.225775  select=+0.533  (126.46s)
    [main] val_query_f1=0.529315  range=0.457421  knn=0.471330  similarity=0.434331  clustering=0.812162
    [main] val_vs_uniform aggregate=+0.009833  type_deficit=0.001420  range=-0.004089  knn=+0.021395  similarity=+0.013473  clustering=-0.003009
    [main] label_diag  range:pos=0.0634,p95=1.000,pairs=129493,skip=12645  knn:pos=0.0210,p95=1.000,pairs=199002,skip=12406  similarity:pos=0.0037,p95=1.000,pairs=45338,skip=14281  clustering:pos=0.0521,p95=1.000,pairs=110133,skip=12967
  [main] epoch 38/75  loss=0.01855040  avg_tau=-0.200  pred_std=0.226366  select=+0.534  (130.29s)
    [main] val_query_f1=0.529815  range=0.464305  knn=0.472290  similarity=0.429729  clustering=0.810459
    [main] val_vs_uniform aggregate=+0.010333  type_deficit=0.000942  range=+0.002795  knn=+0.022354  similarity=+0.008872  clustering=-0.004711
    [main] label_diag  range:pos=0.0634,p95=1.000,pairs=129225,skip=12645  knn:pos=0.0210,p95=1.000,pairs=199211,skip=12406  similarity:pos=0.0037,p95=1.000,pairs=45087,skip=14281  clustering:pos=0.0521,p95=1.000,pairs=110557,skip=12967
  [main] early stopping at epoch 38: selection score did not improve over 25 diag epochs (best_selection=+0.544, best_loss=0.01729100)
  [main] restored best diagnostic epoch 13/38 (selection=+0.544, loss=0.01729100, val_f1=0.537452)
[train-model (75 epochs)] done in 4968.71s
[save-model] starting...
  saved checkpoint to /ceph/project/P8-1/QDS/qds_v2/src/models/saved_models/model_2026-02-05_eval_2026-02-08_cov0p30_mixed_rs0p015_rt0p04_821183.pt  (epochs_trained=38, best_epoch=13, best_loss=0.01729100, train_mix=clustering=0.2,knn=0.4,range=0.2,similarity=0.2, eval_mix=clustering=0.2,knn=0.4,range=0.2,similarity=0.2)
[save-model] done in 0.36s
[evaluate-matched] starting...
[  eval MLQDS] starting...
[  eval MLQDS] done in 741.26s
[  eval Random] starting...
[  eval Random] done in 97.77s
[  eval newUniformTemporal] starting...
[  eval newUniformTemporal] done in 112.97s
[  eval DouglasPeucker] starting...
[  eval DouglasPeucker] done in 131.77s
[  eval Oracle] starting...
[  eval Oracle] done in 115.56s
[evaluate-matched] done in 1306.96s
[evaluate-shift] starting...
[evaluate-shift] done in 0.00s
[write-results] starting...
  wrote results to /ceph/project/P8-1/QDS/qds_v2/results
[write-results] done in 4.49s
[write-simplified-csv] starting...
  wrote 1296472 retained points across 1296472 samples to /ceph/project/P8-1/AISDATA/ML_processed_AIS_files/run_2026-02-05_eval_2026-02-08_cov0p30_mixed_rs0p015_rt0p04_821183/ML_simplified_eval.csv
[write-simplified-csv] done in 3.68s
[trajectory-length-loss] starting...
  [length-loss] 1564 trajectories  avg_orig_km=114.17  avg_simp_km=113.65  avg_length_loss=0.248  avg_points_removed=1932.5
  [length-loss] filtered out 569 trajectories with orig_km < 1.00 (likely docked/stationary) from top-25 ranking

  [length-loss] Top 25 MOST distorted (highest length_loss):
  rank        mmsi     orig_km     simp_km  length_loss    kept   removed
     1   211457860        4.02        0.85        0.789      76       176
     2   211846360        3.24        0.97        0.700      92       212
     3   218030270       16.80        5.50        0.673     207       483
     4   219004266        2.91        1.01        0.651     542      1262
     5   511100505        6.86        2.47        0.640     172       400
     6   265513270       20.45        7.76        0.621      15        32
     7   245697000        2.89        1.10        0.619     117       270
     8   219003217        2.43        0.93        0.619     206       478
     9   259447000        4.08        1.59        0.611     312       725
    10   220343000        1.42        0.56        0.607     199       464
    11   219001582        3.33        1.32        0.604     763      1779
    12   219440000        1.32        0.54        0.594     127       294
    13   258040000        2.08        0.87        0.582     108       251
    14   352005487        5.89        2.47        0.580     139       323
    15   219798000        1.09        0.47        0.574     394       917
    16   219017784        1.42        0.61        0.570     156       362
    17   219003113        1.97        0.85        0.569     640      1492
    18   244890000        1.13        0.49        0.563      86       200
    19   219024715        3.20        1.43        0.553    1272      2966
    20   341832000        1.19        0.54        0.546      72       166
    21   219021176        1.75        0.80        0.543    1133      2643
    22   215064000        2.40        1.11        0.540     128       296
    23   218003000        5.00        2.32        0.535    1719      4008
    24   219014162        2.42        1.14        0.531     871      2031
    25   219005513        2.67        1.25        0.531     654      1523

  [length-loss] Top 25 LEAST distorted (lowest length_loss):
  rank        mmsi     orig_km     simp_km  length_loss    kept   removed
     1   636019492      164.27      164.27        0.000      37        84
     2   255916022       25.50       25.50        0.000     118       275
     3   273268690       12.12       12.12        0.000      21        48
     4   636024739      112.29      112.29        0.000     408       951
     5   230987000      367.62      367.62        0.000    1491      3477
     6   311055400       97.53       97.53        0.000     441      1028
     7   258059000       19.92       19.92        0.000      16        35
     8   230618000       98.61       98.60        0.000     489      1140
     9   258849000        5.65        5.65        0.000      10        23
    10   636020533      140.00      140.00        0.000     319       742
    11   636022717      266.92      266.92        0.000    1380      3220
    12   219560000      384.96      384.96        0.000    1739      4056
    13   210425000       95.04       95.04        0.000     291       676
    14   255814000      155.05      155.05        0.000     721      1682
    15   210568000       59.61       59.61        0.000      40        91
    16   373267000      301.29      301.29        0.000    1270      2963
    17   219028116      436.51      436.50        0.000    1985      4631
    18   477149200       54.20       54.20        0.000     261       608
    19   215857000       36.63       36.63        0.000     151       350
    20   255806436       88.16       88.16        0.000     398       928
    21   241689000       36.78       36.78        0.000      95       219
    22   538011780      181.37      181.37        0.000     902      2104
    23   636018491      116.16      116.16        0.000     551      1283
    24   352002167      250.40      250.39        0.000     135       314
    25   230617000      239.92      239.92        0.000    1216      2836
[trajectory-length-loss] done in 15.98s
[pipeline] total runtime 6414.86s

Matched-workload table
Method                     AggregateF1   Compression    AvgPtGap   Latency(ms)        Type
------------------------------------------------------------------------------------------
MLQDS                         0.469699        0.3002        3.33     654992.01         all
  - range                     0.459530                                               range
  - knn                       0.461930                                                 knn
  - similarity                0.470947                                          similarity
  - clustering                0.494158                                          clustering
Random                        0.440669        0.3007        3.33        483.76         all
  - range                     0.461637                                               range
  - knn                       0.436318                                                 knn
  - similarity                0.391392                                          similarity
  - clustering                0.477680                                          clustering
newUniformTemporal            0.448608        0.3002        3.33        282.27         all
  - range                     0.461379                                               range
  - knn                       0.440108                                                 knn
  - similarity                0.405995                                          similarity
  - clustering                0.495450                                          clustering
DouglasPeucker                0.284552        0.3002        3.33        850.38         all
  - range                     0.399548                                               range
  - knn                       0.265305                                                 knn
  - similarity                0.222371                                          similarity
  - clustering                0.270232                                          clustering
Oracle                        0.928585        0.3007        3.33        535.90         all
  - range                     0.926615                                               range
  - knn                       0.955239                                                 knn
  - similarity                0.908817                                          similarity
  - clustering                0.897017                                          clustering

Distribution-shift table
Train\Eval            clustering=0.2,knn=0.4,range=0.2,similarity=0.2
---------------------------------------------------------------------
clustering=0.2,knn=0.4,range=0.2,similarity=0.2                0.4697
