[config] model=turn_aware  workload=mixed  epochs=75  n_queries=100  query_coverage=0.15  max_queries=3000  compression_ratio=0.15  lr=0.0005  pointwise_loss_weight=0.25  gradient_clip_norm=1.0  diagnostic_every=1  checkpoint_selection_metric=uniform_gap  f1_diagnostic_every=1  uniform_gap_weight=0.5  type_penalty_weight=1.0  range_spatial_fraction=0.015  range_time_fraction=0.04  knn_k=12  mlqds_temporal_fraction=0.75  residual_label_mode=temporal
[load-data] reading train CSV: /ceph/project/P8-1/AISDATA/preprocessed_AIS_files/preprocessed_2026-02-05.csv
[load-data] reading eval CSV: /ceph/project/P8-1/AISDATA/preprocessed_AIS_files/preprocessed_2026-02-08.csv
[load-data] train=1580 eval=1564 trajectories loaded in 61.49s
[pipeline] train=1580 trajectories, eval=1564 trajectories, train_mix=clustering=0.2,knn=0.4,range=0.2,similarity=0.2, eval_mix=clustering=0.2,knn=0.4,range=0.2,similarity=0.2
[split] starting...
  split mode=separate CSVs  train=1343  eval=1564
  checkpoint-selection validation=237 trajectories
[split] done in 0.00s
[build-datasets] starting...
[build-datasets] done in 0.96s
[generate-workloads] starting...
  train_workload=128 queries  coverage=15.35% (584880/3811001)
  eval_workload=122 queries  coverage=15.05% (649825/4318960)
  selection_workload=200 queries  coverage=25.30% (146063/577411)
[generate-workloads] done in 35.53s
[write-queries-geojson] starting...
  wrote   25 range queries to /ceph/project/P8-1/AISDATA/Query_border_files/run_2026-02-05_eval_2026-02-08_cov0p15_mixed_rs0p015_rt0p04_821185/queries_range.geojson
  wrote   49 knn queries to /ceph/project/P8-1/AISDATA/Query_border_files/run_2026-02-05_eval_2026-02-08_cov0p15_mixed_rs0p015_rt0p04_821185/queries_knn.geojson
  wrote   24 similarity queries to /ceph/project/P8-1/AISDATA/Query_border_files/run_2026-02-05_eval_2026-02-08_cov0p15_mixed_rs0p015_rt0p04_821185/queries_similarity.geojson
  wrote   24 clustering queries to /ceph/project/P8-1/AISDATA/Query_border_files/run_2026-02-05_eval_2026-02-08_cov0p15_mixed_rs0p015_rt0p04_821185/queries_clustering.geojson
[write-queries-geojson] done in 0.01s
[train-model (75 epochs)] starting...
  [main] validation newUniformTemporal_f1=0.356001  range=0.261011  knn=0.247336  similarity=0.215001  clustering=0.809320
  [main] epoch 01/75  loss=0.01319966  avg_tau=+0.006  pred_std=0.0402093  select=+0.369  (65.86s)
    [main] val_query_f1=0.365674  range=0.255258  knn=0.262248  similarity=0.222254  clustering=0.826360
    [main] val_vs_uniform aggregate=+0.009673  type_deficit=0.001151  range=-0.005753  knn=+0.014912  similarity=+0.007253  clustering=+0.017039
    [main] label_diag  range:pos=0.0223,p95=1.000,pairs=52499,skip=13947  knn:pos=0.0092,p95=1.000,pairs=91120,skip=13708  similarity:pos=0.0016,p95=1.000,pairs=19643,skip=14580  clustering:pos=0.0288,p95=1.000,pairs=70922,skip=13688
  [main] epoch 02/75  loss=0.01140742  avg_tau=-0.277  pred_std=0.0524075  select=+0.367  (122.81s)
    [main] val_query_f1=0.363847  range=0.256869  knn=0.258920  similarity=0.218118  clustering=0.826407
    [main] val_vs_uniform aggregate=+0.007846  type_deficit=0.000828  range=-0.004142  knn=+0.011584  similarity=+0.003117  clustering=+0.017086
    [main] label_diag  range:pos=0.0223,p95=1.000,pairs=52589,skip=13947  knn:pos=0.0092,p95=1.000,pairs=91252,skip=13708  similarity:pos=0.0016,p95=1.000,pairs=19612,skip=14580  clustering:pos=0.0288,p95=1.000,pairs=70923,skip=13688
  [main] epoch 03/75  loss=0.01136326  avg_tau=+0.058  pred_std=0.0870742  select=+0.370  (54.72s)  *** NEW BEST MODEL ***
    [main] val_query_f1=0.365809  range=0.256141  knn=0.260608  similarity=0.223662  clustering=0.828026
    [main] val_vs_uniform aggregate=+0.009808  type_deficit=0.000974  range=-0.004869  knn=+0.013272  similarity=+0.008661  clustering=+0.018705
    [main] label_diag  range:pos=0.0223,p95=1.000,pairs=52474,skip=13947  knn:pos=0.0092,p95=1.000,pairs=91018,skip=13708  similarity:pos=0.0016,p95=1.000,pairs=19567,skip=14580  clustering:pos=0.0288,p95=1.000,pairs=71066,skip=13688
  [main] epoch 04/75  loss=0.01261422  avg_tau=-0.355  pred_std=0.109864  select=+0.371  (86.55s)  *** NEW BEST MODEL ***
    [main] val_query_f1=0.366581  range=0.255998  knn=0.262766  similarity=0.223164  clustering=0.828209
    [main] val_vs_uniform aggregate=+0.010580  type_deficit=0.001003  range=-0.005013  knn=+0.015430  similarity=+0.008163  clustering=+0.018889
    [main] label_diag  range:pos=0.0223,p95=1.000,pairs=52512,skip=13947  knn:pos=0.0092,p95=1.000,pairs=91080,skip=13708  similarity:pos=0.0016,p95=1.000,pairs=19611,skip=14580  clustering:pos=0.0288,p95=1.000,pairs=71170,skip=13688
  [main] epoch 05/75  loss=0.01165663  avg_tau=+0.029  pred_std=0.122312  select=+0.368  (90.02s)
    [main] val_query_f1=0.364462  range=0.255738  knn=0.260784  similarity=0.219089  clustering=0.825916
    [main] val_vs_uniform aggregate=+0.008461  type_deficit=0.001055  range=-0.005273  knn=+0.013448  similarity=+0.004089  clustering=+0.016596
    [main] label_diag  range:pos=0.0223,p95=1.000,pairs=52558,skip=13947  knn:pos=0.0092,p95=1.000,pairs=91214,skip=13708  similarity:pos=0.0016,p95=1.000,pairs=19511,skip=14580  clustering:pos=0.0288,p95=1.000,pairs=71124,skip=13688
  [main] epoch 06/75  loss=0.01042897  avg_tau=-0.275  pred_std=0.109901  select=+0.366  (128.93s)
    [main] val_query_f1=0.363692  range=0.255158  knn=0.259883  similarity=0.216744  clustering=0.826795
    [main] val_vs_uniform aggregate=+0.007692  type_deficit=0.001171  range=-0.005853  knn=+0.012547  similarity=+0.001743  clustering=+0.017475
    [main] label_diag  range:pos=0.0223,p95=1.000,pairs=52574,skip=13947  knn:pos=0.0092,p95=1.000,pairs=91141,skip=13708  similarity:pos=0.0016,p95=1.000,pairs=19537,skip=14580  clustering:pos=0.0288,p95=1.000,pairs=71055,skip=13688
  [main] epoch 07/75  loss=0.00920986  avg_tau=+0.132  pred_std=0.10012  select=+0.367  (56.41s)
    [main] val_query_f1=0.364030  range=0.254918  knn=0.260774  similarity=0.217001  clustering=0.826685
    [main] val_vs_uniform aggregate=+0.008030  type_deficit=0.001219  range=-0.006093  knn=+0.013438  similarity=+0.002000  clustering=+0.017365
    [main] label_diag  range:pos=0.0223,p95=1.000,pairs=52313,skip=13947  knn:pos=0.0092,p95=1.000,pairs=91153,skip=13708  similarity:pos=0.0016,p95=1.000,pairs=19579,skip=14580  clustering:pos=0.0288,p95=1.000,pairs=71032,skip=13688
  [main] epoch 08/75  loss=0.01121997  avg_tau=-0.074  pred_std=0.109822  select=+0.370  (155.82s)
    [main] val_query_f1=0.366182  range=0.254267  knn=0.260015  similarity=0.230115  clustering=0.826497
    [main] val_vs_uniform aggregate=+0.010181  type_deficit=0.001349  range=-0.006744  knn=+0.012679  similarity=+0.015114  clustering=+0.017177
    [main] label_diag  range:pos=0.0223,p95=1.000,pairs=52480,skip=13947  knn:pos=0.0092,p95=1.000,pairs=91218,skip=13708  similarity:pos=0.0016,p95=1.000,pairs=19495,skip=14580  clustering:pos=0.0288,p95=1.000,pairs=71241,skip=13688
  [main] epoch 09/75  loss=0.00864751  avg_tau=-0.063  pred_std=0.0972913  select=+0.371  (121.36s)  *** NEW BEST MODEL ***
    [main] val_query_f1=0.366725  range=0.254499  knn=0.261809  similarity=0.229410  clustering=0.826095
    [main] val_vs_uniform aggregate=+0.010724  type_deficit=0.001302  range=-0.006511  knn=+0.014473  similarity=+0.014409  clustering=+0.016774
    [main] label_diag  range:pos=0.0223,p95=1.000,pairs=52544,skip=13947  knn:pos=0.0092,p95=1.000,pairs=91207,skip=13708  similarity:pos=0.0016,p95=1.000,pairs=19677,skip=14580  clustering:pos=0.0288,p95=1.000,pairs=71045,skip=13688
  [main] epoch 10/75  loss=0.01054534  avg_tau=+0.153  pred_std=0.100773  select=+0.374  (79.51s)  *** NEW BEST MODEL ***
    [main] val_query_f1=0.368245  range=0.257640  knn=0.264004  similarity=0.229300  clustering=0.826276
    [main] val_vs_uniform aggregate=+0.012244  type_deficit=0.000674  range=-0.003371  knn=+0.016668  similarity=+0.014299  clustering=+0.016955
    [main] label_diag  range:pos=0.0223,p95=1.000,pairs=52341,skip=13947  knn:pos=0.0092,p95=1.000,pairs=91133,skip=13708  similarity:pos=0.0016,p95=1.000,pairs=19587,skip=14580  clustering:pos=0.0288,p95=1.000,pairs=71014,skip=13688
  [main] epoch 11/75  loss=0.01010292  avg_tau=+0.258  pred_std=0.0972876  select=+0.373  (114.20s)
    [main] val_query_f1=0.367735  range=0.255940  knn=0.263582  similarity=0.228463  clustering=0.827109
    [main] val_vs_uniform aggregate=+0.011735  type_deficit=0.001014  range=-0.005071  knn=+0.016246  similarity=+0.013462  clustering=+0.017788
    [main] label_diag  range:pos=0.0223,p95=1.000,pairs=52316,skip=13947  knn:pos=0.0092,p95=1.000,pairs=91296,skip=13708  similarity:pos=0.0016,p95=1.000,pairs=19631,skip=14580  clustering:pos=0.0288,p95=1.000,pairs=70853,skip=13688
  [main] epoch 12/75  loss=0.00939778  avg_tau=-0.011  pred_std=0.104225  select=+0.373  (71.57s)
    [main] val_query_f1=0.367818  range=0.258746  knn=0.262512  similarity=0.232388  clustering=0.822933
    [main] val_vs_uniform aggregate=+0.011817  type_deficit=0.000453  range=-0.002265  knn=+0.015176  similarity=+0.017387  clustering=+0.013613
    [main] label_diag  range:pos=0.0223,p95=1.000,pairs=52467,skip=13947  knn:pos=0.0092,p95=1.000,pairs=91077,skip=13708  similarity:pos=0.0016,p95=1.000,pairs=19625,skip=14580  clustering:pos=0.0288,p95=1.000,pairs=70913,skip=13688
  [main] epoch 13/75  loss=0.00919087  avg_tau=+0.008  pred_std=0.124467  select=+0.373  (84.81s)
    [main] val_query_f1=0.368011  range=0.255781  knn=0.262037  similarity=0.233042  clustering=0.827158
    [main] val_vs_uniform aggregate=+0.012010  type_deficit=0.001046  range=-0.005229  knn=+0.014701  similarity=+0.018041  clustering=+0.017838
    [main] label_diag  range:pos=0.0223,p95=1.000,pairs=52376,skip=13947  knn:pos=0.0092,p95=1.000,pairs=91254,skip=13708  similarity:pos=0.0016,p95=1.000,pairs=19531,skip=14580  clustering:pos=0.0288,p95=1.000,pairs=71082,skip=13688
  [main] epoch 14/75  loss=0.00920720  avg_tau=+0.144  pred_std=0.142265  select=+0.376  (67.33s)  *** NEW BEST MODEL ***
    [main] val_query_f1=0.370176  range=0.256863  knn=0.267306  similarity=0.237284  clustering=0.822121
    [main] val_vs_uniform aggregate=+0.014175  type_deficit=0.000830  range=-0.004148  knn=+0.019970  similarity=+0.022283  clustering=+0.012801
    [main] label_diag  range:pos=0.0223,p95=1.000,pairs=52512,skip=13947  knn:pos=0.0092,p95=1.000,pairs=91123,skip=13708  similarity:pos=0.0016,p95=1.000,pairs=19616,skip=14580  clustering:pos=0.0288,p95=1.000,pairs=70958,skip=13688
  [main] epoch 15/75  loss=0.01023875  avg_tau=+0.005  pred_std=0.148418  select=+0.380  (83.34s)  *** NEW BEST MODEL ***
    [main] val_query_f1=0.372487  range=0.257159  knn=0.270883  similarity=0.237333  clustering=0.826178
    [main] val_vs_uniform aggregate=+0.016486  type_deficit=0.000770  range=-0.003852  knn=+0.023547  similarity=+0.022332  clustering=+0.016857
    [main] label_diag  range:pos=0.0223,p95=1.000,pairs=52395,skip=13947  knn:pos=0.0092,p95=1.000,pairs=91301,skip=13708  similarity:pos=0.0016,p95=1.000,pairs=19613,skip=14580  clustering:pos=0.0288,p95=1.000,pairs=70935,skip=13688
  [main] epoch 16/75  loss=0.00933573  avg_tau=+0.149  pred_std=0.171067  select=+0.379  (97.11s)
    [main] val_query_f1=0.371973  range=0.254555  knn=0.268071  similarity=0.243129  clustering=0.826041
    [main] val_vs_uniform aggregate=+0.015973  type_deficit=0.001291  range=-0.006456  knn=+0.020735  similarity=+0.028129  clustering=+0.016720
    [main] label_diag  range:pos=0.0223,p95=1.000,pairs=52408,skip=13947  knn:pos=0.0092,p95=1.000,pairs=91083,skip=13708  similarity:pos=0.0016,p95=1.000,pairs=19566,skip=14580  clustering:pos=0.0288,p95=1.000,pairs=70929,skip=13688
  [main] epoch 17/75  loss=0.01091920  avg_tau=-0.008  pred_std=0.188838  select=+0.383  (75.47s)  *** NEW BEST MODEL ***
    [main] val_query_f1=0.374764  range=0.254735  knn=0.277030  similarity=0.244156  clustering=0.820872
    [main] val_vs_uniform aggregate=+0.018764  type_deficit=0.001255  range=-0.006276  knn=+0.029694  similarity=+0.029155  clustering=+0.011552
    [main] label_diag  range:pos=0.0223,p95=1.000,pairs=52492,skip=13947  knn:pos=0.0092,p95=1.000,pairs=90984,skip=13708  similarity:pos=0.0016,p95=1.000,pairs=19573,skip=14580  clustering:pos=0.0288,p95=1.000,pairs=71019,skip=13688
  [main] epoch 18/75  loss=0.01089177  avg_tau=-0.078  pred_std=0.195229  select=+0.373  (62.17s)
    [main] val_query_f1=0.367926  range=0.254122  knn=0.269205  similarity=0.224348  clustering=0.822749
    [main] val_vs_uniform aggregate=+0.011925  type_deficit=0.001378  range=-0.006888  knn=+0.021869  similarity=+0.009347  clustering=+0.013428
    [main] label_diag  range:pos=0.0223,p95=1.000,pairs=52648,skip=13947  knn:pos=0.0092,p95=1.000,pairs=91095,skip=13708  similarity:pos=0.0016,p95=1.000,pairs=19629,skip=14580  clustering:pos=0.0288,p95=1.000,pairs=71124,skip=13688
  [main] epoch 19/75  loss=0.00964039  avg_tau=-0.064  pred_std=0.207336  select=+0.375  (80.09s)
    [main] val_query_f1=0.369857  range=0.253587  knn=0.270359  similarity=0.229955  clustering=0.825027
    [main] val_vs_uniform aggregate=+0.013857  type_deficit=0.001485  range=-0.007424  knn=+0.023023  similarity=+0.014954  clustering=+0.015706
    [main] label_diag  range:pos=0.0223,p95=1.000,pairs=52595,skip=13947  knn:pos=0.0092,p95=1.000,pairs=91237,skip=13708  similarity:pos=0.0016,p95=1.000,pairs=19593,skip=14580  clustering:pos=0.0288,p95=1.000,pairs=71056,skip=13688
  [main] epoch 20/75  loss=0.01009931  avg_tau=+0.098  pred_std=0.228792  select=+0.387  (65.29s)  *** NEW BEST MODEL ***
    [main] val_query_f1=0.377398  range=0.255711  knn=0.279037  similarity=0.248225  clustering=0.824982
    [main] val_vs_uniform aggregate=+0.021398  type_deficit=0.001060  range=-0.005299  knn=+0.031701  similarity=+0.033224  clustering=+0.015662
    [main] label_diag  range:pos=0.0223,p95=1.000,pairs=52480,skip=13947  knn:pos=0.0092,p95=1.000,pairs=91174,skip=13708  similarity:pos=0.0016,p95=1.000,pairs=19635,skip=14580  clustering:pos=0.0288,p95=1.000,pairs=71137,skip=13688
  [main] epoch 21/75  loss=0.00925623  avg_tau=-0.175  pred_std=0.227069  select=+0.381  (65.24s)
    [main] val_query_f1=0.373244  range=0.257189  knn=0.273441  similarity=0.236546  clustering=0.825602
    [main] val_vs_uniform aggregate=+0.017243  type_deficit=0.000764  range=-0.003822  knn=+0.026105  similarity=+0.021545  clustering=+0.016282
    [main] label_diag  range:pos=0.0223,p95=1.000,pairs=52505,skip=13947  knn:pos=0.0092,p95=1.000,pairs=91110,skip=13708  similarity:pos=0.0016,p95=1.000,pairs=19536,skip=14580  clustering:pos=0.0288,p95=1.000,pairs=71172,skip=13688
  [main] epoch 22/75  loss=0.00916850  avg_tau=+0.017  pred_std=0.232824  select=+0.381  (84.73s)
    [main] val_query_f1=0.372360  range=0.261931  knn=0.272779  similarity=0.232757  clustering=0.821555
    [main] val_vs_uniform aggregate=+0.016359  type_deficit=0.000000  range=+0.000921  knn=+0.025443  similarity=+0.017756  clustering=+0.012235
    [main] label_diag  range:pos=0.0223,p95=1.000,pairs=52454,skip=13947  knn:pos=0.0092,p95=1.000,pairs=90946,skip=13708  similarity:pos=0.0016,p95=1.000,pairs=19594,skip=14580  clustering:pos=0.0288,p95=1.000,pairs=71169,skip=13688
  [main] epoch 23/75  loss=0.00986284  avg_tau=-0.077  pred_std=0.237152  select=+0.380  (71.48s)
    [main] val_query_f1=0.372352  range=0.258766  knn=0.272683  similarity=0.235181  clustering=0.822449
    [main] val_vs_uniform aggregate=+0.016352  type_deficit=0.000449  range=-0.002245  knn=+0.025347  similarity=+0.020181  clustering=+0.013128
    [main] label_diag  range:pos=0.0223,p95=1.000,pairs=52294,skip=13947  knn:pos=0.0092,p95=1.000,pairs=91079,skip=13708  similarity:pos=0.0016,p95=1.000,pairs=19603,skip=14580  clustering:pos=0.0288,p95=1.000,pairs=71117,skip=13688
  [main] epoch 24/75  loss=0.00975475  avg_tau=-0.113  pred_std=0.234485  select=+0.382  (66.65s)
    [main] val_query_f1=0.374522  range=0.254094  knn=0.279719  similarity=0.237358  clustering=0.821721
    [main] val_vs_uniform aggregate=+0.018521  type_deficit=0.001383  range=-0.006917  knn=+0.032383  similarity=+0.022358  clustering=+0.012401
    [main] label_diag  range:pos=0.0223,p95=1.000,pairs=52497,skip=13947  knn:pos=0.0092,p95=1.000,pairs=90872,skip=13708  similarity:pos=0.0016,p95=1.000,pairs=19548,skip=14580  clustering:pos=0.0288,p95=1.000,pairs=70932,skip=13688
  [main] epoch 25/75  loss=0.01054246  avg_tau=-0.141  pred_std=0.251364  select=+0.380  (89.31s)
    [main] val_query_f1=0.373168  range=0.254103  knn=0.275205  similarity=0.240579  clustering=0.820749
    [main] val_vs_uniform aggregate=+0.017167  type_deficit=0.001382  range=-0.006908  knn=+0.027869  similarity=+0.025578  clustering=+0.011428
    [main] label_diag  range:pos=0.0223,p95=1.000,pairs=52407,skip=13947  knn:pos=0.0092,p95=1.000,pairs=91253,skip=13708  similarity:pos=0.0016,p95=1.000,pairs=19698,skip=14580  clustering:pos=0.0288,p95=1.000,pairs=70874,skip=13688
  [main] epoch 26/75  loss=0.01091336  avg_tau=+0.148  pred_std=0.25601  select=+0.387  (76.03s)
    [main] val_query_f1=0.377659  range=0.253528  knn=0.274712  similarity=0.258572  clustering=0.826768
    [main] val_vs_uniform aggregate=+0.021658  type_deficit=0.001496  range=-0.007482  knn=+0.027376  similarity=+0.043572  clustering=+0.017448
    [main] label_diag  range:pos=0.0223,p95=1.000,pairs=52454,skip=13947  knn:pos=0.0092,p95=1.000,pairs=91277,skip=13708  similarity:pos=0.0016,p95=1.000,pairs=19515,skip=14580  clustering:pos=0.0288,p95=1.000,pairs=71206,skip=13688
  [main] epoch 27/75  loss=0.00979829  avg_tau=+0.103  pred_std=0.255  select=+0.384  (57.69s)
    [main] val_query_f1=0.375332  range=0.253598  knn=0.274751  similarity=0.250141  clustering=0.823421
    [main] val_vs_uniform aggregate=+0.019331  type_deficit=0.001483  range=-0.007413  knn=+0.027415  similarity=+0.035140  clustering=+0.014101
    [main] label_diag  range:pos=0.0223,p95=1.000,pairs=52421,skip=13947  knn:pos=0.0092,p95=1.000,pairs=91037,skip=13708  similarity:pos=0.0016,p95=1.000,pairs=19587,skip=14580  clustering:pos=0.0288,p95=1.000,pairs=71223,skip=13688
  [main] epoch 28/75  loss=0.01083897  avg_tau=+0.169  pred_std=0.251697  select=+0.377  (80.98s)
    [main] val_query_f1=0.371267  range=0.250752  knn=0.274048  similarity=0.240982  clustering=0.816505
    [main] val_vs_uniform aggregate=+0.015266  type_deficit=0.002052  range=-0.010259  knn=+0.026712  similarity=+0.025982  clustering=+0.007184
    [main] label_diag  range:pos=0.0223,p95=1.000,pairs=52416,skip=13947  knn:pos=0.0092,p95=1.000,pairs=91040,skip=13708  similarity:pos=0.0016,p95=1.000,pairs=19563,skip=14580  clustering:pos=0.0288,p95=1.000,pairs=71161,skip=13688
  [main] epoch 29/75  loss=0.00873609  avg_tau=-0.119  pred_std=0.246242  select=+0.378  (96.65s)
    [main] val_query_f1=0.372194  range=0.251709  knn=0.274851  similarity=0.235021  clustering=0.824537
    [main] val_vs_uniform aggregate=+0.016193  type_deficit=0.001860  range=-0.009302  knn=+0.027515  similarity=+0.020020  clustering=+0.015217
    [main] label_diag  range:pos=0.0223,p95=1.000,pairs=52611,skip=13947  knn:pos=0.0092,p95=1.000,pairs=91160,skip=13708  similarity:pos=0.0016,p95=1.000,pairs=19570,skip=14580  clustering:pos=0.0288,p95=1.000,pairs=70736,skip=13688
  [main] epoch 30/75  loss=0.00788597  avg_tau=+0.089  pred_std=0.244395  select=+0.383  (58.04s)
    [main] val_query_f1=0.374991  range=0.255949  knn=0.281798  similarity=0.232900  clustering=0.822511
    [main] val_vs_uniform aggregate=+0.018990  type_deficit=0.001012  range=-0.005062  knn=+0.034462  similarity=+0.017899  clustering=+0.013190
    [main] label_diag  range:pos=0.0223,p95=1.000,pairs=52508,skip=13947  knn:pos=0.0092,p95=1.000,pairs=91038,skip=13708  similarity:pos=0.0016,p95=1.000,pairs=19597,skip=14580  clustering:pos=0.0288,p95=1.000,pairs=71057,skip=13688
  [main] epoch 31/75  loss=0.00912380  avg_tau=+0.480  pred_std=0.252963  select=+0.384  (93.84s)
    [main] val_query_f1=0.374745  range=0.262126  knn=0.276545  similarity=0.236435  clustering=0.822075
    [main] val_vs_uniform aggregate=+0.018745  type_deficit=0.000000  range=+0.001116  knn=+0.029209  similarity=+0.021434  clustering=+0.012755
    [main] label_diag  range:pos=0.0223,p95=1.000,pairs=52654,skip=13947  knn:pos=0.0092,p95=1.000,pairs=91218,skip=13708  similarity:pos=0.0016,p95=1.000,pairs=19566,skip=14580  clustering:pos=0.0288,p95=1.000,pairs=70995,skip=13688
  [main] epoch 32/75  loss=0.01044747  avg_tau=-0.112  pred_std=0.238874  select=+0.376  (63.65s)
    [main] val_query_f1=0.370493  range=0.252638  knn=0.277782  similarity=0.224559  clustering=0.819705
    [main] val_vs_uniform aggregate=+0.014492  type_deficit=0.001674  range=-0.008372  knn=+0.030446  similarity=+0.009558  clustering=+0.010385
    [main] label_diag  range:pos=0.0223,p95=1.000,pairs=52504,skip=13947  knn:pos=0.0092,p95=1.000,pairs=91181,skip=13708  similarity:pos=0.0016,p95=1.000,pairs=19673,skip=14580  clustering:pos=0.0288,p95=1.000,pairs=71003,skip=13688
  [main] epoch 33/75  loss=0.01039791  avg_tau=-0.089  pred_std=0.248674  select=+0.382  (56.94s)
    [main] val_query_f1=0.373481  range=0.257645  knn=0.276933  similarity=0.232919  clustering=0.822972
    [main] val_vs_uniform aggregate=+0.017480  type_deficit=0.000673  range=-0.003366  knn=+0.029597  similarity=+0.017918  clustering=+0.013652
    [main] label_diag  range:pos=0.0223,p95=1.000,pairs=52463,skip=13947  knn:pos=0.0092,p95=1.000,pairs=91167,skip=13708  similarity:pos=0.0016,p95=1.000,pairs=19569,skip=14580  clustering:pos=0.0288,p95=1.000,pairs=71000,skip=13688
  [main] epoch 34/75  loss=0.00927962  avg_tau=+0.098  pred_std=0.266292  select=+0.380  (82.49s)
    [main] val_query_f1=0.372716  range=0.254678  knn=0.273143  similarity=0.238489  clustering=0.824126
    [main] val_vs_uniform aggregate=+0.016715  type_deficit=0.001267  range=-0.006333  knn=+0.025807  similarity=+0.023488  clustering=+0.014805
    [main] label_diag  range:pos=0.0223,p95=1.000,pairs=52546,skip=13947  knn:pos=0.0092,p95=1.000,pairs=91159,skip=13708  similarity:pos=0.0016,p95=1.000,pairs=19594,skip=14580  clustering:pos=0.0288,p95=1.000,pairs=70979,skip=13688
  [main] epoch 35/75  loss=0.00883107  avg_tau=+0.161  pred_std=0.274879  select=+0.375  (71.69s)
    [main] val_query_f1=0.369076  range=0.256537  knn=0.271773  similarity=0.221607  clustering=0.823690
    [main] val_vs_uniform aggregate=+0.013075  type_deficit=0.000895  range=-0.004473  knn=+0.024437  similarity=+0.006606  clustering=+0.014370
    [main] label_diag  range:pos=0.0223,p95=1.000,pairs=52321,skip=13947  knn:pos=0.0092,p95=1.000,pairs=91271,skip=13708  similarity:pos=0.0016,p95=1.000,pairs=19519,skip=14580  clustering:pos=0.0288,p95=1.000,pairs=71049,skip=13688
  [main] epoch 36/75  loss=0.00973057  avg_tau=+0.323  pred_std=0.271028  select=+0.374  (56.58s)
    [main] val_query_f1=0.369729  range=0.250314  knn=0.278971  similarity=0.222045  clustering=0.818343
    [main] val_vs_uniform aggregate=+0.013728  type_deficit=0.002139  range=-0.010697  knn=+0.031635  similarity=+0.007045  clustering=+0.009023
    [main] label_diag  range:pos=0.0223,p95=1.000,pairs=52414,skip=13947  knn:pos=0.0092,p95=1.000,pairs=91222,skip=13708  similarity:pos=0.0016,p95=1.000,pairs=19639,skip=14580  clustering:pos=0.0288,p95=1.000,pairs=71174,skip=13688
  [main] epoch 37/75  loss=0.00950685  avg_tau=+0.127  pred_std=0.260903  select=+0.366  (71.72s)
    [main] val_query_f1=0.365939  range=0.244721  knn=0.280273  similarity=0.205449  clustering=0.818977
    [main] val_vs_uniform aggregate=+0.009938  type_deficit=0.005168  range=-0.016290  knn=+0.032937  similarity=-0.009552  clustering=+0.009657
    [main] label_diag  range:pos=0.0223,p95=1.000,pairs=52480,skip=13947  knn:pos=0.0092,p95=1.000,pairs=91097,skip=13708  similarity:pos=0.0016,p95=1.000,pairs=19639,skip=14580  clustering:pos=0.0288,p95=1.000,pairs=70930,skip=13688
  [main] epoch 38/75  loss=0.00972468  avg_tau=+0.041  pred_std=0.282668  select=+0.366  (70.33s)
    [main] val_query_f1=0.363967  range=0.249225  knn=0.266845  similarity=0.218563  clustering=0.818357
    [main] val_vs_uniform aggregate=+0.007967  type_deficit=0.002357  range=-0.011786  knn=+0.019509  similarity=+0.003563  clustering=+0.009037
    [main] label_diag  range:pos=0.0223,p95=1.000,pairs=52339,skip=13947  knn:pos=0.0092,p95=1.000,pairs=91038,skip=13708  similarity:pos=0.0016,p95=1.000,pairs=19651,skip=14580  clustering:pos=0.0288,p95=1.000,pairs=70887,skip=13688
  [main] epoch 39/75  loss=0.00957976  avg_tau=-0.069  pred_std=0.265545  select=+0.377  (57.66s)
    [main] val_query_f1=0.371266  range=0.252232  knn=0.282896  similarity=0.219504  clustering=0.818800
    [main] val_vs_uniform aggregate=+0.015265  type_deficit=0.001756  range=-0.008778  knn=+0.035559  similarity=+0.004503  clustering=+0.009480
    [main] label_diag  range:pos=0.0223,p95=1.000,pairs=52466,skip=13947  knn:pos=0.0092,p95=1.000,pairs=91203,skip=13708  similarity:pos=0.0016,p95=1.000,pairs=19695,skip=14580  clustering:pos=0.0288,p95=1.000,pairs=71144,skip=13688
  [main] epoch 40/75  loss=0.00856383  avg_tau=-0.129  pred_std=0.272433  select=+0.369  (78.60s)
    [main] val_query_f1=0.366542  range=0.247258  knn=0.270264  similarity=0.222947  clustering=0.821977
    [main] val_vs_uniform aggregate=+0.010541  type_deficit=0.002751  range=-0.013753  knn=+0.022928  similarity=+0.007946  clustering=+0.012656
    [main] label_diag  range:pos=0.0223,p95=1.000,pairs=52566,skip=13947  knn:pos=0.0092,p95=1.000,pairs=91027,skip=13708  similarity:pos=0.0016,p95=1.000,pairs=19622,skip=14580  clustering:pos=0.0288,p95=1.000,pairs=70922,skip=13688
  [main] epoch 41/75  loss=0.00868075  avg_tau=+0.205  pred_std=0.270164  select=+0.361  (72.18s)
    [main] val_query_f1=0.361375  range=0.245415  knn=0.263795  similarity=0.215288  clustering=0.818579
    [main] val_vs_uniform aggregate=+0.005374  type_deficit=0.003119  range=-0.015595  knn=+0.016459  similarity=+0.000287  clustering=+0.009259
    [main] label_diag  range:pos=0.0223,p95=1.000,pairs=52658,skip=13947  knn:pos=0.0092,p95=1.000,pairs=91145,skip=13708  similarity:pos=0.0016,p95=1.000,pairs=19696,skip=14580  clustering:pos=0.0288,p95=1.000,pairs=70858,skip=13688
  [main] epoch 42/75  loss=0.00960603  avg_tau=-0.292  pred_std=0.246411  select=+0.360  (62.24s)
    [main] val_query_f1=0.361247  range=0.245759  knn=0.264935  similarity=0.209260  clustering=0.821348
    [main] val_vs_uniform aggregate=+0.005247  type_deficit=0.004198  range=-0.015252  knn=+0.017599  similarity=-0.005741  clustering=+0.012027
    [main] label_diag  range:pos=0.0223,p95=1.000,pairs=52632,skip=13947  knn:pos=0.0092,p95=1.000,pairs=91123,skip=13708  similarity:pos=0.0016,p95=1.000,pairs=19656,skip=14580  clustering:pos=0.0288,p95=1.000,pairs=71026,skip=13688
  [main] epoch 43/75  loss=0.00974772  avg_tau=+0.082  pred_std=0.245863  select=+0.362  (70.87s)
    [main] val_query_f1=0.362911  range=0.236774  knn=0.265453  similarity=0.224807  clustering=0.822070
    [main] val_vs_uniform aggregate=+0.006911  type_deficit=0.004847  range=-0.024237  knn=+0.018117  similarity=+0.009806  clustering=+0.012750
    [main] label_diag  range:pos=0.0223,p95=1.000,pairs=52580,skip=13947  knn:pos=0.0092,p95=1.000,pairs=91131,skip=13708  similarity:pos=0.0016,p95=1.000,pairs=19568,skip=14580  clustering:pos=0.0288,p95=1.000,pairs=71050,skip=13688
  [main] epoch 44/75  loss=0.00954538  avg_tau=-0.328  pred_std=0.25571  select=+0.358  (63.85s)
    [main] val_query_f1=0.360156  range=0.240929  knn=0.260630  similarity=0.219717  clustering=0.818875
    [main] val_vs_uniform aggregate=+0.004155  type_deficit=0.004016  range=-0.020082  knn=+0.013294  similarity=+0.004716  clustering=+0.009554
    [main] label_diag  range:pos=0.0223,p95=1.000,pairs=52456,skip=13947  knn:pos=0.0092,p95=1.000,pairs=91053,skip=13708  similarity:pos=0.0016,p95=1.000,pairs=19552,skip=14580  clustering:pos=0.0288,p95=1.000,pairs=70859,skip=13688
  [main] epoch 45/75  loss=0.00996614  avg_tau=+0.231  pred_std=0.256944  select=+0.368  (87.99s)
    [main] val_query_f1=0.365393  range=0.252972  knn=0.263892  similarity=0.226548  clustering=0.819660
    [main] val_vs_uniform aggregate=+0.009392  type_deficit=0.001608  range=-0.008038  knn=+0.016556  similarity=+0.011548  clustering=+0.010339
    [main] label_diag  range:pos=0.0223,p95=1.000,pairs=52359,skip=13947  knn:pos=0.0092,p95=1.000,pairs=91210,skip=13708  similarity:pos=0.0016,p95=1.000,pairs=19554,skip=14580  clustering:pos=0.0288,p95=1.000,pairs=70786,skip=13688
  [main] early stopping at epoch 45: selection score did not improve over 25 diag epochs (best_selection=+0.387, best_loss=0.01009931)
  [main] restored best diagnostic epoch 20/45 (selection=+0.387, loss=0.01009931, val_f1=0.377398)
[train-model (75 epochs)] done in 3676.54s
[save-model] starting...
  saved checkpoint to /ceph/project/P8-1/QDS/qds_v2/src/models/saved_models/model_2026-02-05_eval_2026-02-08_cov0p15_mixed_rs0p015_rt0p04_821185.pt  (epochs_trained=45, best_epoch=20, best_loss=0.01009931, train_mix=clustering=0.2,knn=0.4,range=0.2,similarity=0.2, eval_mix=clustering=0.2,knn=0.4,range=0.2,similarity=0.2)
[save-model] done in 0.15s
[evaluate-matched] starting...
[  eval MLQDS] starting...
[  eval MLQDS] done in 499.07s
[  eval Random] starting...
[  eval Random] done in 101.93s
[  eval newUniformTemporal] starting...
[  eval newUniformTemporal] done in 66.34s
[  eval DouglasPeucker] starting...
[  eval DouglasPeucker] done in 14.55s
[  eval Oracle] starting...
[  eval Oracle] done in 49.59s
[evaluate-matched] done in 743.18s
[evaluate-shift] starting...
[evaluate-shift] done in 0.00s
[write-results] starting...
  wrote results to /ceph/project/P8-1/QDS/qds_v2/results
[write-results] done in 0.03s
[write-simplified-csv] starting...
  wrote 648573 retained points across 648573 samples to /ceph/project/P8-1/AISDATA/ML_processed_AIS_files/run_2026-02-05_eval_2026-02-08_cov0p15_mixed_rs0p015_rt0p04_821185/ML_simplified_eval.csv
[write-simplified-csv] done in 1.31s
[trajectory-length-loss] starting...
  [length-loss] 1564 trajectories  avg_orig_km=114.17  avg_simp_km=113.35  avg_length_loss=0.323  avg_points_removed=2346.8
  [length-loss] filtered out 569 trajectories with orig_km < 1.00 (likely docked/stationary) from top-25 ranking

  [length-loss] Top 25 MOST distorted (highest length_loss):
  rank        mmsi     orig_km     simp_km  length_loss    kept   removed
     1   211457860        4.02        0.62        0.846      38       214
     2   211846360        3.24        0.56        0.827      46       258
     3   219004266        2.91        0.52        0.820     271      1533
     4   218030270       16.80        3.13        0.814     104       586
     5   511100505        6.86        1.28        0.813      86       486
     6   219001582        3.33        0.65        0.806     382      2160
     7   259447000        4.08        0.79        0.806     156       881
     8   219440000        1.32        0.27        0.793      64       357
     9   219798000        1.09        0.23        0.788     197      1114
    10   219003217        2.43        0.52        0.786     103       581
    11   245697000        2.89        0.63        0.783      59       328
    12   220343000        1.42        0.31        0.781     100       563
    13   352005487        5.89        1.31        0.778      70       392
    14   244890000        1.13        0.25        0.775      43       243
    15   219003113        1.97        0.45        0.773     320      1812
    16   215064000        2.40        0.58        0.759      64       360
    17   219024715        3.20        0.80        0.749     636      3602
    18   219014162        2.42        0.61        0.748     436      2466
    19   219000881        2.07        0.54        0.739     469      2656
    20   219000851        1.41        0.37        0.737      87       491
    21   258040000        2.08        0.55        0.737      54       305
    22   219017784        1.42        0.38        0.732      78       440
    23   219005513        2.67        0.72        0.731     327      1850
    24   218003000        5.00        1.35        0.731     860      4867
    25   211385020       10.99        3.05        0.723       7        38

  [length-loss] Top 25 LEAST distorted (lowest length_loss):
  rank        mmsi     orig_km     simp_km  length_loss    kept   removed
     1   636019492      164.27      164.27        0.000      19       102
     2   255916022       25.50       25.50        0.000      59       334
     3   273268690       12.12       12.12        0.000      11        58
     4   258849000        5.65        5.65        0.000       5        28
     5   311055400       97.53       97.53        0.000     221      1248
     6   210425000       95.04       95.04        0.000     146       821
     7   636024739      112.29      112.29        0.000     204      1155
     8   215857000       36.63       36.63        0.000      76       425
     9   212112000      197.89      197.89        0.000     355      2010
    10   636020533      140.00      140.00        0.000     160       901
    11   230987000      367.62      367.61        0.000     746      4222
    12   636022717      266.92      266.91        0.000     690      3910
    13   258059000       19.92       19.92        0.000       8        43
    14   230618000       98.61       98.60        0.000     245      1384
    15   373267000      301.29      301.29        0.000     635      3598
    16   477149200       54.20       54.20        0.000     131       738
    17   311995000       99.07       99.07        0.000     180      1020
    18   255806436       88.16       88.15        0.000     199      1127
    19   311027600      231.23      231.22        0.000     432      2447
    20   219560000      384.96      384.95        0.000     870      4925
    21   241689000       36.78       36.78        0.000      48       266
    22   219814000       33.51       33.51        0.000       7        37
    23   255814000      155.05      155.04        0.000     361      2042
    24   538011780      181.37      181.37        0.000     451      2555
    25   538003242       36.40       36.39        0.000      59       332
[trajectory-length-loss] done in 15.48s
[pipeline] total runtime 4473.19s

Matched-workload table
Method                     AggregateF1   Compression    AvgPtGap   Latency(ms)        Type
------------------------------------------------------------------------------------------
MLQDS                         0.265614        0.1502        6.67     467086.01         all
  - range                     0.254603                                               range
  - knn                       0.245483                                                 knn
  - similarity                0.172608                                          similarity
  - clustering                0.409893                                          clustering
Random                        0.263055        0.1508        6.65       1137.70         all
  - range                     0.262229                                               range
  - knn                       0.241618                                                 knn
  - similarity                0.184838                                          similarity
  - clustering                0.384972                                          clustering
newUniformTemporal            0.270022        0.1502        6.67        284.50         all
  - range                     0.260530                                               range
  - knn                       0.243396                                                 knn
  - similarity                0.212736                                          similarity
  - clustering                0.390053                                          clustering
DouglasPeucker                0.173585        0.1502        6.67        436.83         all
  - range                     0.224678                                               range
  - knn                       0.139312                                                 knn
  - similarity                0.131336                                          similarity
  - clustering                0.233286                                          clustering
Oracle                        0.927521        0.1508        6.65        308.04         all
  - range                     0.931207                                               range
  - knn                       0.927940                                                 knn
  - similarity                0.895910                                          similarity
  - clustering                0.954607                                          clustering

Distribution-shift table
Train\Eval            clustering=0.2,knn=0.4,range=0.2,similarity=0.2
---------------------------------------------------------------------
clustering=0.2,knn=0.4,range=0.2,similarity=0.2                0.2656
