[config] model=turn_aware  workload=mixed  epochs=50  n_queries=300  query_coverage=0.3  max_queries=3000  compression_ratio=0.3  lr=0.0005  pointwise_loss_weight=0.25  gradient_clip_norm=1.0  diagnostic_every=1  checkpoint_selection_metric=f1  f1_diagnostic_every=3  range_spatial_fraction=0.015  range_time_fraction=0.04
[load-data] reading train CSV: /ceph/project/P8-1/AISDATA/preprocessed_AIS_files/preprocessed_2026-02-05.csv
[load-data] reading eval CSV: /ceph/project/P8-1/AISDATA/preprocessed_AIS_files/preprocessed_2026-02-08.csv
[load-data] train=1580 eval=1564 trajectories loaded in 51.40s
[pipeline] train=1580 trajectories, eval=1564 trajectories, train_mix=clustering=0.2,knn=0.4,range=0.2,similarity=0.2, eval_mix=clustering=0.2,knn=0.4,range=0.2,similarity=0.2
[split] starting...
  split mode=separate CSVs  train=1343  eval=1564
  checkpoint-selection validation=237 trajectories
[split] done in 0.00s
[build-datasets] starting...
[build-datasets] done in 0.19s
[generate-workloads] starting...
  train_workload=300 queries  coverage=85.06% (3241805/3811001)
  eval_workload=300 queries  coverage=80.21% (3464286/4318960)
  selection_workload=300 queries  coverage=89.30% (515617/577411)
[generate-workloads] done in 64.39s
[write-queries-geojson] starting...
  wrote   60 range queries to /ceph/project/P8-1/AISDATA/Query_border_files/run_2026-02-05_eval_2026-02-08_cov0p30_mixed_rs0p015_rt0p04_819323/queries_range.geojson
  wrote  120 knn queries to /ceph/project/P8-1/AISDATA/Query_border_files/run_2026-02-05_eval_2026-02-08_cov0p30_mixed_rs0p015_rt0p04_819323/queries_knn.geojson
  wrote   60 similarity queries to /ceph/project/P8-1/AISDATA/Query_border_files/run_2026-02-05_eval_2026-02-08_cov0p30_mixed_rs0p015_rt0p04_819323/queries_similarity.geojson
  wrote   60 clustering queries to /ceph/project/P8-1/AISDATA/Query_border_files/run_2026-02-05_eval_2026-02-08_cov0p30_mixed_rs0p015_rt0p04_819323/queries_clustering.geojson
[write-queries-geojson] done in 0.02s
[train-model (50 epochs)] starting...
  [main] epoch 01/50  loss=0.02014256  avg_tau=+0.055  pred_std=0.147565  select=+0.497  (122.68s)
    [main] val_query_f1=0.497113  range=0.461918  knn=0.426611  similarity=0.403615  clustering=0.766812
    [main] label_diag  range:pos=0.0617,p95=1.000,pairs=128151,skip=12732  knn:pos=0.0093,p95=1.000,pairs=90955,skip=13726  similarity:pos=0.0566,p95=1.000,pairs=31099,skip=13661  clustering:pos=0.0570,p95=1.000,pairs=122507,skip=12891
  [main] epoch 02/50  loss=0.02011785  avg_tau=-0.014  pred_std=0.161668  select=+0.499  (114.03s)  *** NEW BEST MODEL ***
    [main] val_query_f1=0.498570  range=0.454084  knn=0.430910  similarity=0.409179  clustering=0.767765
    [main] label_diag  range:pos=0.0617,p95=1.000,pairs=127865,skip=12732  knn:pos=0.0093,p95=1.000,pairs=90848,skip=13726  similarity:pos=0.0566,p95=1.000,pairs=31025,skip=13661  clustering:pos=0.0570,p95=1.000,pairs=122840,skip=12891
  [main] epoch 03/50  loss=0.01930919  avg_tau=-0.188  pred_std=0.181669  select=+0.495  (109.94s)
    [main] val_query_f1=0.495339  range=0.461778  knn=0.426314  similarity=0.400585  clustering=0.761701
    [main] label_diag  range:pos=0.0617,p95=1.000,pairs=127902,skip=12732  knn:pos=0.0093,p95=1.000,pairs=90835,skip=13726  similarity:pos=0.0566,p95=1.000,pairs=30960,skip=13661  clustering:pos=0.0570,p95=1.000,pairs=122929,skip=12891
  [main] epoch 04/50  loss=0.01692499  avg_tau=+0.211  pred_std=0.21581  select=+0.492  (111.51s)
    [main] val_query_f1=0.491654  range=0.449924  knn=0.428525  similarity=0.397598  clustering=0.753695
    [main] label_diag  range:pos=0.0617,p95=1.000,pairs=128167,skip=12732  knn:pos=0.0093,p95=1.000,pairs=90913,skip=13726  similarity:pos=0.0566,p95=1.000,pairs=31067,skip=13661  clustering:pos=0.0570,p95=1.000,pairs=122419,skip=12891
  [main] epoch 05/50  loss=0.01748460  avg_tau=+0.286  pred_std=0.24569  select=+0.494  (104.53s)
    [main] val_query_f1=0.493761  range=0.449151  knn=0.434191  similarity=0.397037  clustering=0.754233
    [main] label_diag  range:pos=0.0617,p95=1.000,pairs=127720,skip=12732  knn:pos=0.0093,p95=1.000,pairs=90657,skip=13726  similarity:pos=0.0566,p95=1.000,pairs=31193,skip=13661  clustering:pos=0.0570,p95=1.000,pairs=122656,skip=12891
  [main] epoch 06/50  loss=0.01550177  avg_tau=-0.124  pred_std=0.281926  select=+0.493  (102.79s)
    [main] val_query_f1=0.492704  range=0.439423  knn=0.433661  similarity=0.406337  clustering=0.750436
    [main] label_diag  range:pos=0.0617,p95=1.000,pairs=127969,skip=12732  knn:pos=0.0093,p95=1.000,pairs=91092,skip=13726  similarity:pos=0.0566,p95=1.000,pairs=31148,skip=13661  clustering:pos=0.0570,p95=1.000,pairs=122801,skip=12891
  [main] epoch 07/50  loss=0.01597090  avg_tau=-0.073  pred_std=0.289678  select=+0.477  (102.48s)
    [main] val_query_f1=0.477149  range=0.429690  knn=0.421530  similarity=0.372720  clustering=0.740273
    [main] label_diag  range:pos=0.0617,p95=1.000,pairs=128265,skip=12732  knn:pos=0.0093,p95=1.000,pairs=91025,skip=13726  similarity:pos=0.0566,p95=1.000,pairs=31140,skip=13661  clustering:pos=0.0570,p95=1.000,pairs=122751,skip=12891
  [main] epoch 08/50  loss=0.01554903  avg_tau=+0.037  pred_std=0.308238  select=+0.468  (108.88s)
    [main] val_query_f1=0.467624  range=0.408177  knn=0.417047  similarity=0.357826  clustering=0.738021
    [main] label_diag  range:pos=0.0617,p95=1.000,pairs=128050,skip=12732  knn:pos=0.0093,p95=1.000,pairs=90847,skip=13726  similarity:pos=0.0566,p95=1.000,pairs=31228,skip=13661  clustering:pos=0.0570,p95=1.000,pairs=122636,skip=12891
  [main] epoch 09/50  loss=0.01539634  avg_tau=-0.101  pred_std=0.315634  select=+0.474  (107.39s)
    [main] val_query_f1=0.474143  range=0.421710  knn=0.426818  similarity=0.359916  clustering=0.735454
    [main] label_diag  range:pos=0.0617,p95=1.000,pairs=128115,skip=12732  knn:pos=0.0093,p95=1.000,pairs=90810,skip=13726  similarity:pos=0.0566,p95=1.000,pairs=31069,skip=13661  clustering:pos=0.0570,p95=1.000,pairs=122523,skip=12891
  [main] epoch 10/50  loss=0.01570445  avg_tau=-0.020  pred_std=0.33182  select=+0.476  (108.86s)
    [main] val_query_f1=0.475798  range=0.415131  knn=0.437132  similarity=0.355358  clustering=0.734239
    [main] label_diag  range:pos=0.0617,p95=1.000,pairs=127893,skip=12732  knn:pos=0.0093,p95=1.000,pairs=90855,skip=13726  similarity:pos=0.0566,p95=1.000,pairs=31150,skip=13661  clustering:pos=0.0570,p95=1.000,pairs=122667,skip=12891
  [main] epoch 11/50  loss=0.01480728  avg_tau=-0.199  pred_std=0.336295  select=+0.468  (108.55s)
    [main] val_query_f1=0.467551  range=0.409265  knn=0.425739  similarity=0.342513  clustering=0.734499
    [main] label_diag  range:pos=0.0617,p95=1.000,pairs=128001,skip=12732  knn:pos=0.0093,p95=1.000,pairs=90836,skip=13726  similarity:pos=0.0566,p95=1.000,pairs=31140,skip=13661  clustering:pos=0.0570,p95=1.000,pairs=122795,skip=12891
  [main] epoch 12/50  loss=0.01497694  avg_tau=-0.060  pred_std=0.34575  select=+0.470  (105.66s)
    [main] val_query_f1=0.470473  range=0.404257  knn=0.429641  similarity=0.353780  clustering=0.735046
    [main] label_diag  range:pos=0.0617,p95=1.000,pairs=128106,skip=12732  knn:pos=0.0093,p95=1.000,pairs=90982,skip=13726  similarity:pos=0.0566,p95=1.000,pairs=31176,skip=13661  clustering:pos=0.0570,p95=1.000,pairs=122779,skip=12891
  [main] early stopping at epoch 12: selection score did not improve over 10 diag epochs (best_selection=+0.499, best_loss=0.02011785)
  [main] restored best diagnostic epoch 2/12 (selection=+0.499, loss=0.02011785, val_f1=0.498570)
[train-model (50 epochs)] done in 1370.89s
[save-model] starting...
  saved checkpoint to /ceph/project/P8-1/QDS/qds_v2/src/models/saved_models/model_2026-02-05_eval_2026-02-08_cov0p30_mixed_rs0p015_rt0p04_819323.pt  (epochs_trained=12, best_epoch=2, best_loss=0.02011785, train_mix=clustering=0.2,knn=0.4,range=0.2,similarity=0.2, eval_mix=clustering=0.2,knn=0.4,range=0.2,similarity=0.2)
[save-model] done in 0.20s
[evaluate-matched] starting...
[  eval MLQDS] starting...
[  eval MLQDS] done in 197.76s
[  eval Random] starting...
[  eval Random] done in 46.31s
[  eval UniformTemporal] starting...
[  eval UniformTemporal] done in 42.74s
[  eval newUniformTemporal] starting...
[  eval newUniformTemporal] done in 45.41s
[  eval DouglasPeucker] starting...
[  eval DouglasPeucker] done in 41.21s
[  eval Oracle] starting...
[  eval Oracle] done in 46.51s
[evaluate-matched] done in 453.23s
[evaluate-shift] starting...
[evaluate-shift] done in 403.33s
[write-results] starting...
  wrote results to /ceph/project/P8-1/QDS/qds_v2/results
[write-results] done in 0.02s
[write-simplified-csv] starting...
  wrote 1297099 retained points across 1297099 samples to /ceph/project/P8-1/AISDATA/ML_processed_AIS_files/run_2026-02-05_eval_2026-02-08_cov0p30_mixed_rs0p015_rt0p04_819323/ML_simplified_eval.csv
[write-simplified-csv] done in 2.63s
[trajectory-length-loss] starting...
  [length-loss] 1564 trajectories  avg_orig_km=114.17  avg_simp_km=112.04  avg_length_loss=0.284  avg_points_removed=1932.1
  [length-loss] filtered out 569 trajectories with orig_km < 1.00 (likely docked/stationary) from top-25 ranking

  [length-loss] Top 25 MOST distorted (highest length_loss):
  rank        mmsi     orig_km     simp_km  length_loss    kept   removed
     1   219035305       13.43        1.72        0.872     155       359
     2   245875000        1.19        0.22        0.815      21        45
     3   211611070        9.61        2.11        0.781     104       242
     4   211457860        4.02        0.98        0.755      76       176
     5   257769000       21.34        5.52        0.742      78       181
     6   219004266        2.91        0.82        0.719     542      1262
     7   211846360        3.24        0.91        0.718      92       212
     8   219014162        2.42        0.71        0.706     871      2031
     9   219440000        1.32        0.40        0.699     127       294
    10   218413000        2.22        0.68        0.694     121       280
    11   219003217        2.43        0.75        0.692     206       478
    12   219026081        5.64        1.74        0.691    1286      3000
    13   219017784        1.42        0.44        0.690     156       362
    14   219033037        5.59        1.76        0.686     645      1504
    15   220343000        1.42        0.45        0.682     199       464
    16   219005513        2.67        0.86        0.678     654      1523
    17   219003113        1.97        0.63        0.678     640      1492
    18   218030270       16.80        5.42        0.678     207       483
    19   211385020       10.99        3.54        0.678      15        30
    20   219798000        1.09        0.36        0.675     395       916
    21   220076700        3.14        1.02        0.675     895      2086
    22   219021176        1.75        0.57        0.672    1133      2643
    23   218003000        5.00        1.65        0.671    1719      4008
    24   259447000        4.08        1.35        0.670     312       725
    25   219001582        3.33        1.10        0.669     763      1779

  [length-loss] Top 25 LEAST distorted (lowest length_loss):
  rank        mmsi     orig_km     simp_km  length_loss    kept   removed
     1   258849000        5.65        5.65        0.000      11        22
     2   255916022       25.50       25.50        0.000     118       275
     3   273268690       12.12       12.12        0.000      22        47
     4   210568000       59.61       59.61        0.000      41        90
     5   210425000       95.04       95.04        0.000     291       676
     6   636019492      164.27      164.26        0.000      38        83
     7   258059000       19.92       19.92        0.000      17        34
     8   311995000       99.07       99.07        0.000     360       840
     9   538003242       36.40       36.39        0.000     118       273
    10   636023557      140.84      140.83        0.000     598      1393
    11   273272930       79.96       79.96        0.000     342       797
    12   538008844       68.26       68.26        0.000     270       630
    13   636021770       15.55       15.55        0.000      28        64
    14   352002167      250.40      250.38        0.000     135       314
    15   241689000       36.78       36.78        0.000      95       219
    16   563103000      212.29      212.27        0.000     192       447
    17   229654000       84.00       83.99        0.000     412       960
    18   229344000       37.80       37.80        0.000     124       288
    19   311055400       97.53       97.53        0.000     441      1028
    20   255806436       88.16       88.15        0.000     398       928
    21   636024739      112.29      112.28        0.000     408       951
    22   257526000      278.90      278.87        0.000     126       291
    23   305654000       83.96       83.95        0.000     110       254
    24   244890472       44.97       44.96        0.000     212       492
    25   538005249       83.21       83.19        0.000     444      1033
[trajectory-length-loss] done in 11.55s
[pipeline] total runtime 2306.44s

Matched-workload table
Method                     AggregateF1   Compression   Latency(ms)        Type
------------------------------------------------------------------------------
MLQDS                         0.425950        0.3003     152977.96         all
  - range                     0.458158                                   range
  - knn                       0.422758                                     knn
  - similarity                0.377056                              similarity
  - clustering                0.449020                              clustering
Random                        0.461886        0.3007        421.11         all
  - range                     0.462297                                   range
  - knn                       0.448616                                     knn
  - similarity                0.440365                              similarity
  - clustering                0.509536                              clustering
UniformTemporal               0.273921        0.3009        405.97         all
  - range                     0.306821                                   range
  - knn                       0.257878                                     knn
  - similarity                0.232697                              similarity
  - clustering                0.314330                              clustering
newUniformTemporal            0.465111        0.3002         99.36         all
  - range                     0.461578                                   range
  - knn                       0.450092                                     knn
  - similarity                0.462195                              similarity
  - clustering                0.501598                              clustering
DouglasPeucker                0.287847        0.3002        462.83         all
  - range                     0.373963                                   range
  - knn                       0.283066                                     knn
  - similarity                0.214851                              similarity
  - clustering                0.284290                              clustering
Oracle                        0.910295        0.3007        426.75         all
  - range                     0.938892                                   range
  - knn                       0.986637                                     knn
  - similarity                0.716919                              similarity
  - clustering                0.922392                              clustering

Distribution-shift table
Train\Eval            clustering=0.2,knn=0.4,range=0.2,similarity=0.2
---------------------------------------------------------------------
clustering=0.2,knn=0.4,range=0.2,similarity=0.2                0.4260
