[config] model=turn_aware  workload=mixed  epochs=75  n_queries=500  query_coverage=0.5  max_queries=10000  compression_ratio=0.15  lr=0.0005  pointwise_loss_weight=0.25  gradient_clip_norm=1.0  diagnostic_every=1  checkpoint_selection_metric=uniform_gap  f1_diagnostic_every=1  uniform_gap_weight=0.5  type_penalty_weight=1.0  range_spatial_fraction=0.005  range_time_fraction=0.015  knn_k=12  mlqds_temporal_fraction=0.0  residual_label_mode=temporal
[load-data] reading train CSV: /ceph/project/P8-1/AISDATA/preprocessed_AIS_files/preprocessed_2026-02-05.csv
[load-data] reading eval CSV: /ceph/project/P8-1/AISDATA/preprocessed_AIS_files/preprocessed_2026-02-08.csv
[load-data] train=1580 eval=1564 trajectories loaded in 86.58s
[pipeline] train=1580 trajectories, eval=1564 trajectories, train_mix=clustering=0.2,knn=0.4,range=0.2,similarity=0.2, eval_mix=clustering=0.2,knn=0.4,range=0.2,similarity=0.2
[split] starting...
  split mode=separate CSVs  train=1343  eval=1564
  checkpoint-selection validation=237 trajectories
[split] done in 0.00s
[build-datasets] starting...
[build-datasets] done in 1.52s
[generate-workloads] starting...
  train_workload=733 queries  coverage=50.06% (1907824/3811001)
  eval_workload=613 queries  coverage=50.09% (2163256/4318960)
  selection_workload=1000 queries  coverage=66.63% (384728/577411)
[generate-workloads] done in 567.30s
[write-queries-geojson] starting...
  wrote  123 range queries to /ceph/project/P8-1/AISDATA/Query_border_files/run_run6_kitchen_sink_2026-02-05_eval_2026-02-08_cov0p50_mixed_rs0p005_rt0p015_822137/queries_range.geojson
  wrote  245 knn queries to /ceph/project/P8-1/AISDATA/Query_border_files/run_run6_kitchen_sink_2026-02-05_eval_2026-02-08_cov0p50_mixed_rs0p005_rt0p015_822137/queries_knn.geojson
  wrote  123 similarity queries to /ceph/project/P8-1/AISDATA/Query_border_files/run_run6_kitchen_sink_2026-02-05_eval_2026-02-08_cov0p50_mixed_rs0p005_rt0p015_822137/queries_similarity.geojson
  wrote  122 clustering queries to /ceph/project/P8-1/AISDATA/Query_border_files/run_run6_kitchen_sink_2026-02-05_eval_2026-02-08_cov0p50_mixed_rs0p005_rt0p015_822137/queries_clustering.geojson
[write-queries-geojson] done in 0.13s
[train-model (75 epochs)] starting...
  [main] validation newUniformTemporal_f1=0.383872  range=0.259792  knn=0.246283  similarity=0.213154  clustering=0.953849
  [main] epoch 01/75  loss=0.03073273  avg_tau=-0.243  pred_std=0.113805  select=+0.256  (256.04s)
    [main] val_query_f1=0.332717  range=0.185747  knn=0.186452  similarity=0.151048  clustering=0.953887
    [main] val_vs_uniform aggregate=-0.051155  type_deficit=0.051163  range=-0.074044  knn=-0.059831  similarity=-0.062106  clustering=+0.000039
    [main] label_diag  range:pos=0.0189,p95=1.000,pairs=103490,skip=13475  knn:pos=0.0495,p95=1.000,pairs=384814,skip=10064  similarity:pos=0.0078,p95=1.000,pairs=96674,skip=13678  clustering:pos=0.0119,p95=1.000,pairs=64314,skip=13975
  [main] epoch 02/75  loss=0.02992708  avg_tau=-0.246  pred_std=0.151212  select=+0.254  (238.69s)
    [main] val_query_f1=0.331857  range=0.184427  knn=0.187104  similarity=0.146417  clustering=0.954231
    [main] val_vs_uniform aggregate=-0.052016  type_deficit=0.052092  range=-0.075365  knn=-0.059179  similarity=-0.066737  clustering=+0.000382
    [main] label_diag  range:pos=0.0189,p95=1.000,pairs=103091,skip=13475  knn:pos=0.0495,p95=1.000,pairs=384624,skip=10064  similarity:pos=0.0078,p95=1.000,pairs=96721,skip=13678  clustering:pos=0.0119,p95=1.000,pairs=64149,skip=13975
  [main] epoch 03/75  loss=0.02878712  avg_tau=-0.075  pred_std=0.191097  select=+0.250  (241.60s)
    [main] val_query_f1=0.330482  range=0.182900  knn=0.185480  similarity=0.144071  clustering=0.954480
    [main] val_vs_uniform aggregate=-0.053390  type_deficit=0.053516  range=-0.076891  knn=-0.060803  similarity=-0.069083  clustering=+0.000631
    [main] label_diag  range:pos=0.0189,p95=1.000,pairs=103372,skip=13475  knn:pos=0.0495,p95=1.000,pairs=384556,skip=10064  similarity:pos=0.0078,p95=1.000,pairs=96274,skip=13678  clustering:pos=0.0119,p95=1.000,pairs=64354,skip=13975
  [main] epoch 04/75  loss=0.02676731  avg_tau=-0.042  pred_std=0.22717  select=+0.246  (240.50s)
    [main] val_query_f1=0.328874  range=0.181026  knn=0.185162  similarity=0.138330  clustering=0.954692
    [main] val_vs_uniform aggregate=-0.054998  type_deficit=0.055166  range=-0.078766  knn=-0.061121  similarity=-0.074824  clustering=+0.000843
    [main] label_diag  range:pos=0.0189,p95=1.000,pairs=103329,skip=13475  knn:pos=0.0495,p95=1.000,pairs=384420,skip=10064  similarity:pos=0.0078,p95=1.000,pairs=96615,skip=13678  clustering:pos=0.0119,p95=1.000,pairs=64309,skip=13975
  [main] epoch 05/75  loss=0.03342579  avg_tau=-0.095  pred_std=0.259997  select=+0.236  (252.81s)
    [main] val_query_f1=0.324646  range=0.172952  knn=0.180506  similarity=0.134338  clustering=0.954930
    [main] val_vs_uniform aggregate=-0.059226  type_deficit=0.059442  range=-0.086840  knn=-0.065777  similarity=-0.078815  clustering=+0.001081
    [main] label_diag  range:pos=0.0189,p95=1.000,pairs=103155,skip=13475  knn:pos=0.0495,p95=1.000,pairs=384573,skip=10064  similarity:pos=0.0078,p95=1.000,pairs=96590,skip=13678  clustering:pos=0.0119,p95=1.000,pairs=64179,skip=13975
  [main] epoch 06/75  loss=0.02202698  avg_tau=-0.190  pred_std=0.237654  select=+0.239  (249.27s)
    [main] val_query_f1=0.325832  range=0.173998  knn=0.181954  similarity=0.136209  clustering=0.955043
    [main] val_vs_uniform aggregate=-0.058040  type_deficit=0.058279  range=-0.085793  knn=-0.064329  similarity=-0.076945  clustering=+0.001194
    [main] label_diag  range:pos=0.0189,p95=1.000,pairs=103342,skip=13475  knn:pos=0.0495,p95=1.000,pairs=384886,skip=10064  similarity:pos=0.0078,p95=1.000,pairs=96287,skip=13678  clustering:pos=0.0119,p95=1.000,pairs=64393,skip=13975
  [main] epoch 07/75  loss=0.02279376  avg_tau=-0.010  pred_std=0.242563  select=+0.237  (255.56s)
    [main] val_query_f1=0.325316  range=0.174023  knn=0.180966  similarity=0.135319  clustering=0.955309
    [main] val_vs_uniform aggregate=-0.058556  type_deficit=0.058848  range=-0.085768  knn=-0.065318  similarity=-0.077835  clustering=+0.001460
    [main] label_diag  range:pos=0.0189,p95=1.000,pairs=103313,skip=13475  knn:pos=0.0495,p95=1.000,pairs=384115,skip=10064  similarity:pos=0.0078,p95=1.000,pairs=96609,skip=13678  clustering:pos=0.0119,p95=1.000,pairs=64360,skip=13975
  [main] epoch 08/75  loss=0.02156375  avg_tau=+0.056  pred_std=0.213367  select=+0.231  (232.13s)
    [main] val_query_f1=0.322882  range=0.167097  knn=0.178501  similarity=0.134884  clustering=0.955426
    [main] val_vs_uniform aggregate=-0.060990  type_deficit=0.061306  range=-0.092694  knn=-0.067783  similarity=-0.078270  clustering=+0.001577
    [main] label_diag  range:pos=0.0189,p95=1.000,pairs=103410,skip=13475  knn:pos=0.0495,p95=1.000,pairs=384646,skip=10064  similarity:pos=0.0078,p95=1.000,pairs=96655,skip=13678  clustering:pos=0.0119,p95=1.000,pairs=64176,skip=13975
  [main] epoch 09/75  loss=0.02220687  avg_tau=+0.347  pred_std=0.211478  select=+0.232  (255.74s)
    [main] val_query_f1=0.323407  range=0.170387  knn=0.178377  similarity=0.134436  clustering=0.955458
    [main] val_vs_uniform aggregate=-0.060465  type_deficit=0.060787  range=-0.089404  knn=-0.067907  similarity=-0.078717  clustering=+0.001610
    [main] label_diag  range:pos=0.0189,p95=1.000,pairs=103328,skip=13475  knn:pos=0.0495,p95=1.000,pairs=384645,skip=10064  similarity:pos=0.0078,p95=1.000,pairs=96640,skip=13678  clustering:pos=0.0119,p95=1.000,pairs=64308,skip=13975
  [main] epoch 10/75  loss=0.02300593  avg_tau=-0.031  pred_std=0.208711  select=+0.230  (254.08s)
    [main] val_query_f1=0.322494  range=0.169176  knn=0.178356  similarity=0.131042  clustering=0.955538
    [main] val_vs_uniform aggregate=-0.061378  type_deficit=0.061716  range=-0.090616  knn=-0.067927  similarity=-0.082112  clustering=+0.001690
    [main] label_diag  range:pos=0.0189,p95=1.000,pairs=103467,skip=13475  knn:pos=0.0495,p95=1.000,pairs=384735,skip=10064  similarity:pos=0.0078,p95=1.000,pairs=96773,skip=13678  clustering:pos=0.0119,p95=1.000,pairs=64251,skip=13975
  [main] epoch 11/75  loss=0.02321426  avg_tau=+0.015  pred_std=0.204279  select=+0.227  (263.54s)
    [main] val_query_f1=0.321099  range=0.168759  knn=0.176172  similarity=0.130195  clustering=0.954198
    [main] val_vs_uniform aggregate=-0.062773  type_deficit=0.062843  range=-0.091033  knn=-0.070111  similarity=-0.082959  clustering=+0.000350
    [main] label_diag  range:pos=0.0189,p95=1.000,pairs=103213,skip=13475  knn:pos=0.0495,p95=1.000,pairs=384680,skip=10064  similarity:pos=0.0078,p95=1.000,pairs=96391,skip=13678  clustering:pos=0.0119,p95=1.000,pairs=64228,skip=13975
  [main] epoch 12/75  loss=0.02721346  avg_tau=+0.096  pred_std=0.186975  select=+0.230  (263.78s)
    [main] val_query_f1=0.322580  range=0.168301  knn=0.178495  similarity=0.131917  clustering=0.955692
    [main] val_vs_uniform aggregate=-0.061292  type_deficit=0.061661  range=-0.091490  knn=-0.067789  similarity=-0.081237  clustering=+0.001844
    [main] label_diag  range:pos=0.0189,p95=1.000,pairs=103308,skip=13475  knn:pos=0.0495,p95=1.000,pairs=384529,skip=10064  similarity:pos=0.0078,p95=1.000,pairs=96543,skip=13678  clustering:pos=0.0119,p95=1.000,pairs=64247,skip=13975
  [main] epoch 13/75  loss=0.02750642  avg_tau=-0.032  pred_std=0.173852  select=+0.229  (256.54s)
    [main] val_query_f1=0.321880  range=0.167629  knn=0.177208  similarity=0.131770  clustering=0.955585
    [main] val_vs_uniform aggregate=-0.061992  type_deficit=0.062339  range=-0.092162  knn=-0.069075  similarity=-0.081384  clustering=+0.001737
    [main] label_diag  range:pos=0.0189,p95=1.000,pairs=103520,skip=13475  knn:pos=0.0495,p95=1.000,pairs=385067,skip=10064  similarity:pos=0.0078,p95=1.000,pairs=96571,skip=13678  clustering:pos=0.0119,p95=1.000,pairs=64329,skip=13975
  [main] epoch 14/75  loss=0.02634221  avg_tau=+0.221  pred_std=0.198928  select=+0.233  (248.57s)
    [main] val_query_f1=0.323552  range=0.169762  knn=0.178321  similarity=0.135895  clustering=0.955458
    [main] val_vs_uniform aggregate=-0.060321  type_deficit=0.060643  range=-0.090030  knn=-0.067962  similarity=-0.077258  clustering=+0.001610
    [main] label_diag  range:pos=0.0189,p95=1.000,pairs=103324,skip=13475  knn:pos=0.0495,p95=1.000,pairs=384559,skip=10064  similarity:pos=0.0078,p95=1.000,pairs=96596,skip=13678  clustering:pos=0.0119,p95=1.000,pairs=64370,skip=13975
  [main] epoch 15/75  loss=0.02233560  avg_tau=+0.073  pred_std=0.177763  select=+0.228  (268.28s)
    [main] val_query_f1=0.321587  range=0.167037  knn=0.176750  similarity=0.131860  clustering=0.955538
    [main] val_vs_uniform aggregate=-0.062285  type_deficit=0.062623  range=-0.092754  knn=-0.069534  similarity=-0.081294  clustering=+0.001690
    [main] label_diag  range:pos=0.0189,p95=1.000,pairs=103527,skip=13475  knn:pos=0.0495,p95=1.000,pairs=384784,skip=10064  similarity:pos=0.0078,p95=1.000,pairs=96428,skip=13678  clustering:pos=0.0119,p95=1.000,pairs=64097,skip=13975
  [main] epoch 16/75  loss=0.02037498  avg_tau=-0.038  pred_std=0.176048  select=+0.226  (265.66s)
    [main] val_query_f1=0.320758  range=0.167088  knn=0.176652  similarity=0.129950  clustering=0.953448
    [main] val_vs_uniform aggregate=-0.063114  type_deficit=0.063114  range=-0.092703  knn=-0.069632  similarity=-0.083204  clustering=-0.000400
    [main] label_diag  range:pos=0.0189,p95=1.000,pairs=103243,skip=13475  knn:pos=0.0495,p95=1.000,pairs=384838,skip=10064  similarity:pos=0.0078,p95=1.000,pairs=96553,skip=13678  clustering:pos=0.0119,p95=1.000,pairs=64112,skip=13975
  [main] epoch 17/75  loss=0.03056312  avg_tau=-0.135  pred_std=0.192503  select=+0.228  (144.97s)
    [main] val_query_f1=0.321707  range=0.169661  knn=0.176196  similarity=0.133111  clustering=0.953372
    [main] val_vs_uniform aggregate=-0.062165  type_deficit=0.062165  range=-0.090131  knn=-0.070087  similarity=-0.080042  clustering=-0.000477
    [main] label_diag  range:pos=0.0189,p95=1.000,pairs=103076,skip=13475  knn:pos=0.0495,p95=1.000,pairs=384963,skip=10064  similarity:pos=0.0078,p95=1.000,pairs=96424,skip=13678  clustering:pos=0.0119,p95=1.000,pairs=64143,skip=13975
  [main] epoch 18/75  loss=0.02370133  avg_tau=-0.017  pred_std=0.180101  select=+0.224  (149.35s)
    [main] val_query_f1=0.320000  range=0.167209  knn=0.175499  similarity=0.128557  clustering=0.953234
    [main] val_vs_uniform aggregate=-0.063872  type_deficit=0.063872  range=-0.092582  knn=-0.070784  similarity=-0.084597  clustering=-0.000614
    [main] label_diag  range:pos=0.0189,p95=1.000,pairs=103403,skip=13475  knn:pos=0.0495,p95=1.000,pairs=385004,skip=10064  similarity:pos=0.0078,p95=1.000,pairs=96499,skip=13678  clustering:pos=0.0119,p95=1.000,pairs=64024,skip=13975
  [main] epoch 19/75  loss=0.02699472  avg_tau=+0.132  pred_std=0.170527  select=+0.226  (144.81s)
    [main] val_query_f1=0.320816  range=0.170490  knn=0.176040  similarity=0.131507  clustering=0.950000
    [main] val_vs_uniform aggregate=-0.063057  type_deficit=0.063057  range=-0.089301  knn=-0.070243  similarity=-0.081647  clustering=-0.003849
    [main] label_diag  range:pos=0.0189,p95=1.000,pairs=103115,skip=13475  knn:pos=0.0495,p95=1.000,pairs=384489,skip=10064  similarity:pos=0.0078,p95=1.000,pairs=96752,skip=13678  clustering:pos=0.0119,p95=1.000,pairs=64190,skip=13975
  [main] epoch 20/75  loss=0.02728098  avg_tau=+0.062  pred_std=0.149322  select=+0.226  (149.68s)
    [main] val_query_f1=0.320690  range=0.172072  knn=0.174670  similarity=0.130706  clustering=0.951333
    [main] val_vs_uniform aggregate=-0.063182  type_deficit=0.063182  range=-0.087720  knn=-0.071613  similarity=-0.082448  clustering=-0.002515
    [main] label_diag  range:pos=0.0189,p95=1.000,pairs=103084,skip=13475  knn:pos=0.0495,p95=1.000,pairs=384508,skip=10064  similarity:pos=0.0078,p95=1.000,pairs=96597,skip=13678  clustering:pos=0.0119,p95=1.000,pairs=64285,skip=13975
  [main] epoch 21/75  loss=0.02607923  avg_tau=+0.144  pred_std=0.165238  select=+0.222  (154.43s)
    [main] val_query_f1=0.319208  range=0.165511  knn=0.176111  similarity=0.128307  clustering=0.950000
    [main] val_vs_uniform aggregate=-0.064664  type_deficit=0.064664  range=-0.094280  knn=-0.070172  similarity=-0.084847  clustering=-0.003849
    [main] label_diag  range:pos=0.0189,p95=1.000,pairs=103206,skip=13475  knn:pos=0.0495,p95=1.000,pairs=384913,skip=10064  similarity:pos=0.0078,p95=1.000,pairs=96707,skip=13678  clustering:pos=0.0119,p95=1.000,pairs=64222,skip=13975
  [main] epoch 22/75  loss=0.02251343  avg_tau=+0.181  pred_std=0.159409  select=+0.225  (147.70s)
    [main] val_query_f1=0.320521  range=0.169692  knn=0.174612  similarity=0.131324  clustering=0.952366
    [main] val_vs_uniform aggregate=-0.063351  type_deficit=0.063351  range=-0.090100  knn=-0.071672  similarity=-0.081829  clustering=-0.001483
    [main] label_diag  range:pos=0.0189,p95=1.000,pairs=103373,skip=13475  knn:pos=0.0495,p95=1.000,pairs=385030,skip=10064  similarity:pos=0.0078,p95=1.000,pairs=96609,skip=13678  clustering:pos=0.0119,p95=1.000,pairs=64250,skip=13975
  [main] epoch 23/75  loss=0.03364127  avg_tau=-0.015  pred_std=0.150068  select=+0.230  (141.51s)
    [main] val_query_f1=0.322162  range=0.170139  knn=0.178286  similarity=0.134101  clustering=0.950000
    [main] val_vs_uniform aggregate=-0.061710  type_deficit=0.061710  range=-0.089653  knn=-0.067997  similarity=-0.079053  clustering=-0.003849
    [main] label_diag  range:pos=0.0189,p95=1.000,pairs=103186,skip=13475  knn:pos=0.0495,p95=1.000,pairs=384571,skip=10064  similarity:pos=0.0078,p95=1.000,pairs=96694,skip=13678  clustering:pos=0.0119,p95=1.000,pairs=64307,skip=13975
  [main] epoch 24/75  loss=0.02764673  avg_tau=-0.057  pred_std=0.161516  select=+0.227  (148.55s)
    [main] val_query_f1=0.321222  range=0.171288  knn=0.175056  similarity=0.132346  clustering=0.952366
    [main] val_vs_uniform aggregate=-0.062650  type_deficit=0.062650  range=-0.088503  knn=-0.071228  similarity=-0.080808  clustering=-0.001483
    [main] label_diag  range:pos=0.0189,p95=1.000,pairs=103221,skip=13475  knn:pos=0.0495,p95=1.000,pairs=384598,skip=10064  similarity:pos=0.0078,p95=1.000,pairs=96503,skip=13678  clustering:pos=0.0119,p95=1.000,pairs=64334,skip=13975
  [main] epoch 25/75  loss=0.01974363  avg_tau=-0.452  pred_std=0.168039  select=+0.230  (145.43s)
    [main] val_query_f1=0.322266  range=0.167666  knn=0.177288  similarity=0.136867  clustering=0.952222
    [main] val_vs_uniform aggregate=-0.061606  type_deficit=0.061606  range=-0.092125  knn=-0.068996  similarity=-0.076287  clustering=-0.001626
    [main] label_diag  range:pos=0.0189,p95=1.000,pairs=103248,skip=13475  knn:pos=0.0495,p95=1.000,pairs=384483,skip=10064  similarity:pos=0.0078,p95=1.000,pairs=96498,skip=13678  clustering:pos=0.0119,p95=1.000,pairs=64020,skip=13975
  [main] epoch 26/75  loss=0.02281426  avg_tau=+0.259  pred_std=0.189478  select=+0.222  (147.39s)
    [main] val_query_f1=0.318951  range=0.166131  knn=0.173023  similarity=0.132578  clustering=0.950000
    [main] val_vs_uniform aggregate=-0.064921  type_deficit=0.064921  range=-0.093660  knn=-0.073260  similarity=-0.080575  clustering=-0.003849
    [main] label_diag  range:pos=0.0189,p95=1.000,pairs=103462,skip=13475  knn:pos=0.0495,p95=1.000,pairs=384810,skip=10064  similarity:pos=0.0078,p95=1.000,pairs=96581,skip=13678  clustering:pos=0.0119,p95=1.000,pairs=64176,skip=13975
  [main] early stopping at epoch 26: selection score did not improve over 25 diag epochs (best_selection=+0.256, best_loss=0.03073273)
  [main] restored best diagnostic epoch 1/26 (selection=+0.256, loss=0.03073273, val_f1=0.332717)
[train-model (75 epochs)] done in 6095.33s
[save-model] starting...
  saved checkpoint to /ceph/project/P8-1/QDS/qds_v2/src/models/saved_models/model_run6_kitchen_sink_2026-02-05_eval_2026-02-08_cov0p50_mixed_rs0p005_rt0p015_822137.pt  (epochs_trained=26, best_epoch=1, best_loss=0.03073273, train_mix=clustering=0.2,knn=0.4,range=0.2,similarity=0.2, eval_mix=clustering=0.2,knn=0.4,range=0.2,similarity=0.2)
[save-model] done in 0.10s
[evaluate-matched] starting...
[  eval MLQDS] starting...
[  eval MLQDS] done in 358.51s
[  eval Random] starting...
[  eval Random] done in 120.11s
[  eval newUniformTemporal] starting...
[  eval newUniformTemporal] done in 118.11s
[  eval DouglasPeucker] starting...
[  eval DouglasPeucker] done in 111.04s
[  eval Oracle] starting...
[  eval Oracle] done in 122.89s
[evaluate-matched] done in 905.54s
[evaluate-shift] starting...
[evaluate-shift] done in 0.00s
[write-results] starting...
  wrote results to /ceph/project/P8-1/QDS/qds_v2/results/run6_kitchen_sink_822137
[write-results] done in 0.01s
[write-simplified-csv] starting...
  wrote 648573 retained points across 648573 samples to /ceph/project/P8-1/AISDATA/ML_processed_AIS_files/run_run6_kitchen_sink_2026-02-05_eval_2026-02-08_cov0p50_mixed_rs0p005_rt0p015_822137/ML_simplified_eval.csv
[write-simplified-csv] done in 1.50s
[trajectory-length-loss] starting...
  [length-loss] 1564 trajectories  avg_orig_km=114.17  avg_simp_km=99.18  avg_length_loss=0.442  avg_points_removed=2346.8
  [length-loss] filtered out 569 trajectories with orig_km < 1.00 (likely docked/stationary) from top-25 ranking

  [length-loss] Top 25 MOST distorted (highest length_loss):
  rank        mmsi     orig_km     simp_km  length_loss    kept   removed
     1   219001239        4.07        0.19        0.953     299      1692
     2   265513270       20.45        1.48        0.928       8        39
     3   219020533        3.77        0.32        0.914     587      3326
     4   220343000        1.42        0.13        0.905     100       563
     5   209075000        2.77        0.30        0.893      53       300
     6   219003113        1.97        0.23        0.885     320      1812
     7   219440000        1.32        0.15        0.885      64       357
     8   218413000        2.22        0.26        0.883      61       340
     9   219035305       13.43        1.72        0.872      78       436
    10   219021176        1.75        0.23        0.871     567      3209
    11   219798000        1.09        0.14        0.870     197      1114
    12   211611070        9.61        1.25        0.870      52       294
    13   265738540        1.40        0.18        0.869     344      1943
    14   220076700        3.14        0.44        0.861     448      2533
    15   218143000        1.19        0.17        0.858      90       505
    16   219026081        5.64        0.83        0.854     643      3643
    17   245697000        2.89        0.42        0.854      59       328
    18   219004266        2.91        0.43        0.851     271      1533
    19   258040000        2.08        0.32        0.848      54       305
    20   265540720       16.01        2.45        0.847     135       763
    21   265650950        1.86        0.29        0.847     305      1724
    22   219033037        5.59        0.86        0.847     323      1826
    23   218003000        5.00        0.77        0.846     860      4867
    24   265739650        1.39        0.22        0.844     320      1812
    25   219000881        2.07        0.32        0.844     469      2656

  [length-loss] Top 25 LEAST distorted (lowest length_loss):
  rank        mmsi     orig_km     simp_km  length_loss    kept   removed
     1   273268690       12.12       12.12        0.000      11        58
     2   258849000        5.65        5.65        0.000       5        28
     3   636019492      164.27      164.26        0.000      19       102
     4   255916022       25.50       25.50        0.000      59       334
     5   636021770       15.55       15.55        0.000      14        78
     6   538003242       36.40       36.39        0.000      59       332
     7   258059000       19.92       19.92        0.000       8        43
     8   210425000       95.04       95.04        0.000     146       821
     9   219814000       33.51       33.51        0.000       7        37
    10   311995000       99.07       99.06        0.000     180      1020
    11   229344000       37.80       37.80        0.000      62       350
    12   241689000       36.78       36.78        0.000      48       266
    13   255915977      273.15      273.10        0.000     115       651
    14   244890472       44.97       44.96        0.000     106       598
    15   235108527       44.96       44.95        0.000      68       385
    16   667001252       74.44       74.42        0.000     176       996
    17   266254000       10.67       10.67        0.000      29       159
    18   477149200       54.20       54.19        0.000     131       738
    19   351184000      116.49      116.46        0.000     298      1683
    20   212770000       70.37       70.34        0.000     129       726
    21   210387000       71.08       71.05        0.000     220      1243
    22   352002167      250.40      250.28        0.000      68       381
    23   577678000       61.67       61.64        0.000     123       696
    24   257308000      175.45      175.36        0.001     409      2313
    25   314620000       25.48       25.46        0.001      64       358
[trajectory-length-loss] done in 11.95s
[pipeline] total runtime 7583.40s

Matched-workload table
Method                     AggregateF1   Compression    AvgPtGap   Latency(ms)        Type
------------------------------------------------------------------------------------------
MLQDS                         0.244109        0.1502        6.67     244873.49         all
  - range                     0.211376                                               range
  - knn                       0.163100                                                 knn
  - similarity                0.105648                                          similarity
  - clustering                0.577320                                          clustering
Random                        0.322438        0.1508        6.65        315.22         all
  - range                     0.259906                                               range
  - knn                       0.245371                                                 knn
  - similarity                0.217999                                          similarity
  - clustering                0.643544                                          clustering
newUniformTemporal            0.320448        0.1502        6.67        136.66         all
  - range                     0.261567                                               range
  - knn                       0.244272                                                 knn
  - similarity                0.206221                                          similarity
  - clustering                0.645907                                          clustering
DouglasPeucker                0.230283        0.1502        6.67        892.98         all
  - range                     0.192036                                               range
  - knn                       0.145947                                                 knn
  - similarity                0.098296                                          similarity
  - clustering                0.569188                                          clustering
Oracle                        0.917399        0.1508        6.65        443.95         all
  - range                     0.975089                                               range
  - knn                       0.910203                                                 knn
  - similarity                0.827793                                          similarity
  - clustering                0.963706                                          clustering

Geometric-distortion table (lower is better; SED = time-synchronous, PED = perpendicular, in km)
Method                    AvgSED_km  MaxSED_km  AvgPED_km  MaxPED_km   AvgLengthL     F1x(1-L)
----------------------------------------------------------------------------------------------
MLQDS                        6.2362     111.05     3.6130      73.89       0.4429     0.135993
Random                       0.0083      55.85     0.0035      31.32       0.3087     0.222901
newUniformTemporal           0.0049      57.72     0.0015      14.42       0.3224     0.217132
DouglasPeucker               9.9229     114.59     6.2193      85.98       0.4193     0.133730
Oracle                       0.0935      60.21     0.0429      33.10       0.3352     0.609848

Distribution-shift table
Train\Eval            clustering=0.2,knn=0.4,range=0.2,similarity=0.2
---------------------------------------------------------------------
clustering=0.2,knn=0.4,range=0.2,similarity=0.2                0.2441
