[config] model=turn_aware  workload=clustering  epochs=50  n_queries=150  query_coverage=0.3  max_queries=3000  compression_ratio=0.3  lr=0.0005  pointwise_loss_weight=0.25  gradient_clip_norm=1.0  diagnostic_every=1  checkpoint_selection_metric=f1  f1_diagnostic_every=3  range_spatial_fraction=0.015  range_time_fraction=0.04
[load-data] reading train CSV: /ceph/project/P8-1/AISDATA/preprocessed_AIS_files/preprocessed_2026-02-05.csv
[load-data] reading eval CSV: /ceph/project/P8-1/AISDATA/preprocessed_AIS_files/preprocessed_2026-02-08.csv
[load-data] train=1580 eval=1564 trajectories loaded in 60.51s
[pipeline] train=1580 trajectories, eval=1564 trajectories, train_mix=clustering=1.0, eval_mix=clustering=1.0
[split] starting...
  split mode=separate CSVs  train=1343  eval=1564
  checkpoint-selection validation=237 trajectories
[split] done in 0.00s
[build-datasets] starting...
[build-datasets] done in 0.22s
[generate-workloads] starting...
  train_workload=399 queries  coverage=30.03% (1144521/3811001)
  eval_workload=385 queries  coverage=30.00% (1295763/4318960)
  selection_workload=300 queries  coverage=32.27% (186328/577411)
[generate-workloads] done in 101.74s
[write-queries-geojson] starting...
  wrote    0 range queries to /ceph/project/P8-1/AISDATA/Query_border_files/run_2026-02-05_eval_2026-02-08_cov0p30_clustering_rs0p015_rt0p04_819892/queries_range.geojson
  wrote    0 knn queries to /ceph/project/P8-1/AISDATA/Query_border_files/run_2026-02-05_eval_2026-02-08_cov0p30_clustering_rs0p015_rt0p04_819892/queries_knn.geojson
  wrote    0 similarity queries to /ceph/project/P8-1/AISDATA/Query_border_files/run_2026-02-05_eval_2026-02-08_cov0p30_clustering_rs0p015_rt0p04_819892/queries_similarity.geojson
  wrote  385 clustering queries to /ceph/project/P8-1/AISDATA/Query_border_files/run_2026-02-05_eval_2026-02-08_cov0p30_clustering_rs0p015_rt0p04_819892/queries_clustering.geojson
[write-queries-geojson] done in 0.02s
[train-model (50 epochs)] starting...
  [main] epoch 01/50  loss=0.09852395  avg_tau=+0.082  pred_std=0.0187643  select=+0.847  (131.40s)
    [main] val_query_f1=0.846867  range=0.000000  knn=0.000000  similarity=0.000000  clustering=0.846867
    [main] label_diag  clustering:pos=0.2858,p95=1.000,pairs=449606,skip=7463
  [main] epoch 02/50  loss=0.09027886  avg_tau=-0.084  pred_std=0.0410914  select=+0.847  (129.85s)  *** NEW BEST MODEL ***
    [main] val_query_f1=0.846997  range=0.000000  knn=0.000000  similarity=0.000000  clustering=0.846997
    [main] label_diag  clustering:pos=0.2858,p95=1.000,pairs=449649,skip=7463
  [main] epoch 03/50  loss=0.08576936  avg_tau=+0.007  pred_std=0.0302125  select=+0.847  (114.23s)
    [main] val_query_f1=0.846607  range=0.000000  knn=0.000000  similarity=0.000000  clustering=0.846607
    [main] label_diag  clustering:pos=0.2858,p95=1.000,pairs=449465,skip=7463
  [main] epoch 04/50  loss=0.08319927  avg_tau=+0.042  pred_std=0.0369276  select=+0.847  (120.94s)
    [main] val_query_f1=0.846607  range=0.000000  knn=0.000000  similarity=0.000000  clustering=0.846607
    [main] label_diag  clustering:pos=0.2858,p95=1.000,pairs=450054,skip=7463
  [main] epoch 05/50  loss=0.08161933  avg_tau=+0.076  pred_std=0.0330602  select=+0.843  (125.77s)
    [main] val_query_f1=0.842631  range=0.000000  knn=0.000000  similarity=0.000000  clustering=0.842631
    [main] label_diag  clustering:pos=0.2858,p95=1.000,pairs=449689,skip=7463
  [main] epoch 06/50  loss=0.08076398  avg_tau=+0.091  pred_std=0.0331037  select=+0.847  (123.67s)
    [main] val_query_f1=0.846607  range=0.000000  knn=0.000000  similarity=0.000000  clustering=0.846607
    [main] label_diag  clustering:pos=0.2858,p95=1.000,pairs=449588,skip=7463
  [main] epoch 07/50  loss=0.08031489  avg_tau=+0.027  pred_std=0.0250456  select=+0.846  (115.86s)
    [main] val_query_f1=0.846148  range=0.000000  knn=0.000000  similarity=0.000000  clustering=0.846148
    [main] label_diag  clustering:pos=0.2858,p95=1.000,pairs=449807,skip=7463
  [main] epoch 08/50  loss=0.08000121  avg_tau=-0.033  pred_std=0.0306932  select=+0.847  (123.19s)
    [main] val_query_f1=0.846562  range=0.000000  knn=0.000000  similarity=0.000000  clustering=0.846562
    [main] label_diag  clustering:pos=0.2858,p95=1.000,pairs=449413,skip=7463
  [main] epoch 09/50  loss=0.07998927  avg_tau=-0.016  pred_std=0.0320738  select=+0.847  (114.15s)
    [main] val_query_f1=0.846607  range=0.000000  knn=0.000000  similarity=0.000000  clustering=0.846607
    [main] label_diag  clustering:pos=0.2858,p95=1.000,pairs=449793,skip=7463
  [main] epoch 10/50  loss=0.07970405  avg_tau=-0.021  pred_std=0.049522  select=+0.847  (99.14s)
    [main] val_query_f1=0.846607  range=0.000000  knn=0.000000  similarity=0.000000  clustering=0.846607
    [main] label_diag  clustering:pos=0.2858,p95=1.000,pairs=449479,skip=7463
  [main] epoch 11/50  loss=0.07953945  avg_tau=+0.055  pred_std=0.0451775  select=+0.847  (117.56s)
    [main] val_query_f1=0.846607  range=0.000000  knn=0.000000  similarity=0.000000  clustering=0.846607
    [main] label_diag  clustering:pos=0.2858,p95=1.000,pairs=449218,skip=7463
  [main] epoch 12/50  loss=0.07969428  avg_tau=-0.034  pred_std=0.0453309  select=+0.847  (116.27s)
    [main] val_query_f1=0.846607  range=0.000000  knn=0.000000  similarity=0.000000  clustering=0.846607
    [main] label_diag  clustering:pos=0.2858,p95=1.000,pairs=449044,skip=7463
  [main] early stopping at epoch 12: selection score did not improve over 10 diag epochs (best_selection=+0.847, best_loss=0.09027886)
  [main] restored best diagnostic epoch 2/12 (selection=+0.847, loss=0.09027886, val_f1=0.846997)
[train-model (50 epochs)] done in 1542.59s
[save-model] starting...
  saved checkpoint to /ceph/project/P8-1/QDS/qds_v2/src/models/saved_models/model_2026-02-05_eval_2026-02-08_cov0p30_clustering_rs0p015_rt0p04_819892.pt  (epochs_trained=12, best_epoch=2, best_loss=0.09027886, train_mix=clustering=1.0, eval_mix=clustering=1.0)
[save-model] done in 0.11s
[evaluate-matched] starting...
[  eval MLQDS] starting...
[  eval MLQDS] done in 335.14s
[  eval Random] starting...
[  eval Random] done in 137.71s
[  eval UniformTemporal] starting...
[  eval UniformTemporal] done in 111.22s
[  eval newUniformTemporal] starting...
[  eval newUniformTemporal] done in 133.85s
[  eval DouglasPeucker] starting...
[  eval DouglasPeucker] done in 113.56s
[  eval Oracle] starting...
[  eval Oracle] done in 109.10s
[evaluate-matched] done in 1089.28s
[evaluate-shift] starting...
[evaluate-shift] done in 0.00s
[write-results] starting...
  wrote results to /ceph/project/P8-1/QDS/qds_v2/results
[write-results] done in 0.02s
[write-simplified-csv] starting...
  wrote 1296472 retained points across 1296472 samples to /ceph/project/P8-1/AISDATA/ML_processed_AIS_files/run_2026-02-05_eval_2026-02-08_cov0p30_clustering_rs0p015_rt0p04_819892/ML_simplified_eval.csv
[write-simplified-csv] done in 3.22s
[trajectory-length-loss] starting...
  [length-loss] 1564 trajectories  avg_orig_km=114.17  avg_simp_km=113.56  avg_length_loss=0.246  avg_points_removed=1932.5
  [length-loss] filtered out 569 trajectories with orig_km < 1.00 (likely docked/stationary) from top-25 ranking

  [length-loss] Top 25 MOST distorted (highest length_loss):
  rank        mmsi     orig_km     simp_km  length_loss    kept   removed
     1   211457860        4.02        0.89        0.777      76       176
     2   211846360        3.24        1.12        0.654      92       212
     3   219004266        2.91        1.04        0.642     542      1262
     4   265513270       20.45        7.79        0.619      15        32
     5   259447000        4.08        1.57        0.614     312       725
     6   211385020       10.99        4.39        0.601      14        31
     7   218030270       16.80        6.73        0.599     207       483
     8   245697000        2.89        1.19        0.589     117       270
     9   219001582        3.33        1.39        0.584     763      1779
    10   219003217        2.43        1.02        0.581     206       478
    11   219798000        1.09        0.46        0.579     394       917
    12   511100505        6.86        2.93        0.573     172       400
    13   219003113        1.97        0.88        0.554     640      1492
    14   220343000        1.42        0.64        0.550     199       464
    15   219440000        1.32        0.60        0.548     127       294
    16   341832000        1.19        0.56        0.532      72       166
    17   219005513        2.67        1.25        0.532     654      1523
    18   215064000        2.40        1.13        0.531     128       296
    19   219024715        3.20        1.51        0.529    1272      2966
    20   352005487        5.89        2.78        0.527     139       323
    21   219017784        1.42        0.68        0.524     156       362
    22   219021176        1.75        0.84        0.516    1133      2643
    23   219005921        1.26        0.62        0.513     423       985
    24   218003000        5.00        2.47        0.506    1719      4008
    25   219014162        2.42        1.20        0.506     871      2031

  [length-loss] Top 25 LEAST distorted (lowest length_loss):
  rank        mmsi     orig_km     simp_km  length_loss    kept   removed
     1   636019492      164.27      164.27        0.000      37        84
     2   255916022       25.50       25.50        0.000     118       275
     3   273268690       12.12       12.12        0.000      21        48
     4   311055400       97.53       97.53        0.000     441      1028
     5   636024739      112.29      112.29        0.000     408       951
     6   230618000       98.61       98.60        0.000     489      1140
     7   258849000        5.65        5.65        0.000      10        23
     8   219560000      384.96      384.96        0.000    1739      4056
     9   373267000      301.29      301.29        0.000    1270      2963
    10   219028116      436.51      436.50        0.000    1985      4631
    11   255814000      155.05      155.05        0.000     721      1682
    12   636022717      266.92      266.92        0.000    1380      3220
    13   230987000      367.62      367.62        0.000    1491      3477
    14   215857000       36.63       36.63        0.000     151       350
    15   636020533      140.00      140.00        0.000     319       742
    16   477149200       54.20       54.20        0.000     261       608
    17   255806436       88.16       88.16        0.000     398       928
    18   538011780      181.37      181.37        0.000     902      2104
    19   241689000       36.78       36.78        0.000      95       219
    20   230982000      343.48      343.48        0.000    1390      3241
    21   258059000       19.92       19.92        0.000      16        35
    22   230617000      239.92      239.92        0.000    1216      2836
    23   210425000       95.04       95.04        0.000     291       676
    24   245897000      546.18      546.17        0.000    2907      6782
    25   636018491      116.16      116.16        0.000     551      1283
[trajectory-length-loss] done in 16.23s
[pipeline] total runtime 2753.44s

Matched-workload table
Method                     AggregateF1   Compression   Latency(ms)        Type
------------------------------------------------------------------------------
MLQDS                         0.483865        0.3002     232608.59         all
  - range                     0.000000                                   range
  - knn                       0.000000                                     knn
  - similarity                0.000000                              similarity
  - clustering                0.483865                              clustering
Random                        0.482187        0.3007        474.40         all
  - range                     0.000000                                   range
  - knn                       0.000000                                     knn
  - similarity                0.000000                              similarity
  - clustering                0.482187                              clustering
UniformTemporal               0.269230        0.3009        358.44         all
  - range                     0.000000                                   range
  - knn                       0.000000                                     knn
  - similarity                0.000000                              similarity
  - clustering                0.269230                              clustering
newUniformTemporal            0.488394        0.3002        156.89         all
  - range                     0.000000                                   range
  - knn                       0.000000                                     knn
  - similarity                0.000000                              similarity
  - clustering                0.488394                              clustering
DouglasPeucker                0.253152        0.3002       1192.26         all
  - range                     0.000000                                   range
  - knn                       0.000000                                     knn
  - similarity                0.000000                              similarity
  - clustering                0.253152                              clustering
Oracle                        0.854654        0.3007        613.24         all
  - range                     0.000000                                   range
  - knn                       0.000000                                     knn
  - similarity                0.000000                              similarity
  - clustering                0.854654                              clustering

Distribution-shift table
Train\Eval                    clustering=1.0
--------------------------------------------
clustering=1.0                        0.4839
