[config] model=turn_aware  workload=clustering  epochs=50  n_queries=150  query_coverage=0.3  max_queries=3000  compression_ratio=0.3  lr=0.0005  pointwise_loss_weight=0.25  gradient_clip_norm=1.0  diagnostic_every=1  checkpoint_selection_metric=f1  f1_diagnostic_every=3  range_spatial_fraction=0.015  range_time_fraction=0.04
[load-data] reading train CSV: /ceph/project/P8-1/AISDATA/preprocessed_AIS_files/preprocessed_2026-02-05.csv
[load-data] reading eval CSV: /ceph/project/P8-1/AISDATA/preprocessed_AIS_files/preprocessed_2026-02-08.csv
[load-data] train=1580 eval=1564 trajectories loaded in 48.78s
[pipeline] train=1580 trajectories, eval=1564 trajectories, train_mix=clustering=1.0, eval_mix=clustering=1.0
[split] starting...
  split mode=separate CSVs  train=1343  eval=1564
  checkpoint-selection validation=237 trajectories
[split] done in 0.00s
[build-datasets] starting...
[build-datasets] done in 1.13s
[generate-workloads] starting...
  train_workload=150 queries  coverage=14.31% (545543/3811001)
  eval_workload=150 queries  coverage=14.20% (613493/4318960)
  selection_workload=150 queries  coverage=18.44% (106457/577411)
  WARNING: train workload stopped below requested coverage (14.31% < 30.00%); raise --n_queries or query footprint to cover more points.
  WARNING: eval workload stopped below requested coverage (14.20% < 30.00%); raise --n_queries or query footprint to cover more points.
[generate-workloads] done in 69.13s
[write-queries-geojson] starting...
  wrote    0 range queries to /ceph/project/P8-1/AISDATA/Query_border_files/run_2026-02-05_eval_2026-02-08_cov0p30_clustering_rs0p015_rt0p04_819355/queries_range.geojson
  wrote    0 knn queries to /ceph/project/P8-1/AISDATA/Query_border_files/run_2026-02-05_eval_2026-02-08_cov0p30_clustering_rs0p015_rt0p04_819355/queries_knn.geojson
  wrote    0 similarity queries to /ceph/project/P8-1/AISDATA/Query_border_files/run_2026-02-05_eval_2026-02-08_cov0p30_clustering_rs0p015_rt0p04_819355/queries_similarity.geojson
  wrote  150 clustering queries to /ceph/project/P8-1/AISDATA/Query_border_files/run_2026-02-05_eval_2026-02-08_cov0p30_clustering_rs0p015_rt0p04_819355/queries_clustering.geojson
[write-queries-geojson] done in 0.01s
[train-model (50 epochs)] starting...
  [main] epoch 01/50  loss=0.05401708  avg_tau=-0.051  pred_std=0.0227141  select=+0.870  (65.47s)
    [main] val_query_f1=0.869788  range=0.000000  knn=0.000000  similarity=0.000000  clustering=0.869788
    [main] label_diag  clustering:pos=0.1373,p95=1.000,pairs=244110,skip=10670
  [main] epoch 02/50  loss=0.05022966  avg_tau=+0.208  pred_std=0.0216485  select=+0.860  (62.35s)
    [main] val_query_f1=0.860339  range=0.000000  knn=0.000000  similarity=0.000000  clustering=0.860339
    [main] label_diag  clustering:pos=0.1373,p95=1.000,pairs=244608,skip=10670
  [main] epoch 03/50  loss=0.04774674  avg_tau=-0.139  pred_std=0.0289615  select=+0.869  (68.35s)
    [main] val_query_f1=0.869458  range=0.000000  knn=0.000000  similarity=0.000000  clustering=0.869458
    [main] label_diag  clustering:pos=0.1373,p95=1.000,pairs=244332,skip=10670
  [main] epoch 04/50  loss=0.04596534  avg_tau=-0.257  pred_std=0.0347417  select=+0.868  (75.21s)
    [main] val_query_f1=0.868398  range=0.000000  knn=0.000000  similarity=0.000000  clustering=0.868398
    [main] label_diag  clustering:pos=0.1373,p95=1.000,pairs=243926,skip=10670
  [main] epoch 05/50  loss=0.04463834  avg_tau=-0.318  pred_std=0.0320245  select=+0.871  (76.60s)  *** NEW BEST MODEL ***
    [main] val_query_f1=0.870986  range=0.000000  knn=0.000000  similarity=0.000000  clustering=0.870986
    [main] label_diag  clustering:pos=0.1373,p95=1.000,pairs=243941,skip=10670
  [main] epoch 06/50  loss=0.04379478  avg_tau=-0.312  pred_std=0.0325109  select=+0.857  (73.19s)
    [main] val_query_f1=0.856876  range=0.000000  knn=0.000000  similarity=0.000000  clustering=0.856876
    [main] label_diag  clustering:pos=0.1373,p95=1.000,pairs=243782,skip=10670
  [main] epoch 07/50  loss=0.04318761  avg_tau=+0.043  pred_std=0.0311924  select=+0.863  (76.69s)
    [main] val_query_f1=0.862614  range=0.000000  knn=0.000000  similarity=0.000000  clustering=0.862614
    [main] label_diag  clustering:pos=0.1373,p95=1.000,pairs=244374,skip=10670
  [main] epoch 08/50  loss=0.04277242  avg_tau=-0.178  pred_std=0.0404851  select=+0.869  (76.10s)
    [main] val_query_f1=0.868917  range=0.000000  knn=0.000000  similarity=0.000000  clustering=0.868917
    [main] label_diag  clustering:pos=0.1373,p95=1.000,pairs=244476,skip=10670
  [main] epoch 09/50  loss=0.04254829  avg_tau=-0.054  pred_std=0.0323422  select=+0.868  (77.73s)
    [main] val_query_f1=0.868162  range=0.000000  knn=0.000000  similarity=0.000000  clustering=0.868162
    [main] label_diag  clustering:pos=0.1373,p95=1.000,pairs=244358,skip=10670
  [main] epoch 10/50  loss=0.04241855  avg_tau=+0.070  pred_std=0.0323329  select=+0.863  (78.58s)
    [main] val_query_f1=0.862684  range=0.000000  knn=0.000000  similarity=0.000000  clustering=0.862684
    [main] label_diag  clustering:pos=0.1373,p95=1.000,pairs=244193,skip=10670
  [main] epoch 11/50  loss=0.04235064  avg_tau=+0.225  pred_std=0.0228623  select=+0.869  (80.30s)
    [main] val_query_f1=0.868618  range=0.000000  knn=0.000000  similarity=0.000000  clustering=0.868618
    [main] label_diag  clustering:pos=0.1373,p95=1.000,pairs=244468,skip=10670
  [main] epoch 12/50  loss=0.04229669  avg_tau=+0.002  pred_std=0.0238148  select=+0.869  (77.04s)
    [main] val_query_f1=0.869026  range=0.000000  knn=0.000000  similarity=0.000000  clustering=0.869026
    [main] label_diag  clustering:pos=0.1373,p95=1.000,pairs=243936,skip=10670
  [main] epoch 13/50  loss=0.04222997  avg_tau=-0.018  pred_std=0.0246649  select=+0.868  (78.41s)
    [main] val_query_f1=0.867868  range=0.000000  knn=0.000000  similarity=0.000000  clustering=0.867868
    [main] label_diag  clustering:pos=0.1373,p95=1.000,pairs=244202,skip=10670
  [main] epoch 14/50  loss=0.04222921  avg_tau=+0.108  pred_std=0.0247219  select=+0.869  (80.38s)
    [main] val_query_f1=0.869021  range=0.000000  knn=0.000000  similarity=0.000000  clustering=0.869021
    [main] label_diag  clustering:pos=0.1373,p95=1.000,pairs=244364,skip=10670
  [main] epoch 15/50  loss=0.04214594  avg_tau=+0.065  pred_std=0.0226959  select=+0.869  (77.78s)
    [main] val_query_f1=0.869101  range=0.000000  knn=0.000000  similarity=0.000000  clustering=0.869101
    [main] label_diag  clustering:pos=0.1373,p95=1.000,pairs=244000,skip=10670
  [main] early stopping at epoch 15: selection score did not improve over 10 diag epochs (best_selection=+0.871, best_loss=0.04463834)
  [main] restored best diagnostic epoch 5/15 (selection=+0.871, loss=0.04463834, val_f1=0.870986)
[train-model (50 epochs)] done in 1178.88s
[save-model] starting...
  saved checkpoint to /ceph/project/P8-1/QDS/qds_v2/src/models/saved_models/model_2026-02-05_eval_2026-02-08_cov0p30_clustering_rs0p015_rt0p04_819355.pt  (epochs_trained=15, best_epoch=5, best_loss=0.04463834, train_mix=clustering=1.0, eval_mix=clustering=1.0)
[save-model] done in 0.07s
[evaluate-matched] starting...
[  eval MLQDS] starting...
[  eval MLQDS] done in 735.87s
[  eval Random] starting...
[  eval Random] done in 55.90s
[  eval UniformTemporal] starting...
[  eval UniformTemporal] done in 49.78s
[  eval newUniformTemporal] starting...
[  eval newUniformTemporal] done in 49.72s
[  eval DouglasPeucker] starting...
[  eval DouglasPeucker] done in 64.91s
[  eval Oracle] starting...
[  eval Oracle] done in 38.66s
[evaluate-matched] done in 1043.14s
[evaluate-shift] starting...
[evaluate-shift] done in 403.73s
[write-results] starting...
  wrote results to /ceph/project/P8-1/QDS/qds_v2/results
[write-results] done in 0.02s
[write-simplified-csv] starting...
  wrote 1298585 retained points across 1298585 samples to /ceph/project/P8-1/AISDATA/ML_processed_AIS_files/run_2026-02-05_eval_2026-02-08_cov0p30_clustering_rs0p015_rt0p04_819355/ML_simplified_eval.csv
[write-simplified-csv] done in 2.57s
[trajectory-length-loss] starting...
  [length-loss] 1564 trajectories  avg_orig_km=114.17  avg_simp_km=113.38  avg_length_loss=0.248  avg_points_removed=1931.2
  [length-loss] filtered out 569 trajectories with orig_km < 1.00 (likely docked/stationary) from top-25 ranking

  [length-loss] Top 25 MOST distorted (highest length_loss):
  rank        mmsi     orig_km     simp_km  length_loss    kept   removed
     1   265513270       20.45        3.13        0.847      17        30
     2   211457860        4.02        1.07        0.735      78       174
     3   211385020       10.99        3.13        0.715      15        30
     4   211846360        3.24        1.02        0.684      93       211
     5   219004266        2.91        0.99        0.659     544      1260
     6   219001582        3.33        1.14        0.657     763      1779
     7   218030270       16.80        5.99        0.644     208       482
     8   259447000        4.08        1.46        0.643     314       723
     9   219003217        2.43        0.88        0.639     207       477
    10   219798000        1.09        0.41        0.628     395       916
    11   219005513        2.67        1.02        0.619     655      1522
    12   219024715        3.20        1.23        0.617    1273      2965
    13   258040000        2.08        0.80        0.616     110       249
    14   219003113        1.97        0.76        0.611     642      1490
    15   219005921        1.26        0.50        0.608     425       983
    16   511100505        6.86        2.70        0.607     173       399
    17   219000851        1.41        0.55        0.607     176       402
    18   219017784        1.42        0.57        0.600     158       360
    19   219021176        1.75        0.70        0.598    1135      2641
    20   219014162        2.42        0.99        0.593     872      2030
    21   229044000        3.05        1.24        0.592      58       129
    22   220343000        1.42        0.58        0.592     200       463
    23   219440000        1.32        0.54        0.588     128       293
    24   219000881        2.07        0.86        0.586     939      2186
    25   218003000        5.00        2.08        0.584    1721      4006

  [length-loss] Top 25 LEAST distorted (lowest length_loss):
  rank        mmsi     orig_km     simp_km  length_loss    kept   removed
     1   636019492      164.27      164.27        0.000      39        82
     2   255916022       25.50       25.50        0.000     120       273
     3   273268690       12.12       12.12        0.000      23        46
     4   258849000        5.65        5.65        0.000      12        21
     5   311055400       97.53       97.53        0.000     443      1026
     6   636024739      112.29      112.29        0.000     410       949
     7   215857000       36.63       36.63        0.000     153       348
     8   373267000      301.29      301.29        0.000    1271      2962
     9   230618000       98.61       98.60        0.000     491      1138
    10   219560000      384.96      384.95        0.000    1740      4055
    11   477149200       54.20       54.20        0.000     262       607
    12   311995000       99.07       99.07        0.000     362       838
    13   210425000       95.04       95.04        0.000     293       674
    14   636018491      116.16      116.16        0.000     553      1281
    15   538011780      181.37      181.37        0.000     903      2103
    16   258059000       19.92       19.92        0.000      17        34
    17   230987000      367.62      367.61        0.000    1492      3476
    18   255806436       88.16       88.15        0.000     399       927
    19   636022717      266.92      266.91        0.000    1382      3218
    20   255814000      155.05      155.04        0.000     723      1680
    21   212112000      197.89      197.89        0.000     711      1654
    22   636020533      140.00      140.00        0.000     320       741
    23   241689000       36.78       36.78        0.000      97       217
    24   538003242       36.40       36.39        0.000     119       272
    25   219814000       33.51       33.51        0.000      15        29
[trajectory-length-loss] done in 11.77s
[pipeline] total runtime 2710.47s

Matched-workload table
Method                     AggregateF1   Compression   Latency(ms)        Type
------------------------------------------------------------------------------
MLQDS                         0.446303        0.3007     665142.69         all
  - range                     0.000000                                   range
  - knn                       0.000000                                     knn
  - similarity                0.000000                              similarity
  - clustering                0.446303                              clustering
Random                        0.455273        0.3007        534.92         all
  - range                     0.000000                                   range
  - knn                       0.000000                                     knn
  - similarity                0.000000                              similarity
  - clustering                0.455273                              clustering
UniformTemporal               0.241552        0.3009        471.62         all
  - range                     0.000000                                   range
  - knn                       0.000000                                     knn
  - similarity                0.000000                              similarity
  - clustering                0.241552                              clustering
newUniformTemporal            0.467597        0.3002        190.63         all
  - range                     0.000000                                   range
  - knn                       0.000000                                     knn
  - similarity                0.000000                              similarity
  - clustering                0.467597                              clustering
DouglasPeucker                0.221216        0.3002        868.34         all
  - range                     0.000000                                   range
  - knn                       0.000000                                     knn
  - similarity                0.000000                              similarity
  - clustering                0.221216                              clustering
Oracle                        0.936605        0.3007        382.71         all
  - range                     0.000000                                   range
  - knn                       0.000000                                     knn
  - similarity                0.000000                              similarity
  - clustering                0.936605                              clustering

Distribution-shift table
Train\Eval                    clustering=1.0
--------------------------------------------
clustering=1.0                        0.4463
