[config] model=turn_aware  workload=mixed  epochs=50  n_queries=300  query_coverage=0.3  max_queries=3000  compression_ratio=0.3  lr=0.0005  pointwise_loss_weight=0.25  gradient_clip_norm=1.0  diagnostic_every=1  checkpoint_selection_metric=f1  f1_diagnostic_every=3  range_spatial_fraction=0.015  range_time_fraction=0.04
[load-data] reading train CSV: /ceph/project/P8-1/AISDATA/preprocessed_AIS_files/preprocessed_2026-02-05.csv
[load-data] reading eval CSV: /ceph/project/P8-1/AISDATA/preprocessed_AIS_files/preprocessed_2026-02-08.csv
[load-data] train=1580 eval=1564 trajectories loaded in 128.23s
[pipeline] train=1580 trajectories, eval=1564 trajectories, train_mix=clustering=0.2,knn=0.4,range=0.2,similarity=0.2, eval_mix=clustering=0.2,knn=0.4,range=0.2,similarity=0.2
[split] starting...
  split mode=separate CSVs  train=1343  eval=1564
  checkpoint-selection validation=237 trajectories
[split] done in 0.00s
[build-datasets] starting...
[build-datasets] done in 0.25s
[generate-workloads] starting...
  train_workload=300 queries  coverage=32.41% (1235043/3811001)
  eval_workload=300 queries  coverage=32.03% (1383271/4318960)
  selection_workload=600 queries  coverage=55.06% (317913/577411)
[generate-workloads] done in 78.76s
[write-queries-geojson] starting...
  wrote   72 range queries to /ceph/project/P8-1/AISDATA/Query_border_files/run_2026-02-05_eval_2026-02-08_cov0p30_mixed_rs0p015_rt0p04_819950/queries_range.geojson
  wrote  114 knn queries to /ceph/project/P8-1/AISDATA/Query_border_files/run_2026-02-05_eval_2026-02-08_cov0p30_mixed_rs0p015_rt0p04_819950/queries_knn.geojson
  wrote   57 similarity queries to /ceph/project/P8-1/AISDATA/Query_border_files/run_2026-02-05_eval_2026-02-08_cov0p30_mixed_rs0p015_rt0p04_819950/queries_similarity.geojson
  wrote   57 clustering queries to /ceph/project/P8-1/AISDATA/Query_border_files/run_2026-02-05_eval_2026-02-08_cov0p30_mixed_rs0p015_rt0p04_819950/queries_clustering.geojson
[write-queries-geojson] done in 0.12s
[train-model (50 epochs)] starting...
  [main] epoch 01/50  loss=0.01829666  avg_tau=+0.033  pred_std=0.139862  select=+0.515  (90.92s)
    [main] val_query_f1=0.514924  range=0.468708  knn=0.446815  similarity=0.380381  clustering=0.843453
    [main] label_diag  range:pos=0.0553,p95=1.000,pairs=108464,skip=12950  knn:pos=0.0093,p95=1.000,pairs=90832,skip=13726  similarity:pos=0.0030,p95=1.000,pairs=41262,skip=14327  clustering:pos=0.0518,p95=1.000,pairs=108456,skip=12990
  [main] epoch 02/50  loss=0.01584308  avg_tau=-0.099  pred_std=0.12558  select=+0.513  (107.62s)
    [main] val_query_f1=0.512709  range=0.470037  knn=0.440188  similarity=0.376780  clustering=0.847019
    [main] label_diag  range:pos=0.0553,p95=1.000,pairs=108683,skip=12950  knn:pos=0.0093,p95=1.000,pairs=90819,skip=13726  similarity:pos=0.0030,p95=1.000,pairs=41275,skip=14327  clustering:pos=0.0518,p95=1.000,pairs=108808,skip=12990
  [main] epoch 03/50  loss=0.01408552  avg_tau=-0.006  pred_std=0.132406  select=+0.511  (105.25s)
    [main] val_query_f1=0.511310  range=0.464192  knn=0.442936  similarity=0.374754  clustering=0.843512
    [main] label_diag  range:pos=0.0553,p95=1.000,pairs=108634,skip=12950  knn:pos=0.0093,p95=1.000,pairs=90894,skip=13726  similarity:pos=0.0030,p95=1.000,pairs=41191,skip=14327  clustering:pos=0.0518,p95=1.000,pairs=108557,skip=12990
  [main] epoch 04/50  loss=0.01592358  avg_tau=-0.045  pred_std=0.113406  select=+0.517  (108.54s)  *** NEW BEST MODEL ***
    [main] val_query_f1=0.517275  range=0.455294  knn=0.456372  similarity=0.389876  clustering=0.843954
    [main] label_diag  range:pos=0.0553,p95=1.000,pairs=108614,skip=12950  knn:pos=0.0093,p95=1.000,pairs=90988,skip=13726  similarity:pos=0.0030,p95=1.000,pairs=41167,skip=14327  clustering:pos=0.0518,p95=1.000,pairs=108978,skip=12990
  [main] epoch 05/50  loss=0.01367510  avg_tau=+0.073  pred_std=0.134532  select=+0.516  (132.42s)
    [main] val_query_f1=0.516292  range=0.457913  knn=0.451138  similarity=0.388903  clustering=0.846964
    [main] label_diag  range:pos=0.0553,p95=1.000,pairs=108679,skip=12950  knn:pos=0.0093,p95=1.000,pairs=90976,skip=13726  similarity:pos=0.0030,p95=1.000,pairs=41313,skip=14327  clustering:pos=0.0518,p95=1.000,pairs=108781,skip=12990
  [main] epoch 06/50  loss=0.01398684  avg_tau=-0.009  pred_std=0.130303  select=+0.512  (135.99s)
    [main] val_query_f1=0.512025  range=0.461183  knn=0.440248  similarity=0.393243  clustering=0.837915
    [main] label_diag  range:pos=0.0553,p95=1.000,pairs=108618,skip=12950  knn:pos=0.0093,p95=1.000,pairs=90859,skip=13726  similarity:pos=0.0030,p95=1.000,pairs=41254,skip=14327  clustering:pos=0.0518,p95=1.000,pairs=108370,skip=12990
  [main] epoch 07/50  loss=0.01636861  avg_tau=-0.046  pred_std=0.116326  select=+0.514  (148.93s)
    [main] val_query_f1=0.513996  range=0.460999  knn=0.446260  similarity=0.383977  clustering=0.845736
    [main] label_diag  range:pos=0.0553,p95=1.000,pairs=108517,skip=12950  knn:pos=0.0093,p95=1.000,pairs=90683,skip=13726  similarity:pos=0.0030,p95=1.000,pairs=41076,skip=14327  clustering:pos=0.0518,p95=1.000,pairs=109012,skip=12990
  [main] epoch 08/50  loss=0.01409194  avg_tau=-0.212  pred_std=0.100262  select=+0.514  (99.48s)
    [main] val_query_f1=0.513803  range=0.446751  knn=0.449898  similarity=0.392431  clustering=0.846801
    [main] label_diag  range:pos=0.0553,p95=1.000,pairs=108541,skip=12950  knn:pos=0.0093,p95=1.000,pairs=90724,skip=13726  similarity:pos=0.0030,p95=1.000,pairs=41194,skip=14327  clustering:pos=0.0518,p95=1.000,pairs=108858,skip=12990
  [main] epoch 09/50  loss=0.01506524  avg_tau=-0.123  pred_std=0.0775567  select=+0.510  (93.69s)
    [main] val_query_f1=0.509641  range=0.444495  knn=0.445093  similarity=0.388597  clustering=0.841216
    [main] label_diag  range:pos=0.0553,p95=1.000,pairs=108514,skip=12950  knn:pos=0.0093,p95=1.000,pairs=90812,skip=13726  similarity:pos=0.0030,p95=1.000,pairs=41203,skip=14327  clustering:pos=0.0518,p95=1.000,pairs=108528,skip=12990
  [main] epoch 10/50  loss=0.01208448  avg_tau=+0.102  pred_std=0.0895524  select=+0.514  (94.20s)
    [main] val_query_f1=0.513932  range=0.456785  knn=0.448941  similarity=0.390583  clustering=0.838697
    [main] label_diag  range:pos=0.0553,p95=1.000,pairs=108500,skip=12950  knn:pos=0.0093,p95=1.000,pairs=90929,skip=13726  similarity:pos=0.0030,p95=1.000,pairs=41188,skip=14327  clustering:pos=0.0518,p95=1.000,pairs=108983,skip=12990
  [main] epoch 11/50  loss=0.01302987  avg_tau=-0.039  pred_std=0.0879903  select=+0.515  (98.57s)
    [main] val_query_f1=0.515084  range=0.453834  knn=0.449913  similarity=0.392797  clustering=0.844278
    [main] label_diag  range:pos=0.0553,p95=1.000,pairs=108493,skip=12950  knn:pos=0.0093,p95=1.000,pairs=90827,skip=13726  similarity:pos=0.0030,p95=1.000,pairs=41201,skip=14327  clustering:pos=0.0518,p95=1.000,pairs=108716,skip=12990
  [main] epoch 12/50  loss=0.01508342  avg_tau=+0.214  pred_std=0.0848936  select=+0.514  (96.58s)
    [main] val_query_f1=0.514322  range=0.457653  knn=0.448231  similarity=0.392378  clustering=0.839283
    [main] label_diag  range:pos=0.0553,p95=1.000,pairs=108688,skip=12950  knn:pos=0.0093,p95=1.000,pairs=90751,skip=13726  similarity:pos=0.0030,p95=1.000,pairs=41289,skip=14327  clustering:pos=0.0518,p95=1.000,pairs=108682,skip=12990
  [main] epoch 13/50  loss=0.01222929  avg_tau=+0.021  pred_std=0.0834166  select=+0.521  (96.94s)  *** NEW BEST MODEL ***
    [main] val_query_f1=0.521238  range=0.457690  knn=0.455818  similarity=0.400145  clustering=0.852609
    [main] label_diag  range:pos=0.0553,p95=1.000,pairs=108457,skip=12950  knn:pos=0.0093,p95=1.000,pairs=90953,skip=13726  similarity:pos=0.0030,p95=1.000,pairs=41256,skip=14327  clustering:pos=0.0518,p95=1.000,pairs=108839,skip=12990
  [main] epoch 14/50  loss=0.01465383  avg_tau=+0.081  pred_std=0.0815085  select=+0.513  (100.42s)
    [main] val_query_f1=0.513317  range=0.458076  knn=0.441498  similarity=0.393481  clustering=0.845841
    [main] label_diag  range:pos=0.0553,p95=1.000,pairs=108639,skip=12950  knn:pos=0.0093,p95=1.000,pairs=90791,skip=13726  similarity:pos=0.0030,p95=1.000,pairs=41317,skip=14327  clustering:pos=0.0518,p95=1.000,pairs=108517,skip=12990
  [main] epoch 15/50  loss=0.01323702  avg_tau=+0.013  pred_std=0.0820646  select=+0.512  (100.66s)
    [main] val_query_f1=0.512425  range=0.468112  knn=0.433449  similarity=0.392076  clustering=0.846118
    [main] label_diag  range:pos=0.0553,p95=1.000,pairs=108635,skip=12950  knn:pos=0.0093,p95=1.000,pairs=90924,skip=13726  similarity:pos=0.0030,p95=1.000,pairs=41306,skip=14327  clustering:pos=0.0518,p95=1.000,pairs=108882,skip=12990
  [main] epoch 16/50  loss=0.01396616  avg_tau=+0.002  pred_std=0.0978263  select=+0.517  (90.14s)
    [main] val_query_f1=0.517333  range=0.470528  knn=0.441315  similarity=0.400752  clustering=0.844456
    [main] label_diag  range:pos=0.0553,p95=1.000,pairs=108558,skip=12950  knn:pos=0.0093,p95=1.000,pairs=90866,skip=13726  similarity:pos=0.0030,p95=1.000,pairs=41212,skip=14327  clustering:pos=0.0518,p95=1.000,pairs=108834,skip=12990
  [main] epoch 17/50  loss=0.01436862  avg_tau=+0.123  pred_std=0.0933336  select=+0.508  (92.66s)
    [main] val_query_f1=0.508038  range=0.461422  knn=0.426271  similarity=0.402104  clustering=0.835774
    [main] label_diag  range:pos=0.0553,p95=1.000,pairs=108658,skip=12950  knn:pos=0.0093,p95=1.000,pairs=90760,skip=13726  similarity:pos=0.0030,p95=1.000,pairs=41307,skip=14327  clustering:pos=0.0518,p95=1.000,pairs=108813,skip=12990
  [main] epoch 18/50  loss=0.01289832  avg_tau=-0.100  pred_std=0.103532  select=+0.509  (99.66s)
    [main] val_query_f1=0.508877  range=0.463856  knn=0.431517  similarity=0.388580  clustering=0.840168
    [main] label_diag  range:pos=0.0553,p95=1.000,pairs=108717,skip=12950  knn:pos=0.0093,p95=1.000,pairs=90928,skip=13726  similarity:pos=0.0030,p95=1.000,pairs=41243,skip=14327  clustering:pos=0.0518,p95=1.000,pairs=108427,skip=12990
  [main] epoch 19/50  loss=0.01285664  avg_tau=-0.172  pred_std=0.103807  select=+0.509  (101.45s)
    [main] val_query_f1=0.508958  range=0.466518  knn=0.426106  similarity=0.396374  clustering=0.840294
    [main] label_diag  range:pos=0.0553,p95=1.000,pairs=108609,skip=12950  knn:pos=0.0093,p95=1.000,pairs=90841,skip=13726  similarity:pos=0.0030,p95=1.000,pairs=41280,skip=14327  clustering:pos=0.0518,p95=1.000,pairs=108673,skip=12990
  [main] epoch 20/50  loss=0.01300962  avg_tau=-0.057  pred_std=0.10103  select=+0.510  (108.87s)
    [main] val_query_f1=0.510304  range=0.466157  knn=0.439278  similarity=0.376831  clustering=0.841014
    [main] label_diag  range:pos=0.0553,p95=1.000,pairs=108663,skip=12950  knn:pos=0.0093,p95=1.000,pairs=90889,skip=13726  similarity:pos=0.0030,p95=1.000,pairs=41348,skip=14327  clustering:pos=0.0518,p95=1.000,pairs=108779,skip=12990
  [main] epoch 21/50  loss=0.01363544  avg_tau=-0.012  pred_std=0.100787  select=+0.510  (111.02s)
    [main] val_query_f1=0.510281  range=0.463656  knn=0.430502  similarity=0.394168  clustering=0.844234
    [main] label_diag  range:pos=0.0553,p95=1.000,pairs=108666,skip=12950  knn:pos=0.0093,p95=1.000,pairs=90800,skip=13726  similarity:pos=0.0030,p95=1.000,pairs=41213,skip=14327  clustering:pos=0.0518,p95=1.000,pairs=108390,skip=12990
  [main] epoch 22/50  loss=0.01378381  avg_tau=+0.155  pred_std=0.0972598  select=+0.510  (99.42s)
    [main] val_query_f1=0.509585  range=0.467732  knn=0.430458  similarity=0.389980  clustering=0.839759
    [main] label_diag  range:pos=0.0553,p95=1.000,pairs=108485,skip=12950  knn:pos=0.0093,p95=1.000,pairs=90948,skip=13726  similarity:pos=0.0030,p95=1.000,pairs=41257,skip=14327  clustering:pos=0.0518,p95=1.000,pairs=108508,skip=12990
  [main] epoch 23/50  loss=0.01368299  avg_tau=+0.268  pred_std=0.0993128  select=+0.517  (98.15s)
    [main] val_query_f1=0.517266  range=0.476499  knn=0.437645  similarity=0.404769  clustering=0.839966
    [main] label_diag  range:pos=0.0553,p95=1.000,pairs=108516,skip=12950  knn:pos=0.0093,p95=1.000,pairs=90848,skip=13726  similarity:pos=0.0030,p95=1.000,pairs=41238,skip=14327  clustering:pos=0.0518,p95=1.000,pairs=108663,skip=12990
  [main] epoch 24/50  loss=0.01222469  avg_tau=+0.288  pred_std=0.100526  select=+0.517  (101.80s)
    [main] val_query_f1=0.516771  range=0.478090  knn=0.433532  similarity=0.407073  clustering=0.841295
    [main] label_diag  range:pos=0.0553,p95=1.000,pairs=108585,skip=12950  knn:pos=0.0093,p95=1.000,pairs=90747,skip=13726  similarity:pos=0.0030,p95=1.000,pairs=41253,skip=14327  clustering:pos=0.0518,p95=1.000,pairs=108811,skip=12990
  [main] epoch 25/50  loss=0.01320769  avg_tau=+0.005  pred_std=0.103924  select=+0.506  (101.68s)
    [main] val_query_f1=0.506101  range=0.463134  knn=0.420993  similarity=0.399751  clustering=0.836377
    [main] label_diag  range:pos=0.0553,p95=1.000,pairs=108558,skip=12950  knn:pos=0.0093,p95=1.000,pairs=90787,skip=13726  similarity:pos=0.0030,p95=1.000,pairs=41240,skip=14327  clustering:pos=0.0518,p95=1.000,pairs=108600,skip=12990
  [main] epoch 26/50  loss=0.01273763  avg_tau=-0.156  pred_std=0.107782  select=+0.508  (104.06s)
    [main] val_query_f1=0.508182  range=0.467845  knn=0.425439  similarity=0.397993  clustering=0.834278
    [main] label_diag  range:pos=0.0553,p95=1.000,pairs=108401,skip=12950  knn:pos=0.0093,p95=1.000,pairs=90729,skip=13726  similarity:pos=0.0030,p95=1.000,pairs=41071,skip=14327  clustering:pos=0.0518,p95=1.000,pairs=108786,skip=12990
  [main] epoch 27/50  loss=0.01353043  avg_tau=+0.108  pred_std=0.109231  select=+0.510  (104.59s)
    [main] val_query_f1=0.510079  range=0.471578  knn=0.428099  similarity=0.387035  clustering=0.845211
    [main] label_diag  range:pos=0.0553,p95=1.000,pairs=108791,skip=12950  knn:pos=0.0093,p95=1.000,pairs=90853,skip=13726  similarity:pos=0.0030,p95=1.000,pairs=41293,skip=14327  clustering:pos=0.0518,p95=1.000,pairs=108616,skip=12990
  [main] epoch 28/50  loss=0.01452574  avg_tau=-0.128  pred_std=0.109403  select=+0.507  (103.57s)
    [main] val_query_f1=0.506759  range=0.450582  knn=0.424454  similarity=0.395867  clustering=0.852479
    [main] label_diag  range:pos=0.0553,p95=1.000,pairs=108844,skip=12950  knn:pos=0.0093,p95=1.000,pairs=90925,skip=13726  similarity:pos=0.0030,p95=1.000,pairs=41364,skip=14327  clustering:pos=0.0518,p95=1.000,pairs=108916,skip=12990
  [main] epoch 29/50  loss=0.01230977  avg_tau=-0.205  pred_std=0.110124  select=+0.503  (97.65s)
    [main] val_query_f1=0.502786  range=0.460029  knn=0.420138  similarity=0.382586  clustering=0.841729
    [main] label_diag  range:pos=0.0553,p95=1.000,pairs=108409,skip=12950  knn:pos=0.0093,p95=1.000,pairs=90776,skip=13726  similarity:pos=0.0030,p95=1.000,pairs=41189,skip=14327  clustering:pos=0.0518,p95=1.000,pairs=108726,skip=12990
  [main] epoch 30/50  loss=0.01238038  avg_tau=+0.087  pred_std=0.122988  select=+0.509  (109.57s)
    [main] val_query_f1=0.509143  range=0.457065  knn=0.421855  similarity=0.415540  clustering=0.842421
    [main] label_diag  range:pos=0.0553,p95=1.000,pairs=108298,skip=12950  knn:pos=0.0093,p95=1.000,pairs=90854,skip=13726  similarity:pos=0.0030,p95=1.000,pairs=41115,skip=14327  clustering:pos=0.0518,p95=1.000,pairs=108796,skip=12990
  [main] epoch 31/50  loss=0.01402253  avg_tau=+0.200  pred_std=0.111888  select=+0.504  (111.51s)
    [main] val_query_f1=0.504008  range=0.437869  knn=0.424186  similarity=0.400086  clustering=0.850245
    [main] label_diag  range:pos=0.0553,p95=1.000,pairs=109057,skip=12950  knn:pos=0.0093,p95=1.000,pairs=90826,skip=13726  similarity:pos=0.0030,p95=1.000,pairs=41105,skip=14327  clustering:pos=0.0518,p95=1.000,pairs=108536,skip=12990
  [main] epoch 32/50  loss=0.01256017  avg_tau=+0.002  pred_std=0.121694  select=+0.512  (102.70s)
    [main] val_query_f1=0.512035  range=0.461816  knn=0.433464  similarity=0.404738  clustering=0.839246
    [main] label_diag  range:pos=0.0553,p95=1.000,pairs=108489,skip=12950  knn:pos=0.0093,p95=1.000,pairs=90730,skip=13726  similarity:pos=0.0030,p95=1.000,pairs=41169,skip=14327  clustering:pos=0.0518,p95=1.000,pairs=108838,skip=12990
  [main] epoch 33/50  loss=0.01364437  avg_tau=+0.241  pred_std=0.127953  select=+0.513  (102.06s)
    [main] val_query_f1=0.513029  range=0.468655  knn=0.431982  similarity=0.404234  clustering=0.839385
    [main] label_diag  range:pos=0.0553,p95=1.000,pairs=108362,skip=12950  knn:pos=0.0093,p95=1.000,pairs=90989,skip=13726  similarity:pos=0.0030,p95=1.000,pairs=41322,skip=14327  clustering:pos=0.0518,p95=1.000,pairs=108702,skip=12990
  [main] epoch 34/50  loss=0.01346037  avg_tau=-0.133  pred_std=0.13393  select=+0.507  (118.00s)
    [main] val_query_f1=0.507313  range=0.458320  knn=0.429317  similarity=0.393186  clustering=0.838674
    [main] label_diag  range:pos=0.0553,p95=1.000,pairs=108558,skip=12950  knn:pos=0.0093,p95=1.000,pairs=90900,skip=13726  similarity:pos=0.0030,p95=1.000,pairs=41152,skip=14327  clustering:pos=0.0518,p95=1.000,pairs=108865,skip=12990
  [main] epoch 35/50  loss=0.01322781  avg_tau=-0.300  pred_std=0.133215  select=+0.501  (118.63s)
    [main] val_query_f1=0.500907  range=0.449905  knn=0.421187  similarity=0.392375  clustering=0.832633
    [main] label_diag  range:pos=0.0553,p95=1.000,pairs=108700,skip=12950  knn:pos=0.0093,p95=1.000,pairs=90800,skip=13726  similarity:pos=0.0030,p95=1.000,pairs=41171,skip=14327  clustering:pos=0.0518,p95=1.000,pairs=108860,skip=12990
  [main] epoch 36/50  loss=0.01419804  avg_tau=+0.167  pred_std=0.123771  select=+0.502  (98.79s)
    [main] val_query_f1=0.502045  range=0.457326  knn=0.421816  similarity=0.387273  clustering=0.833175
    [main] label_diag  range:pos=0.0553,p95=1.000,pairs=108429,skip=12950  knn:pos=0.0093,p95=1.000,pairs=90895,skip=13726  similarity:pos=0.0030,p95=1.000,pairs=41130,skip=14327  clustering:pos=0.0518,p95=1.000,pairs=108673,skip=12990
  [main] epoch 37/50  loss=0.01171522  avg_tau=-0.101  pred_std=0.123531  select=+0.504  (96.07s)
    [main] val_query_f1=0.503769  range=0.455615  knn=0.425662  similarity=0.395268  clustering=0.828676
    [main] label_diag  range:pos=0.0553,p95=1.000,pairs=108625,skip=12950  knn:pos=0.0093,p95=1.000,pairs=91052,skip=13726  similarity:pos=0.0030,p95=1.000,pairs=41218,skip=14327  clustering:pos=0.0518,p95=1.000,pairs=108976,skip=12990
  [main] epoch 38/50  loss=0.01199098  avg_tau=-0.095  pred_std=0.131422  select=+0.501  (95.91s)
    [main] val_query_f1=0.501316  range=0.449346  knn=0.427696  similarity=0.381670  clustering=0.833168
    [main] label_diag  range:pos=0.0553,p95=1.000,pairs=108764,skip=12950  knn:pos=0.0093,p95=1.000,pairs=90781,skip=13726  similarity:pos=0.0030,p95=1.000,pairs=41232,skip=14327  clustering:pos=0.0518,p95=1.000,pairs=108558,skip=12990
  [main] epoch 39/50  loss=0.01227710  avg_tau=+0.074  pred_std=0.140716  select=+0.505  (101.11s)
    [main] val_query_f1=0.505433  range=0.460147  knn=0.427885  similarity=0.390943  clustering=0.831626
    [main] label_diag  range:pos=0.0553,p95=1.000,pairs=108541,skip=12950  knn:pos=0.0093,p95=1.000,pairs=91008,skip=13726  similarity:pos=0.0030,p95=1.000,pairs=41080,skip=14327  clustering:pos=0.0518,p95=1.000,pairs=108572,skip=12990
  [main] epoch 40/50  loss=0.01239203  avg_tau=+0.196  pred_std=0.127501  select=+0.501  (105.22s)
    [main] val_query_f1=0.501471  range=0.445745  knn=0.431647  similarity=0.380628  clustering=0.831621
    [main] label_diag  range:pos=0.0553,p95=1.000,pairs=108705,skip=12950  knn:pos=0.0093,p95=1.000,pairs=90789,skip=13726  similarity:pos=0.0030,p95=1.000,pairs=41168,skip=14327  clustering:pos=0.0518,p95=1.000,pairs=108725,skip=12990
  [main] epoch 41/50  loss=0.01360521  avg_tau=+0.327  pred_std=0.137754  select=+0.505  (114.91s)
    [main] val_query_f1=0.505034  range=0.455973  knn=0.431729  similarity=0.383333  clustering=0.834674
    [main] label_diag  range:pos=0.0553,p95=1.000,pairs=108757,skip=12950  knn:pos=0.0093,p95=1.000,pairs=90885,skip=13726  similarity:pos=0.0030,p95=1.000,pairs=41226,skip=14327  clustering:pos=0.0518,p95=1.000,pairs=108645,skip=12990
  [main] epoch 42/50  loss=0.01226467  avg_tau=+0.056  pred_std=0.122691  select=+0.501  (106.32s)
    [main] val_query_f1=0.501315  range=0.459943  knn=0.426737  similarity=0.373082  clustering=0.830416
    [main] label_diag  range:pos=0.0553,p95=1.000,pairs=108444,skip=12950  knn:pos=0.0093,p95=1.000,pairs=90868,skip=13726  similarity:pos=0.0030,p95=1.000,pairs=41125,skip=14327  clustering:pos=0.0518,p95=1.000,pairs=108773,skip=12990
  [main] epoch 43/50  loss=0.01204285  avg_tau=+0.179  pred_std=0.128943  select=+0.505  (91.57s)
    [main] val_query_f1=0.504704  range=0.442578  knn=0.435418  similarity=0.389777  clustering=0.835862
    [main] label_diag  range:pos=0.0553,p95=1.000,pairs=108633,skip=12950  knn:pos=0.0093,p95=1.000,pairs=90911,skip=13726  similarity:pos=0.0030,p95=1.000,pairs=41234,skip=14327  clustering:pos=0.0518,p95=1.000,pairs=108871,skip=12990
  [main] epoch 44/50  loss=0.01444813  avg_tau=+0.190  pred_std=0.122669  select=+0.500  (87.71s)
    [main] val_query_f1=0.500364  range=0.444486  knn=0.421926  similarity=0.402328  clustering=0.825126
    [main] label_diag  range:pos=0.0553,p95=1.000,pairs=108478,skip=12950  knn:pos=0.0093,p95=1.000,pairs=90952,skip=13726  similarity:pos=0.0030,p95=1.000,pairs=41294,skip=14327  clustering:pos=0.0518,p95=1.000,pairs=108748,skip=12990
  [main] epoch 45/50  loss=0.01334129  avg_tau=+0.126  pred_std=0.133134  select=+0.490  (93.39s)
    [main] val_query_f1=0.490084  range=0.437856  knn=0.407011  similarity=0.390217  clustering=0.821380
    [main] label_diag  range:pos=0.0553,p95=1.000,pairs=108186,skip=12950  knn:pos=0.0093,p95=1.000,pairs=90888,skip=13726  similarity:pos=0.0030,p95=1.000,pairs=41192,skip=14327  clustering:pos=0.0518,p95=1.000,pairs=108681,skip=12990
  [main] epoch 46/50  loss=0.01227688  avg_tau=+0.189  pred_std=0.138523  select=+0.493  (102.40s)
    [main] val_query_f1=0.492653  range=0.437500  knn=0.418126  similarity=0.370728  clustering=0.832571
    [main] label_diag  range:pos=0.0553,p95=1.000,pairs=108594,skip=12950  knn:pos=0.0093,p95=1.000,pairs=90878,skip=13726  similarity:pos=0.0030,p95=1.000,pairs=41178,skip=14327  clustering:pos=0.0518,p95=1.000,pairs=108518,skip=12990
  [main] epoch 47/50  loss=0.01231277  avg_tau=+0.049  pred_std=0.155434  select=+0.497  (108.67s)
    [main] val_query_f1=0.496910  range=0.446904  knn=0.420819  similarity=0.383955  clustering=0.824553
    [main] label_diag  range:pos=0.0553,p95=1.000,pairs=108682,skip=12950  knn:pos=0.0093,p95=1.000,pairs=90810,skip=13726  similarity:pos=0.0030,p95=1.000,pairs=41248,skip=14327  clustering:pos=0.0518,p95=1.000,pairs=108697,skip=12990
  [main] epoch 48/50  loss=0.01077043  avg_tau=-0.087  pred_std=0.17959  select=+0.499  (90.20s)
    [main] val_query_f1=0.498681  range=0.462121  knn=0.419067  similarity=0.375745  clustering=0.826545
    [main] label_diag  range:pos=0.0553,p95=1.000,pairs=108824,skip=12950  knn:pos=0.0093,p95=1.000,pairs=90867,skip=13726  similarity:pos=0.0030,p95=1.000,pairs=41268,skip=14327  clustering:pos=0.0518,p95=1.000,pairs=108534,skip=12990
  [main] epoch 49/50  loss=0.01253422  avg_tau=-0.103  pred_std=0.188178  select=+0.493  (105.13s)
    [main] val_query_f1=0.493296  range=0.452558  knn=0.407586  similarity=0.383861  clustering=0.825070
    [main] label_diag  range:pos=0.0553,p95=1.000,pairs=108750,skip=12950  knn:pos=0.0093,p95=1.000,pairs=90871,skip=13726  similarity:pos=0.0030,p95=1.000,pairs=41339,skip=14327  clustering:pos=0.0518,p95=1.000,pairs=108601,skip=12990
  [main] epoch 50/50  loss=0.01223577  avg_tau=-0.162  pred_std=0.135088  select=+0.497  (115.98s)
    [main] val_query_f1=0.496735  range=0.451791  knn=0.413184  similarity=0.388451  clustering=0.828301
    [main] label_diag  range:pos=0.0553,p95=1.000,pairs=108496,skip=12950  knn:pos=0.0093,p95=1.000,pairs=90797,skip=13726  similarity:pos=0.0030,p95=1.000,pairs=41306,skip=14327  clustering:pos=0.0518,p95=1.000,pairs=108649,skip=12990
  [main] restored best diagnostic epoch 13/50 (selection=+0.521, loss=0.01222929, val_f1=0.521238)
[train-model (50 epochs)] done in 5234.11s
[save-model] starting...
  saved checkpoint to /ceph/project/P8-1/QDS/qds_v2/src/models/saved_models/model_2026-02-05_eval_2026-02-08_cov0p30_mixed_rs0p015_rt0p04_819950.pt  (epochs_trained=50, best_epoch=13, best_loss=0.01222929, train_mix=clustering=0.2,knn=0.4,range=0.2,similarity=0.2, eval_mix=clustering=0.2,knn=0.4,range=0.2,similarity=0.2)
[save-model] done in 0.14s
[evaluate-matched] starting...
[  eval MLQDS] starting...
[  eval MLQDS] done in 210.73s
[  eval Random] starting...
[  eval Random] done in 43.36s
[  eval UniformTemporal] starting...
[  eval UniformTemporal] done in 37.18s
[  eval newUniformTemporal] starting...
[  eval newUniformTemporal] done in 43.19s
[  eval DouglasPeucker] starting...
[  eval DouglasPeucker] done in 40.71s
[  eval Oracle] starting...
[  eval Oracle] done in 39.62s
[evaluate-matched] done in 446.23s
[evaluate-shift] starting...
[evaluate-shift] done in 0.00s
[write-results] starting...
  wrote results to /ceph/project/P8-1/QDS/qds_v2/results
[write-results] done in 0.06s
[write-simplified-csv] starting...
  wrote 1296472 retained points across 1296472 samples to /ceph/project/P8-1/AISDATA/ML_processed_AIS_files/run_2026-02-05_eval_2026-02-08_cov0p30_mixed_rs0p015_rt0p04_819950/ML_simplified_eval.csv
[write-simplified-csv] done in 2.50s
[trajectory-length-loss] starting...
  [length-loss] 1564 trajectories  avg_orig_km=114.17  avg_simp_km=113.66  avg_length_loss=0.246  avg_points_removed=1932.5
  [length-loss] filtered out 569 trajectories with orig_km < 1.00 (likely docked/stationary) from top-25 ranking

  [length-loss] Top 25 MOST distorted (highest length_loss):
  rank        mmsi     orig_km     simp_km  length_loss    kept   removed
     1   211457860        4.02        0.77        0.808      76       176
     2   211846360        3.24        1.07        0.670      92       212
     3   219004266        2.91        1.00        0.656     542      1262
     4   218030270       16.80        5.82        0.654     207       483
     5   245697000        2.89        1.00        0.653     117       270
     6   265513270       20.45        7.67        0.625      15        32
     7   511100505        6.86        2.63        0.617     172       400
     8   352005487        5.89        2.32        0.606     139       323
     9   220343000        1.42        0.56        0.604     199       464
    10   219003217        2.43        0.97        0.603     206       478
    11   219440000        1.32        0.53        0.602     127       294
    12   219001582        3.33        1.34        0.599     763      1779
    13   259447000        4.08        1.64        0.599     312       725
    14   219798000        1.09        0.45        0.590     394       917
    15   258040000        2.08        0.86        0.584     108       251
    16   215064000        2.40        1.02        0.577     128       296
    17   219003113        1.97        0.83        0.577     640      1492
    18   219017784        1.42        0.61        0.574     156       362
    19   219024715        3.20        1.44        0.552    1272      2966
    20   219014162        2.42        1.12        0.537     871      2031
    21   244890000        1.13        0.53        0.533      86       200
    22   219005513        2.67        1.25        0.532     654      1523
    23   219000851        1.41        0.67        0.526     174       404
    24   341832000        1.19        0.56        0.525      72       166
    25   218003000        5.00        2.39        0.523    1719      4008

  [length-loss] Top 25 LEAST distorted (lowest length_loss):
  rank        mmsi     orig_km     simp_km  length_loss    kept   removed
     1   636019492      164.27      164.27        0.000      37        84
     2   255916022       25.50       25.50        0.000     118       275
     3   273268690       12.12       12.12        0.000      21        48
     4   230987000      367.62      367.62        0.000    1491      3477
     5   311055400       97.53       97.53        0.000     441      1028
     6   636024739      112.29      112.29        0.000     408       951
     7   230618000       98.61       98.60        0.000     489      1140
     8   258849000        5.65        5.65        0.000      10        23
     9   210568000       59.61       59.61        0.000      40        91
    10   255814000      155.05      155.05        0.000     721      1682
    11   636022717      266.92      266.92        0.000    1380      3220
    12   219560000      384.96      384.96        0.000    1739      4056
    13   636020533      140.00      140.00        0.000     319       742
    14   210425000       95.04       95.04        0.000     291       676
    15   373267000      301.29      301.29        0.000    1270      2963
    16   219028116      436.51      436.50        0.000    1985      4631
    17   477149200       54.20       54.20        0.000     261       608
    18   215857000       36.63       36.63        0.000     151       350
    19   241689000       36.78       36.78        0.000      95       219
    20   255806436       88.16       88.16        0.000     398       928
    21   352002167      250.40      250.39        0.000     135       314
    22   258059000       19.92       19.92        0.000      16        35
    23   538011780      181.37      181.37        0.000     902      2104
    24   230617000      239.92      239.92        0.000    1216      2836
    25   230982000      343.48      343.48        0.000    1390      3241
[trajectory-length-loss] done in 8.04s
[pipeline] total runtime 5770.21s

Matched-workload table
Method                     AggregateF1   Compression   Latency(ms)        Type
------------------------------------------------------------------------------
MLQDS                         0.446843        0.3002     172503.26         all
  - range                     0.460206                                   range
  - knn                       0.441949                                     knn
  - similarity                0.433250                              similarity
  - clustering                0.453522                              clustering
Random                        0.441475        0.3007        382.08         all
  - range                     0.462060                                   range
  - knn                       0.434794                                     knn
  - similarity                0.430286                              similarity
  - clustering                0.440293                              clustering
UniformTemporal               0.264272        0.3009        730.40         all
  - range                     0.416305                                   range
  - knn                       0.229377                                     knn
  - similarity                0.170539                              similarity
  - clustering                0.237751                              clustering
newUniformTemporal            0.446018        0.3002        125.16         all
  - range                     0.461699                                   range
  - knn                       0.444172                                     knn
  - similarity                0.429899                              similarity
  - clustering                0.446229                              clustering
DouglasPeucker                0.293474        0.3002        763.93         all
  - range                     0.417671                                   range
  - knn                       0.273255                                     knn
  - similarity                0.213314                              similarity
  - clustering                0.258827                              clustering
Oracle                        0.938983        0.3007        377.23         all
  - range                     0.914554                                   range
  - knn                       0.983171                                     knn
  - similarity                0.943141                              similarity
  - clustering                0.876986                              clustering

Distribution-shift table
Train\Eval            clustering=0.2,knn=0.4,range=0.2,similarity=0.2
---------------------------------------------------------------------
clustering=0.2,knn=0.4,range=0.2,similarity=0.2                0.4468
