[config] model=turn_aware  workload=mixed  epochs=75  n_queries=250  query_coverage=0.3  max_queries=5000  compression_ratio=0.15  lr=0.0005  pointwise_loss_weight=0.25  gradient_clip_norm=1.0  diagnostic_every=1  checkpoint_selection_metric=uniform_gap  f1_diagnostic_every=1  uniform_gap_weight=0.5  type_penalty_weight=1.0  range_spatial_fraction=0.015  range_time_fraction=0.04  knn_k=12  mlqds_temporal_fraction=0.5  residual_label_mode=temporal
[load-data] reading train CSV: /ceph/project/P8-1/AISDATA/preprocessed_AIS_files/preprocessed_2026-02-05.csv
[load-data] reading eval CSV: /ceph/project/P8-1/AISDATA/preprocessed_AIS_files/preprocessed_2026-02-08.csv
[load-data] train=1580 eval=1564 trajectories loaded in 72.61s
[pipeline] train=1580 trajectories, eval=1564 trajectories, train_mix=clustering=0.2,knn=0.4,range=0.2,similarity=0.2, eval_mix=clustering=0.2,knn=0.4,range=0.2,similarity=0.2
[split] starting...
  split mode=separate CSVs  train=1343  eval=1564
  checkpoint-selection validation=237 trajectories
[split] done in 0.00s
[build-datasets] starting...
[build-datasets] done in 1.63s
[generate-workloads] starting...
  train_workload=278 queries  coverage=30.29% (1154195/3811001)
  eval_workload=263 queries  coverage=30.37% (1311860/4318960)
  selection_workload=500 queries  coverage=51.02% (294583/577411)
[generate-workloads] done in 203.13s
[write-queries-geojson] starting...
  wrote   53 range queries to /ceph/project/P8-1/AISDATA/Query_border_files/run_run5_hybrid_50_2026-02-05_eval_2026-02-08_cov0p30_mixed_rs0p015_rt0p04_822136/queries_range.geojson
  wrote  105 knn queries to /ceph/project/P8-1/AISDATA/Query_border_files/run_run5_hybrid_50_2026-02-05_eval_2026-02-08_cov0p30_mixed_rs0p015_rt0p04_822136/queries_knn.geojson
  wrote   53 similarity queries to /ceph/project/P8-1/AISDATA/Query_border_files/run_run5_hybrid_50_2026-02-05_eval_2026-02-08_cov0p30_mixed_rs0p015_rt0p04_822136/queries_similarity.geojson
  wrote   52 clustering queries to /ceph/project/P8-1/AISDATA/Query_border_files/run_run5_hybrid_50_2026-02-05_eval_2026-02-08_cov0p30_mixed_rs0p015_rt0p04_822136/queries_clustering.geojson
[write-queries-geojson] done in 0.02s
[train-model (75 epochs)] starting...
  [main] validation newUniformTemporal_f1=0.341933  range=0.261207  knn=0.247002  similarity=0.212732  clustering=0.741724
  [main] epoch 01/75  loss=0.02528579  avg_tau=-0.335  pred_std=0.185904  select=+0.346  (161.96s)
    [main] val_query_f1=0.345579  range=0.260453  knn=0.250522  similarity=0.228490  clustering=0.737906
    [main] val_vs_uniform aggregate=+0.003645  type_deficit=0.000915  range=-0.000754  knn=+0.003521  similarity=+0.015758  clustering=-0.003818
    [main] label_diag  range:pos=0.0605,p95=1.000,pairs=123813,skip=12706  knn:pos=0.0193,p95=1.000,pairs=186680,skip=12555  similarity:pos=0.0033,p95=1.000,pairs=39861,skip=14344  clustering:pos=0.0554,p95=1.000,pairs=127834,skip=12741
  [main] epoch 02/75  loss=0.02275561  avg_tau=+0.140  pred_std=0.188262  select=+0.345  (154.58s)
    [main] val_query_f1=0.345253  range=0.256802  knn=0.253851  similarity=0.224358  clustering=0.737404
    [main] val_vs_uniform aggregate=+0.003320  type_deficit=0.001745  range=-0.004405  knn=+0.006849  similarity=+0.011626  clustering=-0.004320
    [main] label_diag  range:pos=0.0605,p95=1.000,pairs=123942,skip=12706  knn:pos=0.0193,p95=1.000,pairs=186643,skip=12555  similarity:pos=0.0033,p95=1.000,pairs=39791,skip=14344  clustering:pos=0.0554,p95=1.000,pairs=127651,skip=12741
  [main] epoch 03/75  loss=0.01829051  avg_tau=-0.019  pred_std=0.179104  select=+0.345  (152.27s)
    [main] val_query_f1=0.345427  range=0.248757  knn=0.259109  similarity=0.219326  clustering=0.740836
    [main] val_vs_uniform aggregate=+0.003494  type_deficit=0.002668  range=-0.012450  knn=+0.012107  similarity=+0.006594  clustering=-0.000889
    [main] label_diag  range:pos=0.0605,p95=1.000,pairs=124125,skip=12706  knn:pos=0.0193,p95=1.000,pairs=186980,skip=12555  similarity:pos=0.0033,p95=1.000,pairs=39888,skip=14344  clustering:pos=0.0554,p95=1.000,pairs=127736,skip=12741
  [main] epoch 04/75  loss=0.02114489  avg_tau=+0.053  pred_std=0.203873  select=+0.342  (143.80s)
    [main] val_query_f1=0.344574  range=0.241173  knn=0.261450  similarity=0.218656  clustering=0.740139
    [main] val_vs_uniform aggregate=+0.002640  type_deficit=0.004324  range=-0.020034  knn=+0.014448  similarity=+0.005924  clustering=-0.001585
    [main] label_diag  range:pos=0.0605,p95=1.000,pairs=123549,skip=12706  knn:pos=0.0193,p95=1.000,pairs=186738,skip=12555  similarity:pos=0.0033,p95=1.000,pairs=39823,skip=14344  clustering:pos=0.0554,p95=1.000,pairs=127651,skip=12741
  [main] epoch 05/75  loss=0.02118871  avg_tau=+0.265  pred_std=0.231675  select=+0.347  (144.90s)  *** NEW BEST MODEL ***
    [main] val_query_f1=0.347540  range=0.244807  knn=0.265313  similarity=0.221313  clustering=0.740953
    [main] val_vs_uniform aggregate=+0.005607  type_deficit=0.003434  range=-0.016400  knn=+0.018311  similarity=+0.008581  clustering=-0.000771
    [main] label_diag  range:pos=0.0605,p95=1.000,pairs=123601,skip=12706  knn:pos=0.0193,p95=1.000,pairs=186904,skip=12555  similarity:pos=0.0033,p95=1.000,pairs=39678,skip=14344  clustering:pos=0.0554,p95=1.000,pairs=128105,skip=12741
  [main] epoch 06/75  loss=0.02041681  avg_tau=+0.066  pred_std=0.254587  select=+0.352  (154.60s)  *** NEW BEST MODEL ***
    [main] val_query_f1=0.350249  range=0.247283  knn=0.269978  similarity=0.222759  clustering=0.741246
    [main] val_vs_uniform aggregate=+0.008315  type_deficit=0.002880  range=-0.013924  knn=+0.022976  similarity=+0.010027  clustering=-0.000478
    [main] label_diag  range:pos=0.0605,p95=1.000,pairs=123942,skip=12706  knn:pos=0.0193,p95=1.000,pairs=186622,skip=12555  similarity:pos=0.0033,p95=1.000,pairs=39747,skip=14344  clustering:pos=0.0554,p95=1.000,pairs=127654,skip=12741
  [main] epoch 07/75  loss=0.01851310  avg_tau=-0.097  pred_std=0.223727  select=+0.355  (143.69s)  *** NEW BEST MODEL ***
    [main] val_query_f1=0.351407  range=0.253579  knn=0.268317  similarity=0.225514  clustering=0.741312
    [main] val_vs_uniform aggregate=+0.009474  type_deficit=0.001608  range=-0.007628  knn=+0.021315  similarity=+0.012782  clustering=-0.000413
    [main] label_diag  range:pos=0.0605,p95=1.000,pairs=123879,skip=12706  knn:pos=0.0193,p95=1.000,pairs=186695,skip=12555  similarity:pos=0.0033,p95=1.000,pairs=39780,skip=14344  clustering:pos=0.0554,p95=1.000,pairs=127997,skip=12741
  [main] epoch 08/75  loss=0.02049536  avg_tau=+0.332  pred_std=0.237802  select=+0.356  (145.35s)  *** NEW BEST MODEL ***
    [main] val_query_f1=0.353132  range=0.249816  knn=0.273878  similarity=0.226266  clustering=0.741823
    [main] val_vs_uniform aggregate=+0.011199  type_deficit=0.002278  range=-0.011391  knn=+0.026876  similarity=+0.013534  clustering=+0.000099
    [main] label_diag  range:pos=0.0605,p95=1.000,pairs=124063,skip=12706  knn:pos=0.0193,p95=1.000,pairs=186613,skip=12555  similarity:pos=0.0033,p95=1.000,pairs=39877,skip=14344  clustering:pos=0.0554,p95=1.000,pairs=127313,skip=12741
  [main] epoch 09/75  loss=0.02046915  avg_tau=+0.170  pred_std=0.2433  select=+0.354  (148.26s)
    [main] val_query_f1=0.351883  range=0.248142  knn=0.270819  similarity=0.226902  clustering=0.742735
    [main] val_vs_uniform aggregate=+0.009950  type_deficit=0.002613  range=-0.013065  knn=+0.023817  similarity=+0.014170  clustering=+0.001011
    [main] label_diag  range:pos=0.0605,p95=1.000,pairs=123784,skip=12706  knn:pos=0.0193,p95=1.000,pairs=186548,skip=12555  similarity:pos=0.0033,p95=1.000,pairs=39754,skip=14344  clustering:pos=0.0554,p95=1.000,pairs=127589,skip=12741
  [main] epoch 10/75  loss=0.01962191  avg_tau=-0.054  pred_std=0.222355  select=+0.356  (150.55s)
    [main] val_query_f1=0.352742  range=0.250683  knn=0.272572  similarity=0.224395  clustering=0.743490
    [main] val_vs_uniform aggregate=+0.010809  type_deficit=0.002105  range=-0.010524  knn=+0.025570  similarity=+0.011663  clustering=+0.001766
    [main] label_diag  range:pos=0.0605,p95=1.000,pairs=123838,skip=12706  knn:pos=0.0193,p95=1.000,pairs=186903,skip=12555  similarity:pos=0.0033,p95=1.000,pairs=39852,skip=14344  clustering:pos=0.0554,p95=1.000,pairs=127510,skip=12741
  [main] epoch 11/75  loss=0.01994985  avg_tau=-0.055  pred_std=0.224144  select=+0.353  (148.74s)
    [main] val_query_f1=0.351227  range=0.247722  knn=0.271103  similarity=0.222938  clustering=0.743270
    [main] val_vs_uniform aggregate=+0.009294  type_deficit=0.002697  range=-0.013486  knn=+0.024102  similarity=+0.010206  clustering=+0.001546
    [main] label_diag  range:pos=0.0605,p95=1.000,pairs=124113,skip=12706  knn:pos=0.0193,p95=1.000,pairs=186989,skip=12555  similarity:pos=0.0033,p95=1.000,pairs=39820,skip=14344  clustering:pos=0.0554,p95=1.000,pairs=127845,skip=12741
  [main] epoch 12/75  loss=0.01850908  avg_tau=-0.027  pred_std=0.203649  select=+0.355  (152.28s)
    [main] val_query_f1=0.351626  range=0.252077  knn=0.268261  similarity=0.226233  clustering=0.743296
    [main] val_vs_uniform aggregate=+0.009692  type_deficit=0.001826  range=-0.009130  knn=+0.021259  similarity=+0.013501  clustering=+0.001572
    [main] label_diag  range:pos=0.0605,p95=1.000,pairs=123929,skip=12706  knn:pos=0.0193,p95=1.000,pairs=186559,skip=12555  similarity:pos=0.0033,p95=1.000,pairs=39874,skip=14344  clustering:pos=0.0554,p95=1.000,pairs=127887,skip=12741
  [main] epoch 13/75  loss=0.01946584  avg_tau=+0.055  pred_std=0.206447  select=+0.361  (149.71s)  *** NEW BEST MODEL ***
    [main] val_query_f1=0.355748  range=0.254401  knn=0.277386  similarity=0.225438  clustering=0.744128
    [main] val_vs_uniform aggregate=+0.013814  type_deficit=0.001361  range=-0.006806  knn=+0.030384  similarity=+0.012706  clustering=+0.002404
    [main] label_diag  range:pos=0.0605,p95=1.000,pairs=124128,skip=12706  knn:pos=0.0193,p95=1.000,pairs=186816,skip=12555  similarity:pos=0.0033,p95=1.000,pairs=39814,skip=14344  clustering:pos=0.0554,p95=1.000,pairs=127434,skip=12741
  [main] epoch 14/75  loss=0.01809234  avg_tau=-0.081  pred_std=0.197607  select=+0.365  (151.18s)  *** NEW BEST MODEL ***
    [main] val_query_f1=0.358377  range=0.251862  knn=0.284689  similarity=0.227576  clustering=0.743068
    [main] val_vs_uniform aggregate=+0.016443  type_deficit=0.001869  range=-0.009345  knn=+0.037687  similarity=+0.014844  clustering=+0.001344
    [main] label_diag  range:pos=0.0605,p95=1.000,pairs=123965,skip=12706  knn:pos=0.0193,p95=1.000,pairs=186826,skip=12555  similarity:pos=0.0033,p95=1.000,pairs=39762,skip=14344  clustering:pos=0.0554,p95=1.000,pairs=127817,skip=12741
  [main] epoch 15/75  loss=0.01969948  avg_tau=-0.061  pred_std=0.212057  select=+0.359  (146.82s)
    [main] val_query_f1=0.354504  range=0.250390  knn=0.278411  similarity=0.219557  clustering=0.745752
    [main] val_vs_uniform aggregate=+0.012571  type_deficit=0.002163  range=-0.010817  knn=+0.031409  similarity=+0.006826  clustering=+0.004028
    [main] label_diag  range:pos=0.0605,p95=1.000,pairs=123721,skip=12706  knn:pos=0.0193,p95=1.000,pairs=186684,skip=12555  similarity:pos=0.0033,p95=1.000,pairs=39790,skip=14344  clustering:pos=0.0554,p95=1.000,pairs=128084,skip=12741
  [main] epoch 16/75  loss=0.01911349  avg_tau=+0.092  pred_std=0.208366  select=+0.359  (144.71s)
    [main] val_query_f1=0.355101  range=0.247128  knn=0.280820  similarity=0.223380  clustering=0.743356
    [main] val_vs_uniform aggregate=+0.013167  type_deficit=0.002816  range=-0.014080  knn=+0.033818  similarity=+0.010648  clustering=+0.001632
    [main] label_diag  range:pos=0.0605,p95=1.000,pairs=123802,skip=12706  knn:pos=0.0193,p95=1.000,pairs=186720,skip=12555  similarity:pos=0.0033,p95=1.000,pairs=39812,skip=14344  clustering:pos=0.0554,p95=1.000,pairs=127612,skip=12741
  [main] epoch 17/75  loss=0.01958067  avg_tau=+0.150  pred_std=0.212033  select=+0.353  (146.83s)
    [main] val_query_f1=0.350918  range=0.248334  knn=0.274704  similarity=0.215460  clustering=0.741388
    [main] val_vs_uniform aggregate=+0.008985  type_deficit=0.002642  range=-0.012873  knn=+0.027703  similarity=+0.002728  clustering=-0.000336
    [main] label_diag  range:pos=0.0605,p95=1.000,pairs=123844,skip=12706  knn:pos=0.0193,p95=1.000,pairs=187015,skip=12555  similarity:pos=0.0033,p95=1.000,pairs=39782,skip=14344  clustering:pos=0.0554,p95=1.000,pairs=127731,skip=12741
  [main] epoch 18/75  loss=0.02037871  avg_tau=+0.003  pred_std=0.22505  select=+0.358  (145.26s)
    [main] val_query_f1=0.353814  range=0.250450  knn=0.277735  similarity=0.220307  clustering=0.742843
    [main] val_vs_uniform aggregate=+0.011880  type_deficit=0.002151  range=-0.010757  knn=+0.030733  similarity=+0.007575  clustering=+0.001119
    [main] label_diag  range:pos=0.0605,p95=1.000,pairs=123769,skip=12706  knn:pos=0.0193,p95=1.000,pairs=186881,skip=12555  similarity:pos=0.0033,p95=1.000,pairs=39845,skip=14344  clustering:pos=0.0554,p95=1.000,pairs=128003,skip=12741
  [main] epoch 19/75  loss=0.02056187  avg_tau=+0.125  pred_std=0.247786  select=+0.360  (143.39s)
    [main] val_query_f1=0.355730  range=0.247975  knn=0.281470  similarity=0.221648  clustering=0.746086
    [main] val_vs_uniform aggregate=+0.013797  type_deficit=0.002646  range=-0.013232  knn=+0.034468  similarity=+0.008916  clustering=+0.004362
    [main] label_diag  range:pos=0.0605,p95=1.000,pairs=123939,skip=12706  knn:pos=0.0193,p95=1.000,pairs=186786,skip=12555  similarity:pos=0.0033,p95=1.000,pairs=39755,skip=14344  clustering:pos=0.0554,p95=1.000,pairs=128054,skip=12741
  [main] epoch 20/75  loss=0.01997155  avg_tau=-0.059  pred_std=0.251639  select=+0.358  (137.64s)
    [main] val_query_f1=0.354504  range=0.245114  knn=0.279658  similarity=0.223727  clustering=0.744361
    [main] val_vs_uniform aggregate=+0.012570  type_deficit=0.003219  range=-0.016093  knn=+0.032656  similarity=+0.010995  clustering=+0.002637
    [main] label_diag  range:pos=0.0605,p95=1.000,pairs=124176,skip=12706  knn:pos=0.0193,p95=1.000,pairs=187039,skip=12555  similarity:pos=0.0033,p95=1.000,pairs=39653,skip=14344  clustering:pos=0.0554,p95=1.000,pairs=127677,skip=12741
  [main] epoch 21/75  loss=0.01962573  avg_tau=-0.300  pred_std=0.233919  select=+0.353  (144.27s)
    [main] val_query_f1=0.352450  range=0.238353  knn=0.277988  similarity=0.222551  clustering=0.745369
    [main] val_vs_uniform aggregate=+0.010516  type_deficit=0.004571  range=-0.022854  knn=+0.030986  similarity=+0.009819  clustering=+0.003645
    [main] label_diag  range:pos=0.0605,p95=1.000,pairs=123959,skip=12706  knn:pos=0.0193,p95=1.000,pairs=186824,skip=12555  similarity:pos=0.0033,p95=1.000,pairs=39807,skip=14344  clustering:pos=0.0554,p95=1.000,pairs=127864,skip=12741
  [main] epoch 22/75  loss=0.01954622  avg_tau=+0.238  pred_std=0.249158  select=+0.349  (184.60s)
    [main] val_query_f1=0.350283  range=0.236320  knn=0.279546  similarity=0.211605  clustering=0.744397
    [main] val_vs_uniform aggregate=+0.008350  type_deficit=0.005203  range=-0.024887  knn=+0.032545  similarity=-0.001127  clustering=+0.002673
    [main] label_diag  range:pos=0.0605,p95=1.000,pairs=123787,skip=12706  knn:pos=0.0193,p95=1.000,pairs=186844,skip=12555  similarity:pos=0.0033,p95=1.000,pairs=39883,skip=14344  clustering:pos=0.0554,p95=1.000,pairs=127798,skip=12741
  [main] epoch 23/75  loss=0.02010985  avg_tau=-0.115  pred_std=0.247533  select=+0.353  (180.33s)
    [main] val_query_f1=0.352947  range=0.234976  knn=0.281247  similarity=0.218964  clustering=0.748300
    [main] val_vs_uniform aggregate=+0.011013  type_deficit=0.005246  range=-0.026231  knn=+0.034245  similarity=+0.006232  clustering=+0.006576
    [main] label_diag  range:pos=0.0605,p95=1.000,pairs=123725,skip=12706  knn:pos=0.0193,p95=1.000,pairs=186800,skip=12555  similarity:pos=0.0033,p95=1.000,pairs=39840,skip=14344  clustering:pos=0.0554,p95=1.000,pairs=127810,skip=12741
  [main] epoch 24/75  loss=0.02035024  avg_tau=+0.004  pred_std=0.265092  select=+0.351  (179.47s)
    [main] val_query_f1=0.351814  range=0.229939  knn=0.282379  similarity=0.213652  clustering=0.750722
    [main] val_vs_uniform aggregate=+0.009881  type_deficit=0.006254  range=-0.031268  knn=+0.035377  similarity=+0.000920  clustering=+0.008998
    [main] label_diag  range:pos=0.0605,p95=1.000,pairs=124051,skip=12706  knn:pos=0.0193,p95=1.000,pairs=186853,skip=12555  similarity:pos=0.0033,p95=1.000,pairs=39809,skip=14344  clustering:pos=0.0554,p95=1.000,pairs=127717,skip=12741
  [main] epoch 25/75  loss=0.01926206  avg_tau=+0.024  pred_std=0.255749  select=+0.350  (177.76s)
    [main] val_query_f1=0.350523  range=0.234893  knn=0.278294  similarity=0.215546  clustering=0.745588
    [main] val_vs_uniform aggregate=+0.008589  type_deficit=0.005263  range=-0.026315  knn=+0.031292  similarity=+0.002814  clustering=+0.003864
    [main] label_diag  range:pos=0.0605,p95=1.000,pairs=123795,skip=12706  knn:pos=0.0193,p95=1.000,pairs=186651,skip=12555  similarity:pos=0.0033,p95=1.000,pairs=39696,skip=14344  clustering:pos=0.0554,p95=1.000,pairs=128134,skip=12741
  [main] epoch 26/75  loss=0.01844134  avg_tau=-0.249  pred_std=0.233502  select=+0.357  (177.98s)
    [main] val_query_f1=0.354377  range=0.243293  knn=0.280879  similarity=0.220755  clustering=0.746078
    [main] val_vs_uniform aggregate=+0.012443  type_deficit=0.003583  range=-0.017914  knn=+0.033877  similarity=+0.008023  clustering=+0.004354
    [main] label_diag  range:pos=0.0605,p95=1.000,pairs=123950,skip=12706  knn:pos=0.0193,p95=1.000,pairs=186695,skip=12555  similarity:pos=0.0033,p95=1.000,pairs=39952,skip=14344  clustering:pos=0.0554,p95=1.000,pairs=127948,skip=12741
  [main] epoch 27/75  loss=0.01830422  avg_tau=-0.069  pred_std=0.231053  select=+0.348  (104.70s)
    [main] val_query_f1=0.349284  range=0.238364  knn=0.274283  similarity=0.214690  clustering=0.744799
    [main] val_vs_uniform aggregate=+0.007350  type_deficit=0.004569  range=-0.022844  knn=+0.027281  similarity=+0.001959  clustering=+0.003075
    [main] label_diag  range:pos=0.0605,p95=1.000,pairs=123924,skip=12706  knn:pos=0.0193,p95=1.000,pairs=187017,skip=12555  similarity:pos=0.0033,p95=1.000,pairs=39742,skip=14344  clustering:pos=0.0554,p95=1.000,pairs=127902,skip=12741
  [main] epoch 28/75  loss=0.02057089  avg_tau=+0.081  pred_std=0.261443  select=+0.346  (191.39s)
    [main] val_query_f1=0.346601  range=0.247183  knn=0.262914  similarity=0.213584  clustering=0.746413
    [main] val_vs_uniform aggregate=+0.004668  type_deficit=0.002805  range=-0.014024  knn=+0.015912  similarity=+0.000852  clustering=+0.004689
    [main] label_diag  range:pos=0.0605,p95=1.000,pairs=124070,skip=12706  knn:pos=0.0193,p95=1.000,pairs=186672,skip=12555  similarity:pos=0.0033,p95=1.000,pairs=39858,skip=14344  clustering:pos=0.0554,p95=1.000,pairs=127808,skip=12741
  [main] epoch 29/75  loss=0.01741833  avg_tau=+0.011  pred_std=0.237045  select=+0.357  (170.95s)
    [main] val_query_f1=0.352105  range=0.264623  knn=0.268028  similarity=0.217139  clustering=0.742707
    [main] val_vs_uniform aggregate=+0.010172  type_deficit=0.000000  range=+0.003416  knn=+0.021026  similarity=+0.004407  clustering=+0.000983
    [main] label_diag  range:pos=0.0605,p95=1.000,pairs=123770,skip=12706  knn:pos=0.0193,p95=1.000,pairs=186802,skip=12555  similarity:pos=0.0033,p95=1.000,pairs=39776,skip=14344  clustering:pos=0.0554,p95=1.000,pairs=128060,skip=12741
  [main] epoch 30/75  loss=0.01970115  avg_tau=+0.361  pred_std=0.254402  select=+0.350  (163.16s)
    [main] val_query_f1=0.348382  range=0.252936  knn=0.266663  similarity=0.212917  clustering=0.742731
    [main] val_vs_uniform aggregate=+0.006449  type_deficit=0.001654  range=-0.008271  knn=+0.019661  similarity=+0.000185  clustering=+0.001007
    [main] label_diag  range:pos=0.0605,p95=1.000,pairs=123954,skip=12706  knn:pos=0.0193,p95=1.000,pairs=186410,skip=12555  similarity:pos=0.0033,p95=1.000,pairs=39793,skip=14344  clustering:pos=0.0554,p95=1.000,pairs=127772,skip=12741
  [main] epoch 31/75  loss=0.02017170  avg_tau=+0.035  pred_std=0.271561  select=+0.345  (153.53s)
    [main] val_query_f1=0.346914  range=0.241328  knn=0.269915  similarity=0.209192  clustering=0.744220
    [main] val_vs_uniform aggregate=+0.004981  type_deficit=0.004684  range=-0.019879  knn=+0.022914  similarity=-0.003540  clustering=+0.002496
    [main] label_diag  range:pos=0.0605,p95=1.000,pairs=123730,skip=12706  knn:pos=0.0193,p95=1.000,pairs=187021,skip=12555  similarity:pos=0.0033,p95=1.000,pairs=39709,skip=14344  clustering:pos=0.0554,p95=1.000,pairs=127735,skip=12741
  [main] epoch 32/75  loss=0.01992452  avg_tau=+0.006  pred_std=0.274516  select=+0.353  (134.96s)
    [main] val_query_f1=0.351078  range=0.251168  knn=0.275244  similarity=0.211956  clustering=0.741776
    [main] val_vs_uniform aggregate=+0.009144  type_deficit=0.002163  range=-0.010039  knn=+0.028242  similarity=-0.000776  clustering=+0.000052
    [main] label_diag  range:pos=0.0605,p95=1.000,pairs=123757,skip=12706  knn:pos=0.0193,p95=1.000,pairs=186832,skip=12555  similarity:pos=0.0033,p95=1.000,pairs=39887,skip=14344  clustering:pos=0.0554,p95=1.000,pairs=127884,skip=12741
  [main] epoch 33/75  loss=0.01754252  avg_tau=+0.007  pred_std=0.251787  select=+0.353  (166.23s)
    [main] val_query_f1=0.351201  range=0.249244  knn=0.273510  similarity=0.210744  clustering=0.748995
    [main] val_vs_uniform aggregate=+0.009267  type_deficit=0.002790  range=-0.011963  knn=+0.026508  similarity=-0.001988  clustering=+0.007271
    [main] label_diag  range:pos=0.0605,p95=1.000,pairs=123826,skip=12706  knn:pos=0.0193,p95=1.000,pairs=187048,skip=12555  similarity:pos=0.0033,p95=1.000,pairs=39854,skip=14344  clustering:pos=0.0554,p95=1.000,pairs=127833,skip=12741
  [main] epoch 34/75  loss=0.01960943  avg_tau=-0.035  pred_std=0.261339  select=+0.334  (171.22s)
    [main] val_query_f1=0.342530  range=0.231895  knn=0.266328  similarity=0.198922  clustering=0.749177
    [main] val_vs_uniform aggregate=+0.000597  type_deficit=0.008625  range=-0.029313  knn=+0.019326  similarity=-0.013810  clustering=+0.007453
    [main] label_diag  range:pos=0.0605,p95=1.000,pairs=123781,skip=12706  knn:pos=0.0193,p95=1.000,pairs=186670,skip=12555  similarity:pos=0.0033,p95=1.000,pairs=39714,skip=14344  clustering:pos=0.0554,p95=1.000,pairs=127915,skip=12741
  [main] epoch 35/75  loss=0.01881167  avg_tau=-0.303  pred_std=0.259924  select=+0.349  (260.20s)
    [main] val_query_f1=0.348283  range=0.250620  knn=0.265430  similarity=0.210063  clustering=0.749872
    [main] val_vs_uniform aggregate=+0.006350  type_deficit=0.002651  range=-0.010587  knn=+0.018428  similarity=-0.002669  clustering=+0.008148
    [main] label_diag  range:pos=0.0605,p95=1.000,pairs=123875,skip=12706  knn:pos=0.0193,p95=1.000,pairs=187013,skip=12555  similarity:pos=0.0033,p95=1.000,pairs=39744,skip=14344  clustering:pos=0.0554,p95=1.000,pairs=127834,skip=12741
  [main] epoch 36/75  loss=0.01946324  avg_tau=-0.079  pred_std=0.260535  select=+0.348  (437.40s)
    [main] val_query_f1=0.348490  range=0.243602  knn=0.268128  similarity=0.212752  clustering=0.749838
    [main] val_vs_uniform aggregate=+0.006556  type_deficit=0.003521  range=-0.017605  knn=+0.021126  similarity=+0.000020  clustering=+0.008114
    [main] label_diag  range:pos=0.0605,p95=1.000,pairs=123536,skip=12706  knn:pos=0.0193,p95=1.000,pairs=186858,skip=12555  similarity:pos=0.0033,p95=1.000,pairs=39844,skip=14344  clustering:pos=0.0554,p95=1.000,pairs=127654,skip=12741
  [main] epoch 37/75  loss=0.01752875  avg_tau=-0.120  pred_std=0.248181  select=+0.343  (415.75s)
    [main] val_query_f1=0.345411  range=0.252771  knn=0.266210  similarity=0.206440  clustering=0.735421
    [main] val_vs_uniform aggregate=+0.003477  type_deficit=0.004206  range=-0.008436  knn=+0.019208  similarity=-0.006292  clustering=-0.006303
    [main] label_diag  range:pos=0.0605,p95=1.000,pairs=123909,skip=12706  knn:pos=0.0193,p95=1.000,pairs=187095,skip=12555  similarity:pos=0.0033,p95=1.000,pairs=39901,skip=14344  clustering:pos=0.0554,p95=1.000,pairs=127689,skip=12741
  [main] epoch 38/75  loss=0.01614198  avg_tau=+0.167  pred_std=0.22824  select=+0.337  (412.13s)
    [main] val_query_f1=0.342573  range=0.242548  knn=0.263414  similarity=0.202729  clustering=0.740760
    [main] val_vs_uniform aggregate=+0.000640  type_deficit=0.005925  range=-0.018659  knn=+0.016412  similarity=-0.010003  clustering=-0.000964
    [main] label_diag  range:pos=0.0605,p95=1.000,pairs=123979,skip=12706  knn:pos=0.0193,p95=1.000,pairs=186342,skip=12555  similarity:pos=0.0033,p95=1.000,pairs=39789,skip=14344  clustering:pos=0.0554,p95=1.000,pairs=127619,skip=12741
  [main] epoch 39/75  loss=0.01657023  avg_tau=-0.120  pred_std=0.230443  select=+0.348  (436.01s)
    [main] val_query_f1=0.348222  range=0.244653  knn=0.270160  similarity=0.214871  clustering=0.741267
    [main] val_vs_uniform aggregate=+0.006289  type_deficit=0.003402  range=-0.016554  knn=+0.023158  similarity=+0.002140  clustering=-0.000457
    [main] label_diag  range:pos=0.0605,p95=1.000,pairs=123764,skip=12706  knn:pos=0.0193,p95=1.000,pairs=186723,skip=12555  similarity:pos=0.0033,p95=1.000,pairs=39743,skip=14344  clustering:pos=0.0554,p95=1.000,pairs=128077,skip=12741
  [main] early stopping at epoch 39: selection score did not improve over 25 diag epochs (best_selection=+0.365, best_loss=0.01809234)
  [main] restored best diagnostic epoch 14/39 (selection=+0.365, loss=0.01809234, val_f1=0.358377)
[train-model (75 epochs)] done in 7450.74s
[save-model] starting...
  saved checkpoint to /ceph/project/P8-1/QDS/qds_v2/src/models/saved_models/model_run5_hybrid_50_2026-02-05_eval_2026-02-08_cov0p30_mixed_rs0p015_rt0p04_822136.pt  (epochs_trained=39, best_epoch=14, best_loss=0.01809234, train_mix=clustering=0.2,knn=0.4,range=0.2,similarity=0.2, eval_mix=clustering=0.2,knn=0.4,range=0.2,similarity=0.2)
[save-model] done in 0.34s
[evaluate-matched] starting...
[  eval MLQDS] starting...
