[config] model=turn_aware  workload=clustering  epochs=50  n_queries=75  query_coverage=0.15  max_queries=3000  compression_ratio=0.15  lr=0.0005  pointwise_loss_weight=0.25  gradient_clip_norm=1.0  diagnostic_every=1  checkpoint_selection_metric=uniform_gap  f1_diagnostic_every=1  uniform_gap_weight=0.5  type_penalty_weight=1.0  range_spatial_fraction=0.015  range_time_fraction=0.04  knn_k=12  mlqds_temporal_fraction=0.75  residual_label_mode=temporal
[load-data] reading train CSV: /ceph/project/P8-1/AISDATA/preprocessed_AIS_files/preprocessed_2026-02-05.csv
[load-data] reading eval CSV: /ceph/project/P8-1/AISDATA/preprocessed_AIS_files/preprocessed_2026-02-08.csv
[load-data] train=1580 eval=1564 trajectories loaded in 86.79s
[pipeline] train=1580 trajectories, eval=1564 trajectories, train_mix=clustering=1.0, eval_mix=clustering=1.0
[split] starting...
  split mode=separate CSVs  train=1343  eval=1564
  checkpoint-selection validation=237 trajectories
[split] done in 0.00s
[build-datasets] starting...
[build-datasets] done in 0.21s
[generate-workloads] starting...
  train_workload=160 queries  coverage=15.05% (573641/3811001)
  eval_workload=160 queries  coverage=15.02% (648760/4318960)
  selection_workload=150 queries  coverage=18.24% (105305/577411)
[generate-workloads] done in 47.23s
[write-queries-geojson] starting...
  wrote    0 range queries to /ceph/project/P8-1/AISDATA/Query_border_files/run_2026-02-05_eval_2026-02-08_cov0p15_clustering_rs0p015_rt0p04_821189/queries_range.geojson
  wrote    0 knn queries to /ceph/project/P8-1/AISDATA/Query_border_files/run_2026-02-05_eval_2026-02-08_cov0p15_clustering_rs0p015_rt0p04_821189/queries_knn.geojson
  wrote    0 similarity queries to /ceph/project/P8-1/AISDATA/Query_border_files/run_2026-02-05_eval_2026-02-08_cov0p15_clustering_rs0p015_rt0p04_821189/queries_similarity.geojson
  wrote  160 clustering queries to /ceph/project/P8-1/AISDATA/Query_border_files/run_2026-02-05_eval_2026-02-08_cov0p15_clustering_rs0p015_rt0p04_821189/queries_clustering.geojson
[write-queries-geojson] done in 0.01s
[train-model (50 epochs)] starting...
  [main] validation newUniformTemporal_f1=0.833259  range=0.000000  knn=0.000000  similarity=0.000000  clustering=0.833259
  [main] epoch 01/50  loss=0.05702671  avg_tau=-0.245  pred_std=0.02373  select=+0.827  (91.74s)
    [main] val_query_f1=0.830748  range=0.000000  knn=0.000000  similarity=0.000000  clustering=0.830748
    [main] val_vs_uniform aggregate=-0.002510  type_deficit=0.002510  range=+0.000000  knn=+0.000000  similarity=+0.000000  clustering=-0.002510
    [main] label_diag  clustering:pos=0.1447,p95=1.000,pairs=255798,skip=10456
  [main] epoch 02/50  loss=0.05259709  avg_tau=+0.011  pred_std=0.0203701  select=+0.831  (87.53s)  *** NEW BEST MODEL ***
    [main] val_query_f1=0.832547  range=0.000000  knn=0.000000  similarity=0.000000  clustering=0.832547
    [main] val_vs_uniform aggregate=-0.000711  type_deficit=0.000711  range=+0.000000  knn=+0.000000  similarity=+0.000000  clustering=-0.000711
    [main] label_diag  clustering:pos=0.1447,p95=1.000,pairs=256166,skip=10456
  [main] epoch 03/50  loss=0.04985478  avg_tau=-0.000  pred_std=0.0245191  select=+0.828  (81.26s)
    [main] val_query_f1=0.831325  range=0.000000  knn=0.000000  similarity=0.000000  clustering=0.831325
    [main] val_vs_uniform aggregate=-0.001934  type_deficit=0.001934  range=+0.000000  knn=+0.000000  similarity=+0.000000  clustering=-0.001934
    [main] label_diag  clustering:pos=0.1447,p95=1.000,pairs=256197,skip=10456
  [main] epoch 04/50  loss=0.04808250  avg_tau=-0.172  pred_std=0.025644  select=+0.828  (76.41s)
    [main] val_query_f1=0.831228  range=0.000000  knn=0.000000  similarity=0.000000  clustering=0.831228
    [main] val_vs_uniform aggregate=-0.002031  type_deficit=0.002031  range=+0.000000  knn=+0.000000  similarity=+0.000000  clustering=-0.002031
    [main] label_diag  clustering:pos=0.1447,p95=1.000,pairs=255737,skip=10456
  [main] epoch 05/50  loss=0.04672289  avg_tau=+0.290  pred_std=0.0339951  select=+0.823  (75.89s)
    [main] val_query_f1=0.829280  range=0.000000  knn=0.000000  similarity=0.000000  clustering=0.829280
    [main] val_vs_uniform aggregate=-0.003979  type_deficit=0.003979  range=+0.000000  knn=+0.000000  similarity=+0.000000  clustering=-0.003979
    [main] label_diag  clustering:pos=0.1447,p95=1.000,pairs=255612,skip=10456
  [main] epoch 06/50  loss=0.04587139  avg_tau=+0.134  pred_std=0.0298226  select=+0.827  (73.02s)
    [main] val_query_f1=0.830794  range=0.000000  knn=0.000000  similarity=0.000000  clustering=0.830794
    [main] val_vs_uniform aggregate=-0.002465  type_deficit=0.002465  range=+0.000000  knn=+0.000000  similarity=+0.000000  clustering=-0.002465
    [main] label_diag  clustering:pos=0.1447,p95=1.000,pairs=255764,skip=10456
  [main] epoch 07/50  loss=0.04533102  avg_tau=-0.044  pred_std=0.0328509  select=+0.830  (86.03s)
    [main] val_query_f1=0.832009  range=0.000000  knn=0.000000  similarity=0.000000  clustering=0.832009
    [main] val_vs_uniform aggregate=-0.001250  type_deficit=0.001250  range=+0.000000  knn=+0.000000  similarity=+0.000000  clustering=-0.001250
    [main] label_diag  clustering:pos=0.1447,p95=1.000,pairs=255595,skip=10456
  [main] epoch 08/50  loss=0.04496758  avg_tau=+0.085  pred_std=0.0289872  select=+0.827  (82.59s)
    [main] val_query_f1=0.830717  range=0.000000  knn=0.000000  similarity=0.000000  clustering=0.830717
    [main] val_vs_uniform aggregate=-0.002541  type_deficit=0.002541  range=+0.000000  knn=+0.000000  similarity=+0.000000  clustering=-0.002541
    [main] label_diag  clustering:pos=0.1447,p95=1.000,pairs=256014,skip=10456
  [main] epoch 09/50  loss=0.04468680  avg_tau=+0.497  pred_std=0.0245106  select=+0.825  (86.52s)
    [main] val_query_f1=0.829994  range=0.000000  knn=0.000000  similarity=0.000000  clustering=0.829994
    [main] val_vs_uniform aggregate=-0.003265  type_deficit=0.003265  range=+0.000000  knn=+0.000000  similarity=+0.000000  clustering=-0.003265
    [main] label_diag  clustering:pos=0.1447,p95=1.000,pairs=255543,skip=10456
  [main] epoch 10/50  loss=0.04454618  avg_tau=-0.208  pred_std=0.0235008  select=+0.840  (72.98s)  *** NEW BEST MODEL ***
    [main] val_query_f1=0.837527  range=0.000000  knn=0.000000  similarity=0.000000  clustering=0.837527
    [main] val_vs_uniform aggregate=+0.004268  type_deficit=0.000000  range=+0.000000  knn=+0.000000  similarity=+0.000000  clustering=+0.004268
    [main] label_diag  clustering:pos=0.1447,p95=1.000,pairs=255727,skip=10456
  [main] epoch 11/50  loss=0.04453055  avg_tau=+0.016  pred_std=0.0209555  select=+0.836  (77.22s)
    [main] val_query_f1=0.835246  range=0.000000  knn=0.000000  similarity=0.000000  clustering=0.835246
    [main] val_vs_uniform aggregate=+0.001988  type_deficit=0.000000  range=+0.000000  knn=+0.000000  similarity=+0.000000  clustering=+0.001988
    [main] label_diag  clustering:pos=0.1447,p95=1.000,pairs=255737,skip=10456
  [main] epoch 12/50  loss=0.04440056  avg_tau=+0.117  pred_std=0.0298306  select=+0.823  (75.17s)
    [main] val_query_f1=0.829339  range=0.000000  knn=0.000000  similarity=0.000000  clustering=0.829339
    [main] val_vs_uniform aggregate=-0.003920  type_deficit=0.003920  range=+0.000000  knn=+0.000000  similarity=+0.000000  clustering=-0.003920
    [main] label_diag  clustering:pos=0.1447,p95=1.000,pairs=255973,skip=10456
  [main] epoch 13/50  loss=0.04435474  avg_tau=-0.132  pred_std=0.022845  select=+0.832  (81.65s)
    [main] val_query_f1=0.832696  range=0.000000  knn=0.000000  similarity=0.000000  clustering=0.832696
    [main] val_vs_uniform aggregate=-0.000563  type_deficit=0.000563  range=+0.000000  knn=+0.000000  similarity=+0.000000  clustering=-0.000563
    [main] label_diag  clustering:pos=0.1447,p95=1.000,pairs=256283,skip=10456
  [main] epoch 14/50  loss=0.04436662  avg_tau=-0.058  pred_std=0.0248997  select=+0.833  (79.02s)
    [main] val_query_f1=0.833125  range=0.000000  knn=0.000000  similarity=0.000000  clustering=0.833125
    [main] val_vs_uniform aggregate=-0.000133  type_deficit=0.000133  range=+0.000000  knn=+0.000000  similarity=+0.000000  clustering=-0.000133
    [main] label_diag  clustering:pos=0.1447,p95=1.000,pairs=256381,skip=10456
  [main] epoch 15/50  loss=0.04429400  avg_tau=+0.128  pred_std=0.0205526  select=+0.834  (79.59s)
    [main] val_query_f1=0.833635  range=0.000000  knn=0.000000  similarity=0.000000  clustering=0.833635
    [main] val_vs_uniform aggregate=+0.000377  type_deficit=0.000000  range=+0.000000  knn=+0.000000  similarity=+0.000000  clustering=+0.000377
    [main] label_diag  clustering:pos=0.1447,p95=1.000,pairs=255609,skip=10456
  [main] epoch 16/50  loss=0.04425373  avg_tau=+0.432  pred_std=0.0228742  select=+0.833  (87.45s)
    [main] val_query_f1=0.833229  range=0.000000  knn=0.000000  similarity=0.000000  clustering=0.833229
    [main] val_vs_uniform aggregate=-0.000029  type_deficit=0.000029  range=+0.000000  knn=+0.000000  similarity=+0.000000  clustering=-0.000029
    [main] label_diag  clustering:pos=0.1447,p95=1.000,pairs=256211,skip=10456
  [main] epoch 17/50  loss=0.04427451  avg_tau=-0.217  pred_std=0.031496  select=+0.829  (77.73s)
    [main] val_query_f1=0.831703  range=0.000000  knn=0.000000  similarity=0.000000  clustering=0.831703
    [main] val_vs_uniform aggregate=-0.001555  type_deficit=0.001555  range=+0.000000  knn=+0.000000  similarity=+0.000000  clustering=-0.001555
    [main] label_diag  clustering:pos=0.1447,p95=1.000,pairs=256255,skip=10456
  [main] epoch 18/50  loss=0.04429626  avg_tau=+0.013  pred_std=0.01912  select=+0.834  (90.35s)
    [main] val_query_f1=0.833472  range=0.000000  knn=0.000000  similarity=0.000000  clustering=0.833472
    [main] val_vs_uniform aggregate=+0.000214  type_deficit=0.000000  range=+0.000000  knn=+0.000000  similarity=+0.000000  clustering=+0.000214
    [main] label_diag  clustering:pos=0.1447,p95=1.000,pairs=256175,skip=10456
  [main] epoch 19/50  loss=0.04417089  avg_tau=+0.005  pred_std=0.0206607  select=+0.822  (79.33s)
    [main] val_query_f1=0.828780  range=0.000000  knn=0.000000  similarity=0.000000  clustering=0.828780
    [main] val_vs_uniform aggregate=-0.004479  type_deficit=0.004479  range=+0.000000  knn=+0.000000  similarity=+0.000000  clustering=-0.004479
    [main] label_diag  clustering:pos=0.1447,p95=1.000,pairs=255539,skip=10456
  [main] epoch 20/50  loss=0.04414011  avg_tau=+0.384  pred_std=0.0237942  select=+0.833  (85.47s)
    [main] val_query_f1=0.832990  range=0.000000  knn=0.000000  similarity=0.000000  clustering=0.832990
    [main] val_vs_uniform aggregate=-0.000268  type_deficit=0.000268  range=+0.000000  knn=+0.000000  similarity=+0.000000  clustering=-0.000268
    [main] label_diag  clustering:pos=0.1447,p95=1.000,pairs=255665,skip=10456
  [main] epoch 21/50  loss=0.04410546  avg_tau=-0.009  pred_std=0.0258561  select=+0.835  (78.81s)
    [main] val_query_f1=0.834678  range=0.000000  knn=0.000000  similarity=0.000000  clustering=0.834678
    [main] val_vs_uniform aggregate=+0.001419  type_deficit=0.000000  range=+0.000000  knn=+0.000000  similarity=+0.000000  clustering=+0.001419
    [main] label_diag  clustering:pos=0.1447,p95=1.000,pairs=255953,skip=10456
  [main] epoch 22/50  loss=0.04408877  avg_tau=+0.247  pred_std=0.027219  select=+0.834  (70.82s)
    [main] val_query_f1=0.834071  range=0.000000  knn=0.000000  similarity=0.000000  clustering=0.834071
    [main] val_vs_uniform aggregate=+0.000812  type_deficit=0.000000  range=+0.000000  knn=+0.000000  similarity=+0.000000  clustering=+0.000812
    [main] label_diag  clustering:pos=0.1447,p95=1.000,pairs=255575,skip=10456
  [main] epoch 23/50  loss=0.04403563  avg_tau=-0.078  pred_std=0.0300812  select=+0.827  (81.23s)
    [main] val_query_f1=0.830794  range=0.000000  knn=0.000000  similarity=0.000000  clustering=0.830794
    [main] val_vs_uniform aggregate=-0.002465  type_deficit=0.002465  range=+0.000000  knn=+0.000000  similarity=+0.000000  clustering=-0.002465
    [main] label_diag  clustering:pos=0.1447,p95=1.000,pairs=255656,skip=10456
  [main] epoch 24/50  loss=0.04402441  avg_tau=+0.059  pred_std=0.0270701  select=+0.821  (81.97s)
    [main] val_query_f1=0.828259  range=0.000000  knn=0.000000  similarity=0.000000  clustering=0.828259
    [main] val_vs_uniform aggregate=-0.005000  type_deficit=0.005000  range=+0.000000  knn=+0.000000  similarity=+0.000000  clustering=-0.005000
    [main] label_diag  clustering:pos=0.1447,p95=1.000,pairs=255883,skip=10456
  [main] epoch 25/50  loss=0.04393414  avg_tau=+0.207  pred_std=0.024561  select=+0.834  (87.89s)
    [main] val_query_f1=0.833842  range=0.000000  knn=0.000000  similarity=0.000000  clustering=0.833842
    [main] val_vs_uniform aggregate=+0.000583  type_deficit=0.000000  range=+0.000000  knn=+0.000000  similarity=+0.000000  clustering=+0.000583
    [main] label_diag  clustering:pos=0.1447,p95=1.000,pairs=255819,skip=10456
  [main] epoch 26/50  loss=0.04386916  avg_tau=+0.028  pred_std=0.0254611  select=+0.827  (83.17s)
    [main] val_query_f1=0.830794  range=0.000000  knn=0.000000  similarity=0.000000  clustering=0.830794
    [main] val_vs_uniform aggregate=-0.002465  type_deficit=0.002465  range=+0.000000  knn=+0.000000  similarity=+0.000000  clustering=-0.002465
    [main] label_diag  clustering:pos=0.1447,p95=1.000,pairs=256165,skip=10456
  [main] epoch 27/50  loss=0.04383897  avg_tau=+0.157  pred_std=0.027358  select=+0.827  (82.12s)
    [main] val_query_f1=0.830794  range=0.000000  knn=0.000000  similarity=0.000000  clustering=0.830794
    [main] val_vs_uniform aggregate=-0.002465  type_deficit=0.002465  range=+0.000000  knn=+0.000000  similarity=+0.000000  clustering=-0.002465
    [main] label_diag  clustering:pos=0.1447,p95=1.000,pairs=255643,skip=10456
  [main] epoch 28/50  loss=0.04387358  avg_tau=-0.358  pred_std=0.0260592  select=+0.827  (90.22s)
    [main] val_query_f1=0.830794  range=0.000000  knn=0.000000  similarity=0.000000  clustering=0.830794
    [main] val_vs_uniform aggregate=-0.002465  type_deficit=0.002465  range=+0.000000  knn=+0.000000  similarity=+0.000000  clustering=-0.002465
    [main] label_diag  clustering:pos=0.1447,p95=1.000,pairs=255564,skip=10456
  [main] epoch 29/50  loss=0.04387143  avg_tau=+0.105  pred_std=0.0379586  select=+0.827  (79.16s)
    [main] val_query_f1=0.830794  range=0.000000  knn=0.000000  similarity=0.000000  clustering=0.830794
    [main] val_vs_uniform aggregate=-0.002465  type_deficit=0.002465  range=+0.000000  knn=+0.000000  similarity=+0.000000  clustering=-0.002465
    [main] label_diag  clustering:pos=0.1447,p95=1.000,pairs=256367,skip=10456
  [main] epoch 30/50  loss=0.04381198  avg_tau=-0.501  pred_std=0.0262914  select=+0.827  (79.94s)
    [main] val_query_f1=0.830794  range=0.000000  knn=0.000000  similarity=0.000000  clustering=0.830794
    [main] val_vs_uniform aggregate=-0.002465  type_deficit=0.002465  range=+0.000000  knn=+0.000000  similarity=+0.000000  clustering=-0.002465
    [main] label_diag  clustering:pos=0.1447,p95=1.000,pairs=255542,skip=10456
  [main] epoch 31/50  loss=0.04375623  avg_tau=+0.128  pred_std=0.0273163  select=+0.827  (76.62s)
    [main] val_query_f1=0.830794  range=0.000000  knn=0.000000  similarity=0.000000  clustering=0.830794
    [main] val_vs_uniform aggregate=-0.002465  type_deficit=0.002465  range=+0.000000  knn=+0.000000  similarity=+0.000000  clustering=-0.002465
    [main] label_diag  clustering:pos=0.1447,p95=1.000,pairs=255536,skip=10456
  [main] epoch 32/50  loss=0.04370137  avg_tau=+0.041  pred_std=0.0288386  select=+0.827  (85.47s)
    [main] val_query_f1=0.830794  range=0.000000  knn=0.000000  similarity=0.000000  clustering=0.830794
    [main] val_vs_uniform aggregate=-0.002465  type_deficit=0.002465  range=+0.000000  knn=+0.000000  similarity=+0.000000  clustering=-0.002465
    [main] label_diag  clustering:pos=0.1447,p95=1.000,pairs=255907,skip=10456
  [main] epoch 33/50  loss=0.04370618  avg_tau=+0.019  pred_std=0.0354514  select=+0.834  (77.17s)
    [main] val_query_f1=0.833488  range=0.000000  knn=0.000000  similarity=0.000000  clustering=0.833488
    [main] val_vs_uniform aggregate=+0.000229  type_deficit=0.000000  range=+0.000000  knn=+0.000000  similarity=+0.000000  clustering=+0.000229
    [main] label_diag  clustering:pos=0.1447,p95=1.000,pairs=255734,skip=10456
  [main] epoch 34/50  loss=0.04364292  avg_tau=+0.194  pred_std=0.0383009  select=+0.827  (84.20s)
    [main] val_query_f1=0.830794  range=0.000000  knn=0.000000  similarity=0.000000  clustering=0.830794
    [main] val_vs_uniform aggregate=-0.002465  type_deficit=0.002465  range=+0.000000  knn=+0.000000  similarity=+0.000000  clustering=-0.002465
    [main] label_diag  clustering:pos=0.1447,p95=1.000,pairs=255799,skip=10456
  [main] epoch 35/50  loss=0.04363694  avg_tau=+0.137  pred_std=0.03499  select=+0.826  (84.21s)
    [main] val_query_f1=0.830544  range=0.000000  knn=0.000000  similarity=0.000000  clustering=0.830544
    [main] val_vs_uniform aggregate=-0.002714  type_deficit=0.002714  range=+0.000000  knn=+0.000000  similarity=+0.000000  clustering=-0.002714
    [main] label_diag  clustering:pos=0.1447,p95=1.000,pairs=255871,skip=10456
  [main] early stopping at epoch 35: selection score did not improve over 25 diag epochs (best_selection=+0.840, best_loss=0.04454618)
  [main] restored best diagnostic epoch 10/35 (selection=+0.840, loss=0.04454618, val_f1=0.837527)
[train-model (50 epochs)] done in 2915.51s
[save-model] starting...
  saved checkpoint to /ceph/project/P8-1/QDS/qds_v2/src/models/saved_models/model_2026-02-05_eval_2026-02-08_cov0p15_clustering_rs0p015_rt0p04_821189.pt  (epochs_trained=35, best_epoch=10, best_loss=0.04454618, train_mix=clustering=1.0, eval_mix=clustering=1.0)
[save-model] done in 0.32s
[evaluate-matched] starting...
[  eval MLQDS] starting...
[  eval MLQDS] done in 219.40s
[  eval Random] starting...
[  eval Random] done in 41.00s
[  eval newUniformTemporal] starting...
[  eval newUniformTemporal] done in 39.67s
[  eval DouglasPeucker] starting...
[  eval DouglasPeucker] done in 45.83s
[  eval Oracle] starting...
[  eval Oracle] done in 48.68s
[evaluate-matched] done in 425.56s
[evaluate-shift] starting...
[evaluate-shift] done in 0.00s
[write-results] starting...
  wrote results to /ceph/project/P8-1/QDS/qds_v2/results
[write-results] done in 0.02s
[write-simplified-csv] starting...
  wrote 648573 retained points across 648573 samples to /ceph/project/P8-1/AISDATA/ML_processed_AIS_files/run_2026-02-05_eval_2026-02-08_cov0p15_clustering_rs0p015_rt0p04_821189/ML_simplified_eval.csv
[write-simplified-csv] done in 1.52s
[trajectory-length-loss] starting...
  [length-loss] 1564 trajectories  avg_orig_km=114.17  avg_simp_km=113.32  avg_length_loss=0.321  avg_points_removed=2346.8
  [length-loss] filtered out 569 trajectories with orig_km < 1.00 (likely docked/stationary) from top-25 ranking

  [length-loss] Top 25 MOST distorted (highest length_loss):
  rank        mmsi     orig_km     simp_km  length_loss    kept   removed
     1   211457860        4.02        0.54        0.866      38       214
     2   511100505        6.86        1.17        0.829      86       486
     3   218030270       16.80        3.06        0.818     104       586
     4   211846360        3.24        0.59        0.817      46       258
     5   219004266        2.91        0.54        0.814     271      1533
     6   219001582        3.33        0.68        0.795     382      2160
     7   245697000        2.89        0.63        0.782      59       328
     8   219798000        1.09        0.24        0.781     197      1114
     9   259447000        4.08        0.93        0.773     156       881
    10   219440000        1.32        0.31        0.763      64       357
    11   219003217        2.43        0.58        0.763     103       581
    12   219003113        1.97        0.48        0.757     320      1812
    13   215064000        2.40        0.59        0.753      64       360
    14   244890000        1.13        0.29        0.745      43       243
    15   219000851        1.41        0.36        0.744      87       491
    16   220343000        1.42        0.37        0.740     100       563
    17   258040000        2.08        0.54        0.739      54       305
    18   352005487        5.89        1.54        0.739      70       392
    19   219024715        3.20        0.84        0.738     636      3602
    20   219017784        1.42        0.37        0.737      78       440
    21   219005513        2.67        0.74        0.723     327      1850
    22   219014162        2.42        0.67        0.722     436      2466
    23   211385020       10.99        3.05        0.722       7        38
    24   219000881        2.07        0.58        0.718     469      2656
    25   218003000        5.00        1.48        0.704     860      4867

  [length-loss] Top 25 LEAST distorted (lowest length_loss):
  rank        mmsi     orig_km     simp_km  length_loss    kept   removed
     1   273268690       12.12       12.12        0.000      11        58
     2   255916022       25.50       25.50        0.000      59       334
     3   636019492      164.27      164.27        0.000      19       102
     4   258849000        5.65        5.65        0.000       5        28
     5   636024739      112.29      112.29        0.000     204      1155
     6   311055400       97.53       97.53        0.000     221      1248
     7   215857000       36.63       36.63        0.000      76       425
     8   230618000       98.61       98.60        0.000     245      1384
     9   636020533      140.00      140.00        0.000     160       901
    10   373267000      301.29      301.29        0.000     635      3598
    11   636022717      266.92      266.91        0.000     690      3910
    12   210425000       95.04       95.04        0.000     146       821
    13   258059000       19.92       19.92        0.000       8        43
    14   477149200       54.20       54.20        0.000     131       738
    15   311995000       99.07       99.07        0.000     180      1020
    16   241689000       36.78       36.78        0.000      48       266
    17   255806436       88.16       88.15        0.000     199      1127
    18   219560000      384.96      384.95        0.000     870      4925
    19   230987000      367.62      367.61        0.000     746      4222
    20   255814000      155.05      155.04        0.000     361      2042
    21   538011780      181.37      181.37        0.000     451      2555
    22   219814000       33.51       33.51        0.000       7        37
    23   538003242       36.40       36.39        0.000      59       332
    24   230617000      239.92      239.91        0.000     608      3444
    25   636018491      116.16      116.15        0.000     276      1558
[trajectory-length-loss] done in 12.65s
[pipeline] total runtime 3403.03s

Matched-workload table
Method                     AggregateF1   Compression    AvgPtGap   Latency(ms)        Type
------------------------------------------------------------------------------------------
MLQDS                         0.270295        0.1502        6.67     175226.22         all
  - range                     0.000000                                               range
  - knn                       0.000000                                                 knn
  - similarity                0.000000                                          similarity
  - clustering                0.270295                                          clustering
Random                        0.271941        0.1508        6.65        447.45         all
  - range                     0.000000                                               range
  - knn                       0.000000                                                 knn
  - similarity                0.000000                                          similarity
  - clustering                0.271941                                          clustering
newUniformTemporal            0.269385        0.1502        6.67        107.84         all
  - range                     0.000000                                               range
  - knn                       0.000000                                                 knn
  - similarity                0.000000                                          similarity
  - clustering                0.269385                                          clustering
DouglasPeucker                0.112209        0.1502        6.67        427.37         all
  - range                     0.000000                                               range
  - knn                       0.000000                                                 knn
  - similarity                0.000000                                          similarity
  - clustering                0.112209                                          clustering
Oracle                        0.821729        0.1508        6.64        318.36         all
  - range                     0.000000                                               range
  - knn                       0.000000                                                 knn
  - similarity                0.000000                                          similarity
  - clustering                0.821729                                          clustering

Distribution-shift table
Train\Eval                    clustering=1.0
--------------------------------------------
clustering=1.0                        0.2703
