[config] model=turn_aware  workload=range  epochs=50  n_queries=150  query_coverage=0.3  max_queries=3000  compression_ratio=0.3  lr=0.0005  pointwise_loss_weight=0.25  gradient_clip_norm=1.0  diagnostic_every=1  checkpoint_selection_metric=f1  f1_diagnostic_every=3  range_spatial_fraction=0.015  range_time_fraction=0.04
[load-data] reading train CSV: /ceph/project/P8-1/AISDATA/preprocessed_AIS_files/preprocessed_2026-02-05.csv
[load-data] reading eval CSV: /ceph/project/P8-1/AISDATA/preprocessed_AIS_files/preprocessed_2026-02-08.csv
[load-data] train=1580 eval=1564 trajectories loaded in 56.16s
[pipeline] train=1580 trajectories, eval=1564 trajectories, train_mix=range=1.0, eval_mix=range=1.0
[split] starting...
  split mode=separate CSVs  train=1343  eval=1564
  checkpoint-selection validation=237 trajectories
[split] done in 0.00s
[build-datasets] starting...
[build-datasets] done in 3.75s
[generate-workloads] starting...
  train_workload=376 queries  coverage=30.01% (1143685/3811001)
  eval_workload=398 queries  coverage=30.02% (1296635/4318960)
  selection_workload=300 queries  coverage=34.46% (198972/577411)
[generate-workloads] done in 269.50s
[write-queries-geojson] starting...
  wrote  398 range queries to /ceph/project/P8-1/AISDATA/Query_border_files/run_2026-02-05_eval_2026-02-08_cov0p30_range_rs0p015_rt0p04_819895/queries_range.geojson
  wrote    0 knn queries to /ceph/project/P8-1/AISDATA/Query_border_files/run_2026-02-05_eval_2026-02-08_cov0p30_range_rs0p015_rt0p04_819895/queries_knn.geojson
  wrote    0 similarity queries to /ceph/project/P8-1/AISDATA/Query_border_files/run_2026-02-05_eval_2026-02-08_cov0p30_range_rs0p015_rt0p04_819895/queries_similarity.geojson
  wrote    0 clustering queries to /ceph/project/P8-1/AISDATA/Query_border_files/run_2026-02-05_eval_2026-02-08_cov0p30_range_rs0p015_rt0p04_819895/queries_clustering.geojson
[write-queries-geojson] done in 0.02s
[train-model (50 epochs)] starting...
  [main] epoch 01/50  loss=0.10669738  avg_tau=+0.037  pred_std=0.0137343  select=+0.450  (86.20s)
    [main] val_query_f1=0.449698  range=0.449698  knn=0.000000  similarity=0.000000  clustering=0.000000
    [main] label_diag  range:pos=0.3001,p95=1.000,pairs=471506,skip=7011
  [main] epoch 02/50  loss=0.10001396  avg_tau=-0.034  pred_std=0.013857  select=+0.442  (96.24s)
    [main] val_query_f1=0.442298  range=0.442298  knn=0.000000  similarity=0.000000  clustering=0.000000
    [main] label_diag  range:pos=0.3001,p95=1.000,pairs=471784,skip=7011
  [main] epoch 03/50  loss=0.09652403  avg_tau=+0.113  pred_std=0.013097  select=+0.443  (85.76s)
    [main] val_query_f1=0.443200  range=0.443200  knn=0.000000  similarity=0.000000  clustering=0.000000
    [main] label_diag  range:pos=0.3001,p95=1.000,pairs=471701,skip=7011
  [main] epoch 04/50  loss=0.09483839  avg_tau=-0.016  pred_std=0.0114623  select=+0.440  (102.03s)
    [main] val_query_f1=0.439756  range=0.439756  knn=0.000000  similarity=0.000000  clustering=0.000000
    [main] label_diag  range:pos=0.3001,p95=1.000,pairs=471863,skip=7011
  [main] epoch 05/50  loss=0.09409860  avg_tau=-0.041  pred_std=0.0130012  select=+0.436  (89.76s)
    [main] val_query_f1=0.436456  range=0.436456  knn=0.000000  similarity=0.000000  clustering=0.000000
    [main] label_diag  range:pos=0.3001,p95=1.000,pairs=471623,skip=7011
  [main] epoch 06/50  loss=0.09376935  avg_tau=+0.083  pred_std=0.0119698  select=+0.451  (94.93s)  *** NEW BEST MODEL ***
    [main] val_query_f1=0.451219  range=0.451219  knn=0.000000  similarity=0.000000  clustering=0.000000
    [main] label_diag  range:pos=0.3001,p95=1.000,pairs=470901,skip=7011
  [main] epoch 07/50  loss=0.09366225  avg_tau=-0.034  pred_std=0.0153956  select=+0.435  (86.07s)
    [main] val_query_f1=0.434831  range=0.434831  knn=0.000000  similarity=0.000000  clustering=0.000000
    [main] label_diag  range:pos=0.3001,p95=1.000,pairs=471624,skip=7011
  [main] epoch 08/50  loss=0.09358983  avg_tau=-0.057  pred_std=0.018377  select=+0.460  (125.32s)  *** NEW BEST MODEL ***
    [main] val_query_f1=0.459839  range=0.459839  knn=0.000000  similarity=0.000000  clustering=0.000000
    [main] label_diag  range:pos=0.3001,p95=1.000,pairs=472266,skip=7011
  [main] epoch 09/50  loss=0.09340958  avg_tau=-0.075  pred_std=0.0171299  select=+0.446  (82.01s)
    [main] val_query_f1=0.446123  range=0.446123  knn=0.000000  similarity=0.000000  clustering=0.000000
    [main] label_diag  range:pos=0.3001,p95=1.000,pairs=471007,skip=7011
  [main] epoch 10/50  loss=0.09349619  avg_tau=+0.108  pred_std=0.0160945  select=+0.425  (89.38s)
    [main] val_query_f1=0.424579  range=0.424579  knn=0.000000  similarity=0.000000  clustering=0.000000
    [main] label_diag  range:pos=0.3001,p95=1.000,pairs=471079,skip=7011
  [main] epoch 11/50  loss=0.09345245  avg_tau=+0.085  pred_std=0.0138128  select=+0.424  (151.29s)
    [main] val_query_f1=0.423591  range=0.423591  knn=0.000000  similarity=0.000000  clustering=0.000000
    [main] label_diag  range:pos=0.3001,p95=1.000,pairs=471193,skip=7011
  [main] epoch 12/50  loss=0.09341427  avg_tau=-0.095  pred_std=0.0132064  select=+0.423  (81.84s)
    [main] val_query_f1=0.422663  range=0.422663  knn=0.000000  similarity=0.000000  clustering=0.000000
    [main] label_diag  range:pos=0.3001,p95=1.000,pairs=471415,skip=7011
  [main] epoch 13/50  loss=0.09333156  avg_tau=-0.034  pred_std=0.0150004  select=+0.420  (86.88s)
    [main] val_query_f1=0.420005  range=0.420005  knn=0.000000  similarity=0.000000  clustering=0.000000
    [main] label_diag  range:pos=0.3001,p95=1.000,pairs=471271,skip=7011
  [main] epoch 14/50  loss=0.09335944  avg_tau=+0.057  pred_std=0.0168089  select=+0.406  (84.30s)
    [main] val_query_f1=0.406078  range=0.406078  knn=0.000000  similarity=0.000000  clustering=0.000000
    [main] label_diag  range:pos=0.3001,p95=1.000,pairs=471521,skip=7011
  [main] epoch 15/50  loss=0.09332997  avg_tau=-0.012  pred_std=0.0167373  select=+0.432  (82.63s)
    [main] val_query_f1=0.431818  range=0.431818  knn=0.000000  similarity=0.000000  clustering=0.000000
    [main] label_diag  range:pos=0.3001,p95=1.000,pairs=471331,skip=7011
  [main] epoch 16/50  loss=0.09333166  avg_tau=-0.011  pred_std=0.0151254  select=+0.424  (89.28s)
    [main] val_query_f1=0.423637  range=0.423637  knn=0.000000  similarity=0.000000  clustering=0.000000
    [main] label_diag  range:pos=0.3001,p95=1.000,pairs=470961,skip=7011
  [main] epoch 17/50  loss=0.09319776  avg_tau=+0.103  pred_std=0.0145623  select=+0.416  (86.31s)
    [main] val_query_f1=0.416500  range=0.416500  knn=0.000000  similarity=0.000000  clustering=0.000000
    [main] label_diag  range:pos=0.3001,p95=1.000,pairs=470581,skip=7011
  [main] epoch 18/50  loss=0.09328205  avg_tau=+0.010  pred_std=0.018018  select=+0.415  (84.41s)
    [main] val_query_f1=0.415153  range=0.415153  knn=0.000000  similarity=0.000000  clustering=0.000000
    [main] label_diag  range:pos=0.3001,p95=1.000,pairs=471104,skip=7011
  [main] early stopping at epoch 18: selection score did not improve over 10 diag epochs (best_selection=+0.460, best_loss=0.09358983)
  [main] restored best diagnostic epoch 8/18 (selection=+0.460, loss=0.09358983, val_f1=0.459839)
[train-model (50 epochs)] done in 1691.02s
[save-model] starting...
  saved checkpoint to /ceph/project/P8-1/QDS/qds_v2/src/models/saved_models/model_2026-02-05_eval_2026-02-08_cov0p30_range_rs0p015_rt0p04_819895.pt  (epochs_trained=18, best_epoch=8, best_loss=0.09358983, train_mix=range=1.0, eval_mix=range=1.0)
[save-model] done in 0.02s
[evaluate-matched] starting...
[  eval MLQDS] starting...
[  eval MLQDS] done in 2362.32s
[  eval Random] starting...
[  eval Random] done in 111.53s
[  eval UniformTemporal] starting...
[  eval UniformTemporal] done in 45.41s
[  eval newUniformTemporal] starting...
[  eval newUniformTemporal] done in 9.99s
[  eval DouglasPeucker] starting...
[  eval DouglasPeucker] done in 8.07s
[  eval Oracle] starting...
[  eval Oracle] done in 10.29s
[evaluate-matched] done in 2549.49s
[evaluate-shift] starting...
[evaluate-shift] done in 0.00s
[write-results] starting...
  wrote results to /ceph/project/P8-1/QDS/qds_v2/results
[write-results] done in 0.09s
[write-simplified-csv] starting...
  wrote 1296472 retained points across 1296472 samples to /ceph/project/P8-1/AISDATA/ML_processed_AIS_files/run_2026-02-05_eval_2026-02-08_cov0p30_range_rs0p015_rt0p04_819895/ML_simplified_eval.csv
[write-simplified-csv] done in 3.85s
[trajectory-length-loss] starting...
  [length-loss] 1564 trajectories  avg_orig_km=114.17  avg_simp_km=113.71  avg_length_loss=0.247  avg_points_removed=1932.5
  [length-loss] filtered out 569 trajectories with orig_km < 1.00 (likely docked/stationary) from top-25 ranking

  [length-loss] Top 25 MOST distorted (highest length_loss):
  rank        mmsi     orig_km     simp_km  length_loss    kept   removed
     1   211457860        4.02        1.24        0.692      76       176
     2   218030270       16.80        5.62        0.665     207       483
     3   219004266        2.91        0.99        0.659     542      1262
     4   245697000        2.89        1.01        0.652     117       270
     5   211846360        3.24        1.13        0.651      92       212
     6   511100505        6.86        2.48        0.639     172       400
     7   352005487        5.89        2.20        0.627     139       323
     8   219003217        2.43        0.94        0.616     206       478
     9   215064000        2.40        0.93        0.613     128       296
    10   259447000        4.08        1.60        0.608     312       725
    11   211385020       10.99        4.38        0.602      14        31
    12   219001582        3.33        1.34        0.597     763      1779
    13   220343000        1.42        0.57        0.596     199       464
    14   219798000        1.09        0.45        0.586     394       917
    15   219440000        1.32        0.56        0.575     127       294
    16   219003113        1.97        0.84        0.574     640      1492
    17   219017784        1.42        0.62        0.565     156       362
    18   244890000        1.13        0.50        0.559      86       200
    19   219024715        3.20        1.45        0.549    1272      2966
    20   219000851        1.41        0.65        0.539     174       404
    21   219005513        2.67        1.23        0.538     654      1523
    22   219014162        2.42        1.12        0.536     871      2031
    23   341832000        1.19        0.55        0.536      72       166
    24   219021176        1.75        0.81        0.535    1133      2643
    25   218003000        5.00        2.35        0.530    1719      4008

  [length-loss] Top 25 LEAST distorted (lowest length_loss):
  rank        mmsi     orig_km     simp_km  length_loss    kept   removed
     1   636019492      164.27      164.27        0.000      37        84
     2   255916022       25.50       25.50        0.000     118       275
     3   273268690       12.12       12.12        0.000      21        48
     4   230987000      367.62      367.62        0.000    1491      3477
     5   311055400       97.53       97.53        0.000     441      1028
     6   636024739      112.29      112.29        0.000     408       951
     7   258059000       19.92       19.92        0.000      16        35
     8   258849000        5.65        5.65        0.000      10        23
     9   230618000       98.61       98.60        0.000     489      1140
    10   636022717      266.92      266.92        0.000    1380      3220
    11   219560000      384.96      384.96        0.000    1739      4056
    12   210425000       95.04       95.04        0.000     291       676
    13   373267000      301.29      301.29        0.000    1270      2963
    14   219028116      436.51      436.50        0.000    1985      4631
    15   255814000      155.05      155.05        0.000     721      1682
    16   636020533      140.00      140.00        0.000     319       742
    17   215857000       36.63       36.63        0.000     151       350
    18   477149200       54.20       54.20        0.000     261       608
    19   255806436       88.16       88.16        0.000     398       928
    20   241689000       36.78       36.78        0.000      95       219
    21   352002167      250.40      250.39        0.000     135       314
    22   538011780      181.37      181.37        0.000     902      2104
    23   538004785      390.73      390.72        0.000     894      2085
    24   230617000      239.92      239.92        0.000    1216      2836
    25   230982000      343.48      343.48        0.000    1390      3241
[trajectory-length-loss] done in 18.78s
[pipeline] total runtime 4536.53s

Matched-workload table
Method                     AggregateF1   Compression   Latency(ms)        Type
------------------------------------------------------------------------------
MLQDS                         0.459626        0.3002    2254769.00         all
  - range                     0.459626                                   range
  - knn                       0.000000                                     knn
  - similarity                0.000000                              similarity
  - clustering                0.000000                              clustering
Random                        0.460999        0.3007       8737.48         all
  - range                     0.460999                                   range
  - knn                       0.000000                                     knn
  - similarity                0.000000                              similarity
  - clustering                0.000000                              clustering
UniformTemporal               0.393765        0.3009       3674.03         all
  - range                     0.393765                                   range
  - knn                       0.000000                                     knn
  - similarity                0.000000                              similarity
  - clustering                0.000000                              clustering
newUniformTemporal            0.461614        0.3002        187.63         all
  - range                     0.461614                                   range
  - knn                       0.000000                                     knn
  - similarity                0.000000                              similarity
  - clustering                0.000000                              clustering
DouglasPeucker                0.418509        0.3002        793.02         all
  - range                     0.418509                                   range
  - knn                       0.000000                                     knn
  - similarity                0.000000                              similarity
  - clustering                0.000000                              clustering
Oracle                        0.872009        0.3007        757.71         all
  - range                     0.872009                                   range
  - knn                       0.000000                                     knn
  - similarity                0.000000                              similarity
  - clustering                0.000000                              clustering

Distribution-shift table
Train\Eval                         range=1.0
--------------------------------------------
range=1.0                             0.4596
