[config] model=turn_aware  workload=knn  epochs=75  n_queries=150  query_coverage=0.15  max_queries=5000  compression_ratio=0.3  lr=0.0005  pointwise_loss_weight=0.25  gradient_clip_norm=1.0  diagnostic_every=1  checkpoint_selection_metric=f1  f1_diagnostic_every=1  range_spatial_fraction=0.015  range_time_fraction=0.04  knn_k=12  mlqds_temporal_fraction=0.5  residual_label_mode=temporal
[load-data] reading train CSV: /ceph/project/P8-1/AISDATA/preprocessed_AIS_files/preprocessed_2026-02-05.csv
[load-data] reading eval CSV: /ceph/project/P8-1/AISDATA/preprocessed_AIS_files/preprocessed_2026-02-08.csv
[load-data] train=1580 eval=1564 trajectories loaded in 103.38s
[pipeline] train=1580 trajectories, eval=1564 trajectories, train_mix=knn=1.0, eval_mix=knn=1.0
[split] starting...
  split mode=separate CSVs  train=1343  eval=1564
  checkpoint-selection validation=237 trajectories
[split] done in 0.00s
[build-datasets] starting...
[build-datasets] done in 3.00s
[generate-workloads] starting...
  train_workload=5000 queries  coverage=6.11% (232769/3811001)
  eval_workload=5000 queries  coverage=5.72% (247253/4318960)
  selection_workload=2091 queries  coverage=15.00% (86617/577411)
  WARNING: train workload stopped below requested coverage (6.11% < 15.00%); raise --n_queries or query footprint to cover more points.
  WARNING: eval workload stopped below requested coverage (5.72% < 15.00%); raise --n_queries or query footprint to cover more points.
[generate-workloads] done in 9768.55s
[write-queries-geojson] starting...
  wrote    0 range queries to /ceph/project/P8-1/AISDATA/Query_border_files/run_2026-02-05_eval_2026-02-08_cov0p15_knn_rs0p015_rt0p04_820660/queries_range.geojson
  wrote 5000 knn queries to /ceph/project/P8-1/AISDATA/Query_border_files/run_2026-02-05_eval_2026-02-08_cov0p15_knn_rs0p015_rt0p04_820660/queries_knn.geojson
  wrote    0 similarity queries to /ceph/project/P8-1/AISDATA/Query_border_files/run_2026-02-05_eval_2026-02-08_cov0p15_knn_rs0p015_rt0p04_820660/queries_similarity.geojson
  wrote    0 clustering queries to /ceph/project/P8-1/AISDATA/Query_border_files/run_2026-02-05_eval_2026-02-08_cov0p15_knn_rs0p015_rt0p04_820660/queries_clustering.geojson
[write-queries-geojson] done in 0.18s
[train-model (75 epochs)] starting...
  [main] epoch 01/75  loss=0.17621021  avg_tau=+0.058  pred_std=0.100885  select=+0.488  (272.07s)
    [main] val_query_f1=0.487868  range=0.000000  knn=0.487868  similarity=0.000000  clustering=0.000000
    [main] label_diag  knn:pos=0.4642,p95=1.000,pairs=1058188,skip=925
  [main] epoch 02/75  loss=0.16479998  avg_tau=-0.053  pred_std=0.0925502  select=+0.487  (288.68s)
    [main] val_query_f1=0.486919  range=0.000000  knn=0.486919  similarity=0.000000  clustering=0.000000
    [main] label_diag  knn:pos=0.4642,p95=1.000,pairs=1059133,skip=925
  [main] epoch 03/75  loss=0.16019667  avg_tau=-0.049  pred_std=0.126417  select=+0.482  (276.37s)
    [main] val_query_f1=0.482242  range=0.000000  knn=0.482242  similarity=0.000000  clustering=0.000000
    [main] label_diag  knn:pos=0.4642,p95=1.000,pairs=1058889,skip=925
  [main] epoch 04/75  loss=0.15768443  avg_tau=-0.017  pred_std=0.165343  select=+0.492  (289.93s)  *** NEW BEST MODEL ***
    [main] val_query_f1=0.492202  range=0.000000  knn=0.492202  similarity=0.000000  clustering=0.000000
    [main] label_diag  knn:pos=0.4642,p95=1.000,pairs=1059088,skip=925
  [main] epoch 05/75  loss=0.15663959  avg_tau=+0.122  pred_std=0.133411  select=+0.510  (213.79s)  *** NEW BEST MODEL ***
    [main] val_query_f1=0.509594  range=0.000000  knn=0.509594  similarity=0.000000  clustering=0.000000
    [main] label_diag  knn:pos=0.4642,p95=1.000,pairs=1058674,skip=925
  [main] epoch 06/75  loss=0.15603506  avg_tau=+0.076  pred_std=0.113299  select=+0.514  (251.45s)  *** NEW BEST MODEL ***
    [main] val_query_f1=0.513587  range=0.000000  knn=0.513587  similarity=0.000000  clustering=0.000000
    [main] label_diag  knn:pos=0.4642,p95=1.000,pairs=1058938,skip=925
  [main] epoch 07/75  loss=0.15551455  avg_tau=+0.141  pred_std=0.156698  select=+0.516  (271.31s)  *** NEW BEST MODEL ***
    [main] val_query_f1=0.515662  range=0.000000  knn=0.515662  similarity=0.000000  clustering=0.000000
    [main] label_diag  knn:pos=0.4642,p95=1.000,pairs=1059142,skip=925
  [main] epoch 08/75  loss=0.15528092  avg_tau=-0.054  pred_std=0.141165  select=+0.518  (261.33s)  *** NEW BEST MODEL ***
    [main] val_query_f1=0.518343  range=0.000000  knn=0.518343  similarity=0.000000  clustering=0.000000
    [main] label_diag  knn:pos=0.4642,p95=1.000,pairs=1059589,skip=925
  [main] epoch 09/75  loss=0.15505448  avg_tau=+0.018  pred_std=0.128266  select=+0.517  (293.59s)
    [main] val_query_f1=0.516963  range=0.000000  knn=0.516963  similarity=0.000000  clustering=0.000000
    [main] label_diag  knn:pos=0.4642,p95=1.000,pairs=1058855,skip=925
  [main] epoch 10/75  loss=0.15495346  avg_tau=+0.051  pred_std=0.190133  select=+0.522  (306.16s)  *** NEW BEST MODEL ***
    [main] val_query_f1=0.522478  range=0.000000  knn=0.522478  similarity=0.000000  clustering=0.000000
    [main] label_diag  knn:pos=0.4642,p95=1.000,pairs=1059148,skip=925
  [main] epoch 11/75  loss=0.15456738  avg_tau=+0.171  pred_std=0.162493  select=+0.522  (298.57s)
    [main] val_query_f1=0.521580  range=0.000000  knn=0.521580  similarity=0.000000  clustering=0.000000
    [main] label_diag  knn:pos=0.4642,p95=1.000,pairs=1059342,skip=925
  [main] epoch 12/75  loss=0.15447192  avg_tau=-0.004  pred_std=0.169092  select=+0.524  (292.29s)  *** NEW BEST MODEL ***
    [main] val_query_f1=0.524190  range=0.000000  knn=0.524190  similarity=0.000000  clustering=0.000000
    [main] label_diag  knn:pos=0.4642,p95=1.000,pairs=1059207,skip=925
  [main] epoch 13/75  loss=0.15457302  avg_tau=+0.176  pred_std=0.181805  select=+0.524  (303.53s)
    [main] val_query_f1=0.523868  range=0.000000  knn=0.523868  similarity=0.000000  clustering=0.000000
    [main] label_diag  knn:pos=0.4642,p95=1.000,pairs=1059160,skip=925
  [main] epoch 14/75  loss=0.15447319  avg_tau=+0.001  pred_std=0.176984  select=+0.519  (311.83s)
    [main] val_query_f1=0.518564  range=0.000000  knn=0.518564  similarity=0.000000  clustering=0.000000
    [main] label_diag  knn:pos=0.4642,p95=1.000,pairs=1058747,skip=925
  [main] epoch 15/75  loss=0.15396426  avg_tau=+0.079  pred_std=0.16077  select=+0.529  (281.63s)  *** NEW BEST MODEL ***
    [main] val_query_f1=0.529030  range=0.000000  knn=0.529030  similarity=0.000000  clustering=0.000000
    [main] label_diag  knn:pos=0.4642,p95=1.000,pairs=1058572,skip=925
  [main] epoch 16/75  loss=0.15428905  avg_tau=+0.080  pred_std=0.177111  select=+0.531  (253.02s)  *** NEW BEST MODEL ***
    [main] val_query_f1=0.530865  range=0.000000  knn=0.530865  similarity=0.000000  clustering=0.000000
    [main] label_diag  knn:pos=0.4642,p95=1.000,pairs=1058661,skip=925
  [main] epoch 17/75  loss=0.15408998  avg_tau=+0.030  pred_std=0.19853  select=+0.528  (289.97s)
    [main] val_query_f1=0.528188  range=0.000000  knn=0.528188  similarity=0.000000  clustering=0.000000
    [main] label_diag  knn:pos=0.4642,p95=1.000,pairs=1058192,skip=925
  [main] epoch 18/75  loss=0.15406420  avg_tau=+0.162  pred_std=0.186987  select=+0.527  (286.02s)
    [main] val_query_f1=0.526863  range=0.000000  knn=0.526863  similarity=0.000000  clustering=0.000000
    [main] label_diag  knn:pos=0.4642,p95=1.000,pairs=1058767,skip=925
  [main] epoch 19/75  loss=0.15391396  avg_tau=+0.146  pred_std=0.192688  select=+0.531  (284.52s)
    [main] val_query_f1=0.530729  range=0.000000  knn=0.530729  similarity=0.000000  clustering=0.000000
    [main] label_diag  knn:pos=0.4642,p95=1.000,pairs=1058899,skip=925
  [main] epoch 20/75  loss=0.15430732  avg_tau=+0.056  pred_std=0.173457  select=+0.523  (292.51s)
    [main] val_query_f1=0.522757  range=0.000000  knn=0.522757  similarity=0.000000  clustering=0.000000
    [main] label_diag  knn:pos=0.4642,p95=1.000,pairs=1058845,skip=925
  [main] epoch 21/75  loss=0.15370951  avg_tau=+0.132  pred_std=0.19327  select=+0.529  (276.36s)
    [main] val_query_f1=0.528766  range=0.000000  knn=0.528766  similarity=0.000000  clustering=0.000000
    [main] label_diag  knn:pos=0.4642,p95=1.000,pairs=1058644,skip=925
  [main] epoch 22/75  loss=0.15321192  avg_tau=+0.102  pred_std=0.207696  select=+0.528  (276.74s)
    [main] val_query_f1=0.528082  range=0.000000  knn=0.528082  similarity=0.000000  clustering=0.000000
    [main] label_diag  knn:pos=0.4642,p95=1.000,pairs=1058932,skip=925
  [main] epoch 23/75  loss=0.15332540  avg_tau=+0.154  pred_std=0.201959  select=+0.535  (277.26s)  *** NEW BEST MODEL ***
    [main] val_query_f1=0.534521  range=0.000000  knn=0.534521  similarity=0.000000  clustering=0.000000
    [main] label_diag  knn:pos=0.4642,p95=1.000,pairs=1058560,skip=925
  [main] epoch 24/75  loss=0.15320635  avg_tau=+0.208  pred_std=0.240172  select=+0.529  (275.12s)
    [main] val_query_f1=0.528575  range=0.000000  knn=0.528575  similarity=0.000000  clustering=0.000000
    [main] label_diag  knn:pos=0.4642,p95=1.000,pairs=1059323,skip=925
  [main] epoch 25/75  loss=0.15310644  avg_tau=+0.090  pred_std=0.198599  select=+0.524  (266.63s)
    [main] val_query_f1=0.523715  range=0.000000  knn=0.523715  similarity=0.000000  clustering=0.000000
    [main] label_diag  knn:pos=0.4642,p95=1.000,pairs=1059183,skip=925
  [main] epoch 26/75  loss=0.15302825  avg_tau=+0.117  pred_std=0.213516  select=+0.533  (306.34s)
    [main] val_query_f1=0.533059  range=0.000000  knn=0.533059  similarity=0.000000  clustering=0.000000
    [main] label_diag  knn:pos=0.4642,p95=1.000,pairs=1058437,skip=925
  [main] epoch 27/75  loss=0.15285335  avg_tau=+0.244  pred_std=0.20481  select=+0.527  (290.90s)
    [main] val_query_f1=0.527072  range=0.000000  knn=0.527072  similarity=0.000000  clustering=0.000000
    [main] label_diag  knn:pos=0.4642,p95=1.000,pairs=1058969,skip=925
  [main] epoch 28/75  loss=0.15269434  avg_tau=+0.033  pred_std=0.178857  select=+0.521  (292.44s)
    [main] val_query_f1=0.521471  range=0.000000  knn=0.521471  similarity=0.000000  clustering=0.000000
    [main] label_diag  knn:pos=0.4642,p95=1.000,pairs=1058771,skip=925
  [main] epoch 29/75  loss=0.15257059  avg_tau=+0.185  pred_std=0.208757  select=+0.527  (298.54s)
    [main] val_query_f1=0.527418  range=0.000000  knn=0.527418  similarity=0.000000  clustering=0.000000
    [main] label_diag  knn:pos=0.4642,p95=1.000,pairs=1058930,skip=925
  [main] epoch 30/75  loss=0.15248762  avg_tau=+0.087  pred_std=0.218248  select=+0.529  (301.14s)
    [main] val_query_f1=0.528773  range=0.000000  knn=0.528773  similarity=0.000000  clustering=0.000000
    [main] label_diag  knn:pos=0.4642,p95=1.000,pairs=1058398,skip=925
  [main] epoch 31/75  loss=0.15245579  avg_tau=+0.165  pred_std=0.194194  select=+0.521  (300.47s)
    [main] val_query_f1=0.520517  range=0.000000  knn=0.520517  similarity=0.000000  clustering=0.000000
    [main] label_diag  knn:pos=0.4642,p95=1.000,pairs=1059160,skip=925
  [main] epoch 32/75  loss=0.15207746  avg_tau=+0.289  pred_std=0.228969  select=+0.523  (305.06s)
    [main] val_query_f1=0.523052  range=0.000000  knn=0.523052  similarity=0.000000  clustering=0.000000
    [main] label_diag  knn:pos=0.4642,p95=1.000,pairs=1059046,skip=925
  [main] epoch 33/75  loss=0.15198400  avg_tau=+0.126  pred_std=0.213187  select=+0.526  (282.47s)
    [main] val_query_f1=0.526145  range=0.000000  knn=0.526145  similarity=0.000000  clustering=0.000000
    [main] label_diag  knn:pos=0.4642,p95=1.000,pairs=1058624,skip=925
  [main] epoch 34/75  loss=0.15188200  avg_tau=+0.138  pred_std=0.202691  select=+0.525  (286.61s)
    [main] val_query_f1=0.525395  range=0.000000  knn=0.525395  similarity=0.000000  clustering=0.000000
    [main] label_diag  knn:pos=0.4642,p95=1.000,pairs=1059949,skip=925
  [main] epoch 35/75  loss=0.15182569  avg_tau=+0.263  pred_std=0.201656  select=+0.519  (297.78s)
    [main] val_query_f1=0.518810  range=0.000000  knn=0.518810  similarity=0.000000  clustering=0.000000
    [main] label_diag  knn:pos=0.4642,p95=1.000,pairs=1059398,skip=925
  [main] epoch 36/75  loss=0.15161691  avg_tau=+0.092  pred_std=0.197658  select=+0.515  (308.24s)
    [main] val_query_f1=0.515444  range=0.000000  knn=0.515444  similarity=0.000000  clustering=0.000000
    [main] label_diag  knn:pos=0.4642,p95=1.000,pairs=1059036,skip=925
  [main] epoch 37/75  loss=0.15156877  avg_tau=+0.189  pred_std=0.240341  select=+0.525  (328.48s)
    [main] val_query_f1=0.524951  range=0.000000  knn=0.524951  similarity=0.000000  clustering=0.000000
    [main] label_diag  knn:pos=0.4642,p95=1.000,pairs=1059460,skip=925
  [main] epoch 38/75  loss=0.15138413  avg_tau=+0.192  pred_std=0.2072  select=+0.508  (284.69s)
    [main] val_query_f1=0.507761  range=0.000000  knn=0.507761  similarity=0.000000  clustering=0.000000
    [main] label_diag  knn:pos=0.4642,p95=1.000,pairs=1058601,skip=925
  [main] epoch 39/75  loss=0.15147945  avg_tau=+0.159  pred_std=0.195806  select=+0.511  (265.80s)
    [main] val_query_f1=0.511148  range=0.000000  knn=0.511148  similarity=0.000000  clustering=0.000000
    [main] label_diag  knn:pos=0.4642,p95=1.000,pairs=1059146,skip=925
  [main] epoch 40/75  loss=0.15092149  avg_tau=+0.295  pred_std=0.206079  select=+0.510  (281.43s)
    [main] val_query_f1=0.510176  range=0.000000  knn=0.510176  similarity=0.000000  clustering=0.000000
    [main] label_diag  knn:pos=0.4642,p95=1.000,pairs=1057946,skip=925
  [main] epoch 41/75  loss=0.15106636  avg_tau=+0.186  pred_std=0.196436  select=+0.524  (278.71s)
    [main] val_query_f1=0.523941  range=0.000000  knn=0.523941  similarity=0.000000  clustering=0.000000
    [main] label_diag  knn:pos=0.4642,p95=1.000,pairs=1058865,skip=925
  [main] epoch 42/75  loss=0.15076005  avg_tau=+0.153  pred_std=0.21486  select=+0.520  (285.22s)
    [main] val_query_f1=0.520378  range=0.000000  knn=0.520378  similarity=0.000000  clustering=0.000000
    [main] label_diag  knn:pos=0.4642,p95=1.000,pairs=1059013,skip=925
  [main] epoch 43/75  loss=0.15064495  avg_tau=+0.256  pred_std=0.214201  select=+0.515  (274.10s)
    [main] val_query_f1=0.515125  range=0.000000  knn=0.515125  similarity=0.000000  clustering=0.000000
    [main] label_diag  knn:pos=0.4642,p95=1.000,pairs=1058962,skip=925
  [main] epoch 44/75  loss=0.15049557  avg_tau=+0.088  pred_std=0.202826  select=+0.519  (234.16s)
    [main] val_query_f1=0.518867  range=0.000000  knn=0.518867  similarity=0.000000  clustering=0.000000
    [main] label_diag  knn:pos=0.4642,p95=1.000,pairs=1059017,skip=925
  [main] epoch 45/75  loss=0.15064119  avg_tau=+0.277  pred_std=0.243284  select=+0.519  (281.48s)
    [main] val_query_f1=0.518732  range=0.000000  knn=0.518732  similarity=0.000000  clustering=0.000000
    [main] label_diag  knn:pos=0.4642,p95=1.000,pairs=1059698,skip=925
  [main] epoch 46/75  loss=0.15014067  avg_tau=+0.264  pred_std=0.206945  select=+0.518  (278.06s)
    [main] val_query_f1=0.517597  range=0.000000  knn=0.517597  similarity=0.000000  clustering=0.000000
    [main] label_diag  knn:pos=0.4642,p95=1.000,pairs=1059404,skip=925
  [main] epoch 47/75  loss=0.15002011  avg_tau=+0.200  pred_std=0.217398  select=+0.514  (276.23s)
    [main] val_query_f1=0.513640  range=0.000000  knn=0.513640  similarity=0.000000  clustering=0.000000
    [main] label_diag  knn:pos=0.4642,p95=1.000,pairs=1058989,skip=925
  [main] epoch 48/75  loss=0.14996007  avg_tau=+0.330  pred_std=0.260617  select=+0.514  (290.63s)
    [main] val_query_f1=0.514156  range=0.000000  knn=0.514156  similarity=0.000000  clustering=0.000000
    [main] label_diag  knn:pos=0.4642,p95=1.000,pairs=1059840,skip=925
  [main] epoch 49/75  loss=0.14981226  avg_tau=+0.171  pred_std=0.21092  select=+0.521  (288.67s)
    [main] val_query_f1=0.521428  range=0.000000  knn=0.521428  similarity=0.000000  clustering=0.000000
    [main] label_diag  knn:pos=0.4642,p95=1.000,pairs=1059023,skip=925
  [main] epoch 50/75  loss=0.14977811  avg_tau=+0.185  pred_std=0.221887  select=+0.515  (287.94s)
    [main] val_query_f1=0.515304  range=0.000000  knn=0.515304  similarity=0.000000  clustering=0.000000
    [main] label_diag  knn:pos=0.4642,p95=1.000,pairs=1058552,skip=925
  [main] epoch 51/75  loss=0.14937522  avg_tau=+0.278  pred_std=0.224981  select=+0.520  (341.06s)
    [main] val_query_f1=0.519709  range=0.000000  knn=0.519709  similarity=0.000000  clustering=0.000000
    [main] label_diag  knn:pos=0.4642,p95=1.000,pairs=1058522,skip=925
  [main] epoch 52/75  loss=0.14909829  avg_tau=+0.170  pred_std=0.20911  select=+0.520  (329.52s)
    [main] val_query_f1=0.519731  range=0.000000  knn=0.519731  similarity=0.000000  clustering=0.000000
    [main] label_diag  knn:pos=0.4642,p95=1.000,pairs=1058350,skip=925
  [main] epoch 53/75  loss=0.14921443  avg_tau=+0.280  pred_std=0.228028  select=+0.522  (287.09s)
    [main] val_query_f1=0.521582  range=0.000000  knn=0.521582  similarity=0.000000  clustering=0.000000
    [main] label_diag  knn:pos=0.4642,p95=1.000,pairs=1059595,skip=925
  [main] epoch 54/75  loss=0.14902224  avg_tau=+0.314  pred_std=0.23738  select=+0.514  (293.14s)
    [main] val_query_f1=0.513584  range=0.000000  knn=0.513584  similarity=0.000000  clustering=0.000000
    [main] label_diag  knn:pos=0.4642,p95=1.000,pairs=1059464,skip=925
  [main] epoch 55/75  loss=0.14877349  avg_tau=+0.250  pred_std=0.252331  select=+0.514  (288.51s)
    [main] val_query_f1=0.513991  range=0.000000  knn=0.513991  similarity=0.000000  clustering=0.000000
    [main] label_diag  knn:pos=0.4642,p95=1.000,pairs=1058718,skip=925
  [main] epoch 56/75  loss=0.14882505  avg_tau=+0.336  pred_std=0.276194  select=+0.516  (288.29s)
    [main] val_query_f1=0.516373  range=0.000000  knn=0.516373  similarity=0.000000  clustering=0.000000
    [main] label_diag  knn:pos=0.4642,p95=1.000,pairs=1058567,skip=925
  [main] epoch 57/75  loss=0.14841509  avg_tau=+0.196  pred_std=0.234563  select=+0.516  (270.37s)
    [main] val_query_f1=0.516153  range=0.000000  knn=0.516153  similarity=0.000000  clustering=0.000000
    [main] label_diag  knn:pos=0.4642,p95=1.000,pairs=1058912,skip=925
  [main] epoch 58/75  loss=0.14866286  avg_tau=+0.097  pred_std=0.258401  select=+0.514  (283.95s)
    [main] val_query_f1=0.513818  range=0.000000  knn=0.513818  similarity=0.000000  clustering=0.000000
    [main] label_diag  knn:pos=0.4642,p95=1.000,pairs=1058544,skip=925
  [main] epoch 59/75  loss=0.14814338  avg_tau=+0.298  pred_std=0.213826  select=+0.518  (277.51s)
    [main] val_query_f1=0.518357  range=0.000000  knn=0.518357  similarity=0.000000  clustering=0.000000
    [main] label_diag  knn:pos=0.4642,p95=1.000,pairs=1060095,skip=925
  [main] epoch 60/75  loss=0.14805728  avg_tau=+0.242  pred_std=0.226907  select=+0.524  (277.80s)
    [main] val_query_f1=0.524312  range=0.000000  knn=0.524312  similarity=0.000000  clustering=0.000000
    [main] label_diag  knn:pos=0.4642,p95=1.000,pairs=1059731,skip=925
  [main] epoch 61/75  loss=0.14761092  avg_tau=+0.295  pred_std=0.236131  select=+0.522  (268.45s)
    [main] val_query_f1=0.522265  range=0.000000  knn=0.522265  similarity=0.000000  clustering=0.000000
    [main] label_diag  knn:pos=0.4642,p95=1.000,pairs=1058412,skip=925
  [main] epoch 62/75  loss=0.14760662  avg_tau=+0.264  pred_std=0.245017  select=+0.523  (286.13s)
    [main] val_query_f1=0.522540  range=0.000000  knn=0.522540  similarity=0.000000  clustering=0.000000
    [main] label_diag  knn:pos=0.4642,p95=1.000,pairs=1058842,skip=925
  [main] epoch 63/75  loss=0.14785511  avg_tau=+0.261  pred_std=0.242414  select=+0.519  (291.71s)
    [main] val_query_f1=0.518795  range=0.000000  knn=0.518795  similarity=0.000000  clustering=0.000000
    [main] label_diag  knn:pos=0.4642,p95=1.000,pairs=1058659,skip=925
  [main] epoch 64/75  loss=0.14730789  avg_tau=+0.320  pred_std=0.256195  select=+0.504  (286.10s)
    [main] val_query_f1=0.503751  range=0.000000  knn=0.503751  similarity=0.000000  clustering=0.000000
    [main] label_diag  knn:pos=0.4642,p95=1.000,pairs=1058878,skip=925
  [main] epoch 65/75  loss=0.14712857  avg_tau=+0.176  pred_std=0.237728  select=+0.515  (266.49s)
    [main] val_query_f1=0.515332  range=0.000000  knn=0.515332  similarity=0.000000  clustering=0.000000
    [main] label_diag  knn:pos=0.4642,p95=1.000,pairs=1058116,skip=925
  [main] epoch 66/75  loss=0.14703878  avg_tau=+0.171  pred_std=0.260281  select=+0.518  (296.85s)
    [main] val_query_f1=0.518105  range=0.000000  knn=0.518105  similarity=0.000000  clustering=0.000000
    [main] label_diag  knn:pos=0.4642,p95=1.000,pairs=1059488,skip=925
  [main] epoch 67/75  loss=0.14677754  avg_tau=+0.308  pred_std=0.25029  select=+0.523  (288.18s)
    [main] val_query_f1=0.523264  range=0.000000  knn=0.523264  similarity=0.000000  clustering=0.000000
    [main] label_diag  knn:pos=0.4642,p95=1.000,pairs=1058543,skip=925
  [main] epoch 68/75  loss=0.14664548  avg_tau=+0.243  pred_std=0.223215  select=+0.520  (294.62s)
    [main] val_query_f1=0.520046  range=0.000000  knn=0.520046  similarity=0.000000  clustering=0.000000
    [main] label_diag  knn:pos=0.4642,p95=1.000,pairs=1058836,skip=925
  [main] epoch 69/75  loss=0.14651723  avg_tau=+0.250  pred_std=0.273204  select=+0.519  (343.00s)
    [main] val_query_f1=0.518558  range=0.000000  knn=0.518558  similarity=0.000000  clustering=0.000000
    [main] label_diag  knn:pos=0.4642,p95=1.000,pairs=1058831,skip=925
  [main] epoch 70/75  loss=0.14629751  avg_tau=+0.316  pred_std=0.266292  select=+0.521  (341.68s)
    [main] val_query_f1=0.521438  range=0.000000  knn=0.521438  similarity=0.000000  clustering=0.000000
    [main] label_diag  knn:pos=0.4642,p95=1.000,pairs=1058072,skip=925
  [main] epoch 71/75  loss=0.14605217  avg_tau=+0.324  pred_std=0.284648  select=+0.515  (327.80s)
    [main] val_query_f1=0.515225  range=0.000000  knn=0.515225  similarity=0.000000  clustering=0.000000
    [main] label_diag  knn:pos=0.4642,p95=1.000,pairs=1059471,skip=925
  [main] epoch 72/75  loss=0.14602885  avg_tau=+0.379  pred_std=0.285554  select=+0.519  (331.36s)
    [main] val_query_f1=0.518828  range=0.000000  knn=0.518828  similarity=0.000000  clustering=0.000000
    [main] label_diag  knn:pos=0.4642,p95=1.000,pairs=1059045,skip=925
  [main] epoch 73/75  loss=0.14566228  avg_tau=+0.197  pred_std=0.262931  select=+0.514  (298.74s)
    [main] val_query_f1=0.514292  range=0.000000  knn=0.514292  similarity=0.000000  clustering=0.000000
    [main] label_diag  knn:pos=0.4642,p95=1.000,pairs=1058337,skip=925
  [main] early stopping at epoch 73: selection score did not improve over 50 diag epochs (best_selection=+0.535, best_loss=0.15332540)
  [main] restored best diagnostic epoch 23/73 (selection=+0.535, loss=0.15332540, val_f1=0.534521)
[train-model (75 epochs)] done in 21494.11s
[save-model] starting...
  saved checkpoint to /ceph/project/P8-1/QDS/qds_v2/src/models/saved_models/model_2026-02-05_eval_2026-02-08_cov0p15_knn_rs0p015_rt0p04_820660.pt  (epochs_trained=73, best_epoch=23, best_loss=0.15332540, train_mix=knn=1.0, eval_mix=knn=1.0)
[save-model] done in 0.72s
[evaluate-matched] starting...
[  eval MLQDS] starting...
[  eval MLQDS] done in 595.88s
[  eval Random] starting...
[  eval Random] done in 183.16s
[  eval newUniformTemporal] starting...
[  eval newUniformTemporal] done in 225.68s
[  eval DouglasPeucker] starting...
[  eval DouglasPeucker] done in 1118.08s
[  eval Oracle] starting...
[  eval Oracle] done in 271.37s
[evaluate-matched] done in 4141.57s
[evaluate-shift] starting...
[evaluate-shift] done in 0.00s
[write-results] starting...
  wrote results to /ceph/project/P8-1/QDS/qds_v2/results
[write-results] done in 0.10s
[write-simplified-csv] starting...
  wrote 1296472 retained points across 1296472 samples to /ceph/project/P8-1/AISDATA/ML_processed_AIS_files/run_2026-02-05_eval_2026-02-08_cov0p15_knn_rs0p015_rt0p04_820660/ML_simplified_eval.csv
[write-simplified-csv] done in 4.35s
[trajectory-length-loss] starting...
  [length-loss] 1564 trajectories  avg_orig_km=114.17  avg_simp_km=113.74  avg_length_loss=0.253  avg_points_removed=1932.5
  [length-loss] filtered out 569 trajectories with orig_km < 1.00 (likely docked/stationary) from top-25 ranking

  [length-loss] Top 25 MOST distorted (highest length_loss):
  rank        mmsi     orig_km     simp_km  length_loss    kept   removed
     1   265513270       20.45        3.38        0.835      15        32
     2   246133000        5.27        1.18        0.775     151       352
     3   211457860        4.02        1.01        0.748      76       176
     4   211846360        3.24        0.90        0.722      92       212
     5   245697000        2.89        0.85        0.706     117       270
     6   352005487        5.89        1.83        0.689     139       323
     7   259447000        4.08        1.30        0.681     312       725
     8   219004266        2.91        0.95        0.674     542      1262
     9   218030270       16.80        5.65        0.664     207       483
    10   219003217        2.43        0.84        0.656     206       478
    11   511100505        6.86        2.36        0.656     172       400
    12   258040000        2.08        0.73        0.646     108       251
    13   229044000        3.05        1.08        0.644      57       130
    14   244890000        1.13        0.40        0.643      86       200
    15   215064000        2.40        0.87        0.640     128       296
    16   219017784        1.42        0.51        0.639     156       362
    17   219024715        3.20        1.19        0.627    1272      2966
    18   219003113        1.97        0.73        0.627     640      1492
    19   219440000        1.32        0.49        0.625     127       294
    20   219000851        1.41        0.54        0.618     174       404
    21   219001582        3.33        1.28        0.617     763      1779
    22   341832000        1.19        0.46        0.615      72       166
    23   220343000        1.42        0.56        0.602     199       464
    24   218413000        2.22        0.90        0.592     121       280
    25   209075000        2.77        1.19        0.571     106       247

  [length-loss] Top 25 LEAST distorted (lowest length_loss):
  rank        mmsi     orig_km     simp_km  length_loss    kept   removed
     1   255916022       25.50       25.50        0.000     118       275
     2   273268690       12.12       12.12        0.000      21        48
     3   314849000      292.91      292.91        0.000     446      1038
     4   257182000      340.17      340.16        0.000    1583      3691
     5   636024739      112.29      112.29        0.000     408       951
     6   311055400       97.53       97.53        0.000     441      1028
     7   241497000      368.61      368.60        0.000     675      1574
     8   258849000        5.65        5.65        0.000      10        23
     9   477030700       21.46       21.46        0.000      24        54
    10   210425000       95.04       95.04        0.000     291       676
    11   219560000      384.96      384.96        0.000    1739      4056
    12   230987000      367.62      367.62        0.000    1491      3477
    13   212112000      197.89      197.89        0.000     710      1655
    14   636019492      164.27      164.27        0.000      37        84
    15   636020533      140.00      140.00        0.000     319       742
    16   230618000       98.61       98.60        0.000     489      1140
    17   563288800       50.71       50.71        0.000      56       130
    18   311027600      231.23      231.22        0.000     864      2015
    19   215857000       36.63       36.63        0.000     151       350
    20   636022717      266.92      266.92        0.000    1380      3220
    21   255806436       88.16       88.16        0.000     398       928
    22   373267000      301.29      301.29        0.000    1270      2963
    23   255915977      273.15      273.14        0.000     230       536
    24   255814000      155.05      155.04        0.000     721      1682
    25   235108527       44.96       44.96        0.000     136       317
[trajectory-length-loss] done in 13.34s
[pipeline] total runtime 35425.92s

Matched-workload table
Method                     AggregateF1   Compression   Latency(ms)        Type
------------------------------------------------------------------------------
MLQDS                         0.470816        0.3002     357806.15         all
  - range                     0.000000                                   range
  - knn                       0.470816                                     knn
  - similarity                0.000000                              similarity
  - clustering                0.000000                              clustering
Random                        0.441198        0.3007        396.60         all
  - range                     0.000000                                   range
  - knn                       0.441198                                     knn
  - similarity                0.000000                              similarity
  - clustering                0.000000                              clustering
newUniformTemporal            0.442763        0.3002        123.80         all
  - range                     0.000000                                   range
  - knn                       0.442763                                     knn
  - similarity                0.000000                              similarity
  - clustering                0.000000                              clustering
DouglasPeucker                0.282953        0.3002        494.42         all
  - range                     0.000000                                   range
  - knn                       0.282953                                     knn
  - similarity                0.000000                              similarity
  - clustering                0.000000                              clustering
Oracle                        0.713130        0.3007        509.16         all
  - range                     0.000000                                   range
  - knn                       0.713130                                     knn
  - similarity                0.000000                              similarity
  - clustering                0.000000                              clustering

Distribution-shift table
Train\Eval                           knn=1.0
--------------------------------------------
knn=1.0                               0.4708
