[config] model=turn_aware  workload=mixed  epochs=75  n_queries=250  query_coverage=0.3  max_queries=5000  compression_ratio=0.15  lr=0.0005  pointwise_loss_weight=0.25  gradient_clip_norm=1.0  diagnostic_every=1  checkpoint_selection_metric=uniform_gap  f1_diagnostic_every=1  uniform_gap_weight=0.5  type_penalty_weight=1.0  range_spatial_fraction=0.005  range_time_fraction=0.015  knn_k=12  mlqds_temporal_fraction=0.0  residual_label_mode=temporal
[load-data] reading train CSV: /ceph/project/P8-1/AISDATA/preprocessed_AIS_files/preprocessed_2026-02-05.csv
[load-data] reading eval CSV: /ceph/project/P8-1/AISDATA/preprocessed_AIS_files/preprocessed_2026-02-08.csv
[load-data] train=1580 eval=1564 trajectories loaded in 52.77s
[pipeline] train=1580 trajectories, eval=1564 trajectories, train_mix=clustering=0.2,knn=0.4,range=0.2,similarity=0.2, eval_mix=clustering=0.2,knn=0.4,range=0.2,similarity=0.2
[split] starting...
  split mode=separate CSVs  train=1343  eval=1564
  checkpoint-selection validation=237 trajectories
[split] done in 0.00s
[build-datasets] starting...
[build-datasets] done in 0.32s
[generate-workloads] starting...
  train_workload=375 queries  coverage=30.00% (1143326/3811001)
  eval_workload=338 queries  coverage=30.19% (1304108/4318960)
  selection_workload=500 queries  coverage=43.75% (252646/577411)
[generate-workloads] done in 116.07s
[write-queries-geojson] starting...
  wrote   68 range queries to /ceph/project/P8-1/AISDATA/Query_border_files/run_run3_tight_range_2026-02-05_eval_2026-02-08_cov0p30_mixed_rs0p005_rt0p015_822134/queries_range.geojson
  wrote  135 knn queries to /ceph/project/P8-1/AISDATA/Query_border_files/run_run3_tight_range_2026-02-05_eval_2026-02-08_cov0p30_mixed_rs0p005_rt0p015_822134/queries_knn.geojson
  wrote   68 similarity queries to /ceph/project/P8-1/AISDATA/Query_border_files/run_run3_tight_range_2026-02-05_eval_2026-02-08_cov0p30_mixed_rs0p005_rt0p015_822134/queries_similarity.geojson
  wrote   67 clustering queries to /ceph/project/P8-1/AISDATA/Query_border_files/run_run3_tight_range_2026-02-05_eval_2026-02-08_cov0p30_mixed_rs0p005_rt0p015_822134/queries_clustering.geojson
[write-queries-geojson] done in 0.04s
[train-model (75 epochs)] starting...
  [main] validation newUniformTemporal_f1=0.388355  range=0.267807  knn=0.245151  similarity=0.211446  clustering=0.972222
  [main] epoch 01/75  loss=0.01982028  avg_tau=-0.016  pred_std=0.130008  select=+0.231  (86.50s)
    [main] val_query_f1=0.325275  range=0.173260  knn=0.181149  similarity=0.120820  clustering=0.970000
    [main] val_vs_uniform aggregate=-0.063080  type_deficit=0.063080  range=-0.094547  knn=-0.064002  similarity=-0.090626  clustering=-0.002222
    [main] label_diag  range:pos=0.0137,p95=1.000,pairs=73515,skip=13851  knn:pos=0.0256,p95=1.000,pairs=239967,skip=11901  similarity:pos=0.0041,p95=1.000,pairs=51661,skip=14207  clustering:pos=0.0079,p95=1.000,pairs=50535,skip=14176
  [main] epoch 02/75  loss=0.01504608  avg_tau=+0.050  pred_std=0.132618  select=+0.226  (113.11s)
    [main] val_query_f1=0.323258  range=0.174915  knn=0.180502  similarity=0.110374  clustering=0.970000
    [main] val_vs_uniform aggregate=-0.065097  type_deficit=0.065097  range=-0.092892  knn=-0.064649  similarity=-0.101072  clustering=-0.002222
    [main] label_diag  range:pos=0.0137,p95=1.000,pairs=73414,skip=13851  knn:pos=0.0256,p95=1.000,pairs=239971,skip=11901  similarity:pos=0.0041,p95=1.000,pairs=51716,skip=14207  clustering:pos=0.0079,p95=1.000,pairs=50373,skip=14176
  [main] epoch 03/75  loss=0.01561483  avg_tau=+0.314  pred_std=0.176243  select=+0.215  (102.51s)
    [main] val_query_f1=0.319037  range=0.174813  knn=0.175106  similarity=0.100160  clustering=0.970000
    [main] val_vs_uniform aggregate=-0.069318  type_deficit=0.069318  range=-0.092993  knn=-0.070044  similarity=-0.111285  clustering=-0.002222
    [main] label_diag  range:pos=0.0137,p95=1.000,pairs=73500,skip=13851  knn:pos=0.0256,p95=1.000,pairs=240553,skip=11901  similarity:pos=0.0041,p95=1.000,pairs=51731,skip=14207  clustering:pos=0.0079,p95=1.000,pairs=50226,skip=14176
  [main] epoch 04/75  loss=0.01365417  avg_tau=+0.127  pred_std=0.172274  select=+0.221  (100.26s)
    [main] val_query_f1=0.321500  range=0.176400  knn=0.178050  similarity=0.105001  clustering=0.970000
    [main] val_vs_uniform aggregate=-0.066855  type_deficit=0.066855  range=-0.091407  knn=-0.067100  similarity=-0.106445  clustering=-0.002222
    [main] label_diag  range:pos=0.0137,p95=1.000,pairs=73549,skip=13851  knn:pos=0.0256,p95=1.000,pairs=240248,skip=11901  similarity:pos=0.0041,p95=1.000,pairs=51735,skip=14207  clustering:pos=0.0079,p95=1.000,pairs=50403,skip=14176
  [main] epoch 05/75  loss=0.01642279  avg_tau=+0.023  pred_std=0.220866  select=+0.215  (82.05s)
    [main] val_query_f1=0.319034  range=0.167582  knn=0.176916  similarity=0.103754  clustering=0.970000
    [main] val_vs_uniform aggregate=-0.069321  type_deficit=0.069321  range=-0.100225  knn=-0.068234  similarity=-0.107692  clustering=-0.002222
    [main] label_diag  range:pos=0.0137,p95=1.000,pairs=73427,skip=13851  knn:pos=0.0256,p95=1.000,pairs=240045,skip=11901  similarity:pos=0.0041,p95=1.000,pairs=51702,skip=14207  clustering:pos=0.0079,p95=1.000,pairs=50412,skip=14176
  [main] epoch 06/75  loss=0.01703903  avg_tau=-0.154  pred_std=0.234876  select=+0.209  (104.77s)
    [main] val_query_f1=0.316658  range=0.169383  knn=0.175213  similarity=0.093480  clustering=0.970000
    [main] val_vs_uniform aggregate=-0.071697  type_deficit=0.071697  range=-0.098424  knn=-0.069937  similarity=-0.117966  clustering=-0.002222
    [main] label_diag  range:pos=0.0137,p95=1.000,pairs=73742,skip=13851  knn:pos=0.0256,p95=1.000,pairs=239971,skip=11901  similarity:pos=0.0041,p95=1.000,pairs=51804,skip=14207  clustering:pos=0.0079,p95=1.000,pairs=50500,skip=14176
  [main] epoch 07/75  loss=0.01603117  avg_tau=+0.069  pred_std=0.25412  select=+0.217  (86.15s)
    [main] val_query_f1=0.319837  range=0.166632  knn=0.180268  similarity=0.102017  clustering=0.970000
    [main] val_vs_uniform aggregate=-0.068518  type_deficit=0.068518  range=-0.101175  knn=-0.064882  similarity=-0.109428  clustering=-0.002222
    [main] label_diag  range:pos=0.0137,p95=1.000,pairs=73629,skip=13851  knn:pos=0.0256,p95=1.000,pairs=240362,skip=11901  similarity:pos=0.0041,p95=1.000,pairs=51727,skip=14207  clustering:pos=0.0079,p95=1.000,pairs=50227,skip=14176
  [main] epoch 08/75  loss=0.01664048  avg_tau=-0.045  pred_std=0.232939  select=+0.211  (90.32s)
    [main] val_query_f1=0.317543  range=0.168882  knn=0.175106  similarity=0.098622  clustering=0.970000
    [main] val_vs_uniform aggregate=-0.070812  type_deficit=0.070812  range=-0.098925  knn=-0.070045  similarity=-0.112824  clustering=-0.002222
    [main] label_diag  range:pos=0.0137,p95=1.000,pairs=73708,skip=13851  knn:pos=0.0256,p95=1.000,pairs=240096,skip=11901  similarity:pos=0.0041,p95=1.000,pairs=51636,skip=14207  clustering:pos=0.0079,p95=1.000,pairs=50491,skip=14176
  [main] epoch 09/75  loss=0.01696160  avg_tau=+0.189  pred_std=0.216792  select=+0.209  (106.41s)
    [main] val_query_f1=0.316546  range=0.165378  knn=0.176433  similarity=0.094487  clustering=0.970000
    [main] val_vs_uniform aggregate=-0.071809  type_deficit=0.071809  range=-0.102429  knn=-0.068718  similarity=-0.116959  clustering=-0.002222
    [main] label_diag  range:pos=0.0137,p95=1.000,pairs=73551,skip=13851  knn:pos=0.0256,p95=1.000,pairs=240135,skip=11901  similarity:pos=0.0041,p95=1.000,pairs=51669,skip=14207  clustering:pos=0.0079,p95=1.000,pairs=50251,skip=14176
  [main] epoch 10/75  loss=0.01626095  avg_tau=+0.052  pred_std=0.225904  select=+0.208  (75.83s)
    [main] val_query_f1=0.316400  range=0.163464  knn=0.175256  similarity=0.098023  clustering=0.970000
    [main] val_vs_uniform aggregate=-0.071956  type_deficit=0.071956  range=-0.104343  knn=-0.069895  similarity=-0.113423  clustering=-0.002222
    [main] label_diag  range:pos=0.0137,p95=1.000,pairs=73317,skip=13851  knn:pos=0.0256,p95=1.000,pairs=239986,skip=11901  similarity:pos=0.0041,p95=1.000,pairs=51695,skip=14207  clustering:pos=0.0079,p95=1.000,pairs=50325,skip=14176
  [main] epoch 11/75  loss=0.01650464  avg_tau=+0.254  pred_std=0.211508  select=+0.217  (89.36s)
    [main] val_query_f1=0.319679  range=0.167135  knn=0.177770  similarity=0.105718  clustering=0.970000
    [main] val_vs_uniform aggregate=-0.068677  type_deficit=0.068677  range=-0.100672  knn=-0.067380  similarity=-0.105728  clustering=-0.002222
    [main] label_diag  range:pos=0.0137,p95=1.000,pairs=73627,skip=13851  knn:pos=0.0256,p95=1.000,pairs=240242,skip=11901  similarity:pos=0.0041,p95=1.000,pairs=51719,skip=14207  clustering:pos=0.0079,p95=1.000,pairs=50472,skip=14176
  [main] epoch 12/75  loss=0.01841799  avg_tau=+0.227  pred_std=0.21284  select=+0.207  (108.22s)
    [main] val_query_f1=0.315958  range=0.161974  knn=0.173861  similarity=0.100093  clustering=0.970000
    [main] val_vs_uniform aggregate=-0.072397  type_deficit=0.072397  range=-0.105833  knn=-0.071290  similarity=-0.111353  clustering=-0.002222
    [main] label_diag  range:pos=0.0137,p95=1.000,pairs=73482,skip=13851  knn:pos=0.0256,p95=1.000,pairs=239924,skip=11901  similarity:pos=0.0041,p95=1.000,pairs=51807,skip=14207  clustering:pos=0.0079,p95=1.000,pairs=50432,skip=14176
  [main] epoch 13/75  loss=0.01333232  avg_tau=+0.009  pred_std=0.214511  select=+0.213  (76.92s)
    [main] val_query_f1=0.318315  range=0.169281  knn=0.174101  similarity=0.104092  clustering=0.970000
    [main] val_vs_uniform aggregate=-0.070040  type_deficit=0.070040  range=-0.098526  knn=-0.071050  similarity=-0.107354  clustering=-0.002222
    [main] label_diag  range:pos=0.0137,p95=1.000,pairs=73739,skip=13851  knn:pos=0.0256,p95=1.000,pairs=239980,skip=11901  similarity:pos=0.0041,p95=1.000,pairs=51669,skip=14207  clustering:pos=0.0079,p95=1.000,pairs=50363,skip=14176
  [main] epoch 14/75  loss=0.01482348  avg_tau=-0.404  pred_std=0.190224  select=+0.215  (91.80s)
    [main] val_query_f1=0.318857  range=0.167647  knn=0.175557  similarity=0.105521  clustering=0.970000
    [main] val_vs_uniform aggregate=-0.069499  type_deficit=0.069499  range=-0.100160  knn=-0.069593  similarity=-0.105925  clustering=-0.002222
    [main] label_diag  range:pos=0.0137,p95=1.000,pairs=73586,skip=13851  knn:pos=0.0256,p95=1.000,pairs=240001,skip=11901  similarity:pos=0.0041,p95=1.000,pairs=51765,skip=14207  clustering:pos=0.0079,p95=1.000,pairs=50387,skip=14176
  [main] epoch 15/75  loss=0.01422110  avg_tau=-0.111  pred_std=0.200326  select=+0.211  (77.27s)
    [main] val_query_f1=0.317244  range=0.167794  knn=0.174169  similarity=0.100090  clustering=0.970000
    [main] val_vs_uniform aggregate=-0.071111  type_deficit=0.071111  range=-0.100013  knn=-0.070981  similarity=-0.111356  clustering=-0.002222
    [main] label_diag  range:pos=0.0137,p95=1.000,pairs=73467,skip=13851  knn:pos=0.0256,p95=1.000,pairs=240494,skip=11901  similarity:pos=0.0041,p95=1.000,pairs=51755,skip=14207  clustering:pos=0.0079,p95=1.000,pairs=50327,skip=14176
  [main] epoch 16/75  loss=0.01632443  avg_tau=+0.042  pred_std=0.215283  select=+0.215  (80.30s)
    [main] val_query_f1=0.319067  range=0.166237  knn=0.173894  similarity=0.111307  clustering=0.970000
    [main] val_vs_uniform aggregate=-0.069289  type_deficit=0.069289  range=-0.101570  knn=-0.071256  similarity=-0.100138  clustering=-0.002222
    [main] label_diag  range:pos=0.0137,p95=1.000,pairs=73537,skip=13851  knn:pos=0.0256,p95=1.000,pairs=240000,skip=11901  similarity:pos=0.0041,p95=1.000,pairs=51785,skip=14207  clustering:pos=0.0079,p95=1.000,pairs=50416,skip=14176
  [main] epoch 17/75  loss=0.01685975  avg_tau=-0.207  pred_std=0.207148  select=+0.207  (98.82s)
    [main] val_query_f1=0.315973  range=0.164980  knn=0.171733  similarity=0.101420  clustering=0.970000
    [main] val_vs_uniform aggregate=-0.072382  type_deficit=0.072382  range=-0.102827  knn=-0.073418  similarity=-0.110025  clustering=-0.002222
    [main] label_diag  range:pos=0.0137,p95=1.000,pairs=73562,skip=13851  knn:pos=0.0256,p95=1.000,pairs=240342,skip=11901  similarity:pos=0.0041,p95=1.000,pairs=51773,skip=14207  clustering:pos=0.0079,p95=1.000,pairs=50379,skip=14176
  [main] epoch 18/75  loss=0.01429248  avg_tau=-0.292  pred_std=0.221469  select=+0.207  (122.38s)
    [main] val_query_f1=0.315844  range=0.164614  knn=0.171201  similarity=0.102202  clustering=0.970000
    [main] val_vs_uniform aggregate=-0.072512  type_deficit=0.072512  range=-0.103193  knn=-0.073950  similarity=-0.109244  clustering=-0.002222
    [main] label_diag  range:pos=0.0137,p95=1.000,pairs=73563,skip=13851  knn:pos=0.0256,p95=1.000,pairs=240094,skip=11901  similarity:pos=0.0041,p95=1.000,pairs=51771,skip=14207  clustering:pos=0.0079,p95=1.000,pairs=50416,skip=14176
  [main] epoch 19/75  loss=0.01763381  avg_tau=-0.179  pred_std=0.224314  select=+0.208  (107.95s)
    [main] val_query_f1=0.316051  range=0.168125  knn=0.168937  similarity=0.104257  clustering=0.970000
    [main] val_vs_uniform aggregate=-0.072304  type_deficit=0.072304  range=-0.099682  knn=-0.076214  similarity=-0.107189  clustering=-0.002222
    [main] label_diag  range:pos=0.0137,p95=1.000,pairs=73551,skip=13851  knn:pos=0.0256,p95=1.000,pairs=240196,skip=11901  similarity:pos=0.0041,p95=1.000,pairs=51734,skip=14207  clustering:pos=0.0079,p95=1.000,pairs=50353,skip=14176
  [main] epoch 20/75  loss=0.01570230  avg_tau=-0.094  pred_std=0.221328  select=+0.221  (96.78s)
    [main] val_query_f1=0.321581  range=0.170212  knn=0.177132  similarity=0.113430  clustering=0.970000
    [main] val_vs_uniform aggregate=-0.066774  type_deficit=0.066774  range=-0.097595  knn=-0.068018  similarity=-0.098015  clustering=-0.002222
    [main] label_diag  range:pos=0.0137,p95=1.000,pairs=73678,skip=13851  knn:pos=0.0256,p95=1.000,pairs=240165,skip=11901  similarity:pos=0.0041,p95=1.000,pairs=51711,skip=14207  clustering:pos=0.0079,p95=1.000,pairs=50441,skip=14176
  [main] epoch 21/75  loss=0.01774942  avg_tau=+0.000  pred_std=0.241189  select=+0.208  (111.98s)
    [main] val_query_f1=0.316368  range=0.166267  knn=0.172200  similarity=0.101176  clustering=0.970000
    [main] val_vs_uniform aggregate=-0.071987  type_deficit=0.071987  range=-0.101539  knn=-0.072951  similarity=-0.110270  clustering=-0.002222
    [main] label_diag  range:pos=0.0137,p95=1.000,pairs=73520,skip=13851  knn:pos=0.0256,p95=1.000,pairs=240236,skip=11901  similarity:pos=0.0041,p95=1.000,pairs=51699,skip=14207  clustering:pos=0.0079,p95=1.000,pairs=50338,skip=14176
  [main] epoch 22/75  loss=0.01702445  avg_tau=+0.011  pred_std=0.24904  select=+0.210  (79.16s)
    [main] val_query_f1=0.316847  range=0.167523  knn=0.173031  similarity=0.100648  clustering=0.970000
    [main] val_vs_uniform aggregate=-0.071509  type_deficit=0.071509  range=-0.100283  knn=-0.072120  similarity=-0.110798  clustering=-0.002222
    [main] label_diag  range:pos=0.0137,p95=1.000,pairs=73490,skip=13851  knn:pos=0.0256,p95=1.000,pairs=239920,skip=11901  similarity:pos=0.0041,p95=1.000,pairs=51619,skip=14207  clustering:pos=0.0079,p95=1.000,pairs=50368,skip=14176
  [main] epoch 23/75  loss=0.01411901  avg_tau=-0.067  pred_std=0.210448  select=+0.215  (76.21s)
    [main] val_query_f1=0.319096  range=0.171406  knn=0.173467  similarity=0.107141  clustering=0.970000
    [main] val_vs_uniform aggregate=-0.069259  type_deficit=0.069259  range=-0.096401  knn=-0.071684  similarity=-0.104305  clustering=-0.002222
    [main] label_diag  range:pos=0.0137,p95=1.000,pairs=73405,skip=13851  knn:pos=0.0256,p95=1.000,pairs=240291,skip=11901  similarity:pos=0.0041,p95=1.000,pairs=51624,skip=14207  clustering:pos=0.0079,p95=1.000,pairs=50452,skip=14176
  [main] epoch 24/75  loss=0.01749235  avg_tau=-0.295  pred_std=0.22926  select=+0.218  (92.37s)
    [main] val_query_f1=0.320387  range=0.173563  knn=0.178688  similarity=0.100998  clustering=0.970000
    [main] val_vs_uniform aggregate=-0.067968  type_deficit=0.067968  range=-0.094244  knn=-0.066463  similarity=-0.110448  clustering=-0.002222
    [main] label_diag  range:pos=0.0137,p95=1.000,pairs=73767,skip=13851  knn:pos=0.0256,p95=1.000,pairs=240162,skip=11901  similarity:pos=0.0041,p95=1.000,pairs=51650,skip=14207  clustering:pos=0.0079,p95=1.000,pairs=50384,skip=14176
  [main] epoch 25/75  loss=0.01365927  avg_tau=+0.004  pred_std=0.229724  select=+0.219  (102.40s)
    [main] val_query_f1=0.320764  range=0.174668  knn=0.177095  similarity=0.104962  clustering=0.970000
    [main] val_vs_uniform aggregate=-0.067591  type_deficit=0.067591  range=-0.093139  knn=-0.068056  similarity=-0.106484  clustering=-0.002222
    [main] label_diag  range:pos=0.0137,p95=1.000,pairs=73722,skip=13851  knn:pos=0.0256,p95=1.000,pairs=240178,skip=11901  similarity:pos=0.0041,p95=1.000,pairs=51543,skip=14207  clustering:pos=0.0079,p95=1.000,pairs=50394,skip=14176
  [main] epoch 26/75  loss=0.01573462  avg_tau=-0.024  pred_std=0.225249  select=+0.217  (105.42s)
    [main] val_query_f1=0.319916  range=0.177095  knn=0.176581  similarity=0.099322  clustering=0.970000
    [main] val_vs_uniform aggregate=-0.068439  type_deficit=0.068439  range=-0.090712  knn=-0.068569  similarity=-0.112124  clustering=-0.002222
    [main] label_diag  range:pos=0.0137,p95=1.000,pairs=73445,skip=13851  knn:pos=0.0256,p95=1.000,pairs=240108,skip=11901  similarity:pos=0.0041,p95=1.000,pairs=51641,skip=14207  clustering:pos=0.0079,p95=1.000,pairs=50383,skip=14176
  [main] early stopping at epoch 26: selection score did not improve over 25 diag epochs (best_selection=+0.231, best_loss=0.01982028)
  [main] restored best diagnostic epoch 1/26 (selection=+0.231, loss=0.01982028, val_f1=0.325275)
[train-model (75 epochs)] done in 2572.71s
[save-model] starting...
  saved checkpoint to /ceph/project/P8-1/QDS/qds_v2/src/models/saved_models/model_run3_tight_range_2026-02-05_eval_2026-02-08_cov0p30_mixed_rs0p005_rt0p015_822134.pt  (epochs_trained=26, best_epoch=1, best_loss=0.01982028, train_mix=clustering=0.2,knn=0.4,range=0.2,similarity=0.2, eval_mix=clustering=0.2,knn=0.4,range=0.2,similarity=0.2)
[save-model] done in 0.13s
[evaluate-matched] starting...
[  eval MLQDS] starting...
[  eval MLQDS] done in 246.14s
[  eval Random] starting...
[  eval Random] done in 42.51s
[  eval newUniformTemporal] starting...
[  eval newUniformTemporal] done in 53.81s
[  eval DouglasPeucker] starting...
[  eval DouglasPeucker] done in 51.22s
[  eval Oracle] starting...
[  eval Oracle] done in 44.15s
[evaluate-matched] done in 467.25s
[evaluate-shift] starting...
[evaluate-shift] done in 0.00s
[write-results] starting...
  wrote results to /ceph/project/P8-1/QDS/qds_v2/results/run3_tight_range_822134
[write-results] done in 0.01s
[write-simplified-csv] starting...
  wrote 648573 retained points across 648573 samples to /ceph/project/P8-1/AISDATA/ML_processed_AIS_files/run_run3_tight_range_2026-02-05_eval_2026-02-08_cov0p30_mixed_rs0p005_rt0p015_822134/ML_simplified_eval.csv
[write-simplified-csv] done in 1.25s
[trajectory-length-loss] starting...
  [length-loss] 1564 trajectories  avg_orig_km=114.17  avg_simp_km=99.42  avg_length_loss=0.441  avg_points_removed=2346.8
  [length-loss] filtered out 569 trajectories with orig_km < 1.00 (likely docked/stationary) from top-25 ranking

  [length-loss] Top 25 MOST distorted (highest length_loss):
  rank        mmsi     orig_km     simp_km  length_loss    kept   removed
     1   219001239        4.07        0.20        0.951     299      1692
     2   265513270       20.45        1.45        0.929       8        39
     3   219020533        3.77        0.33        0.912     587      3326
     4   220343000        1.42        0.13        0.905     100       563
     5   209075000        2.77        0.29        0.895      53       300
     6   219440000        1.32        0.15        0.889      64       357
     7   219003113        1.97        0.24        0.880     320      1812
     8   218413000        2.22        0.28        0.875      61       340
     9   219021176        1.75        0.24        0.865     567      3209
    10   220076700        3.14        0.43        0.864     448      2533
    11   265738540        1.40        0.20        0.859     344      1943
    12   218143000        1.19        0.17        0.858      90       505
    13   258040000        2.08        0.30        0.854      54       305
    14   219004266        2.91        0.43        0.852     271      1533
    15   219026081        5.64        0.85        0.850     643      3643
    16   219798000        1.09        0.17        0.848     197      1114
    17   265540720       16.01        2.43        0.848     135       763
    18   218003000        5.00        0.77        0.846     860      4867
    19   219000881        2.07        0.32        0.845     469      2656
    20   219033037        5.59        0.87        0.844     323      1826
    21   265650950        1.86        0.29        0.843     305      1724
    22   211457860        4.02        0.63        0.842      38       214
    23   265739650        1.39        0.22        0.842     320      1812
    24   219438000       12.71        2.02        0.841     593      3356
    25   245697000        2.89        0.46        0.840      59       328

  [length-loss] Top 25 LEAST distorted (lowest length_loss):
  rank        mmsi     orig_km     simp_km  length_loss    kept   removed
     1   273268690       12.12       12.12        0.000      11        58
     2   258849000        5.65        5.65        0.000       5        28
     3   636019492      164.27      164.26        0.000      19       102
     4   255916022       25.50       25.50        0.000      59       334
     5   258059000       19.92       19.92        0.000       8        43
     6   636021770       15.55       15.55        0.000      14        78
     7   538003242       36.40       36.39        0.000      59       332
     8   210425000       95.04       95.04        0.000     146       821
     9   219814000       33.51       33.51        0.000       7        37
    10   477149200       54.20       54.20        0.000     131       738
    11   311995000       99.07       99.06        0.000     180      1020
    12   241689000       36.78       36.78        0.000      48       266
    13   229344000       37.80       37.80        0.000      62       350
    14   244890472       44.97       44.96        0.000     106       598
    15   255915977      273.15      273.10        0.000     115       651
    16   667001252       74.44       74.42        0.000     176       996
    17   235108527       44.96       44.95        0.000      68       385
    18   266254000       10.67       10.67        0.000      29       159
    19   351184000      116.49      116.46        0.000     298      1683
    20   212770000       70.37       70.34        0.000     129       726
    21   257308000      175.45      175.38        0.000     409      2313
    22   352002167      250.40      250.28        0.000      68       381
    23   577678000       61.67       61.64        0.001     123       696
    24   210387000       71.08       71.04        0.001     220      1243
    25   314620000       25.48       25.46        0.001      64       358
[trajectory-length-loss] done in 12.15s
[pipeline] total runtime 3169.92s

Matched-workload table
Method                     AggregateF1   Compression    AvgPtGap   Latency(ms)        Type
------------------------------------------------------------------------------------------
MLQDS                         0.222439        0.1502        6.67     199391.96         all
  - range                     0.196927                                               range
  - knn                       0.165781                                                 knn
  - similarity                0.100571                                          similarity
  - clustering                0.483135                                          clustering
Random                        0.314317        0.1508        6.65        329.09         all
  - range                     0.259600                                               range
  - knn                       0.250385                                                 knn
  - similarity                0.233109                                          similarity
  - clustering                0.578106                                          clustering
newUniformTemporal            0.307947        0.1502        6.67         93.97         all
  - range                     0.261468                                               range
  - knn                       0.247579                                                 knn
  - similarity                0.203803                                          similarity
  - clustering                0.579306                                          clustering
DouglasPeucker                0.214916        0.1502        6.67       1121.79         all
  - range                     0.188955                                               range
  - knn                       0.145568                                                 knn
  - similarity                0.113582                                          similarity
  - clustering                0.480908                                          clustering
Oracle                        0.940081        0.1508        6.65        292.12         all
  - range                     0.980676                                               range
  - knn                       0.938622                                                 knn
  - similarity                0.853603                                          similarity
  - clustering                0.988881                                          clustering

Geometric-distortion table (lower is better; SED = time-synchronous, PED = perpendicular, in km)
Method                    AvgSED_km  MaxSED_km  AvgPED_km  MaxPED_km   AvgLengthL     F1x(1-L)
----------------------------------------------------------------------------------------------
MLQDS                        6.1309     111.08     3.5278      74.21       0.4422     0.124088
Random                       0.0083      55.85     0.0035      31.32       0.3087     0.217287
newUniformTemporal           0.0049      57.72     0.0015      14.42       0.3224     0.208661
DouglasPeucker               9.9229     114.59     6.2193      85.98       0.4193     0.124807
Oracle                       0.0361      60.08     0.0144      33.10       0.3258     0.633766

Distribution-shift table
Train\Eval            clustering=0.2,knn=0.4,range=0.2,similarity=0.2
---------------------------------------------------------------------
clustering=0.2,knn=0.4,range=0.2,similarity=0.2                0.2224
