[config] model=turn_aware  workload=range  epochs=50  n_queries=150  query_coverage=0.3  max_queries=3000  compression_ratio=0.3  lr=0.0005  pointwise_loss_weight=0.25  gradient_clip_norm=1.0  diagnostic_every=1  checkpoint_selection_metric=f1  f1_diagnostic_every=3  range_spatial_fraction=0.015  range_time_fraction=0.04
[load-data] reading train CSV: /ceph/project/P8-1/AISDATA/preprocessed_AIS_files/preprocessed_2026-02-05.csv
[load-data] reading eval CSV: /ceph/project/P8-1/AISDATA/preprocessed_AIS_files/preprocessed_2026-02-08.csv
[load-data] train=1580 eval=1564 trajectories loaded in 116.72s
[pipeline] train=1580 trajectories, eval=1564 trajectories, train_mix=range=1.0, eval_mix=range=1.0
[split] starting...
  split mode=separate CSVs  train=1343  eval=1564
  checkpoint-selection validation=237 trajectories
[split] done in 0.00s
[build-datasets] starting...
[build-datasets] done in 0.28s
[generate-workloads] starting...
  train_workload=150 queries  coverage=14.79% (563648/3811001)
  eval_workload=150 queries  coverage=14.19% (612751/4318960)
  selection_workload=150 queries  coverage=19.67% (113593/577411)
  WARNING: train workload stopped below requested coverage (14.79% < 30.00%); raise --n_queries or query footprint to cover more points.
  WARNING: eval workload stopped below requested coverage (14.19% < 30.00%); raise --n_queries or query footprint to cover more points.
[generate-workloads] done in 55.19s
[write-queries-geojson] starting...
  wrote  150 range queries to /ceph/project/P8-1/AISDATA/Query_border_files/run_2026-02-05_eval_2026-02-08_cov0p30_range_rs0p015_rt0p04_819347/queries_range.geojson
  wrote    0 knn queries to /ceph/project/P8-1/AISDATA/Query_border_files/run_2026-02-05_eval_2026-02-08_cov0p30_range_rs0p015_rt0p04_819347/queries_knn.geojson
  wrote    0 similarity queries to /ceph/project/P8-1/AISDATA/Query_border_files/run_2026-02-05_eval_2026-02-08_cov0p30_range_rs0p015_rt0p04_819347/queries_similarity.geojson
  wrote    0 clustering queries to /ceph/project/P8-1/AISDATA/Query_border_files/run_2026-02-05_eval_2026-02-08_cov0p30_range_rs0p015_rt0p04_819347/queries_clustering.geojson
[write-queries-geojson] done in 0.01s
[train-model (50 epochs)] starting...
  [main] epoch 01/50  loss=0.06018224  avg_tau=+0.150  pred_std=0.00863236  select=+0.447  (86.34s)
    [main] val_query_f1=0.446805  range=0.446805  knn=0.000000  similarity=0.000000  clustering=0.000000
    [main] label_diag  range:pos=0.1479,p95=1.000,pairs=263515,skip=10325
  [main] epoch 02/50  loss=0.05666595  avg_tau=+0.083  pred_std=0.0127785  select=+0.444  (53.86s)
    [main] val_query_f1=0.443989  range=0.443989  knn=0.000000  similarity=0.000000  clustering=0.000000
    [main] label_diag  range:pos=0.1479,p95=1.000,pairs=263733,skip=10325
  [main] epoch 03/50  loss=0.05450003  avg_tau=-0.087  pred_std=0.0114288  select=+0.439  (74.81s)
    [main] val_query_f1=0.438707  range=0.438707  knn=0.000000  similarity=0.000000  clustering=0.000000
    [main] label_diag  range:pos=0.1479,p95=1.000,pairs=263389,skip=10325
  [main] epoch 04/50  loss=0.05308225  avg_tau=-0.140  pred_std=0.0118553  select=+0.429  (70.18s)
    [main] val_query_f1=0.428995  range=0.428995  knn=0.000000  similarity=0.000000  clustering=0.000000
    [main] label_diag  range:pos=0.1479,p95=1.000,pairs=264068,skip=10325
  [main] epoch 05/50  loss=0.05224252  avg_tau=+0.165  pred_std=0.0159417  select=+0.415  (76.54s)
    [main] val_query_f1=0.414981  range=0.414981  knn=0.000000  similarity=0.000000  clustering=0.000000
    [main] label_diag  range:pos=0.1479,p95=1.000,pairs=263526,skip=10325
  [main] epoch 06/50  loss=0.05176756  avg_tau=+0.056  pred_std=0.0142903  select=+0.427  (58.14s)
    [main] val_query_f1=0.427183  range=0.427183  knn=0.000000  similarity=0.000000  clustering=0.000000
    [main] label_diag  range:pos=0.1479,p95=1.000,pairs=263273,skip=10325
  [main] epoch 07/50  loss=0.05145498  avg_tau=+0.040  pred_std=0.0163832  select=+0.410  (46.97s)
    [main] val_query_f1=0.410169  range=0.410169  knn=0.000000  similarity=0.000000  clustering=0.000000
    [main] label_diag  range:pos=0.1479,p95=1.000,pairs=263170,skip=10325
  [main] epoch 08/50  loss=0.05122794  avg_tau=-0.335  pred_std=0.0172521  select=+0.425  (78.55s)
    [main] val_query_f1=0.424956  range=0.424956  knn=0.000000  similarity=0.000000  clustering=0.000000
    [main] label_diag  range:pos=0.1479,p95=1.000,pairs=263787,skip=10325
  [main] epoch 09/50  loss=0.05114836  avg_tau=+0.029  pred_std=0.0163955  select=+0.448  (72.66s)  *** NEW BEST MODEL ***
    [main] val_query_f1=0.447845  range=0.447845  knn=0.000000  similarity=0.000000  clustering=0.000000
    [main] label_diag  range:pos=0.1479,p95=1.000,pairs=263557,skip=10325
  [main] epoch 10/50  loss=0.05102064  avg_tau=+0.237  pred_std=0.0143656  select=+0.426  (71.14s)
    [main] val_query_f1=0.426450  range=0.426450  knn=0.000000  similarity=0.000000  clustering=0.000000
    [main] label_diag  range:pos=0.1479,p95=1.000,pairs=263572,skip=10325
  [main] epoch 11/50  loss=0.05095442  avg_tau=+0.183  pred_std=0.0167716  select=+0.446  (60.47s)
    [main] val_query_f1=0.446427  range=0.446427  knn=0.000000  similarity=0.000000  clustering=0.000000
    [main] label_diag  range:pos=0.1479,p95=1.000,pairs=263754,skip=10325
  [main] epoch 12/50  loss=0.05084360  avg_tau=+0.152  pred_std=0.0208822  select=+0.438  (47.62s)
    [main] val_query_f1=0.437735  range=0.437735  knn=0.000000  similarity=0.000000  clustering=0.000000
    [main] label_diag  range:pos=0.1479,p95=1.000,pairs=263663,skip=10325
  [main] epoch 13/50  loss=0.05084888  avg_tau=+0.240  pred_std=0.0190702  select=+0.447  (65.14s)
    [main] val_query_f1=0.446880  range=0.446880  knn=0.000000  similarity=0.000000  clustering=0.000000
    [main] label_diag  range:pos=0.1479,p95=1.000,pairs=263871,skip=10325
  [main] epoch 14/50  loss=0.05082726  avg_tau=+0.311  pred_std=0.0220474  select=+0.466  (46.61s)  *** NEW BEST MODEL ***
    [main] val_query_f1=0.466043  range=0.466043  knn=0.000000  similarity=0.000000  clustering=0.000000
    [main] label_diag  range:pos=0.1479,p95=1.000,pairs=263225,skip=10325
  [main] epoch 15/50  loss=0.05075736  avg_tau=-0.012  pred_std=0.0196523  select=+0.449  (46.28s)
    [main] val_query_f1=0.448677  range=0.448677  knn=0.000000  similarity=0.000000  clustering=0.000000
    [main] label_diag  range:pos=0.1479,p95=1.000,pairs=263664,skip=10325
  [main] epoch 16/50  loss=0.05076862  avg_tau=+0.236  pred_std=0.0192413  select=+0.450  (46.57s)
    [main] val_query_f1=0.449767  range=0.449767  knn=0.000000  similarity=0.000000  clustering=0.000000
    [main] label_diag  range:pos=0.1479,p95=1.000,pairs=263619,skip=10325
  [main] epoch 17/50  loss=0.05071413  avg_tau=-0.005  pred_std=0.0204627  select=+0.449  (58.88s)
    [main] val_query_f1=0.448982  range=0.448982  knn=0.000000  similarity=0.000000  clustering=0.000000
    [main] label_diag  range:pos=0.1479,p95=1.000,pairs=263084,skip=10325
  [main] epoch 18/50  loss=0.05063036  avg_tau=+0.113  pred_std=0.0214493  select=+0.429  (57.60s)
    [main] val_query_f1=0.429016  range=0.429016  knn=0.000000  similarity=0.000000  clustering=0.000000
    [main] label_diag  range:pos=0.1479,p95=1.000,pairs=263428,skip=10325
  [main] epoch 19/50  loss=0.05057677  avg_tau=-0.284  pred_std=0.0207371  select=+0.453  (58.35s)
    [main] val_query_f1=0.452677  range=0.452677  knn=0.000000  similarity=0.000000  clustering=0.000000
    [main] label_diag  range:pos=0.1479,p95=1.000,pairs=263447,skip=10325
  [main] epoch 20/50  loss=0.05058160  avg_tau=+0.116  pred_std=0.0201319  select=+0.451  (61.13s)
    [main] val_query_f1=0.450693  range=0.450693  knn=0.000000  similarity=0.000000  clustering=0.000000
    [main] label_diag  range:pos=0.1479,p95=1.000,pairs=263546,skip=10325
  [main] epoch 21/50  loss=0.05050997  avg_tau=+0.173  pred_std=0.0209781  select=+0.451  (66.38s)
    [main] val_query_f1=0.450678  range=0.450678  knn=0.000000  similarity=0.000000  clustering=0.000000
    [main] label_diag  range:pos=0.1479,p95=1.000,pairs=263591,skip=10325
  [main] epoch 22/50  loss=0.05055962  avg_tau=+0.134  pred_std=0.0191045  select=+0.445  (60.72s)
    [main] val_query_f1=0.445052  range=0.445052  knn=0.000000  similarity=0.000000  clustering=0.000000
    [main] label_diag  range:pos=0.1479,p95=1.000,pairs=263580,skip=10325
  [main] epoch 23/50  loss=0.05042561  avg_tau=-0.213  pred_std=0.0207887  select=+0.430  (57.68s)
    [main] val_query_f1=0.430027  range=0.430027  knn=0.000000  similarity=0.000000  clustering=0.000000
    [main] label_diag  range:pos=0.1479,p95=1.000,pairs=263703,skip=10325
  [main] epoch 24/50  loss=0.05043683  avg_tau=-0.015  pred_std=0.0210851  select=+0.442  (55.28s)
    [main] val_query_f1=0.441951  range=0.441951  knn=0.000000  similarity=0.000000  clustering=0.000000
    [main] label_diag  range:pos=0.1479,p95=1.000,pairs=263788,skip=10325
  [main] early stopping at epoch 24: selection score did not improve over 10 diag epochs (best_selection=+0.466, best_loss=0.05082726)
  [main] restored best diagnostic epoch 14/24 (selection=+0.466, loss=0.05082726, val_f1=0.466043)
[train-model (50 epochs)] done in 1496.33s
[save-model] starting...
  saved checkpoint to /ceph/project/P8-1/QDS/qds_v2/src/models/saved_models/model_2026-02-05_eval_2026-02-08_cov0p30_range_rs0p015_rt0p04_819347.pt  (epochs_trained=24, best_epoch=14, best_loss=0.05082726, train_mix=range=1.0, eval_mix=range=1.0)
[save-model] done in 0.04s
[evaluate-matched] starting...
[  eval MLQDS] starting...
[  eval MLQDS] done in 423.20s
[  eval Random] starting...
[  eval Random] done in 6.41s
[  eval UniformTemporal] starting...
[  eval UniformTemporal] done in 6.01s
[  eval newUniformTemporal] starting...
[  eval newUniformTemporal] done in 3.30s
[  eval DouglasPeucker] starting...
[  eval DouglasPeucker] done in 4.43s
[  eval Oracle] starting...
[  eval Oracle] done in 7.60s
[evaluate-matched] done in 452.40s
[evaluate-shift] starting...
[evaluate-shift] done in 1004.01s
[write-results] starting...
  wrote results to /ceph/project/P8-1/QDS/qds_v2/results
[write-results] done in 0.02s
[write-simplified-csv] starting...
  wrote 1298266 retained points across 1298266 samples to /ceph/project/P8-1/AISDATA/ML_processed_AIS_files/run_2026-02-05_eval_2026-02-08_cov0p30_range_rs0p015_rt0p04_819347/ML_simplified_eval.csv
[write-simplified-csv] done in 3.97s
[trajectory-length-loss] starting...
  [length-loss] 1564 trajectories  avg_orig_km=114.17  avg_simp_km=111.84  avg_length_loss=0.276  avg_points_removed=1931.4
  [length-loss] filtered out 569 trajectories with orig_km < 1.00 (likely docked/stationary) from top-25 ranking

  [length-loss] Top 25 MOST distorted (highest length_loss):
  rank        mmsi     orig_km     simp_km  length_loss    kept   removed
     1   246133000        5.27        1.05        0.801     152       351
     2   219003217        2.43        0.61        0.749     207       477
     3   511100505        6.86        1.74        0.746     173       399
     4   219000851        1.41        0.36        0.741     175       403
     5   352005487        5.89        1.62        0.724     141       321
     6   211385020       10.99        3.21        0.708      16        29
     7   219003113        1.97        0.58        0.706     642      1490
     8   215064000        2.40        0.71        0.703     129       295
     9   218030270       16.80        5.13        0.695     208       482
    10   245697000        2.89        0.89        0.694     118       269
    11   219017784        1.42        0.44        0.692     157       361
    12   259447000        4.08        1.26        0.692     313       724
    13   219004266        2.91        0.90        0.691     542      1262
    14   266384000        1.27        0.41        0.681     127       293
    15   229044000        3.05        0.98        0.677      59       128
    16   218003000        5.00        1.62        0.676    1721      4006
    17   219033037        5.59        1.81        0.676     647      1502
    18   219000881        2.07        0.67        0.675     940      2185
    19   211457860        4.02        1.31        0.674      77       175
    20   219001582        3.33        1.09        0.673     763      1779
    21   219021176        1.75        0.58        0.669    1135      2641
    22   219014162        2.42        0.81        0.665     873      2029
    23   219440000        1.32        0.45        0.662     128       293
    24   219024715        3.20        1.08        0.661    1274      2964
    25   219798000        1.09        0.37        0.660     395       916

  [length-loss] Top 25 LEAST distorted (lowest length_loss):
  rank        mmsi     orig_km     simp_km  length_loss    kept   removed
     1   258059000       19.92       19.92        0.000      17        34
     2   273268690       12.12       12.12        0.000      23        46
     3   258849000        5.65        5.65        0.000      12        21
     4   210425000       95.04       95.04        0.000     292       675
     5   636019492      164.27      164.26        0.000      39        82
     6   311995000       99.07       99.07        0.000     360       840
     7   477149200       54.20       54.20        0.000     262       607
     8   636021770       15.55       15.55        0.000      30        62
     9   538008844       68.26       68.26        0.000     271       629
    10   257369000        2.93        2.93        0.000       5         3
    11   255806436       88.16       88.15        0.000     399       927
    12   373267000      301.29      301.28        0.000    1270      2963
    13   215857000       36.63       36.63        0.000     151       350
    14   636024739      112.29      112.29        0.000     409       950
    15   255916022       25.50       25.50        0.000     118       275
    16   538003242       36.40       36.39        0.000     120       271
    17   636022717      266.92      266.90        0.000    1380      3220
    18   229344000       37.80       37.80        0.000     125       287
    19   230982000      343.48      343.46        0.000    1391      3240
    20   241689000       36.78       36.78        0.000      97       217
    21   572882220      135.68      135.66        0.000     668      1554
    22   636018491      116.16      116.15        0.000     551      1283
    23   246100000      152.27      152.25        0.000     464      1080
    24   246845000      370.85      370.81        0.000     995      2316
    25   538005249       83.21       83.20        0.000     445      1032
[trajectory-length-loss] done in 17.95s
[pipeline] total runtime 3030.23s

Matched-workload table
Method                     AggregateF1   Compression   Latency(ms)        Type
------------------------------------------------------------------------------
MLQDS                         0.456634        0.3006     418264.00         all
  - range                     0.456634                                   range
  - knn                       0.000000                                     knn
  - similarity                0.000000                              similarity
  - clustering                0.000000                              clustering
Random                        0.461752        0.3007        440.42         all
  - range                     0.461752                                   range
  - knn                       0.000000                                     knn
  - similarity                0.000000                              similarity
  - clustering                0.000000                              clustering
UniformTemporal               0.399353        0.3009       2105.87         all
  - range                     0.399353                                   range
  - knn                       0.000000                                     knn
  - similarity                0.000000                              similarity
  - clustering                0.000000                              clustering
newUniformTemporal            0.461500        0.3002        117.97         all
  - range                     0.461500                                   range
  - knn                       0.000000                                     knn
  - similarity                0.000000                              similarity
  - clustering                0.000000                              clustering
DouglasPeucker                0.444414        0.3002       1094.82         all
  - range                     0.444414                                   range
  - knn                       0.000000                                     knn
  - similarity                0.000000                              similarity
  - clustering                0.000000                              clustering
Oracle                        0.962749        0.3007        635.69         all
  - range                     0.962749                                   range
  - knn                       0.000000                                     knn
  - similarity                0.000000                              similarity
  - clustering                0.000000                              clustering

Distribution-shift table
Train\Eval                         range=1.0
--------------------------------------------
range=1.0                             0.4566
