[config] model=turn_aware  workload=mixed  epochs=75  n_queries=300  query_coverage=0.3  max_queries=3000  compression_ratio=0.3  lr=0.0005  pointwise_loss_weight=0.25  gradient_clip_norm=1.0  diagnostic_every=1  checkpoint_selection_metric=f1  f1_diagnostic_every=1  range_spatial_fraction=0.015  range_time_fraction=0.04  knn_k=12  mlqds_temporal_fraction=0.75  residual_label_mode=temporal
[load-data] reading train CSV: /ceph/project/P8-1/AISDATA/preprocessed_AIS_files/preprocessed_2026-02-05.csv
[load-data] reading eval CSV: /ceph/project/P8-1/AISDATA/preprocessed_AIS_files/preprocessed_2026-02-08.csv
[load-data] train=1580 eval=1564 trajectories loaded in 122.23s
[pipeline] train=1580 trajectories, eval=1564 trajectories, train_mix=clustering=0.2,knn=0.4,range=0.2,similarity=0.2, eval_mix=clustering=0.2,knn=0.4,range=0.2,similarity=0.2
[split] starting...
  split mode=separate CSVs  train=1343  eval=1564
  checkpoint-selection validation=237 trajectories
[split] done in 0.00s
[build-datasets] starting...
[build-datasets] done in 4.61s
[generate-workloads] starting...
  train_workload=300 queries  coverage=31.58% (1203418/3811001)
  eval_workload=300 queries  coverage=32.85% (1418906/4318960)
  selection_workload=600 queries  coverage=56.47% (326083/577411)
[generate-workloads] done in 427.96s
[write-queries-geojson] starting...
  wrote   60 range queries to /ceph/project/P8-1/AISDATA/Query_border_files/run_2026-02-05_eval_2026-02-08_cov0p30_mixed_rs0p015_rt0p04_820655/queries_range.geojson
  wrote  120 knn queries to /ceph/project/P8-1/AISDATA/Query_border_files/run_2026-02-05_eval_2026-02-08_cov0p30_mixed_rs0p015_rt0p04_820655/queries_knn.geojson
  wrote   60 similarity queries to /ceph/project/P8-1/AISDATA/Query_border_files/run_2026-02-05_eval_2026-02-08_cov0p30_mixed_rs0p015_rt0p04_820655/queries_similarity.geojson
  wrote   60 clustering queries to /ceph/project/P8-1/AISDATA/Query_border_files/run_2026-02-05_eval_2026-02-08_cov0p30_mixed_rs0p015_rt0p04_820655/queries_clustering.geojson
[write-queries-geojson] done in 0.02s
[train-model (75 epochs)] starting...
  [main] epoch 01/75  loss=0.02498510  avg_tau=-0.183  pred_std=0.244007  select=+0.521  (280.26s)
    [main] val_query_f1=0.521095  range=0.461712  knn=0.455610  similarity=0.426081  clustering=0.806462
    [main] label_diag  range:pos=0.0634,p95=1.000,pairs=129417,skip=12645  knn:pos=0.0210,p95=1.000,pairs=198501,skip=12406  similarity:pos=0.0037,p95=1.000,pairs=45209,skip=14281  clustering:pos=0.0521,p95=1.000,pairs=110225,skip=12967
  [main] epoch 02/75  loss=0.02135198  avg_tau=-0.086  pred_std=0.244041  select=+0.523  (267.56s)  *** NEW BEST MODEL ***
    [main] val_query_f1=0.523255  range=0.461605  knn=0.458586  similarity=0.430876  clustering=0.806622
    [main] label_diag  range:pos=0.0634,p95=1.000,pairs=129332,skip=12645  knn:pos=0.0210,p95=1.000,pairs=198859,skip=12406  similarity:pos=0.0037,p95=1.000,pairs=45159,skip=14281  clustering:pos=0.0521,p95=1.000,pairs=110061,skip=12967
  [main] epoch 03/75  loss=0.02112217  avg_tau=+0.004  pred_std=0.218843  select=+0.526  (232.20s)  *** NEW BEST MODEL ***
    [main] val_query_f1=0.525822  range=0.463162  knn=0.463341  similarity=0.433514  clustering=0.805753
    [main] label_diag  range:pos=0.0634,p95=1.000,pairs=129325,skip=12645  knn:pos=0.0210,p95=1.000,pairs=199162,skip=12406  similarity:pos=0.0037,p95=1.000,pairs=45166,skip=14281  clustering:pos=0.0521,p95=1.000,pairs=110582,skip=12967
  [main] epoch 04/75  loss=0.02146375  avg_tau=-0.001  pred_std=0.251165  select=+0.529  (210.98s)  *** NEW BEST MODEL ***
    [main] val_query_f1=0.528658  range=0.462297  knn=0.468632  similarity=0.439417  clustering=0.804313
    [main] label_diag  range:pos=0.0634,p95=1.000,pairs=129635,skip=12645  knn:pos=0.0210,p95=1.000,pairs=198816,skip=12406  similarity:pos=0.0037,p95=1.000,pairs=45095,skip=14281  clustering:pos=0.0521,p95=1.000,pairs=110622,skip=12967
  [main] epoch 05/75  loss=0.02005905  avg_tau=-0.003  pred_std=0.230574  select=+0.531  (183.91s)  *** NEW BEST MODEL ***
    [main] val_query_f1=0.531169  range=0.457322  knn=0.476078  similarity=0.438787  clustering=0.807582
    [main] label_diag  range:pos=0.0634,p95=1.000,pairs=129626,skip=12645  knn:pos=0.0210,p95=1.000,pairs=199020,skip=12406  similarity:pos=0.0037,p95=1.000,pairs=45079,skip=14281  clustering:pos=0.0521,p95=1.000,pairs=110148,skip=12967
  [main] epoch 06/75  loss=0.01917456  avg_tau=-0.100  pred_std=0.233578  select=+0.528  (207.06s)
    [main] val_query_f1=0.528228  range=0.459996  knn=0.470542  similarity=0.440694  clustering=0.799365
    [main] label_diag  range:pos=0.0634,p95=1.000,pairs=129387,skip=12645  knn:pos=0.0210,p95=1.000,pairs=199257,skip=12406  similarity:pos=0.0037,p95=1.000,pairs=45011,skip=14281  clustering:pos=0.0521,p95=1.000,pairs=110347,skip=12967
  [main] epoch 07/75  loss=0.02009672  avg_tau=+0.147  pred_std=0.238039  select=+0.530  (184.91s)
    [main] val_query_f1=0.530034  range=0.452555  knn=0.474380  similarity=0.439650  clustering=0.809205
    [main] label_diag  range:pos=0.0634,p95=1.000,pairs=129199,skip=12645  knn:pos=0.0210,p95=1.000,pairs=198917,skip=12406  similarity:pos=0.0037,p95=1.000,pairs=45261,skip=14281  clustering:pos=0.0521,p95=1.000,pairs=110304,skip=12967
  [main] epoch 08/75  loss=0.02003415  avg_tau=-0.018  pred_std=0.230354  select=+0.533  (180.95s)  *** NEW BEST MODEL ***
    [main] val_query_f1=0.533316  range=0.455417  knn=0.478388  similarity=0.443881  clustering=0.810509
    [main] label_diag  range:pos=0.0634,p95=1.000,pairs=129386,skip=12645  knn:pos=0.0210,p95=1.000,pairs=199211,skip=12406  similarity:pos=0.0037,p95=1.000,pairs=45099,skip=14281  clustering:pos=0.0521,p95=1.000,pairs=110446,skip=12967
  [main] epoch 09/75  loss=0.02054404  avg_tau=-0.066  pred_std=0.231296  select=+0.530  (175.16s)
    [main] val_query_f1=0.529724  range=0.456229  knn=0.475056  similarity=0.441495  clustering=0.800785
    [main] label_diag  range:pos=0.0634,p95=1.000,pairs=129187,skip=12645  knn:pos=0.0210,p95=1.000,pairs=199040,skip=12406  similarity:pos=0.0037,p95=1.000,pairs=45144,skip=14281  clustering:pos=0.0521,p95=1.000,pairs=110758,skip=12967
  [main] epoch 10/75  loss=0.02047064  avg_tau=+0.142  pred_std=0.230161  select=+0.534  (175.88s)  *** NEW BEST MODEL ***
    [main] val_query_f1=0.534185  range=0.454341  knn=0.479690  similarity=0.443128  clustering=0.814075
    [main] label_diag  range:pos=0.0634,p95=1.000,pairs=129380,skip=12645  knn:pos=0.0210,p95=1.000,pairs=199121,skip=12406  similarity:pos=0.0037,p95=1.000,pairs=45093,skip=14281  clustering:pos=0.0521,p95=1.000,pairs=110301,skip=12967
  [main] epoch 11/75  loss=0.01905687  avg_tau=-0.382  pred_std=0.197609  select=+0.531  (176.38s)
    [main] val_query_f1=0.530994  range=0.454537  knn=0.476980  similarity=0.437274  clustering=0.809200
    [main] label_diag  range:pos=0.0634,p95=1.000,pairs=129282,skip=12645  knn:pos=0.0210,p95=1.000,pairs=198837,skip=12406  similarity:pos=0.0037,p95=1.000,pairs=45096,skip=14281  clustering:pos=0.0521,p95=1.000,pairs=110314,skip=12967
  [main] epoch 12/75  loss=0.01922806  avg_tau=+0.020  pred_std=0.19447  select=+0.531  (191.30s)
    [main] val_query_f1=0.530722  range=0.451682  knn=0.480400  similarity=0.436274  clustering=0.804855
    [main] label_diag  range:pos=0.0634,p95=1.000,pairs=129353,skip=12645  knn:pos=0.0210,p95=1.000,pairs=199062,skip=12406  similarity:pos=0.0037,p95=1.000,pairs=45135,skip=14281  clustering:pos=0.0521,p95=1.000,pairs=110579,skip=12967
  [main] epoch 13/75  loss=0.01730348  avg_tau=-0.018  pred_std=0.166341  select=+0.533  (169.92s)
    [main] val_query_f1=0.533417  range=0.454592  knn=0.483061  similarity=0.444962  clustering=0.801408
    [main] label_diag  range:pos=0.0634,p95=1.000,pairs=129507,skip=12645  knn:pos=0.0210,p95=1.000,pairs=199229,skip=12406  similarity:pos=0.0037,p95=1.000,pairs=45064,skip=14281  clustering:pos=0.0521,p95=1.000,pairs=110637,skip=12967
  [main] epoch 14/75  loss=0.01949658  avg_tau=+0.135  pred_std=0.177353  select=+0.533  (206.96s)
    [main] val_query_f1=0.532874  range=0.457266  knn=0.480122  similarity=0.439780  clustering=0.807077
    [main] label_diag  range:pos=0.0634,p95=1.000,pairs=129344,skip=12645  knn:pos=0.0210,p95=1.000,pairs=199156,skip=12406  similarity:pos=0.0037,p95=1.000,pairs=45070,skip=14281  clustering:pos=0.0521,p95=1.000,pairs=110425,skip=12967
  [main] epoch 15/75  loss=0.02021752  avg_tau=-0.189  pred_std=0.206014  select=+0.532  (192.28s)
    [main] val_query_f1=0.532394  range=0.458063  knn=0.481531  similarity=0.437111  clustering=0.803732
    [main] label_diag  range:pos=0.0634,p95=1.000,pairs=129491,skip=12645  knn:pos=0.0210,p95=1.000,pairs=199215,skip=12406  similarity:pos=0.0037,p95=1.000,pairs=45117,skip=14281  clustering:pos=0.0521,p95=1.000,pairs=110386,skip=12967
  [main] epoch 16/75  loss=0.01934993  avg_tau=+0.046  pred_std=0.213107  select=+0.530  (197.27s)
    [main] val_query_f1=0.530407  range=0.456802  knn=0.474014  similarity=0.439514  clustering=0.807692
    [main] label_diag  range:pos=0.0634,p95=1.000,pairs=129440,skip=12645  knn:pos=0.0210,p95=1.000,pairs=199010,skip=12406  similarity:pos=0.0037,p95=1.000,pairs=45123,skip=14281  clustering:pos=0.0521,p95=1.000,pairs=110038,skip=12967
  [main] epoch 17/75  loss=0.01787437  avg_tau=-0.022  pred_std=0.193864  select=+0.532  (186.31s)
    [main] val_query_f1=0.532417  range=0.450544  knn=0.480635  similarity=0.437919  clustering=0.812354
    [main] label_diag  range:pos=0.0634,p95=1.000,pairs=129500,skip=12645  knn:pos=0.0210,p95=1.000,pairs=198731,skip=12406  similarity:pos=0.0037,p95=1.000,pairs=45104,skip=14281  clustering:pos=0.0521,p95=1.000,pairs=110321,skip=12967
  [main] epoch 18/75  loss=0.01899207  avg_tau=+0.264  pred_std=0.194561  select=+0.528  (179.77s)
    [main] val_query_f1=0.527967  range=0.459727  knn=0.472403  similarity=0.432501  clustering=0.802801
    [main] label_diag  range:pos=0.0634,p95=1.000,pairs=129395,skip=12645  knn:pos=0.0210,p95=1.000,pairs=198894,skip=12406  similarity:pos=0.0037,p95=1.000,pairs=45274,skip=14281  clustering:pos=0.0521,p95=1.000,pairs=110348,skip=12967
  [main] epoch 19/75  loss=0.01983173  avg_tau=+0.275  pred_std=0.212809  select=+0.530  (167.45s)
    [main] val_query_f1=0.530140  range=0.457070  knn=0.477994  similarity=0.427877  clustering=0.809767
    [main] label_diag  range:pos=0.0634,p95=1.000,pairs=129454,skip=12645  knn:pos=0.0210,p95=1.000,pairs=199104,skip=12406  similarity:pos=0.0037,p95=1.000,pairs=45167,skip=14281  clustering:pos=0.0521,p95=1.000,pairs=110791,skip=12967
  [main] epoch 20/75  loss=0.02141442  avg_tau=-0.085  pred_std=0.238252  select=+0.533  (165.31s)
    [main] val_query_f1=0.533454  range=0.456636  knn=0.482362  similarity=0.434633  clustering=0.811276
    [main] label_diag  range:pos=0.0634,p95=1.000,pairs=129406,skip=12645  knn:pos=0.0210,p95=1.000,pairs=198914,skip=12406  similarity:pos=0.0037,p95=1.000,pairs=45061,skip=14281  clustering:pos=0.0521,p95=1.000,pairs=110100,skip=12967
  [main] epoch 21/75  loss=0.02025751  avg_tau=-0.290  pred_std=0.247238  select=+0.527  (156.64s)
    [main] val_query_f1=0.527034  range=0.455413  knn=0.468207  similarity=0.434250  clustering=0.809094
    [main] label_diag  range:pos=0.0634,p95=1.000,pairs=129871,skip=12645  knn:pos=0.0210,p95=1.000,pairs=199242,skip=12406  similarity:pos=0.0037,p95=1.000,pairs=45121,skip=14281  clustering:pos=0.0521,p95=1.000,pairs=110463,skip=12967
  [main] epoch 22/75  loss=0.01917281  avg_tau=-0.121  pred_std=0.233625  select=+0.527  (169.70s)
    [main] val_query_f1=0.526890  range=0.454868  knn=0.471964  similarity=0.431884  clustering=0.803771
    [main] label_diag  range:pos=0.0634,p95=1.000,pairs=129460,skip=12645  knn:pos=0.0210,p95=1.000,pairs=199099,skip=12406  similarity:pos=0.0037,p95=1.000,pairs=45219,skip=14281  clustering:pos=0.0521,p95=1.000,pairs=109950,skip=12967
  [main] epoch 23/75  loss=0.01963077  avg_tau=-0.008  pred_std=0.226802  select=+0.528  (166.41s)
    [main] val_query_f1=0.527620  range=0.458057  knn=0.471687  similarity=0.423682  clustering=0.812987
    [main] label_diag  range:pos=0.0634,p95=1.000,pairs=129591,skip=12645  knn:pos=0.0210,p95=1.000,pairs=198989,skip=12406  similarity:pos=0.0037,p95=1.000,pairs=45106,skip=14281  clustering:pos=0.0521,p95=1.000,pairs=110386,skip=12967
  [main] epoch 24/75  loss=0.01890096  avg_tau=-0.068  pred_std=0.208578  select=+0.527  (192.46s)
    [main] val_query_f1=0.526785  range=0.456700  knn=0.466304  similarity=0.430005  clustering=0.814610
    [main] label_diag  range:pos=0.0634,p95=1.000,pairs=129262,skip=12645  knn:pos=0.0210,p95=1.000,pairs=198815,skip=12406  similarity:pos=0.0037,p95=1.000,pairs=45018,skip=14281  clustering:pos=0.0521,p95=1.000,pairs=110206,skip=12967
  [main] epoch 25/75  loss=0.02033870  avg_tau=-0.204  pred_std=0.238209  select=+0.526  (170.11s)
    [main] val_query_f1=0.526347  range=0.453835  knn=0.470580  similarity=0.424547  clustering=0.812195
    [main] label_diag  range:pos=0.0634,p95=1.000,pairs=129318,skip=12645  knn:pos=0.0210,p95=1.000,pairs=199104,skip=12406  similarity:pos=0.0037,p95=1.000,pairs=45153,skip=14281  clustering:pos=0.0521,p95=1.000,pairs=110396,skip=12967
  [main] epoch 26/75  loss=0.02059025  avg_tau=+0.150  pred_std=0.246315  select=+0.528  (201.75s)
    [main] val_query_f1=0.528433  range=0.461406  knn=0.470246  similarity=0.424853  clustering=0.815413
    [main] label_diag  range:pos=0.0634,p95=1.000,pairs=129271,skip=12645  knn:pos=0.0210,p95=1.000,pairs=198822,skip=12406  similarity:pos=0.0037,p95=1.000,pairs=45139,skip=14281  clustering:pos=0.0521,p95=1.000,pairs=110281,skip=12967
  [main] epoch 27/75  loss=0.01817349  avg_tau=+0.016  pred_std=0.215786  select=+0.528  (160.05s)
    [main] val_query_f1=0.527971  range=0.460667  knn=0.472017  similarity=0.421993  clustering=0.813160
    [main] label_diag  range:pos=0.0634,p95=1.000,pairs=129865,skip=12645  knn:pos=0.0210,p95=1.000,pairs=199165,skip=12406  similarity:pos=0.0037,p95=1.000,pairs=45151,skip=14281  clustering:pos=0.0521,p95=1.000,pairs=110503,skip=12967
  [main] epoch 28/75  loss=0.01916056  avg_tau=+0.385  pred_std=0.231424  select=+0.528  (216.47s)
    [main] val_query_f1=0.528322  range=0.461869  knn=0.471343  similarity=0.428951  clustering=0.808104
    [main] label_diag  range:pos=0.0634,p95=1.000,pairs=129481,skip=12645  knn:pos=0.0210,p95=1.000,pairs=199054,skip=12406  similarity:pos=0.0037,p95=1.000,pairs=45211,skip=14281  clustering:pos=0.0521,p95=1.000,pairs=110226,skip=12967
  [main] epoch 29/75  loss=0.01773281  avg_tau=-0.066  pred_std=0.20459  select=+0.530  (200.22s)
    [main] val_query_f1=0.530152  range=0.459323  knn=0.475924  similarity=0.428144  clustering=0.811445
    [main] label_diag  range:pos=0.0634,p95=1.000,pairs=129353,skip=12645  knn:pos=0.0210,p95=1.000,pairs=198998,skip=12406  similarity:pos=0.0037,p95=1.000,pairs=45082,skip=14281  clustering:pos=0.0521,p95=1.000,pairs=110226,skip=12967
  [main] epoch 30/75  loss=0.01848165  avg_tau=-0.129  pred_std=0.196438  select=+0.529  (210.03s)
    [main] val_query_f1=0.529104  range=0.459316  knn=0.473481  similarity=0.427731  clustering=0.811509
    [main] label_diag  range:pos=0.0634,p95=1.000,pairs=129617,skip=12645  knn:pos=0.0210,p95=1.000,pairs=199314,skip=12406  similarity:pos=0.0037,p95=1.000,pairs=45144,skip=14281  clustering:pos=0.0521,p95=1.000,pairs=110527,skip=12967
  [main] epoch 31/75  loss=0.01866895  avg_tau=-0.210  pred_std=0.215693  select=+0.531  (215.97s)
    [main] val_query_f1=0.530800  range=0.460050  knn=0.475499  similarity=0.428881  clustering=0.814068
    [main] label_diag  range:pos=0.0634,p95=1.000,pairs=129671,skip=12645  knn:pos=0.0210,p95=1.000,pairs=198607,skip=12406  similarity:pos=0.0037,p95=1.000,pairs=45173,skip=14281  clustering:pos=0.0521,p95=1.000,pairs=110468,skip=12967
  [main] epoch 32/75  loss=0.01912417  avg_tau=+0.112  pred_std=0.229771  select=+0.523  (198.89s)
    [main] val_query_f1=0.522965  range=0.452772  knn=0.464316  similarity=0.417563  clustering=0.815859
    [main] label_diag  range:pos=0.0634,p95=1.000,pairs=129298,skip=12645  knn:pos=0.0210,p95=1.000,pairs=199069,skip=12406  similarity:pos=0.0037,p95=1.000,pairs=45159,skip=14281  clustering:pos=0.0521,p95=1.000,pairs=110636,skip=12967
  [main] epoch 33/75  loss=0.01906518  avg_tau=+0.308  pred_std=0.240591  select=+0.518  (188.47s)
    [main] val_query_f1=0.517919  range=0.446960  knn=0.458448  similarity=0.413056  clustering=0.812685
    [main] label_diag  range:pos=0.0634,p95=1.000,pairs=129540,skip=12645  knn:pos=0.0210,p95=1.000,pairs=199322,skip=12406  similarity:pos=0.0037,p95=1.000,pairs=45253,skip=14281  clustering:pos=0.0521,p95=1.000,pairs=110376,skip=12967
  [main] epoch 34/75  loss=0.01903065  avg_tau=+0.119  pred_std=0.23804  select=+0.524  (184.82s)
    [main] val_query_f1=0.524380  range=0.458862  knn=0.466803  similarity=0.420018  clustering=0.809415
    [main] label_diag  range:pos=0.0634,p95=1.000,pairs=129507,skip=12645  knn:pos=0.0210,p95=1.000,pairs=198896,skip=12406  similarity:pos=0.0037,p95=1.000,pairs=45181,skip=14281  clustering:pos=0.0521,p95=1.000,pairs=110622,skip=12967
  [main] epoch 35/75  loss=0.01823218  avg_tau=+0.161  pred_std=0.214323  select=+0.527  (197.74s)
    [main] val_query_f1=0.526681  range=0.460925  knn=0.464666  similarity=0.425351  clustering=0.817799
    [main] label_diag  range:pos=0.0634,p95=1.000,pairs=129235,skip=12645  knn:pos=0.0210,p95=1.000,pairs=198631,skip=12406  similarity:pos=0.0037,p95=1.000,pairs=45017,skip=14281  clustering:pos=0.0521,p95=1.000,pairs=110217,skip=12967
  [main] epoch 36/75  loss=0.01626688  avg_tau=+0.234  pred_std=0.217573  select=+0.525  (168.94s)
    [main] val_query_f1=0.524599  range=0.458482  knn=0.466214  similarity=0.417908  clustering=0.814178
    [main] label_diag  range:pos=0.0634,p95=1.000,pairs=129543,skip=12645  knn:pos=0.0210,p95=1.000,pairs=198961,skip=12406  similarity:pos=0.0037,p95=1.000,pairs=45090,skip=14281  clustering:pos=0.0521,p95=1.000,pairs=110425,skip=12967
  [main] epoch 37/75  loss=0.01903576  avg_tau=-0.090  pred_std=0.224248  select=+0.524  (173.87s)
    [main] val_query_f1=0.523658  range=0.454039  knn=0.467836  similarity=0.419309  clustering=0.809270
    [main] label_diag  range:pos=0.0634,p95=1.000,pairs=129493,skip=12645  knn:pos=0.0210,p95=1.000,pairs=199002,skip=12406  similarity:pos=0.0037,p95=1.000,pairs=45338,skip=14281  clustering:pos=0.0521,p95=1.000,pairs=110133,skip=12967
  [main] epoch 38/75  loss=0.01860779  avg_tau=+0.040  pred_std=0.230298  select=+0.519  (169.39s)
    [main] val_query_f1=0.518740  range=0.447177  knn=0.463922  similarity=0.418720  clustering=0.799958
    [main] label_diag  range:pos=0.0634,p95=1.000,pairs=129225,skip=12645  knn:pos=0.0210,p95=1.000,pairs=199211,skip=12406  similarity:pos=0.0037,p95=1.000,pairs=45087,skip=14281  clustering:pos=0.0521,p95=1.000,pairs=110557,skip=12967
  [main] epoch 39/75  loss=0.01822753  avg_tau=-0.071  pred_std=0.222904  select=+0.525  (172.19s)
    [main] val_query_f1=0.525104  range=0.459543  knn=0.464317  similarity=0.427819  clustering=0.809524
    [main] label_diag  range:pos=0.0634,p95=1.000,pairs=129331,skip=12645  knn:pos=0.0210,p95=1.000,pairs=199097,skip=12406  similarity:pos=0.0037,p95=1.000,pairs=45080,skip=14281  clustering:pos=0.0521,p95=1.000,pairs=110419,skip=12967
  [main] epoch 40/75  loss=0.01769519  avg_tau=+0.111  pred_std=0.215933  select=+0.522  (185.48s)
    [main] val_query_f1=0.522314  range=0.454057  knn=0.463708  similarity=0.422993  clustering=0.807105
    [main] label_diag  range:pos=0.0634,p95=1.000,pairs=129735,skip=12645  knn:pos=0.0210,p95=1.000,pairs=199009,skip=12406  similarity:pos=0.0037,p95=1.000,pairs=45195,skip=14281  clustering:pos=0.0521,p95=1.000,pairs=110451,skip=12967
  [main] epoch 41/75  loss=0.01691031  avg_tau=+0.254  pred_std=0.216365  select=+0.526  (177.84s)
    [main] val_query_f1=0.526026  range=0.455744  knn=0.469480  similarity=0.422926  clustering=0.812500
    [main] label_diag  range:pos=0.0634,p95=1.000,pairs=129347,skip=12645  knn:pos=0.0210,p95=1.000,pairs=199169,skip=12406  similarity:pos=0.0037,p95=1.000,pairs=45205,skip=14281  clustering:pos=0.0521,p95=1.000,pairs=110006,skip=12967
  [main] epoch 42/75  loss=0.01832420  avg_tau=+0.149  pred_std=0.229276  select=+0.523  (191.16s)
    [main] val_query_f1=0.523401  range=0.455710  knn=0.465507  similarity=0.419527  clustering=0.810756
    [main] label_diag  range:pos=0.0634,p95=1.000,pairs=129383,skip=12645  knn:pos=0.0210,p95=1.000,pairs=199005,skip=12406  similarity:pos=0.0037,p95=1.000,pairs=45260,skip=14281  clustering:pos=0.0521,p95=1.000,pairs=110499,skip=12967
  [main] epoch 43/75  loss=0.01850981  avg_tau=+0.141  pred_std=0.237248  select=+0.525  (204.13s)
    [main] val_query_f1=0.524827  range=0.454191  knn=0.466489  similarity=0.424954  clustering=0.812013
    [main] label_diag  range:pos=0.0634,p95=1.000,pairs=129573,skip=12645  knn:pos=0.0210,p95=1.000,pairs=199201,skip=12406  similarity:pos=0.0037,p95=1.000,pairs=45073,skip=14281  clustering:pos=0.0521,p95=1.000,pairs=110330,skip=12967
  [main] epoch 44/75  loss=0.01684200  avg_tau=-0.228  pred_std=0.224927  select=+0.522  (214.71s)
    [main] val_query_f1=0.521510  range=0.453463  knn=0.464483  similarity=0.417827  clustering=0.807296
    [main] label_diag  range:pos=0.0634,p95=1.000,pairs=129438,skip=12645  knn:pos=0.0210,p95=1.000,pairs=198904,skip=12406  similarity:pos=0.0037,p95=1.000,pairs=45009,skip=14281  clustering:pos=0.0521,p95=1.000,pairs=110199,skip=12967
  [main] epoch 45/75  loss=0.01859960  avg_tau=+0.096  pred_std=0.228997  select=+0.526  (234.62s)
    [main] val_query_f1=0.525506  range=0.458653  knn=0.468673  similarity=0.426699  clustering=0.804832
    [main] label_diag  range:pos=0.0634,p95=1.000,pairs=129410,skip=12645  knn:pos=0.0210,p95=1.000,pairs=198996,skip=12406  similarity:pos=0.0037,p95=1.000,pairs=45140,skip=14281  clustering:pos=0.0521,p95=1.000,pairs=110425,skip=12967
  [main] epoch 46/75  loss=0.01892015  avg_tau=+0.246  pred_std=0.239753  select=+0.523  (233.89s)
    [main] val_query_f1=0.523455  range=0.453262  knn=0.465995  similarity=0.422740  clustering=0.809280
    [main] label_diag  range:pos=0.0634,p95=1.000,pairs=129478,skip=12645  knn:pos=0.0210,p95=1.000,pairs=198962,skip=12406  similarity:pos=0.0037,p95=1.000,pairs=45190,skip=14281  clustering:pos=0.0521,p95=1.000,pairs=110673,skip=12967
  [main] epoch 47/75  loss=0.01870143  avg_tau=+0.080  pred_std=0.256313  select=+0.522  (202.62s)
    [main] val_query_f1=0.522175  range=0.454109  knn=0.463704  similarity=0.423285  clustering=0.806075
    [main] label_diag  range:pos=0.0634,p95=1.000,pairs=129672,skip=12645  knn:pos=0.0210,p95=1.000,pairs=199075,skip=12406  similarity:pos=0.0037,p95=1.000,pairs=45047,skip=14281  clustering:pos=0.0521,p95=1.000,pairs=110432,skip=12967
  [main] epoch 48/75  loss=0.01810111  avg_tau=+0.170  pred_std=0.246048  select=+0.522  (283.28s)
    [main] val_query_f1=0.521827  range=0.452906  knn=0.467736  similarity=0.416141  clustering=0.804616
    [main] label_diag  range:pos=0.0634,p95=1.000,pairs=129580,skip=12645  knn:pos=0.0210,p95=1.000,pairs=199159,skip=12406  similarity:pos=0.0037,p95=1.000,pairs=45139,skip=14281  clustering:pos=0.0521,p95=1.000,pairs=110331,skip=12967
  [main] epoch 49/75  loss=0.01541860  avg_tau=+0.145  pred_std=0.216897  select=+0.527  (279.68s)
    [main] val_query_f1=0.527158  range=0.458869  knn=0.470614  similarity=0.426526  clustering=0.809168
    [main] label_diag  range:pos=0.0634,p95=1.000,pairs=129292,skip=12645  knn:pos=0.0210,p95=1.000,pairs=199217,skip=12406  similarity:pos=0.0037,p95=1.000,pairs=45214,skip=14281  clustering:pos=0.0521,p95=1.000,pairs=110296,skip=12967
  [main] epoch 50/75  loss=0.01739651  avg_tau=+0.034  pred_std=0.223641  select=+0.522  (231.63s)
    [main] val_query_f1=0.522441  range=0.461502  knn=0.458948  similarity=0.422109  clustering=0.810699
    [main] label_diag  range:pos=0.0634,p95=1.000,pairs=129412,skip=12645  knn:pos=0.0210,p95=1.000,pairs=198990,skip=12406  similarity:pos=0.0037,p95=1.000,pairs=45139,skip=14281  clustering:pos=0.0521,p95=1.000,pairs=110398,skip=12967
  [main] epoch 51/75  loss=0.01848734  avg_tau=+0.279  pred_std=0.241521  select=+0.521  (248.20s)
    [main] val_query_f1=0.521409  range=0.454914  knn=0.464577  similarity=0.420625  clustering=0.802350
    [main] label_diag  range:pos=0.0634,p95=1.000,pairs=129392,skip=12645  knn:pos=0.0210,p95=1.000,pairs=198935,skip=12406  similarity:pos=0.0037,p95=1.000,pairs=45082,skip=14281  clustering:pos=0.0521,p95=1.000,pairs=110380,skip=12967
  [main] epoch 52/75  loss=0.01630045  avg_tau=-0.079  pred_std=0.219196  select=+0.520  (215.61s)
    [main] val_query_f1=0.520037  range=0.456943  knn=0.464785  similarity=0.409838  clustering=0.803832
    [main] label_diag  range:pos=0.0634,p95=1.000,pairs=129319,skip=12645  knn:pos=0.0210,p95=1.000,pairs=198973,skip=12406  similarity:pos=0.0037,p95=1.000,pairs=45121,skip=14281  clustering:pos=0.0521,p95=1.000,pairs=110312,skip=12967
  [main] epoch 53/75  loss=0.01741884  avg_tau=+0.005  pred_std=0.231011  select=+0.526  (216.47s)
    [main] val_query_f1=0.525663  range=0.465776  knn=0.470102  similarity=0.416004  clustering=0.806331
    [main] label_diag  range:pos=0.0634,p95=1.000,pairs=129392,skip=12645  knn:pos=0.0210,p95=1.000,pairs=198809,skip=12406  similarity:pos=0.0037,p95=1.000,pairs=44958,skip=14281  clustering:pos=0.0521,p95=1.000,pairs=110307,skip=12967
  [main] epoch 54/75  loss=0.01682083  avg_tau=+0.286  pred_std=0.217216  select=+0.523  (210.88s)
    [main] val_query_f1=0.522869  range=0.457715  knn=0.463347  similarity=0.422233  clustering=0.807702
    [main] label_diag  range:pos=0.0634,p95=1.000,pairs=129290,skip=12645  knn:pos=0.0210,p95=1.000,pairs=199194,skip=12406  similarity:pos=0.0037,p95=1.000,pairs=45194,skip=14281  clustering:pos=0.0521,p95=1.000,pairs=110186,skip=12967
  [main] epoch 55/75  loss=0.01700043  avg_tau=+0.023  pred_std=0.222091  select=+0.519  (204.95s)
    [main] val_query_f1=0.518570  range=0.452900  knn=0.460617  similarity=0.413155  clustering=0.805564
    [main] label_diag  range:pos=0.0634,p95=1.000,pairs=129234,skip=12645  knn:pos=0.0210,p95=1.000,pairs=199089,skip=12406  similarity:pos=0.0037,p95=1.000,pairs=45054,skip=14281  clustering:pos=0.0521,p95=1.000,pairs=110206,skip=12967
  [main] epoch 56/75  loss=0.01661532  avg_tau=+0.306  pred_std=0.224844  select=+0.524  (202.62s)
    [main] val_query_f1=0.524369  range=0.465673  knn=0.471104  similarity=0.412020  clustering=0.801945
    [main] label_diag  range:pos=0.0634,p95=1.000,pairs=129693,skip=12645  knn:pos=0.0210,p95=1.000,pairs=199058,skip=12406  similarity:pos=0.0037,p95=1.000,pairs=45211,skip=14281  clustering:pos=0.0521,p95=1.000,pairs=110356,skip=12967
  [main] epoch 57/75  loss=0.01671527  avg_tau=+0.196  pred_std=0.227052  select=+0.524  (204.89s)
    [main] val_query_f1=0.524488  range=0.460091  knn=0.468897  similarity=0.413412  clustering=0.811145
    [main] label_diag  range:pos=0.0634,p95=1.000,pairs=129397,skip=12645  knn:pos=0.0210,p95=1.000,pairs=199068,skip=12406  similarity:pos=0.0037,p95=1.000,pairs=45195,skip=14281  clustering:pos=0.0521,p95=1.000,pairs=110332,skip=12967
  [main] epoch 58/75  loss=0.01874577  avg_tau=+0.021  pred_std=0.260931  select=+0.520  (208.12s)
    [main] val_query_f1=0.519923  range=0.454053  knn=0.460645  similarity=0.418009  clustering=0.806264
    [main] label_diag  range:pos=0.0634,p95=1.000,pairs=129579,skip=12645  knn:pos=0.0210,p95=1.000,pairs=198882,skip=12406  similarity:pos=0.0037,p95=1.000,pairs=45197,skip=14281  clustering:pos=0.0521,p95=1.000,pairs=110287,skip=12967
  [main] epoch 59/75  loss=0.01855241  avg_tau=+0.099  pred_std=0.279008  select=+0.521  (205.56s)
    [main] val_query_f1=0.520833  range=0.458533  knn=0.463960  similarity=0.407069  clustering=0.810644
    [main] label_diag  range:pos=0.0634,p95=1.000,pairs=129269,skip=12645  knn:pos=0.0210,p95=1.000,pairs=199160,skip=12406  similarity:pos=0.0037,p95=1.000,pairs=45190,skip=14281  clustering:pos=0.0521,p95=1.000,pairs=110430,skip=12967
  [main] epoch 60/75  loss=0.01729199  avg_tau=+0.146  pred_std=0.251487  select=+0.516  (139.14s)
    [main] val_query_f1=0.515915  range=0.445520  knn=0.462286  similarity=0.399968  clustering=0.809518
    [main] label_diag  range:pos=0.0634,p95=1.000,pairs=129630,skip=12645  knn:pos=0.0210,p95=1.000,pairs=199110,skip=12406  similarity:pos=0.0037,p95=1.000,pairs=45131,skip=14281  clustering:pos=0.0521,p95=1.000,pairs=110285,skip=12967
  [main] early stopping at epoch 60: selection score did not improve over 50 diag epochs (best_selection=+0.534, best_loss=0.02047064)
  [main] restored best diagnostic epoch 10/60 (selection=+0.534, loss=0.02047064, val_f1=0.534185)
[train-model (75 epochs)] done in 12278.57s
[save-model] starting...
  saved checkpoint to /ceph/project/P8-1/QDS/qds_v2/src/models/saved_models/model_2026-02-05_eval_2026-02-08_cov0p30_mixed_rs0p015_rt0p04_820655.pt  (epochs_trained=60, best_epoch=10, best_loss=0.02047064, train_mix=clustering=0.2,knn=0.4,range=0.2,similarity=0.2, eval_mix=clustering=0.2,knn=0.4,range=0.2,similarity=0.2)
[save-model] done in 0.76s
[evaluate-matched] starting...
[  eval MLQDS] starting...
[  eval MLQDS] done in 2493.76s
[  eval Random] starting...
[  eval Random] done in 315.29s
[  eval newUniformTemporal] starting...
[  eval newUniformTemporal] done in 288.22s
[  eval DouglasPeucker] starting...
[  eval DouglasPeucker] done in 286.13s
[  eval Oracle] starting...
[  eval Oracle] done in 329.95s
[evaluate-matched] done in 4147.92s
[evaluate-shift] starting...
[evaluate-shift] done in 0.00s
[write-results] starting...
  wrote results to /ceph/project/P8-1/QDS/qds_v2/results
[write-results] done in 0.06s
[write-simplified-csv] starting...
  wrote 1296472 retained points across 1296472 samples to /ceph/project/P8-1/AISDATA/ML_processed_AIS_files/run_2026-02-05_eval_2026-02-08_cov0p30_mixed_rs0p015_rt0p04_820655/ML_simplified_eval.csv
[write-simplified-csv] done in 3.83s
[trajectory-length-loss] starting...
  [length-loss] 1564 trajectories  avg_orig_km=114.17  avg_simp_km=113.65  avg_length_loss=0.246  avg_points_removed=1932.5
  [length-loss] filtered out 569 trajectories with orig_km < 1.00 (likely docked/stationary) from top-25 ranking

  [length-loss] Top 25 MOST distorted (highest length_loss):
  rank        mmsi     orig_km     simp_km  length_loss    kept   removed
     1   211457860        4.02        0.90        0.776      76       176
     2   218030270       16.80        5.46        0.675     207       483
     3   219004266        2.91        0.99        0.658     542      1262
     4   511100505        6.86        2.44        0.644     172       400
     5   245697000        2.89        1.05        0.639     117       270
     6   211846360        3.24        1.18        0.637      92       212
     7   265513270       20.45        7.75        0.621      15        32
     8   259447000        4.08        1.57        0.615     312       725
     9   219003217        2.43        0.94        0.614     206       478
    10   219001582        3.33        1.31        0.607     763      1779
    11   220343000        1.42        0.56        0.604     199       464
    12   219440000        1.32        0.53        0.599     127       294
    13   219798000        1.09        0.46        0.578     394       917
    14   352005487        5.89        2.49        0.578     139       323
    15   219017784        1.42        0.61        0.575     156       362
    16   219003113        1.97        0.84        0.573     640      1492
    17   258040000        2.08        0.89        0.570     108       251
    18   219024715        3.20        1.41        0.559    1272      2966
    19   219021176        1.75        0.79        0.546    1133      2643
    20   215064000        2.40        1.09        0.545     128       296
    21   219005513        2.67        1.23        0.538     654      1523
    22   219014162        2.42        1.12        0.536     871      2031
    23   218003000        5.00        2.32        0.536    1719      4008
    24   219000851        1.41        0.65        0.535     174       404
    25   341832000        1.19        0.55        0.533      72       166

  [length-loss] Top 25 LEAST distorted (lowest length_loss):
  rank        mmsi     orig_km     simp_km  length_loss    kept   removed
     1   636019492      164.27      164.27        0.000      37        84
     2   255916022       25.50       25.50        0.000     118       275
     3   273268690       12.12       12.12        0.000      21        48
     4   636024739      112.29      112.29        0.000     408       951
     5   230987000      367.62      367.62        0.000    1491      3477
     6   311055400       97.53       97.53        0.000     441      1028
     7   258059000       19.92       19.92        0.000      16        35
     8   230618000       98.61       98.60        0.000     489      1140
     9   258849000        5.65        5.65        0.000      10        23
    10   636020533      140.00      140.00        0.000     319       742
    11   636022717      266.92      266.92        0.000    1380      3220
    12   219560000      384.96      384.96        0.000    1739      4056
    13   210425000       95.04       95.04        0.000     291       676
    14   255814000      155.05      155.05        0.000     721      1682
    15   219028116      436.51      436.50        0.000    1985      4631
    16   373267000      301.29      301.29        0.000    1270      2963
    17   477149200       54.20       54.20        0.000     261       608
    18   215857000       36.63       36.63        0.000     151       350
    19   241689000       36.78       36.78        0.000      95       219
    20   255806436       88.16       88.16        0.000     398       928
    21   636018491      116.16      116.16        0.000     551      1283
    22   538011780      181.37      181.37        0.000     902      2104
    23   352002167      250.40      250.39        0.000     135       314
    24   230617000      239.92      239.92        0.000    1216      2836
    25   230982000      343.48      343.48        0.000    1390      3241
[trajectory-length-loss] done in 19.44s
[pipeline] total runtime 16883.17s

Matched-workload table
Method                     AggregateF1   Compression   Latency(ms)        Type
------------------------------------------------------------------------------
MLQDS                         0.467901        0.3002    2180541.04         all
  - range                     0.463014                                   range
  - knn                       0.454901                                     knn
  - similarity                0.461086                              similarity
  - clustering                0.505602                              clustering
Random                        0.440669        0.3007       5290.81         all
  - range                     0.461637                                   range
  - knn                       0.436318                                     knn
  - similarity                0.391392                              similarity
  - clustering                0.477680                              clustering
newUniformTemporal            0.448608        0.3002       1270.62         all
  - range                     0.461379                                   range
  - knn                       0.440108                                     knn
  - similarity                0.405995                              similarity
  - clustering                0.495450                              clustering
DouglasPeucker                0.284552        0.3002       4862.42         all
  - range                     0.399548                                   range
  - knn                       0.265305                                     knn
  - similarity                0.222371                              similarity
  - clustering                0.270232                              clustering
Oracle                        0.928585        0.3007       3260.52         all
  - range                     0.926615                                   range
  - knn                       0.955239                                     knn
  - similarity                0.908817                              similarity
  - clustering                0.897017                              clustering

Distribution-shift table
Train\Eval            clustering=0.2,knn=0.4,range=0.2,similarity=0.2
---------------------------------------------------------------------
clustering=0.2,knn=0.4,range=0.2,similarity=0.2                0.4679
