[config] model=turn_aware  workload=range  epochs=50  n_queries=150  query_coverage=0.3  max_queries=3000  compression_ratio=0.3  lr=0.0005  pointwise_loss_weight=0.25  gradient_clip_norm=1.0  diagnostic_every=1  checkpoint_selection_metric=f1  f1_diagnostic_every=3  range_spatial_fraction=0.015  range_time_fraction=0.04
[load-data] reading train CSV: /ceph/project/P8-1/AISDATA/preprocessed_AIS_files/preprocessed_2026-02-05.csv
[load-data] reading eval CSV: /ceph/project/P8-1/AISDATA/preprocessed_AIS_files/preprocessed_2026-02-08.csv
[load-data] train=1580 eval=1564 trajectories loaded in 83.69s
[pipeline] train=1580 trajectories, eval=1564 trajectories, train_mix=range=1.0, eval_mix=range=1.0
[split] starting...
  split mode=separate CSVs  train=1343  eval=1564
  checkpoint-selection validation=237 trajectories
[split] done in 0.00s
[build-datasets] starting...
[build-datasets] done in 0.27s
[generate-workloads] starting...
  train_workload=376 queries  coverage=30.01% (1143685/3811001)
  eval_workload=398 queries  coverage=30.02% (1296635/4318960)
  selection_workload=300 queries  coverage=34.46% (198972/577411)
[generate-workloads] done in 79.49s
[write-queries-geojson] starting...
  wrote  398 range queries to /ceph/project/P8-1/AISDATA/Query_border_files/run_2026-02-05_eval_2026-02-08_cov0p30_range_rs0p015_rt0p04_819949/queries_range.geojson
  wrote    0 knn queries to /ceph/project/P8-1/AISDATA/Query_border_files/run_2026-02-05_eval_2026-02-08_cov0p30_range_rs0p015_rt0p04_819949/queries_knn.geojson
  wrote    0 similarity queries to /ceph/project/P8-1/AISDATA/Query_border_files/run_2026-02-05_eval_2026-02-08_cov0p30_range_rs0p015_rt0p04_819949/queries_similarity.geojson
  wrote    0 clustering queries to /ceph/project/P8-1/AISDATA/Query_border_files/run_2026-02-05_eval_2026-02-08_cov0p30_range_rs0p015_rt0p04_819949/queries_clustering.geojson
[write-queries-geojson] done in 0.04s
[train-model (50 epochs)] starting...
  [main] epoch 01/50  loss=0.10669738  avg_tau=+0.037  pred_std=0.0137343  select=+0.450  (157.42s)
    [main] val_query_f1=0.449686  range=0.449686  knn=0.000000  similarity=0.000000  clustering=0.000000
    [main] label_diag  range:pos=0.3001,p95=1.000,pairs=471506,skip=7011
  [main] epoch 02/50  loss=0.10001396  avg_tau=-0.034  pred_std=0.0138561  select=+0.442  (152.75s)
    [main] val_query_f1=0.442298  range=0.442298  knn=0.000000  similarity=0.000000  clustering=0.000000
    [main] label_diag  range:pos=0.3001,p95=1.000,pairs=471784,skip=7011
  [main] epoch 03/50  loss=0.09649712  avg_tau=+0.122  pred_std=0.0128909  select=+0.436  (150.39s)
    [main] val_query_f1=0.436382  range=0.436382  knn=0.000000  similarity=0.000000  clustering=0.000000
    [main] label_diag  range:pos=0.3001,p95=1.000,pairs=471701,skip=7011
  [main] epoch 04/50  loss=0.09482420  avg_tau=-0.019  pred_std=0.0118812  select=+0.435  (143.93s)
    [main] val_query_f1=0.435253  range=0.435253  knn=0.000000  similarity=0.000000  clustering=0.000000
    [main] label_diag  range:pos=0.3001,p95=1.000,pairs=471863,skip=7011
  [main] epoch 05/50  loss=0.09411401  avg_tau=-0.040  pred_std=0.013526  select=+0.434  (151.66s)
    [main] val_query_f1=0.434398  range=0.434398  knn=0.000000  similarity=0.000000  clustering=0.000000
    [main] label_diag  range:pos=0.3001,p95=1.000,pairs=471623,skip=7011
  [main] epoch 06/50  loss=0.09377307  avg_tau=+0.079  pred_std=0.0133508  select=+0.453  (146.62s)  *** NEW BEST MODEL ***
    [main] val_query_f1=0.453181  range=0.453181  knn=0.000000  similarity=0.000000  clustering=0.000000
    [main] label_diag  range:pos=0.3001,p95=1.000,pairs=470901,skip=7011
  [main] epoch 07/50  loss=0.09367078  avg_tau=-0.039  pred_std=0.0148567  select=+0.456  (156.55s)  *** NEW BEST MODEL ***
    [main] val_query_f1=0.456352  range=0.456352  knn=0.000000  similarity=0.000000  clustering=0.000000
    [main] label_diag  range:pos=0.3001,p95=1.000,pairs=471624,skip=7011
  [main] epoch 08/50  loss=0.09365225  avg_tau=-0.048  pred_std=0.0105289  select=+0.444  (152.45s)
    [main] val_query_f1=0.443932  range=0.443932  knn=0.000000  similarity=0.000000  clustering=0.000000
    [main] label_diag  range:pos=0.3001,p95=1.000,pairs=472266,skip=7011
  [main] epoch 09/50  loss=0.09343898  avg_tau=-0.042  pred_std=0.016632  select=+0.409  (164.60s)
    [main] val_query_f1=0.409466  range=0.409466  knn=0.000000  similarity=0.000000  clustering=0.000000
    [main] label_diag  range:pos=0.3001,p95=1.000,pairs=471007,skip=7011
  [main] epoch 10/50  loss=0.09353222  avg_tau=+0.086  pred_std=0.0145789  select=+0.421  (151.74s)
    [main] val_query_f1=0.421356  range=0.421356  knn=0.000000  similarity=0.000000  clustering=0.000000
    [main] label_diag  range:pos=0.3001,p95=1.000,pairs=471079,skip=7011
  [main] epoch 11/50  loss=0.09344756  avg_tau=+0.085  pred_std=0.0138134  select=+0.436  (148.45s)
    [main] val_query_f1=0.435539  range=0.435539  knn=0.000000  similarity=0.000000  clustering=0.000000
    [main] label_diag  range:pos=0.3001,p95=1.000,pairs=471193,skip=7011
  [main] epoch 12/50  loss=0.09337409  avg_tau=-0.091  pred_std=0.0183046  select=+0.419  (146.29s)
    [main] val_query_f1=0.419393  range=0.419393  knn=0.000000  similarity=0.000000  clustering=0.000000
    [main] label_diag  range:pos=0.3001,p95=1.000,pairs=471415,skip=7011
  [main] epoch 13/50  loss=0.09330660  avg_tau=-0.036  pred_std=0.014921  select=+0.424  (151.43s)
    [main] val_query_f1=0.424048  range=0.424048  knn=0.000000  similarity=0.000000  clustering=0.000000
    [main] label_diag  range:pos=0.3001,p95=1.000,pairs=471271,skip=7011
  [main] epoch 14/50  loss=0.09331864  avg_tau=+0.075  pred_std=0.0171511  select=+0.419  (147.16s)
    [main] val_query_f1=0.419036  range=0.419036  knn=0.000000  similarity=0.000000  clustering=0.000000
    [main] label_diag  range:pos=0.3001,p95=1.000,pairs=471521,skip=7011
  [main] epoch 15/50  loss=0.09331367  avg_tau=+0.005  pred_std=0.0169211  select=+0.430  (148.81s)
    [main] val_query_f1=0.429652  range=0.429652  knn=0.000000  similarity=0.000000  clustering=0.000000
    [main] label_diag  range:pos=0.3001,p95=1.000,pairs=471331,skip=7011
  [main] epoch 16/50  loss=0.09329147  avg_tau=-0.005  pred_std=0.0150449  select=+0.426  (149.34s)
    [main] val_query_f1=0.426410  range=0.426410  knn=0.000000  similarity=0.000000  clustering=0.000000
    [main] label_diag  range:pos=0.3001,p95=1.000,pairs=470961,skip=7011
  [main] epoch 17/50  loss=0.09314695  avg_tau=+0.072  pred_std=0.0163926  select=+0.438  (154.14s)
    [main] val_query_f1=0.437708  range=0.437708  knn=0.000000  similarity=0.000000  clustering=0.000000
    [main] label_diag  range:pos=0.3001,p95=1.000,pairs=470581,skip=7011
  [main] epoch 18/50  loss=0.09321736  avg_tau=+0.003  pred_std=0.0180883  select=+0.448  (149.12s)
    [main] val_query_f1=0.448001  range=0.448001  knn=0.000000  similarity=0.000000  clustering=0.000000
    [main] label_diag  range:pos=0.3001,p95=1.000,pairs=471104,skip=7011
  [main] epoch 19/50  loss=0.09317413  avg_tau=+0.017  pred_std=0.0197696  select=+0.437  (151.77s)
    [main] val_query_f1=0.437224  range=0.437224  knn=0.000000  similarity=0.000000  clustering=0.000000
    [main] label_diag  range:pos=0.3001,p95=1.000,pairs=471116,skip=7011
  [main] epoch 20/50  loss=0.09308711  avg_tau=+0.014  pred_std=0.0193083  select=+0.447  (142.55s)
    [main] val_query_f1=0.447153  range=0.447153  knn=0.000000  similarity=0.000000  clustering=0.000000
    [main] label_diag  range:pos=0.3001,p95=1.000,pairs=471422,skip=7011
  [main] epoch 21/50  loss=0.09318887  avg_tau=+0.109  pred_std=0.020962  select=+0.437  (150.97s)
    [main] val_query_f1=0.437065  range=0.437065  knn=0.000000  similarity=0.000000  clustering=0.000000
    [main] label_diag  range:pos=0.3001,p95=1.000,pairs=471719,skip=7011
  [main] epoch 22/50  loss=0.09313530  avg_tau=-0.003  pred_std=0.0169495  select=+0.458  (149.47s)  *** NEW BEST MODEL ***
    [main] val_query_f1=0.457919  range=0.457919  knn=0.000000  similarity=0.000000  clustering=0.000000
    [main] label_diag  range:pos=0.3001,p95=1.000,pairs=471781,skip=7011
  [main] epoch 23/50  loss=0.09304958  avg_tau=-0.041  pred_std=0.0189894  select=+0.448  (145.97s)
    [main] val_query_f1=0.447873  range=0.447873  knn=0.000000  similarity=0.000000  clustering=0.000000
    [main] label_diag  range:pos=0.3001,p95=1.000,pairs=470881,skip=7011
  [main] epoch 24/50  loss=0.09298673  avg_tau=+0.043  pred_std=0.0201487  select=+0.443  (140.82s)
    [main] val_query_f1=0.442765  range=0.442765  knn=0.000000  similarity=0.000000  clustering=0.000000
    [main] label_diag  range:pos=0.3001,p95=1.000,pairs=471222,skip=7011
  [main] epoch 25/50  loss=0.09300734  avg_tau=+0.010  pred_std=0.0160491  select=+0.455  (147.57s)
    [main] val_query_f1=0.455029  range=0.455029  knn=0.000000  similarity=0.000000  clustering=0.000000
    [main] label_diag  range:pos=0.3001,p95=1.000,pairs=471339,skip=7011
  [main] epoch 26/50  loss=0.09297372  avg_tau=-0.050  pred_std=0.0182099  select=+0.456  (152.46s)
    [main] val_query_f1=0.455797  range=0.455797  knn=0.000000  similarity=0.000000  clustering=0.000000
    [main] label_diag  range:pos=0.3001,p95=1.000,pairs=471202,skip=7011
  [main] epoch 27/50  loss=0.09292291  avg_tau=-0.061  pred_std=0.0197454  select=+0.445  (149.52s)
    [main] val_query_f1=0.444828  range=0.444828  knn=0.000000  similarity=0.000000  clustering=0.000000
    [main] label_diag  range:pos=0.3001,p95=1.000,pairs=471233,skip=7011
  [main] epoch 28/50  loss=0.09300866  avg_tau=+0.071  pred_std=0.017925  select=+0.438  (142.97s)
    [main] val_query_f1=0.438003  range=0.438003  knn=0.000000  similarity=0.000000  clustering=0.000000
    [main] label_diag  range:pos=0.3001,p95=1.000,pairs=471100,skip=7011
  [main] epoch 29/50  loss=0.09295243  avg_tau=+0.036  pred_std=0.0187659  select=+0.451  (149.74s)
    [main] val_query_f1=0.451267  range=0.451267  knn=0.000000  similarity=0.000000  clustering=0.000000
    [main] label_diag  range:pos=0.3001,p95=1.000,pairs=471236,skip=7011
  [main] epoch 30/50  loss=0.09292017  avg_tau=+0.023  pred_std=0.0190728  select=+0.456  (153.39s)
    [main] val_query_f1=0.455845  range=0.455845  knn=0.000000  similarity=0.000000  clustering=0.000000
    [main] label_diag  range:pos=0.3001,p95=1.000,pairs=471220,skip=7011
  [main] epoch 31/50  loss=0.09282258  avg_tau=+0.085  pred_std=0.0193301  select=+0.429  (162.34s)
    [main] val_query_f1=0.428537  range=0.428537  knn=0.000000  similarity=0.000000  clustering=0.000000
    [main] label_diag  range:pos=0.3001,p95=1.000,pairs=471559,skip=7011
  [main] epoch 32/50  loss=0.09283843  avg_tau=-0.008  pred_std=0.0179483  select=+0.446  (156.05s)
    [main] val_query_f1=0.446048  range=0.446048  knn=0.000000  similarity=0.000000  clustering=0.000000
    [main] label_diag  range:pos=0.3001,p95=1.000,pairs=471004,skip=7011
  [main] epoch 33/50  loss=0.09276967  avg_tau=-0.064  pred_std=0.0205761  select=+0.454  (148.56s)
    [main] val_query_f1=0.453765  range=0.453765  knn=0.000000  similarity=0.000000  clustering=0.000000
    [main] label_diag  range:pos=0.3001,p95=1.000,pairs=471032,skip=7011
  [main] epoch 34/50  loss=0.09272281  avg_tau=+0.074  pred_std=0.0208597  select=+0.439  (157.00s)
    [main] val_query_f1=0.439201  range=0.439201  knn=0.000000  similarity=0.000000  clustering=0.000000
    [main] label_diag  range:pos=0.3001,p95=1.000,pairs=471320,skip=7011
  [main] epoch 35/50  loss=0.09278983  avg_tau=-0.014  pred_std=0.0205474  select=+0.443  (150.88s)
    [main] val_query_f1=0.443218  range=0.443218  knn=0.000000  similarity=0.000000  clustering=0.000000
    [main] label_diag  range:pos=0.3001,p95=1.000,pairs=471490,skip=7011
  [main] epoch 36/50  loss=0.09264989  avg_tau=+0.034  pred_std=0.0221772  select=+0.453  (155.07s)
    [main] val_query_f1=0.452692  range=0.452692  knn=0.000000  similarity=0.000000  clustering=0.000000
    [main] label_diag  range:pos=0.3001,p95=1.000,pairs=471671,skip=7011
  [main] epoch 37/50  loss=0.09267090  avg_tau=+0.076  pred_std=0.0214607  select=+0.442  (144.24s)
    [main] val_query_f1=0.442397  range=0.442397  knn=0.000000  similarity=0.000000  clustering=0.000000
    [main] label_diag  range:pos=0.3001,p95=1.000,pairs=471049,skip=7011
  [main] epoch 38/50  loss=0.09263715  avg_tau=+0.100  pred_std=0.0212637  select=+0.440  (145.23s)
    [main] val_query_f1=0.440215  range=0.440215  knn=0.000000  similarity=0.000000  clustering=0.000000
    [main] label_diag  range:pos=0.3001,p95=1.000,pairs=471346,skip=7011
  [main] epoch 39/50  loss=0.09254068  avg_tau=+0.006  pred_std=0.022122  select=+0.441  (147.13s)
    [main] val_query_f1=0.441157  range=0.441157  knn=0.000000  similarity=0.000000  clustering=0.000000
    [main] label_diag  range:pos=0.3001,p95=1.000,pairs=470975,skip=7011
  [main] epoch 40/50  loss=0.09256666  avg_tau=+0.139  pred_std=0.0211486  select=+0.448  (135.34s)
    [main] val_query_f1=0.448450  range=0.448450  knn=0.000000  similarity=0.000000  clustering=0.000000
    [main] label_diag  range:pos=0.3001,p95=1.000,pairs=470599,skip=7011
  [main] epoch 41/50  loss=0.09250937  avg_tau=+0.072  pred_std=0.02202  select=+0.444  (144.94s)
    [main] val_query_f1=0.444132  range=0.444132  knn=0.000000  similarity=0.000000  clustering=0.000000
    [main] label_diag  range:pos=0.3001,p95=1.000,pairs=471612,skip=7011
  [main] epoch 42/50  loss=0.09246952  avg_tau=-0.064  pred_std=0.0217023  select=+0.436  (151.34s)
    [main] val_query_f1=0.436299  range=0.436299  knn=0.000000  similarity=0.000000  clustering=0.000000
    [main] label_diag  range:pos=0.3001,p95=1.000,pairs=471163,skip=7011
  [main] epoch 43/50  loss=0.09238858  avg_tau=+0.049  pred_std=0.0217225  select=+0.441  (142.56s)
    [main] val_query_f1=0.441491  range=0.441491  knn=0.000000  similarity=0.000000  clustering=0.000000
    [main] label_diag  range:pos=0.3001,p95=1.000,pairs=470743,skip=7011
  [main] epoch 44/50  loss=0.09238448  avg_tau=-0.064  pred_std=0.0216618  select=+0.465  (139.65s)  *** NEW BEST MODEL ***
    [main] val_query_f1=0.464657  range=0.464657  knn=0.000000  similarity=0.000000  clustering=0.000000
    [main] label_diag  range:pos=0.3001,p95=1.000,pairs=471403,skip=7011
  [main] epoch 45/50  loss=0.09250607  avg_tau=-0.037  pred_std=0.0198867  select=+0.454  (141.26s)
    [main] val_query_f1=0.454461  range=0.454461  knn=0.000000  similarity=0.000000  clustering=0.000000
    [main] label_diag  range:pos=0.3001,p95=1.000,pairs=471563,skip=7011
  [main] epoch 46/50  loss=0.09237766  avg_tau=+0.091  pred_std=0.0213376  select=+0.448  (140.81s)
    [main] val_query_f1=0.447886  range=0.447886  knn=0.000000  similarity=0.000000  clustering=0.000000
    [main] label_diag  range:pos=0.3001,p95=1.000,pairs=471428,skip=7011
  [main] epoch 47/50  loss=0.09237559  avg_tau=-0.076  pred_std=0.0215268  select=+0.439  (151.13s)
    [main] val_query_f1=0.438805  range=0.438805  knn=0.000000  similarity=0.000000  clustering=0.000000
    [main] label_diag  range:pos=0.3001,p95=1.000,pairs=471261,skip=7011
  [main] epoch 48/50  loss=0.09237440  avg_tau=+0.111  pred_std=0.0201487  select=+0.458  (136.33s)
    [main] val_query_f1=0.457550  range=0.457550  knn=0.000000  similarity=0.000000  clustering=0.000000
    [main] label_diag  range:pos=0.3001,p95=1.000,pairs=471320,skip=7011
  [main] epoch 49/50  loss=0.09234860  avg_tau=+0.077  pred_std=0.0194087  select=+0.449  (141.50s)
    [main] val_query_f1=0.448749  range=0.448749  knn=0.000000  similarity=0.000000  clustering=0.000000
    [main] label_diag  range:pos=0.3001,p95=1.000,pairs=470946,skip=7011
  [main] epoch 50/50  loss=0.09224685  avg_tau=+0.052  pred_std=0.022655  select=+0.441  (138.40s)
    [main] val_query_f1=0.441053  range=0.441053  knn=0.000000  similarity=0.000000  clustering=0.000000
    [main] label_diag  range:pos=0.3001,p95=1.000,pairs=471229,skip=7011
  [main] restored best diagnostic epoch 44/50 (selection=+0.465, loss=0.09238448, val_f1=0.464657)
[train-model (50 epochs)] done in 7474.17s
[save-model] starting...
  saved checkpoint to /ceph/project/P8-1/QDS/qds_v2/src/models/saved_models/model_2026-02-05_eval_2026-02-08_cov0p30_range_rs0p015_rt0p04_819949.pt  (epochs_trained=50, best_epoch=44, best_loss=0.09238448, train_mix=range=1.0, eval_mix=range=1.0)
[save-model] done in 0.62s
[evaluate-matched] starting...
[  eval MLQDS] starting...
[  eval MLQDS] done in 183.60s
[  eval Random] starting...
[  eval Random] done in 3.87s
[  eval UniformTemporal] starting...
[  eval UniformTemporal] done in 4.11s
[  eval newUniformTemporal] starting...
[  eval newUniformTemporal] done in 4.28s
[  eval DouglasPeucker] starting...
[  eval DouglasPeucker] done in 4.96s
[  eval Oracle] starting...
[  eval Oracle] done in 5.32s
[evaluate-matched] done in 206.98s
[evaluate-shift] starting...
[evaluate-shift] done in 0.00s
[write-results] starting...
  wrote results to /ceph/project/P8-1/QDS/qds_v2/results
[write-results] done in 0.08s
[write-simplified-csv] starting...
  wrote 1296472 retained points across 1296472 samples to /ceph/project/P8-1/AISDATA/ML_processed_AIS_files/run_2026-02-05_eval_2026-02-08_cov0p30_range_rs0p015_rt0p04_819949/ML_simplified_eval.csv
[write-simplified-csv] done in 2.71s
[trajectory-length-loss] starting...
  [length-loss] 1564 trajectories  avg_orig_km=114.17  avg_simp_km=113.63  avg_length_loss=0.248  avg_points_removed=1932.5
  [length-loss] filtered out 569 trajectories with orig_km < 1.00 (likely docked/stationary) from top-25 ranking

  [length-loss] Top 25 MOST distorted (highest length_loss):
  rank        mmsi     orig_km     simp_km  length_loss    kept   removed
     1   211457860        4.02        1.00        0.750      76       176
     2   211846360        3.24        1.07        0.670      92       212
     3   511100505        6.86        2.34        0.658     172       400
     4   218030270       16.80        6.00        0.643     207       483
     5   219004266        2.91        1.06        0.635     542      1262
     6   245697000        2.89        1.06        0.635     117       270
     7   259447000        4.08        1.56        0.617     312       725
     8   220343000        1.42        0.54        0.617     199       464
     9   219003217        2.43        0.95        0.611     206       478
    10   352005487        5.89        2.41        0.591     139       323
    11   219440000        1.32        0.55        0.585     127       294
    12   211385020       10.99        4.61        0.581      14        31
    13   265513270       20.45        8.60        0.579      15        32
    14   219003113        1.97        0.83        0.579     640      1492
    15   219001582        3.33        1.41        0.578     763      1779
    16   219798000        1.09        0.46        0.576     394       917
    17   219000851        1.41        0.62        0.560     174       404
    18   219024715        3.20        1.42        0.557    1272      2966
    19   219017784        1.42        0.63        0.555     156       362
    20   258040000        2.08        0.93        0.554     108       251
    21   219005513        2.67        1.22        0.543     654      1523
    22   218003000        5.00        2.33        0.534    1719      4008
    23   219014162        2.42        1.13        0.532     871      2031
    24   219000881        2.07        0.98        0.523     938      2187
    25   244890000        1.13        0.54        0.521      86       200

  [length-loss] Top 25 LEAST distorted (lowest length_loss):
  rank        mmsi     orig_km     simp_km  length_loss    kept   removed
     1   636019492      164.27      164.27        0.000      37        84
     2   255916022       25.50       25.50        0.000     118       275
     3   273268690       12.12       12.12        0.000      21        48
     4   230987000      367.62      367.62        0.000    1491      3477
     5   311055400       97.53       97.53        0.000     441      1028
     6   258059000       19.92       19.92        0.000      16        35
     7   636024739      112.29      112.29        0.000     408       951
     8   257182000      340.17      340.16        0.000    1583      3691
     9   230618000       98.61       98.60        0.000     489      1140
    10   258849000        5.65        5.65        0.000      10        23
    11   636022717      266.92      266.92        0.000    1380      3220
    12   219560000      384.96      384.96        0.000    1739      4056
    13   212112000      197.89      197.89        0.000     710      1655
    14   373267000      301.29      301.29        0.000    1270      2963
    15   255814000      155.05      155.05        0.000     721      1682
    16   219028116      436.51      436.50        0.000    1985      4631
    17   215857000       36.63       36.63        0.000     151       350
    18   255806436       88.16       88.16        0.000     398       928
    19   477149200       54.20       54.20        0.000     261       608
    20   538011780      181.37      181.37        0.000     902      2104
    21   636020533      140.00      140.00        0.000     319       742
    22   538004785      390.73      390.72        0.000     894      2085
    23   352002167      250.40      250.39        0.000     135       314
    24   210425000       95.04       95.04        0.000     291       676
    25   230617000      239.92      239.92        0.000    1216      2836
[trajectory-length-loss] done in 9.82s
[pipeline] total runtime 7774.19s

Matched-workload table
Method                     AggregateF1   Compression   Latency(ms)        Type
------------------------------------------------------------------------------
MLQDS                         0.455531        0.3002     180177.28         all
  - range                     0.455531                                   range
  - knn                       0.000000                                     knn
  - similarity                0.000000                              similarity
  - clustering                0.000000                              clustering
Random                        0.460999        0.3007        372.30         all
  - range                     0.460999                                   range
  - knn                       0.000000                                     knn
  - similarity                0.000000                              similarity
  - clustering                0.000000                              clustering
UniformTemporal               0.393765        0.3009        334.74         all
  - range                     0.393765                                   range
  - knn                       0.000000                                     knn
  - similarity                0.000000                              similarity
  - clustering                0.000000                              clustering
newUniformTemporal            0.461614        0.3002        121.19         all
  - range                     0.461614                                   range
  - knn                       0.000000                                     knn
  - similarity                0.000000                              similarity
  - clustering                0.000000                              clustering
DouglasPeucker                0.418509        0.3002        785.26         all
  - range                     0.418509                                   range
  - knn                       0.000000                                     knn
  - similarity                0.000000                              similarity
  - clustering                0.000000                              clustering
Oracle                        0.872009        0.3007        338.29         all
  - range                     0.872009                                   range
  - knn                       0.000000                                     knn
  - similarity                0.000000                              similarity
  - clustering                0.000000                              clustering

Distribution-shift table
Train\Eval                         range=1.0
--------------------------------------------
range=1.0                             0.4555
