[config] model=turn_aware  workload=knn  epochs=50  n_queries=150  query_coverage=0.15  max_queries=5000  compression_ratio=0.15  lr=0.0005  pointwise_loss_weight=0.25  gradient_clip_norm=1.0  diagnostic_every=1  checkpoint_selection_metric=uniform_gap  f1_diagnostic_every=1  uniform_gap_weight=0.5  type_penalty_weight=1.0  range_spatial_fraction=0.015  range_time_fraction=0.04  knn_k=12  mlqds_temporal_fraction=0.75  residual_label_mode=temporal
[load-data] reading train CSV: /ceph/project/P8-1/AISDATA/preprocessed_AIS_files/preprocessed_2026-02-05.csv
[load-data] reading eval CSV: /ceph/project/P8-1/AISDATA/preprocessed_AIS_files/preprocessed_2026-02-08.csv
[load-data] train=1580 eval=1564 trajectories loaded in 55.85s
[pipeline] train=1580 trajectories, eval=1564 trajectories, train_mix=knn=1.0, eval_mix=knn=1.0
[split] starting...
  split mode=separate CSVs  train=1343  eval=1564
  checkpoint-selection validation=237 trajectories
[split] done in 0.00s
[build-datasets] starting...
[build-datasets] done in 0.79s
[generate-workloads] starting...
  train_workload=5000 queries  coverage=6.11% (232769/3811001)
  eval_workload=5000 queries  coverage=5.72% (247253/4318960)
  selection_workload=2091 queries  coverage=15.00% (86617/577411)
  WARNING: train workload stopped below requested coverage (6.11% < 15.00%); raise --n_queries or query footprint to cover more points.
  WARNING: eval workload stopped below requested coverage (5.72% < 15.00%); raise --n_queries or query footprint to cover more points.
[generate-workloads] done in 2940.96s
[write-queries-geojson] starting...
  wrote    0 range queries to /ceph/project/P8-1/AISDATA/Query_border_files/run_2026-02-05_eval_2026-02-08_cov0p15_knn_rs0p015_rt0p04_821292/queries_range.geojson
  wrote 5000 knn queries to /ceph/project/P8-1/AISDATA/Query_border_files/run_2026-02-05_eval_2026-02-08_cov0p15_knn_rs0p015_rt0p04_821292/queries_knn.geojson
  wrote    0 similarity queries to /ceph/project/P8-1/AISDATA/Query_border_files/run_2026-02-05_eval_2026-02-08_cov0p15_knn_rs0p015_rt0p04_821292/queries_similarity.geojson
  wrote    0 clustering queries to /ceph/project/P8-1/AISDATA/Query_border_files/run_2026-02-05_eval_2026-02-08_cov0p15_knn_rs0p015_rt0p04_821292/queries_clustering.geojson
[write-queries-geojson] done in 0.21s
[train-model (50 epochs)] starting...
  [main] validation newUniformTemporal_f1=0.246775  range=0.000000  knn=0.246775  similarity=0.000000  clustering=0.000000
  [main] epoch 01/50  loss=0.17649487  avg_tau=-0.046  pred_std=0.114923  select=+0.292  (234.86s)
    [main] val_query_f1=0.276695  range=0.000000  knn=0.276695  similarity=0.000000  clustering=0.000000
    [main] val_vs_uniform aggregate=+0.029920  type_deficit=0.000000  range=+0.000000  knn=+0.029920  similarity=+0.000000  clustering=+0.000000
    [main] label_diag  knn:pos=0.4641,p95=1.000,pairs=1058962,skip=925
  [main] epoch 02/50  loss=0.16512696  avg_tau=+0.034  pred_std=0.127888  select=+0.295  (278.19s)  *** NEW BEST MODEL ***
    [main] val_query_f1=0.279089  range=0.000000  knn=0.279089  similarity=0.000000  clustering=0.000000
    [main] val_vs_uniform aggregate=+0.032314  type_deficit=0.000000  range=+0.000000  knn=+0.032314  similarity=+0.000000  clustering=+0.000000
    [main] label_diag  knn:pos=0.4641,p95=1.000,pairs=1059185,skip=925
  [main] epoch 03/50  loss=0.15993971  avg_tau=+0.054  pred_std=0.119365  select=+0.310  (294.89s)  *** NEW BEST MODEL ***
    [main] val_query_f1=0.289221  range=0.000000  knn=0.289221  similarity=0.000000  clustering=0.000000
    [main] val_vs_uniform aggregate=+0.042446  type_deficit=0.000000  range=+0.000000  knn=+0.042446  similarity=+0.000000  clustering=+0.000000
    [main] label_diag  knn:pos=0.4641,p95=1.000,pairs=1059429,skip=925
  [main] epoch 04/50  loss=0.15755468  avg_tau=-0.100  pred_std=0.0862678  select=+0.317  (289.28s)  *** NEW BEST MODEL ***
    [main] val_query_f1=0.293406  range=0.000000  knn=0.293406  similarity=0.000000  clustering=0.000000
    [main] val_vs_uniform aggregate=+0.046631  type_deficit=0.000000  range=+0.000000  knn=+0.046631  similarity=+0.000000  clustering=+0.000000
    [main] label_diag  knn:pos=0.4641,p95=1.000,pairs=1058701,skip=925
  [main] epoch 05/50  loss=0.15661522  avg_tau=+0.199  pred_std=0.141522  select=+0.338  (252.47s)  *** NEW BEST MODEL ***
    [main] val_query_f1=0.307837  range=0.000000  knn=0.307837  similarity=0.000000  clustering=0.000000
    [main] val_vs_uniform aggregate=+0.061062  type_deficit=0.000000  range=+0.000000  knn=+0.061062  similarity=+0.000000  clustering=+0.000000
    [main] label_diag  knn:pos=0.4641,p95=1.000,pairs=1059155,skip=925
  [main] epoch 06/50  loss=0.15596763  avg_tau=+0.020  pred_std=0.130819  select=+0.345  (296.80s)  *** NEW BEST MODEL ***
    [main] val_query_f1=0.312320  range=0.000000  knn=0.312320  similarity=0.000000  clustering=0.000000
    [main] val_vs_uniform aggregate=+0.065545  type_deficit=0.000000  range=+0.000000  knn=+0.065545  similarity=+0.000000  clustering=+0.000000
    [main] label_diag  knn:pos=0.4641,p95=1.000,pairs=1059002,skip=925
  [main] epoch 07/50  loss=0.15558041  avg_tau=+0.103  pred_std=0.115972  select=+0.330  (295.46s)
    [main] val_query_f1=0.301990  range=0.000000  knn=0.301990  similarity=0.000000  clustering=0.000000
    [main] val_vs_uniform aggregate=+0.055215  type_deficit=0.000000  range=+0.000000  knn=+0.055215  similarity=+0.000000  clustering=+0.000000
    [main] label_diag  knn:pos=0.4641,p95=1.000,pairs=1058393,skip=925
  [main] epoch 08/50  loss=0.15529949  avg_tau=+0.057  pred_std=0.151832  select=+0.349  (265.92s)  *** NEW BEST MODEL ***
    [main] val_query_f1=0.314715  range=0.000000  knn=0.314715  similarity=0.000000  clustering=0.000000
    [main] val_vs_uniform aggregate=+0.067940  type_deficit=0.000000  range=+0.000000  knn=+0.067940  similarity=+0.000000  clustering=+0.000000
    [main] label_diag  knn:pos=0.4641,p95=1.000,pairs=1059171,skip=925
  [main] epoch 09/50  loss=0.15516193  avg_tau=+0.067  pred_std=0.146406  select=+0.327  (288.65s)
    [main] val_query_f1=0.300272  range=0.000000  knn=0.300272  similarity=0.000000  clustering=0.000000
    [main] val_vs_uniform aggregate=+0.053497  type_deficit=0.000000  range=+0.000000  knn=+0.053497  similarity=+0.000000  clustering=+0.000000
    [main] label_diag  knn:pos=0.4641,p95=1.000,pairs=1058124,skip=925
  [main] epoch 10/50  loss=0.15491840  avg_tau=+0.076  pred_std=0.154031  select=+0.353  (290.00s)  *** NEW BEST MODEL ***
    [main] val_query_f1=0.317885  range=0.000000  knn=0.317885  similarity=0.000000  clustering=0.000000
    [main] val_vs_uniform aggregate=+0.071110  type_deficit=0.000000  range=+0.000000  knn=+0.071110  similarity=+0.000000  clustering=+0.000000
    [main] label_diag  knn:pos=0.4641,p95=1.000,pairs=1057713,skip=925
  [main] epoch 11/50  loss=0.15485113  avg_tau=+0.063  pred_std=0.192875  select=+0.348  (293.61s)
    [main] val_query_f1=0.314544  range=0.000000  knn=0.314544  similarity=0.000000  clustering=0.000000
    [main] val_vs_uniform aggregate=+0.067770  type_deficit=0.000000  range=+0.000000  knn=+0.067770  similarity=+0.000000  clustering=+0.000000
    [main] label_diag  knn:pos=0.4641,p95=1.000,pairs=1059261,skip=925
  [main] epoch 12/50  loss=0.15512171  avg_tau=+0.040  pred_std=0.171138  select=+0.350  (285.38s)
    [main] val_query_f1=0.315787  range=0.000000  knn=0.315787  similarity=0.000000  clustering=0.000000
    [main] val_vs_uniform aggregate=+0.069012  type_deficit=0.000000  range=+0.000000  knn=+0.069012  similarity=+0.000000  clustering=+0.000000
    [main] label_diag  knn:pos=0.4641,p95=1.000,pairs=1058887,skip=925
  [main] epoch 13/50  loss=0.15448692  avg_tau=+0.102  pred_std=0.158731  select=+0.357  (273.85s)  *** NEW BEST MODEL ***
    [main] val_query_f1=0.320184  range=0.000000  knn=0.320184  similarity=0.000000  clustering=0.000000
    [main] val_vs_uniform aggregate=+0.073409  type_deficit=0.000000  range=+0.000000  knn=+0.073409  similarity=+0.000000  clustering=+0.000000
    [main] label_diag  knn:pos=0.4641,p95=1.000,pairs=1058990,skip=925
  [main] epoch 14/50  loss=0.15425759  avg_tau=+0.192  pred_std=0.15138  select=+0.353  (301.41s)
    [main] val_query_f1=0.317860  range=0.000000  knn=0.317860  similarity=0.000000  clustering=0.000000
    [main] val_vs_uniform aggregate=+0.071085  type_deficit=0.000000  range=+0.000000  knn=+0.071085  similarity=+0.000000  clustering=+0.000000
    [main] label_diag  knn:pos=0.4641,p95=1.000,pairs=1058892,skip=925
  [main] epoch 15/50  loss=0.15414893  avg_tau=+0.181  pred_std=0.153982  select=+0.346  (299.96s)
    [main] val_query_f1=0.313007  range=0.000000  knn=0.313007  similarity=0.000000  clustering=0.000000
    [main] val_vs_uniform aggregate=+0.066232  type_deficit=0.000000  range=+0.000000  knn=+0.066232  similarity=+0.000000  clustering=+0.000000
    [main] label_diag  knn:pos=0.4641,p95=1.000,pairs=1058766,skip=925
  [main] epoch 16/50  loss=0.15437597  avg_tau=+0.085  pred_std=0.194024  select=+0.333  (299.06s)
    [main] val_query_f1=0.304537  range=0.000000  knn=0.304537  similarity=0.000000  clustering=0.000000
    [main] val_vs_uniform aggregate=+0.057762  type_deficit=0.000000  range=+0.000000  knn=+0.057762  similarity=+0.000000  clustering=+0.000000
    [main] label_diag  knn:pos=0.4641,p95=1.000,pairs=1057897,skip=925
  [main] epoch 17/50  loss=0.15418751  avg_tau=+0.091  pred_std=0.195031  select=+0.359  (307.75s)  *** NEW BEST MODEL ***
    [main] val_query_f1=0.321497  range=0.000000  knn=0.321497  similarity=0.000000  clustering=0.000000
    [main] val_vs_uniform aggregate=+0.074722  type_deficit=0.000000  range=+0.000000  knn=+0.074722  similarity=+0.000000  clustering=+0.000000
    [main] label_diag  knn:pos=0.4641,p95=1.000,pairs=1058919,skip=925
  [main] epoch 18/50  loss=0.15405132  avg_tau=+0.196  pred_std=0.192646  select=+0.350  (298.07s)
    [main] val_query_f1=0.315627  range=0.000000  knn=0.315627  similarity=0.000000  clustering=0.000000
    [main] val_vs_uniform aggregate=+0.068852  type_deficit=0.000000  range=+0.000000  knn=+0.068852  similarity=+0.000000  clustering=+0.000000
    [main] label_diag  knn:pos=0.4641,p95=1.000,pairs=1059120,skip=925
  [main] epoch 19/50  loss=0.15411461  avg_tau=+0.216  pred_std=0.171217  select=+0.349  (288.08s)
    [main] val_query_f1=0.314879  range=0.000000  knn=0.314879  similarity=0.000000  clustering=0.000000
    [main] val_vs_uniform aggregate=+0.068104  type_deficit=0.000000  range=+0.000000  knn=+0.068104  similarity=+0.000000  clustering=+0.000000
    [main] label_diag  knn:pos=0.4641,p95=1.000,pairs=1058114,skip=925
  [main] epoch 20/50  loss=0.15374861  avg_tau=+0.139  pred_std=0.16263  select=+0.359  (310.61s)  *** NEW BEST MODEL ***
    [main] val_query_f1=0.321645  range=0.000000  knn=0.321645  similarity=0.000000  clustering=0.000000
    [main] val_vs_uniform aggregate=+0.074870  type_deficit=0.000000  range=+0.000000  knn=+0.074870  similarity=+0.000000  clustering=+0.000000
    [main] label_diag  knn:pos=0.4641,p95=1.000,pairs=1058398,skip=925
  [main] epoch 21/50  loss=0.15404728  avg_tau=+0.095  pred_std=0.177515  select=+0.356  (298.77s)
    [main] val_query_f1=0.319701  range=0.000000  knn=0.319701  similarity=0.000000  clustering=0.000000
    [main] val_vs_uniform aggregate=+0.072926  type_deficit=0.000000  range=+0.000000  knn=+0.072926  similarity=+0.000000  clustering=+0.000000
    [main] label_diag  knn:pos=0.4641,p95=1.000,pairs=1059342,skip=925
  [main] epoch 22/50  loss=0.15351304  avg_tau=-0.021  pred_std=0.175265  select=+0.361  (295.95s)  *** NEW BEST MODEL ***
    [main] val_query_f1=0.323052  range=0.000000  knn=0.323052  similarity=0.000000  clustering=0.000000
    [main] val_vs_uniform aggregate=+0.076277  type_deficit=0.000000  range=+0.000000  knn=+0.076277  similarity=+0.000000  clustering=+0.000000
    [main] label_diag  knn:pos=0.4641,p95=1.000,pairs=1058491,skip=925
  [main] epoch 23/50  loss=0.15332644  avg_tau=+0.200  pred_std=0.201742  select=+0.336  (310.82s)
    [main] val_query_f1=0.306093  range=0.000000  knn=0.306093  similarity=0.000000  clustering=0.000000
    [main] val_vs_uniform aggregate=+0.059318  type_deficit=0.000000  range=+0.000000  knn=+0.059318  similarity=+0.000000  clustering=+0.000000
    [main] label_diag  knn:pos=0.4641,p95=1.000,pairs=1058358,skip=925
  [main] epoch 24/50  loss=0.15348173  avg_tau=+0.011  pred_std=0.184224  select=+0.353  (299.39s)
    [main] val_query_f1=0.317564  range=0.000000  knn=0.317564  similarity=0.000000  clustering=0.000000
    [main] val_vs_uniform aggregate=+0.070789  type_deficit=0.000000  range=+0.000000  knn=+0.070789  similarity=+0.000000  clustering=+0.000000
    [main] label_diag  knn:pos=0.4641,p95=1.000,pairs=1058787,skip=925
  [main] epoch 25/50  loss=0.15322128  avg_tau=+0.099  pred_std=0.187065  select=+0.346  (290.56s)
    [main] val_query_f1=0.312976  range=0.000000  knn=0.312976  similarity=0.000000  clustering=0.000000
    [main] val_vs_uniform aggregate=+0.066201  type_deficit=0.000000  range=+0.000000  knn=+0.066201  similarity=+0.000000  clustering=+0.000000
    [main] label_diag  knn:pos=0.4641,p95=1.000,pairs=1058964,skip=925
  [main] epoch 26/50  loss=0.15352967  avg_tau=+0.063  pred_std=0.184966  select=+0.347  (278.99s)
    [main] val_query_f1=0.313274  range=0.000000  knn=0.313274  similarity=0.000000  clustering=0.000000
    [main] val_vs_uniform aggregate=+0.066499  type_deficit=0.000000  range=+0.000000  knn=+0.066499  similarity=+0.000000  clustering=+0.000000
    [main] label_diag  knn:pos=0.4641,p95=1.000,pairs=1059152,skip=925
  [main] epoch 27/50  loss=0.15339903  avg_tau=+0.113  pred_std=0.180236  select=+0.343  (264.57s)
    [main] val_query_f1=0.310656  range=0.000000  knn=0.310656  similarity=0.000000  clustering=0.000000
    [main] val_vs_uniform aggregate=+0.063881  type_deficit=0.000000  range=+0.000000  knn=+0.063881  similarity=+0.000000  clustering=+0.000000
    [main] label_diag  knn:pos=0.4641,p95=1.000,pairs=1059645,skip=925
  [main] epoch 28/50  loss=0.15301853  avg_tau=+0.144  pred_std=0.171953  select=+0.329  (1908.46s)
    [main] val_query_f1=0.301694  range=0.000000  knn=0.301694  similarity=0.000000  clustering=0.000000
    [main] val_vs_uniform aggregate=+0.054919  type_deficit=0.000000  range=+0.000000  knn=+0.054919  similarity=+0.000000  clustering=+0.000000
    [main] label_diag  knn:pos=0.4641,p95=1.000,pairs=1058440,skip=925
  [main] epoch 29/50  loss=0.15295203  avg_tau=+0.203  pred_std=0.209122  select=+0.322  (4093.92s)
    [main] val_query_f1=0.296839  range=0.000000  knn=0.296839  similarity=0.000000  clustering=0.000000
    [main] val_vs_uniform aggregate=+0.050064  type_deficit=0.000000  range=+0.000000  knn=+0.050064  similarity=+0.000000  clustering=+0.000000
    [main] label_diag  knn:pos=0.4641,p95=1.000,pairs=1058656,skip=925
  [main] epoch 30/50  loss=0.15261599  avg_tau=+0.210  pred_std=0.177908  select=+0.339  (4009.09s)
    [main] val_query_f1=0.308572  range=0.000000  knn=0.308572  similarity=0.000000  clustering=0.000000
    [main] val_vs_uniform aggregate=+0.061797  type_deficit=0.000000  range=+0.000000  knn=+0.061797  similarity=+0.000000  clustering=+0.000000
    [main] label_diag  knn:pos=0.4641,p95=1.000,pairs=1058860,skip=925
  [main] epoch 31/50  loss=0.15270110  avg_tau=+0.260  pred_std=0.200684  select=+0.333  (4054.70s)
    [main] val_query_f1=0.304395  range=0.000000  knn=0.304395  similarity=0.000000  clustering=0.000000
    [main] val_vs_uniform aggregate=+0.057620  type_deficit=0.000000  range=+0.000000  knn=+0.057620  similarity=+0.000000  clustering=+0.000000
    [main] label_diag  knn:pos=0.4641,p95=1.000,pairs=1059233,skip=925
  [main] epoch 32/50  loss=0.15239063  avg_tau=+0.172  pred_std=0.188606  select=+0.334  (4044.87s)
    [main] val_query_f1=0.305233  range=0.000000  knn=0.305233  similarity=0.000000  clustering=0.000000
    [main] val_vs_uniform aggregate=+0.058458  type_deficit=0.000000  range=+0.000000  knn=+0.058458  similarity=+0.000000  clustering=+0.000000
    [main] label_diag  knn:pos=0.4641,p95=1.000,pairs=1058322,skip=925
  [main] epoch 33/50  loss=0.15245527  avg_tau=+0.178  pred_std=0.181788  select=+0.335  (4109.62s)
    [main] val_query_f1=0.305514  range=0.000000  knn=0.305514  similarity=0.000000  clustering=0.000000
    [main] val_vs_uniform aggregate=+0.058739  type_deficit=0.000000  range=+0.000000  knn=+0.058739  similarity=+0.000000  clustering=+0.000000
    [main] label_diag  knn:pos=0.4641,p95=1.000,pairs=1059267,skip=925
  [main] epoch 34/50  loss=0.15225268  avg_tau=+0.117  pred_std=0.197071  select=+0.332  (4061.77s)
    [main] val_query_f1=0.303697  range=0.000000  knn=0.303697  similarity=0.000000  clustering=0.000000
    [main] val_vs_uniform aggregate=+0.056922  type_deficit=0.000000  range=+0.000000  knn=+0.056922  similarity=+0.000000  clustering=+0.000000
    [main] label_diag  knn:pos=0.4641,p95=1.000,pairs=1059284,skip=925
  [main] epoch 35/50  loss=0.15188579  avg_tau=+0.200  pred_std=0.23875  select=+0.322  (3896.54s)
    [main] val_query_f1=0.296945  range=0.000000  knn=0.296945  similarity=0.000000  clustering=0.000000
    [main] val_vs_uniform aggregate=+0.050170  type_deficit=0.000000  range=+0.000000  knn=+0.050170  similarity=+0.000000  clustering=+0.000000
    [main] label_diag  knn:pos=0.4641,p95=1.000,pairs=1058582,skip=925
