[config] model=turn_aware  workload=range  epochs=75  n_queries=150  query_coverage=0.3  max_queries=3000  compression_ratio=0.3  lr=0.0005  pointwise_loss_weight=0.25  gradient_clip_norm=1.0  diagnostic_every=1  checkpoint_selection_metric=f1  f1_diagnostic_every=1  range_spatial_fraction=0.015  range_time_fraction=0.04  knn_k=12  mlqds_temporal_fraction=0.5  residual_label_mode=temporal
[load-data] reading train CSV: /ceph/project/P8-1/AISDATA/preprocessed_AIS_files/preprocessed_2026-02-05.csv
[load-data] reading eval CSV: /ceph/project/P8-1/AISDATA/preprocessed_AIS_files/preprocessed_2026-02-08.csv
[load-data] train=1580 eval=1564 trajectories loaded in 51.80s
[pipeline] train=1580 trajectories, eval=1564 trajectories, train_mix=range=1.0, eval_mix=range=1.0
[split] starting...
  split mode=separate CSVs  train=1343  eval=1564
  checkpoint-selection validation=237 trajectories
[split] done in 0.00s
[build-datasets] starting...
[build-datasets] done in 0.23s
[generate-workloads] starting...
  train_workload=376 queries  coverage=30.01% (1143685/3811001)
  eval_workload=398 queries  coverage=30.02% (1296635/4318960)
  selection_workload=300 queries  coverage=34.46% (198972/577411)
[generate-workloads] done in 73.10s
[write-queries-geojson] starting...
  wrote  398 range queries to /ceph/project/P8-1/AISDATA/Query_border_files/run_2026-02-05_eval_2026-02-08_cov0p30_range_rs0p015_rt0p04_820659/queries_range.geojson
  wrote    0 knn queries to /ceph/project/P8-1/AISDATA/Query_border_files/run_2026-02-05_eval_2026-02-08_cov0p30_range_rs0p015_rt0p04_820659/queries_knn.geojson
  wrote    0 similarity queries to /ceph/project/P8-1/AISDATA/Query_border_files/run_2026-02-05_eval_2026-02-08_cov0p30_range_rs0p015_rt0p04_820659/queries_similarity.geojson
  wrote    0 clustering queries to /ceph/project/P8-1/AISDATA/Query_border_files/run_2026-02-05_eval_2026-02-08_cov0p30_range_rs0p015_rt0p04_820659/queries_clustering.geojson
[write-queries-geojson] done in 0.02s
[train-model (75 epochs)] starting...
  [main] epoch 01/75  loss=0.10594883  avg_tau=-0.011  pred_std=0.0128514  select=+0.455  (123.91s)
    [main] val_query_f1=0.454699  range=0.454699  knn=0.000000  similarity=0.000000  clustering=0.000000
    [main] label_diag  range:pos=0.3002,p95=1.000,pairs=470875,skip=7018
  [main] epoch 02/75  loss=0.09948151  avg_tau=-0.042  pred_std=0.0153466  select=+0.451  (117.36s)
    [main] val_query_f1=0.450632  range=0.450632  knn=0.000000  similarity=0.000000  clustering=0.000000
    [main] label_diag  range:pos=0.3002,p95=1.000,pairs=469886,skip=7018
  [main] epoch 03/75  loss=0.09635358  avg_tau=+0.090  pred_std=0.0128534  select=+0.447  (116.03s)
    [main] val_query_f1=0.447392  range=0.447392  knn=0.000000  similarity=0.000000  clustering=0.000000
    [main] label_diag  range:pos=0.3002,p95=1.000,pairs=470063,skip=7018
  [main] epoch 04/75  loss=0.09477311  avg_tau=-0.014  pred_std=0.0131613  select=+0.449  (117.77s)
    [main] val_query_f1=0.449279  range=0.449279  knn=0.000000  similarity=0.000000  clustering=0.000000
    [main] label_diag  range:pos=0.3002,p95=1.000,pairs=469629,skip=7018
  [main] epoch 05/75  loss=0.09401662  avg_tau=-0.013  pred_std=0.0135444  select=+0.449  (116.31s)
    [main] val_query_f1=0.448936  range=0.448936  knn=0.000000  similarity=0.000000  clustering=0.000000
    [main] label_diag  range:pos=0.3002,p95=1.000,pairs=470112,skip=7018
  [main] epoch 06/75  loss=0.09372188  avg_tau=-0.027  pred_std=0.0142368  select=+0.442  (114.93s)
    [main] val_query_f1=0.442224  range=0.442224  knn=0.000000  similarity=0.000000  clustering=0.000000
    [main] label_diag  range:pos=0.3002,p95=1.000,pairs=470483,skip=7018
  [main] epoch 07/75  loss=0.09360913  avg_tau=-0.124  pred_std=0.0152932  select=+0.456  (107.02s)  *** NEW BEST MODEL ***
    [main] val_query_f1=0.455647  range=0.455647  knn=0.000000  similarity=0.000000  clustering=0.000000
    [main] label_diag  range:pos=0.3002,p95=1.000,pairs=470133,skip=7018
  [main] epoch 08/75  loss=0.09351526  avg_tau=-0.061  pred_std=0.0159163  select=+0.454  (114.42s)
    [main] val_query_f1=0.453541  range=0.453541  knn=0.000000  similarity=0.000000  clustering=0.000000
    [main] label_diag  range:pos=0.3002,p95=1.000,pairs=469778,skip=7018
  [main] epoch 09/75  loss=0.09342255  avg_tau=+0.157  pred_std=0.0106344  select=+0.454  (113.41s)
    [main] val_query_f1=0.453885  range=0.453885  knn=0.000000  similarity=0.000000  clustering=0.000000
    [main] label_diag  range:pos=0.3002,p95=1.000,pairs=470542,skip=7018
  [main] epoch 10/75  loss=0.09343469  avg_tau=-0.055  pred_std=0.0103882  select=+0.446  (117.77s)
    [main] val_query_f1=0.446446  range=0.446446  knn=0.000000  similarity=0.000000  clustering=0.000000
    [main] label_diag  range:pos=0.3002,p95=1.000,pairs=470485,skip=7018
  [main] epoch 11/75  loss=0.09334872  avg_tau=+0.031  pred_std=0.014397  select=+0.450  (117.22s)
    [main] val_query_f1=0.450403  range=0.450403  knn=0.000000  similarity=0.000000  clustering=0.000000
    [main] label_diag  range:pos=0.3002,p95=1.000,pairs=470156,skip=7018
  [main] epoch 12/75  loss=0.09340124  avg_tau=+0.016  pred_std=0.0161078  select=+0.458  (116.18s)  *** NEW BEST MODEL ***
    [main] val_query_f1=0.458163  range=0.458163  knn=0.000000  similarity=0.000000  clustering=0.000000
    [main] label_diag  range:pos=0.3002,p95=1.000,pairs=469909,skip=7018
  [main] epoch 13/75  loss=0.09332813  avg_tau=+0.054  pred_std=0.0164948  select=+0.458  (113.30s)
    [main] val_query_f1=0.457569  range=0.457569  knn=0.000000  similarity=0.000000  clustering=0.000000
    [main] label_diag  range:pos=0.3002,p95=1.000,pairs=470354,skip=7018
  [main] epoch 14/75  loss=0.09325401  avg_tau=+0.053  pred_std=0.0185521  select=+0.457  (111.20s)
    [main] val_query_f1=0.457399  range=0.457399  knn=0.000000  similarity=0.000000  clustering=0.000000
    [main] label_diag  range:pos=0.3002,p95=1.000,pairs=469972,skip=7018
  [main] epoch 15/75  loss=0.09326272  avg_tau=-0.088  pred_std=0.0153809  select=+0.462  (116.40s)  *** NEW BEST MODEL ***
    [main] val_query_f1=0.461558  range=0.461558  knn=0.000000  similarity=0.000000  clustering=0.000000
    [main] label_diag  range:pos=0.3002,p95=1.000,pairs=470506,skip=7018
  [main] epoch 16/75  loss=0.09328722  avg_tau=-0.031  pred_std=0.0181  select=+0.466  (118.54s)  *** NEW BEST MODEL ***
    [main] val_query_f1=0.465821  range=0.465821  knn=0.000000  similarity=0.000000  clustering=0.000000
    [main] label_diag  range:pos=0.3002,p95=1.000,pairs=469748,skip=7018
  [main] epoch 17/75  loss=0.09323230  avg_tau=-0.017  pred_std=0.0197988  select=+0.458  (112.78s)
    [main] val_query_f1=0.458114  range=0.458114  knn=0.000000  similarity=0.000000  clustering=0.000000
    [main] label_diag  range:pos=0.3002,p95=1.000,pairs=469978,skip=7018
  [main] epoch 18/75  loss=0.09315353  avg_tau=+0.012  pred_std=0.0162328  select=+0.453  (111.43s)
    [main] val_query_f1=0.452979  range=0.452979  knn=0.000000  similarity=0.000000  clustering=0.000000
    [main] label_diag  range:pos=0.3002,p95=1.000,pairs=470116,skip=7018
  [main] epoch 19/75  loss=0.09323172  avg_tau=+0.057  pred_std=0.0186935  select=+0.439  (109.67s)
    [main] val_query_f1=0.438748  range=0.438748  knn=0.000000  similarity=0.000000  clustering=0.000000
    [main] label_diag  range:pos=0.3002,p95=1.000,pairs=470301,skip=7018
  [main] epoch 20/75  loss=0.09318035  avg_tau=-0.053  pred_std=0.0165922  select=+0.443  (114.13s)
    [main] val_query_f1=0.442703  range=0.442703  knn=0.000000  similarity=0.000000  clustering=0.000000
    [main] label_diag  range:pos=0.3002,p95=1.000,pairs=469950,skip=7018
  [main] epoch 21/75  loss=0.09312150  avg_tau=+0.035  pred_std=0.0185582  select=+0.444  (107.89s)
    [main] val_query_f1=0.444267  range=0.444267  knn=0.000000  similarity=0.000000  clustering=0.000000
    [main] label_diag  range:pos=0.3002,p95=1.000,pairs=469967,skip=7018
  [main] epoch 22/75  loss=0.09311148  avg_tau=-0.086  pred_std=0.0191823  select=+0.445  (116.53s)
    [main] val_query_f1=0.444846  range=0.444846  knn=0.000000  similarity=0.000000  clustering=0.000000
    [main] label_diag  range:pos=0.3002,p95=1.000,pairs=470145,skip=7018
  [main] epoch 23/75  loss=0.09304314  avg_tau=-0.015  pred_std=0.0204686  select=+0.456  (116.72s)
    [main] val_query_f1=0.456204  range=0.456204  knn=0.000000  similarity=0.000000  clustering=0.000000
    [main] label_diag  range:pos=0.3002,p95=1.000,pairs=470351,skip=7018
  [main] epoch 24/75  loss=0.09295785  avg_tau=-0.003  pred_std=0.0185528  select=+0.433  (119.33s)
    [main] val_query_f1=0.433145  range=0.433145  knn=0.000000  similarity=0.000000  clustering=0.000000
    [main] label_diag  range:pos=0.3002,p95=1.000,pairs=470017,skip=7018
  [main] epoch 25/75  loss=0.09296552  avg_tau=+0.079  pred_std=0.0212848  select=+0.456  (117.02s)
    [main] val_query_f1=0.455616  range=0.455616  knn=0.000000  similarity=0.000000  clustering=0.000000
    [main] label_diag  range:pos=0.3002,p95=1.000,pairs=470694,skip=7018
  [main] epoch 26/75  loss=0.09291666  avg_tau=+0.030  pred_std=0.020253  select=+0.455  (117.82s)
    [main] val_query_f1=0.454591  range=0.454591  knn=0.000000  similarity=0.000000  clustering=0.000000
    [main] label_diag  range:pos=0.3002,p95=1.000,pairs=470519,skip=7018
  [main] epoch 27/75  loss=0.09282002  avg_tau=-0.013  pred_std=0.0195296  select=+0.458  (117.80s)
    [main] val_query_f1=0.457581  range=0.457581  knn=0.000000  similarity=0.000000  clustering=0.000000
    [main] label_diag  range:pos=0.3002,p95=1.000,pairs=469914,skip=7018
  [main] epoch 28/75  loss=0.09281130  avg_tau=+0.082  pred_std=0.0183624  select=+0.459  (117.28s)
    [main] val_query_f1=0.458679  range=0.458679  knn=0.000000  similarity=0.000000  clustering=0.000000
    [main] label_diag  range:pos=0.3002,p95=1.000,pairs=470192,skip=7018
  [main] epoch 29/75  loss=0.09281784  avg_tau=-0.013  pred_std=0.0215465  select=+0.457  (115.99s)
    [main] val_query_f1=0.456891  range=0.456891  knn=0.000000  similarity=0.000000  clustering=0.000000
    [main] label_diag  range:pos=0.3002,p95=1.000,pairs=470106,skip=7018
  [main] epoch 30/75  loss=0.09281854  avg_tau=+0.043  pred_std=0.0193489  select=+0.458  (116.15s)
    [main] val_query_f1=0.458216  range=0.458216  knn=0.000000  similarity=0.000000  clustering=0.000000
    [main] label_diag  range:pos=0.3002,p95=1.000,pairs=470171,skip=7018
  [main] epoch 31/75  loss=0.09273319  avg_tau=+0.078  pred_std=0.0221156  select=+0.449  (115.69s)
    [main] val_query_f1=0.448981  range=0.448981  knn=0.000000  similarity=0.000000  clustering=0.000000
    [main] label_diag  range:pos=0.3002,p95=1.000,pairs=470201,skip=7018
  [main] epoch 32/75  loss=0.09264707  avg_tau=+0.027  pred_std=0.0184391  select=+0.453  (117.83s)
    [main] val_query_f1=0.453096  range=0.453096  knn=0.000000  similarity=0.000000  clustering=0.000000
    [main] label_diag  range:pos=0.3002,p95=1.000,pairs=470441,skip=7018
  [main] epoch 33/75  loss=0.09267931  avg_tau=-0.020  pred_std=0.0182994  select=+0.435  (117.38s)
    [main] val_query_f1=0.434962  range=0.434962  knn=0.000000  similarity=0.000000  clustering=0.000000
    [main] label_diag  range:pos=0.3002,p95=1.000,pairs=470491,skip=7018
  [main] epoch 34/75  loss=0.09263641  avg_tau=+0.007  pred_std=0.0199116  select=+0.449  (116.87s)
    [main] val_query_f1=0.449021  range=0.449021  knn=0.000000  similarity=0.000000  clustering=0.000000
    [main] label_diag  range:pos=0.3002,p95=1.000,pairs=469840,skip=7018
  [main] epoch 35/75  loss=0.09250759  avg_tau=-0.032  pred_std=0.0195799  select=+0.449  (116.57s)
    [main] val_query_f1=0.448752  range=0.448752  knn=0.000000  similarity=0.000000  clustering=0.000000
    [main] label_diag  range:pos=0.3002,p95=1.000,pairs=469253,skip=7018
  [main] epoch 36/75  loss=0.09251240  avg_tau=+0.064  pred_std=0.0209371  select=+0.457  (116.91s)
    [main] val_query_f1=0.457092  range=0.457092  knn=0.000000  similarity=0.000000  clustering=0.000000
    [main] label_diag  range:pos=0.3002,p95=1.000,pairs=471013,skip=7018
  [main] epoch 37/75  loss=0.09239239  avg_tau=-0.010  pred_std=0.0176004  select=+0.457  (117.75s)
    [main] val_query_f1=0.456825  range=0.456825  knn=0.000000  similarity=0.000000  clustering=0.000000
    [main] label_diag  range:pos=0.3002,p95=1.000,pairs=470410,skip=7018
  [main] epoch 38/75  loss=0.09229148  avg_tau=+0.063  pred_std=0.0207277  select=+0.446  (116.98s)
    [main] val_query_f1=0.446483  range=0.446483  knn=0.000000  similarity=0.000000  clustering=0.000000
    [main] label_diag  range:pos=0.3002,p95=1.000,pairs=469536,skip=7018
  [main] epoch 39/75  loss=0.09231029  avg_tau=+0.025  pred_std=0.0235572  select=+0.453  (112.28s)
    [main] val_query_f1=0.453424  range=0.453424  knn=0.000000  similarity=0.000000  clustering=0.000000
    [main] label_diag  range:pos=0.3002,p95=1.000,pairs=469885,skip=7018
  [main] epoch 40/75  loss=0.09220482  avg_tau=-0.053  pred_std=0.0205164  select=+0.457  (117.66s)
    [main] val_query_f1=0.457471  range=0.457471  knn=0.000000  similarity=0.000000  clustering=0.000000
    [main] label_diag  range:pos=0.3002,p95=1.000,pairs=469977,skip=7018
  [main] epoch 41/75  loss=0.09222145  avg_tau=-0.046  pred_std=0.0205593  select=+0.456  (106.84s)
    [main] val_query_f1=0.456323  range=0.456323  knn=0.000000  similarity=0.000000  clustering=0.000000
    [main] label_diag  range:pos=0.3002,p95=1.000,pairs=469959,skip=7018
  [main] epoch 42/75  loss=0.09214326  avg_tau=+0.080  pred_std=0.0218721  select=+0.458  (116.12s)
    [main] val_query_f1=0.457904  range=0.457904  knn=0.000000  similarity=0.000000  clustering=0.000000
    [main] label_diag  range:pos=0.3002,p95=1.000,pairs=469983,skip=7018
  [main] epoch 43/75  loss=0.09217320  avg_tau=+0.034  pred_std=0.0223293  select=+0.450  (113.10s)
    [main] val_query_f1=0.450400  range=0.450400  knn=0.000000  similarity=0.000000  clustering=0.000000
    [main] label_diag  range:pos=0.3002,p95=1.000,pairs=470153,skip=7018
  [main] epoch 44/75  loss=0.09207973  avg_tau=+0.056  pred_std=0.0208815  select=+0.450  (117.81s)
    [main] val_query_f1=0.450457  range=0.450457  knn=0.000000  similarity=0.000000  clustering=0.000000
    [main] label_diag  range:pos=0.3002,p95=1.000,pairs=469741,skip=7018
  [main] epoch 45/75  loss=0.09209359  avg_tau=+0.027  pred_std=0.0216971  select=+0.452  (121.30s)
    [main] val_query_f1=0.451765  range=0.451765  knn=0.000000  similarity=0.000000  clustering=0.000000
    [main] label_diag  range:pos=0.3002,p95=1.000,pairs=470188,skip=7018
  [main] epoch 46/75  loss=0.09188690  avg_tau=+0.145  pred_std=0.0218519  select=+0.454  (113.62s)
    [main] val_query_f1=0.453584  range=0.453584  knn=0.000000  similarity=0.000000  clustering=0.000000
    [main] label_diag  range:pos=0.3002,p95=1.000,pairs=470430,skip=7018
  [main] epoch 47/75  loss=0.09192842  avg_tau=+0.023  pred_std=0.0208442  select=+0.457  (116.82s)
    [main] val_query_f1=0.456877  range=0.456877  knn=0.000000  similarity=0.000000  clustering=0.000000
    [main] label_diag  range:pos=0.3002,p95=1.000,pairs=469836,skip=7018
  [main] epoch 48/75  loss=0.09184161  avg_tau=+0.159  pred_std=0.0230194  select=+0.444  (112.97s)
    [main] val_query_f1=0.443842  range=0.443842  knn=0.000000  similarity=0.000000  clustering=0.000000
    [main] label_diag  range:pos=0.3002,p95=1.000,pairs=470296,skip=7018
  [main] epoch 49/75  loss=0.09177732  avg_tau=+0.059  pred_std=0.0228743  select=+0.452  (115.80s)
    [main] val_query_f1=0.452157  range=0.452157  knn=0.000000  similarity=0.000000  clustering=0.000000
    [main] label_diag  range:pos=0.3002,p95=1.000,pairs=470689,skip=7018
  [main] epoch 50/75  loss=0.09171704  avg_tau=+0.136  pred_std=0.0241184  select=+0.463  (115.02s)
    [main] val_query_f1=0.462542  range=0.462542  knn=0.000000  similarity=0.000000  clustering=0.000000
    [main] label_diag  range:pos=0.3002,p95=1.000,pairs=471192,skip=7018
  [main] epoch 51/75  loss=0.09184839  avg_tau=-0.009  pred_std=0.0221451  select=+0.453  (114.97s)
    [main] val_query_f1=0.453355  range=0.453355  knn=0.000000  similarity=0.000000  clustering=0.000000
    [main] label_diag  range:pos=0.3002,p95=1.000,pairs=470136,skip=7018
  [main] epoch 52/75  loss=0.09158342  avg_tau=+0.060  pred_std=0.0224717  select=+0.452  (115.84s)
    [main] val_query_f1=0.451668  range=0.451668  knn=0.000000  similarity=0.000000  clustering=0.000000
    [main] label_diag  range:pos=0.3002,p95=1.000,pairs=470186,skip=7018
  [main] epoch 53/75  loss=0.09151227  avg_tau=-0.047  pred_std=0.0243179  select=+0.456  (118.17s)
    [main] val_query_f1=0.456473  range=0.456473  knn=0.000000  similarity=0.000000  clustering=0.000000
    [main] label_diag  range:pos=0.3002,p95=1.000,pairs=470078,skip=7018
  [main] epoch 54/75  loss=0.09146301  avg_tau=+0.087  pred_std=0.0229924  select=+0.449  (114.33s)
    [main] val_query_f1=0.449459  range=0.449459  knn=0.000000  similarity=0.000000  clustering=0.000000
    [main] label_diag  range:pos=0.3002,p95=1.000,pairs=470479,skip=7018
  [main] epoch 55/75  loss=0.09139374  avg_tau=+0.035  pred_std=0.0239054  select=+0.451  (119.93s)
    [main] val_query_f1=0.450935  range=0.450935  knn=0.000000  similarity=0.000000  clustering=0.000000
    [main] label_diag  range:pos=0.3002,p95=1.000,pairs=470099,skip=7018
  [main] epoch 56/75  loss=0.09123649  avg_tau=+0.103  pred_std=0.022797  select=+0.452  (115.26s)
    [main] val_query_f1=0.451576  range=0.451576  knn=0.000000  similarity=0.000000  clustering=0.000000
    [main] label_diag  range:pos=0.3002,p95=1.000,pairs=470346,skip=7018
  [main] epoch 57/75  loss=0.09134935  avg_tau=+0.045  pred_std=0.0222977  select=+0.450  (113.76s)
    [main] val_query_f1=0.449959  range=0.449959  knn=0.000000  similarity=0.000000  clustering=0.000000
    [main] label_diag  range:pos=0.3002,p95=1.000,pairs=470448,skip=7018
  [main] epoch 58/75  loss=0.09105428  avg_tau=+0.176  pred_std=0.0229109  select=+0.453  (113.90s)
    [main] val_query_f1=0.452886  range=0.452886  knn=0.000000  similarity=0.000000  clustering=0.000000
    [main] label_diag  range:pos=0.3002,p95=1.000,pairs=470239,skip=7018
  [main] epoch 59/75  loss=0.09116925  avg_tau=+0.085  pred_std=0.0237318  select=+0.453  (114.24s)
    [main] val_query_f1=0.453143  range=0.453143  knn=0.000000  similarity=0.000000  clustering=0.000000
    [main] label_diag  range:pos=0.3002,p95=1.000,pairs=470239,skip=7018
  [main] epoch 60/75  loss=0.09104957  avg_tau=+0.097  pred_std=0.0253952  select=+0.455  (116.77s)
    [main] val_query_f1=0.454772  range=0.454772  knn=0.000000  similarity=0.000000  clustering=0.000000
    [main] label_diag  range:pos=0.3002,p95=1.000,pairs=470306,skip=7018
  [main] epoch 61/75  loss=0.09096875  avg_tau=+0.215  pred_std=0.023843  select=+0.455  (112.47s)
    [main] val_query_f1=0.455164  range=0.455164  knn=0.000000  similarity=0.000000  clustering=0.000000
    [main] label_diag  range:pos=0.3002,p95=1.000,pairs=470744,skip=7018
  [main] epoch 62/75  loss=0.09088762  avg_tau=+0.120  pred_std=0.0235745  select=+0.454  (112.65s)
    [main] val_query_f1=0.454207  range=0.454207  knn=0.000000  similarity=0.000000  clustering=0.000000
    [main] label_diag  range:pos=0.3002,p95=1.000,pairs=470059,skip=7018
  [main] epoch 63/75  loss=0.09070437  avg_tau=+0.084  pred_std=0.0258097  select=+0.454  (112.33s)
    [main] val_query_f1=0.453642  range=0.453642  knn=0.000000  similarity=0.000000  clustering=0.000000
    [main] label_diag  range:pos=0.3002,p95=1.000,pairs=470153,skip=7018
  [main] epoch 64/75  loss=0.09074114  avg_tau=+0.020  pred_std=0.0279107  select=+0.454  (112.60s)
    [main] val_query_f1=0.453661  range=0.453661  knn=0.000000  similarity=0.000000  clustering=0.000000
    [main] label_diag  range:pos=0.3002,p95=1.000,pairs=470344,skip=7018
  [main] epoch 65/75  loss=0.09061764  avg_tau=+0.050  pred_std=0.0240472  select=+0.443  (113.25s)
    [main] val_query_f1=0.443198  range=0.443198  knn=0.000000  similarity=0.000000  clustering=0.000000
    [main] label_diag  range:pos=0.3002,p95=1.000,pairs=470120,skip=7018
  [main] epoch 66/75  loss=0.09051680  avg_tau=+0.111  pred_std=0.0242346  select=+0.456  (113.80s)
    [main] val_query_f1=0.456357  range=0.456357  knn=0.000000  similarity=0.000000  clustering=0.000000
    [main] label_diag  range:pos=0.3002,p95=1.000,pairs=470325,skip=7018
  [main] early stopping at epoch 66: selection score did not improve over 50 diag epochs (best_selection=+0.466, best_loss=0.09328722)
  [main] restored best diagnostic epoch 16/66 (selection=+0.466, loss=0.09328722, val_f1=0.465821)
[train-model (75 epochs)] done in 7649.61s
[save-model] starting...
  saved checkpoint to /ceph/project/P8-1/QDS/qds_v2/src/models/saved_models/model_2026-02-05_eval_2026-02-08_cov0p30_range_rs0p015_rt0p04_820659.pt  (epochs_trained=66, best_epoch=16, best_loss=0.09328722, train_mix=range=1.0, eval_mix=range=1.0)
[save-model] done in 0.09s
[evaluate-matched] starting...
[  eval MLQDS] starting...
[  eval MLQDS] done in 183.01s
[  eval Random] starting...
[  eval Random] done in 3.99s
[  eval newUniformTemporal] starting...
[  eval newUniformTemporal] done in 5.70s
[  eval DouglasPeucker] starting...
[  eval DouglasPeucker] done in 7.22s
[  eval Oracle] starting...
[  eval Oracle] done in 5.87s
[evaluate-matched] done in 206.80s
[evaluate-shift] starting...
[evaluate-shift] done in 0.00s
[write-results] starting...
  wrote results to /ceph/project/P8-1/QDS/qds_v2/results
[write-results] done in 0.16s
[write-simplified-csv] starting...
  wrote 1296472 retained points across 1296472 samples to /ceph/project/P8-1/AISDATA/ML_processed_AIS_files/run_2026-02-05_eval_2026-02-08_cov0p30_range_rs0p015_rt0p04_820659/ML_simplified_eval.csv
[write-simplified-csv] done in 3.18s
[trajectory-length-loss] starting...
  [length-loss] 1564 trajectories  avg_orig_km=114.17  avg_simp_km=113.54  avg_length_loss=0.258  avg_points_removed=1932.5
  [length-loss] filtered out 569 trajectories with orig_km < 1.00 (likely docked/stationary) from top-25 ranking

  [length-loss] Top 25 MOST distorted (highest length_loss):
  rank        mmsi     orig_km     simp_km  length_loss    kept   removed
     1   211385020       10.99        2.55        0.768      14        31
     2   246133000        5.27        1.45        0.726     151       352
     3   511100505        6.86        2.15        0.687     172       400
     4   218030270       16.80        5.42        0.677     207       483
     5   219003217        2.43        0.80        0.671     206       478
     6   219004266        2.91        0.96        0.670     542      1262
     7   258040000        2.08        0.70        0.663     108       251
     8   211457860        4.02        1.35        0.663      76       176
     9   352005487        5.89        2.01        0.659     139       323
    10   245697000        2.89        1.02        0.649     117       270
    11   215064000        2.40        0.87        0.636     128       296
    12   219001582        3.33        1.22        0.635     763      1779
    13   259447000        4.08        1.52        0.628     312       725
    14   211846360        3.24        1.21        0.627      92       212
    15   219003113        1.97        0.75        0.617     640      1492
    16   219017784        1.42        0.55        0.616     156       362
    17   219024715        3.20        1.24        0.612    1272      2966
    18   219798000        1.09        0.43        0.612     394       917
    19   219000851        1.41        0.55        0.610     174       404
    20   220343000        1.42        0.56        0.608     199       464
    21   219014162        2.42        0.96        0.602     871      2031
    22   218003000        5.00        2.03        0.595    1719      4008
    23   219005513        2.67        1.09        0.594     654      1523
    24   219440000        1.32        0.54        0.589     127       294
    25   219021176        1.75        0.73        0.584    1133      2643

  [length-loss] Top 25 LEAST distorted (lowest length_loss):
  rank        mmsi     orig_km     simp_km  length_loss    kept   removed
     1   273268690       12.12       12.12        0.000      21        48
     2   255916022       25.50       25.50        0.000     118       275
     3   258849000        5.65        5.65        0.000      10        23
     4   311055400       97.53       97.53        0.000     441      1028
     5   258059000       19.92       19.92        0.000      16        35
     6   636024739      112.29      112.29        0.000     408       951
     7   230987000      367.62      367.62        0.000    1491      3477
     8   219560000      384.96      384.96        0.000    1739      4056
     9   636019492      164.27      164.27        0.000      37        84
    10   373267000      301.29      301.29        0.000    1270      2963
    11   636020533      140.00      140.00        0.000     319       742
    12   230618000       98.61       98.60        0.000     489      1140
    13   215857000       36.63       36.63        0.000     151       350
    14   255814000      155.05      155.04        0.000     721      1682
    15   636022717      266.92      266.92        0.000    1380      3220
    16   255806436       88.16       88.16        0.000     398       928
    17   210425000       95.04       95.04        0.000     291       676
    18   477149200       54.20       54.20        0.000     261       608
    19   538011780      181.37      181.37        0.000     902      2104
    20   219028116      436.51      436.50        0.000    1985      4631
    21   311995000       99.07       99.07        0.000     360       840
    22   230617000      239.92      239.91        0.000    1216      2836
    23   563103000      212.29      212.28        0.000     192       447
    24   636018491      116.16      116.16        0.000     551      1283
    25   266466000      359.53      359.52        0.000    1882      4390
[trajectory-length-loss] done in 13.66s
[pipeline] total runtime 7946.85s

Matched-workload table
Method                     AggregateF1   Compression   Latency(ms)        Type
------------------------------------------------------------------------------
MLQDS                         0.452713        0.3002     179447.86         all
  - range                     0.452713                                   range
  - knn                       0.000000                                     knn
  - similarity                0.000000                              similarity
  - clustering                0.000000                              clustering
Random                        0.460999        0.3007        372.93         all
  - range                     0.460999                                   range
  - knn                       0.000000                                     knn
  - similarity                0.000000                              similarity
  - clustering                0.000000                              clustering
newUniformTemporal            0.461614        0.3002        131.76         all
  - range                     0.461614                                   range
  - knn                       0.000000                                     knn
  - similarity                0.000000                              similarity
  - clustering                0.000000                              clustering
DouglasPeucker                0.418509        0.3002        760.28         all
  - range                     0.418509                                   range
  - knn                       0.000000                                     knn
  - similarity                0.000000                              similarity
  - clustering                0.000000                              clustering
Oracle                        0.872009        0.3007        411.58         all
  - range                     0.872009                                   range
  - knn                       0.000000                                     knn
  - similarity                0.000000                              similarity
  - clustering                0.000000                              clustering

Distribution-shift table
Train\Eval                         range=1.0
--------------------------------------------
range=1.0                             0.4527
