[config] model=turn_aware  workload=knn  epochs=50  n_queries=150  query_coverage=0.15  max_queries=5000  compression_ratio=0.15  lr=0.0005  pointwise_loss_weight=0.25  gradient_clip_norm=1.0  diagnostic_every=1  checkpoint_selection_metric=uniform_gap  f1_diagnostic_every=1  uniform_gap_weight=0.5  type_penalty_weight=1.0  range_spatial_fraction=0.015  range_time_fraction=0.04  knn_k=15  mlqds_temporal_fraction=0.75  residual_label_mode=temporal
[load-data] reading train CSV: /ceph/project/P8-1/AISDATA/preprocessed_AIS_files/preprocessed_2026-02-05.csv
[load-data] reading eval CSV: /ceph/project/P8-1/AISDATA/preprocessed_AIS_files/preprocessed_2026-02-08.csv
[load-data] train=1580 eval=1564 trajectories loaded in 55.81s
[pipeline] train=1580 trajectories, eval=1564 trajectories, train_mix=knn=1.0, eval_mix=knn=1.0
[split] starting...
  split mode=separate CSVs  train=1343  eval=1564
  checkpoint-selection validation=237 trajectories
[split] done in 0.00s
[build-datasets] starting...
[build-datasets] done in 0.64s
[generate-workloads] starting...
  train_workload=5000 queries  coverage=7.85% (299077/3811001)
  eval_workload=5000 queries  coverage=6.79% (293356/4318960)
  selection_workload=1727 queries  coverage=15.00% (86618/577411)
  WARNING: train workload stopped below requested coverage (7.85% < 15.00%); raise --n_queries or query footprint to cover more points.
  WARNING: eval workload stopped below requested coverage (6.79% < 15.00%); raise --n_queries or query footprint to cover more points.
[generate-workloads] done in 3179.27s
[write-queries-geojson] starting...
  wrote    0 range queries to /ceph/project/P8-1/AISDATA/Query_border_files/run_2026-02-05_eval_2026-02-08_cov0p15_knn_rs0p015_rt0p04_821293/queries_range.geojson
  wrote 5000 knn queries to /ceph/project/P8-1/AISDATA/Query_border_files/run_2026-02-05_eval_2026-02-08_cov0p15_knn_rs0p015_rt0p04_821293/queries_knn.geojson
  wrote    0 similarity queries to /ceph/project/P8-1/AISDATA/Query_border_files/run_2026-02-05_eval_2026-02-08_cov0p15_knn_rs0p015_rt0p04_821293/queries_similarity.geojson
  wrote    0 clustering queries to /ceph/project/P8-1/AISDATA/Query_border_files/run_2026-02-05_eval_2026-02-08_cov0p15_knn_rs0p015_rt0p04_821293/queries_clustering.geojson
[write-queries-geojson] done in 0.24s
[train-model (50 epochs)] starting...
  [main] validation newUniformTemporal_f1=0.250028  range=0.000000  knn=0.250028  similarity=0.000000  clustering=0.000000
  [main] epoch 01/50  loss=0.17957143  avg_tau=+0.005  pred_std=0.0826746  select=+0.306  (286.03s)
    [main] val_query_f1=0.287033  range=0.000000  knn=0.287033  similarity=0.000000  clustering=0.000000
    [main] val_vs_uniform aggregate=+0.037005  type_deficit=0.000000  range=+0.000000  knn=+0.037005  similarity=+0.000000  clustering=+0.000000
    [main] label_diag  knn:pos=0.5145,p95=1.000,pairs=1078842,skip=714
  [main] epoch 02/50  loss=0.16769884  avg_tau=-0.033  pred_std=0.0856329  select=+0.312  (262.82s)  *** NEW BEST MODEL ***
    [main] val_query_f1=0.291632  range=0.000000  knn=0.291632  similarity=0.000000  clustering=0.000000
    [main] val_vs_uniform aggregate=+0.041604  type_deficit=0.000000  range=+0.000000  knn=+0.041604  similarity=+0.000000  clustering=+0.000000
    [main] label_diag  knn:pos=0.5145,p95=1.000,pairs=1078696,skip=714
  [main] epoch 03/50  loss=0.16211597  avg_tau=+0.052  pred_std=0.115607  select=+0.317  (289.33s)  *** NEW BEST MODEL ***
    [main] val_query_f1=0.294741  range=0.000000  knn=0.294741  similarity=0.000000  clustering=0.000000
    [main] val_vs_uniform aggregate=+0.044713  type_deficit=0.000000  range=+0.000000  knn=+0.044713  similarity=+0.000000  clustering=+0.000000
    [main] label_diag  knn:pos=0.5145,p95=1.000,pairs=1080184,skip=714
  [main] epoch 04/50  loss=0.15978500  avg_tau=-0.038  pred_std=0.101498  select=+0.322  (281.96s)  *** NEW BEST MODEL ***
    [main] val_query_f1=0.298222  range=0.000000  knn=0.298222  similarity=0.000000  clustering=0.000000
    [main] val_vs_uniform aggregate=+0.048194  type_deficit=0.000000  range=+0.000000  knn=+0.048194  similarity=+0.000000  clustering=+0.000000
    [main] label_diag  knn:pos=0.5145,p95=1.000,pairs=1079311,skip=714
  [main] epoch 05/50  loss=0.15828787  avg_tau=+0.210  pred_std=0.131736  select=+0.336  (289.76s)  *** NEW BEST MODEL ***
    [main] val_query_f1=0.307157  range=0.000000  knn=0.307157  similarity=0.000000  clustering=0.000000
    [main] val_vs_uniform aggregate=+0.057129  type_deficit=0.000000  range=+0.000000  knn=+0.057129  similarity=+0.000000  clustering=+0.000000
    [main] label_diag  knn:pos=0.5145,p95=1.000,pairs=1079778,skip=714
  [main] epoch 06/50  loss=0.15747809  avg_tau=+0.009  pred_std=0.14115  select=+0.353  (297.53s)  *** NEW BEST MODEL ***
    [main] val_query_f1=0.318673  range=0.000000  knn=0.318673  similarity=0.000000  clustering=0.000000
    [main] val_vs_uniform aggregate=+0.068646  type_deficit=0.000000  range=+0.000000  knn=+0.068646  similarity=+0.000000  clustering=+0.000000
    [main] label_diag  knn:pos=0.5145,p95=1.000,pairs=1078761,skip=714
  [main] epoch 07/50  loss=0.15988133  avg_tau=+0.013  pred_std=0.135456  select=+0.358  (296.47s)  *** NEW BEST MODEL ***
    [main] val_query_f1=0.321860  range=0.000000  knn=0.321860  similarity=0.000000  clustering=0.000000
    [main] val_vs_uniform aggregate=+0.071832  type_deficit=0.000000  range=+0.000000  knn=+0.071832  similarity=+0.000000  clustering=+0.000000
    [main] label_diag  knn:pos=0.5145,p95=1.000,pairs=1078700,skip=714
  [main] epoch 08/50  loss=0.15727018  avg_tau=-0.049  pred_std=0.134894  select=+0.363  (293.89s)  *** NEW BEST MODEL ***
    [main] val_query_f1=0.325477  range=0.000000  knn=0.325477  similarity=0.000000  clustering=0.000000
    [main] val_vs_uniform aggregate=+0.075449  type_deficit=0.000000  range=+0.000000  knn=+0.075449  similarity=+0.000000  clustering=+0.000000
    [main] label_diag  knn:pos=0.5145,p95=1.000,pairs=1079771,skip=714
  [main] epoch 09/50  loss=0.15695578  avg_tau=+0.063  pred_std=0.166334  select=+0.354  (295.07s)
    [main] val_query_f1=0.319118  range=0.000000  knn=0.319118  similarity=0.000000  clustering=0.000000
    [main] val_vs_uniform aggregate=+0.069090  type_deficit=0.000000  range=+0.000000  knn=+0.069090  similarity=+0.000000  clustering=+0.000000
    [main] label_diag  knn:pos=0.5145,p95=1.000,pairs=1078835,skip=714
  [main] epoch 10/50  loss=0.15685089  avg_tau=+0.050  pred_std=0.142887  select=+0.354  (297.96s)
    [main] val_query_f1=0.319610  range=0.000000  knn=0.319610  similarity=0.000000  clustering=0.000000
    [main] val_vs_uniform aggregate=+0.069582  type_deficit=0.000000  range=+0.000000  knn=+0.069582  similarity=+0.000000  clustering=+0.000000
    [main] label_diag  knn:pos=0.5145,p95=1.000,pairs=1079646,skip=714
  [main] epoch 11/50  loss=0.15678979  avg_tau=+0.036  pred_std=0.186139  select=+0.364  (273.47s)  *** NEW BEST MODEL ***
    [main] val_query_f1=0.326181  range=0.000000  knn=0.326181  similarity=0.000000  clustering=0.000000
    [main] val_vs_uniform aggregate=+0.076153  type_deficit=0.000000  range=+0.000000  knn=+0.076153  similarity=+0.000000  clustering=+0.000000
    [main] label_diag  knn:pos=0.5145,p95=1.000,pairs=1079641,skip=714
  [main] epoch 12/50  loss=0.15666869  avg_tau=+0.146  pred_std=0.148164  select=+0.354  (283.12s)
    [main] val_query_f1=0.319481  range=0.000000  knn=0.319481  similarity=0.000000  clustering=0.000000
    [main] val_vs_uniform aggregate=+0.069454  type_deficit=0.000000  range=+0.000000  knn=+0.069454  similarity=+0.000000  clustering=+0.000000
    [main] label_diag  knn:pos=0.5145,p95=1.000,pairs=1078771,skip=714
  [main] epoch 13/50  loss=0.15670137  avg_tau=+0.132  pred_std=0.178169  select=+0.361  (301.10s)
    [main] val_query_f1=0.323740  range=0.000000  knn=0.323740  similarity=0.000000  clustering=0.000000
    [main] val_vs_uniform aggregate=+0.073712  type_deficit=0.000000  range=+0.000000  knn=+0.073712  similarity=+0.000000  clustering=+0.000000
    [main] label_diag  knn:pos=0.5145,p95=1.000,pairs=1079423,skip=714
  [main] epoch 14/50  loss=0.15762916  avg_tau=+0.156  pred_std=0.166498  select=+0.361  (299.62s)
    [main] val_query_f1=0.324236  range=0.000000  knn=0.324236  similarity=0.000000  clustering=0.000000
    [main] val_vs_uniform aggregate=+0.074208  type_deficit=0.000000  range=+0.000000  knn=+0.074208  similarity=+0.000000  clustering=+0.000000
    [main] label_diag  knn:pos=0.5145,p95=1.000,pairs=1078619,skip=714
  [main] epoch 15/50  loss=0.15671783  avg_tau=+0.122  pred_std=0.201589  select=+0.360  (299.56s)
    [main] val_query_f1=0.323554  range=0.000000  knn=0.323554  similarity=0.000000  clustering=0.000000
    [main] val_vs_uniform aggregate=+0.073526  type_deficit=0.000000  range=+0.000000  knn=+0.073526  similarity=+0.000000  clustering=+0.000000
    [main] label_diag  knn:pos=0.5145,p95=1.000,pairs=1079769,skip=714
  [main] epoch 16/50  loss=0.15684170  avg_tau=+0.081  pred_std=0.16558  select=+0.362  (300.78s)
    [main] val_query_f1=0.324906  range=0.000000  knn=0.324906  similarity=0.000000  clustering=0.000000
    [main] val_vs_uniform aggregate=+0.074878  type_deficit=0.000000  range=+0.000000  knn=+0.074878  similarity=+0.000000  clustering=+0.000000
    [main] label_diag  knn:pos=0.5145,p95=1.000,pairs=1079578,skip=714
  [main] epoch 17/50  loss=0.15631370  avg_tau=+0.010  pred_std=0.154928  select=+0.366  (307.50s)  *** NEW BEST MODEL ***
    [main] val_query_f1=0.327068  range=0.000000  knn=0.327068  similarity=0.000000  clustering=0.000000
    [main] val_vs_uniform aggregate=+0.077040  type_deficit=0.000000  range=+0.000000  knn=+0.077040  similarity=+0.000000  clustering=+0.000000
    [main] label_diag  knn:pos=0.5145,p95=1.000,pairs=1079126,skip=714
  [main] epoch 18/50  loss=0.15654588  avg_tau=+0.145  pred_std=0.18142  select=+0.358  (302.92s)
    [main] val_query_f1=0.322213  range=0.000000  knn=0.322213  similarity=0.000000  clustering=0.000000
    [main] val_vs_uniform aggregate=+0.072185  type_deficit=0.000000  range=+0.000000  knn=+0.072185  similarity=+0.000000  clustering=+0.000000
    [main] label_diag  knn:pos=0.5145,p95=1.000,pairs=1079261,skip=714
  [main] epoch 19/50  loss=0.15712789  avg_tau=+0.133  pred_std=0.186975  select=+0.364  (308.20s)
    [main] val_query_f1=0.325739  range=0.000000  knn=0.325739  similarity=0.000000  clustering=0.000000
    [main] val_vs_uniform aggregate=+0.075711  type_deficit=0.000000  range=+0.000000  knn=+0.075711  similarity=+0.000000  clustering=+0.000000
    [main] label_diag  knn:pos=0.5145,p95=1.000,pairs=1078758,skip=714
  [main] epoch 20/50  loss=0.15661234  avg_tau=+0.142  pred_std=0.156561  select=+0.364  (297.61s)
    [main] val_query_f1=0.326143  range=0.000000  knn=0.326143  similarity=0.000000  clustering=0.000000
    [main] val_vs_uniform aggregate=+0.076116  type_deficit=0.000000  range=+0.000000  knn=+0.076116  similarity=+0.000000  clustering=+0.000000
    [main] label_diag  knn:pos=0.5145,p95=1.000,pairs=1079000,skip=714
  [main] epoch 21/50  loss=0.15604307  avg_tau=+0.085  pred_std=0.158489  select=+0.363  (288.41s)
    [main] val_query_f1=0.325651  range=0.000000  knn=0.325651  similarity=0.000000  clustering=0.000000
    [main] val_vs_uniform aggregate=+0.075623  type_deficit=0.000000  range=+0.000000  knn=+0.075623  similarity=+0.000000  clustering=+0.000000
    [main] label_diag  knn:pos=0.5145,p95=1.000,pairs=1079340,skip=714
  [main] epoch 22/50  loss=0.15542212  avg_tau=+0.095  pred_std=0.188275  select=+0.370  (303.84s)  *** NEW BEST MODEL ***
    [main] val_query_f1=0.329779  range=0.000000  knn=0.329779  similarity=0.000000  clustering=0.000000
    [main] val_vs_uniform aggregate=+0.079751  type_deficit=0.000000  range=+0.000000  knn=+0.079751  similarity=+0.000000  clustering=+0.000000
    [main] label_diag  knn:pos=0.5145,p95=1.000,pairs=1079396,skip=714
  [main] epoch 23/50  loss=0.15525726  avg_tau=+0.082  pred_std=0.192483  select=+0.369  (284.78s)
    [main] val_query_f1=0.329042  range=0.000000  knn=0.329042  similarity=0.000000  clustering=0.000000
    [main] val_vs_uniform aggregate=+0.079014  type_deficit=0.000000  range=+0.000000  knn=+0.079014  similarity=+0.000000  clustering=+0.000000
    [main] label_diag  knn:pos=0.5145,p95=1.000,pairs=1079180,skip=714
  [main] epoch 24/50  loss=0.15553747  avg_tau=+0.092  pred_std=0.162221  select=+0.365  (292.08s)
    [main] val_query_f1=0.326708  range=0.000000  knn=0.326708  similarity=0.000000  clustering=0.000000
    [main] val_vs_uniform aggregate=+0.076680  type_deficit=0.000000  range=+0.000000  knn=+0.076680  similarity=+0.000000  clustering=+0.000000
    [main] label_diag  knn:pos=0.5145,p95=1.000,pairs=1079292,skip=714
  [main] epoch 25/50  loss=0.15519184  avg_tau=+0.176  pred_std=0.191591  select=+0.350  (267.99s)
    [main] val_query_f1=0.316617  range=0.000000  knn=0.316617  similarity=0.000000  clustering=0.000000
    [main] val_vs_uniform aggregate=+0.066590  type_deficit=0.000000  range=+0.000000  knn=+0.066590  similarity=+0.000000  clustering=+0.000000
    [main] label_diag  knn:pos=0.5145,p95=1.000,pairs=1078635,skip=714
  [main] epoch 26/50  loss=0.15507366  avg_tau=-0.029  pred_std=0.186988  select=+0.360  (270.51s)
    [main] val_query_f1=0.323439  range=0.000000  knn=0.323439  similarity=0.000000  clustering=0.000000
    [main] val_vs_uniform aggregate=+0.073412  type_deficit=0.000000  range=+0.000000  knn=+0.073412  similarity=+0.000000  clustering=+0.000000
    [main] label_diag  knn:pos=0.5145,p95=1.000,pairs=1079195,skip=714
  [main] epoch 27/50  loss=0.15499303  avg_tau=+0.097  pred_std=0.196699  select=+0.367  (1233.63s)
    [main] val_query_f1=0.328282  range=0.000000  knn=0.328282  similarity=0.000000  clustering=0.000000
    [main] val_vs_uniform aggregate=+0.078255  type_deficit=0.000000  range=+0.000000  knn=+0.078255  similarity=+0.000000  clustering=+0.000000
    [main] label_diag  knn:pos=0.5145,p95=1.000,pairs=1079962,skip=714
  [main] epoch 28/50  loss=0.15557733  avg_tau=+0.090  pred_std=0.20374  select=+0.367  (3405.96s)
    [main] val_query_f1=0.327976  range=0.000000  knn=0.327976  similarity=0.000000  clustering=0.000000
    [main] val_vs_uniform aggregate=+0.077948  type_deficit=0.000000  range=+0.000000  knn=+0.077948  similarity=+0.000000  clustering=+0.000000
    [main] label_diag  knn:pos=0.5145,p95=1.000,pairs=1079167,skip=714
  [main] epoch 29/50  loss=0.15601743  avg_tau=-0.039  pred_std=0.184713  select=+0.368  (3176.12s)
    [main] val_query_f1=0.328728  range=0.000000  knn=0.328728  similarity=0.000000  clustering=0.000000
    [main] val_vs_uniform aggregate=+0.078700  type_deficit=0.000000  range=+0.000000  knn=+0.078700  similarity=+0.000000  clustering=+0.000000
    [main] label_diag  knn:pos=0.5145,p95=1.000,pairs=1078734,skip=714
  [main] epoch 30/50  loss=0.15579603  avg_tau=+0.049  pred_std=0.184957  select=+0.368  (3154.03s)
    [main] val_query_f1=0.328752  range=0.000000  knn=0.328752  similarity=0.000000  clustering=0.000000
    [main] val_vs_uniform aggregate=+0.078724  type_deficit=0.000000  range=+0.000000  knn=+0.078724  similarity=+0.000000  clustering=+0.000000
    [main] label_diag  knn:pos=0.5145,p95=1.000,pairs=1079834,skip=714
  [main] epoch 31/50  loss=0.15547305  avg_tau=+0.166  pred_std=0.176217  select=+0.369  (3219.67s)
    [main] val_query_f1=0.329591  range=0.000000  knn=0.329591  similarity=0.000000  clustering=0.000000
    [main] val_vs_uniform aggregate=+0.079563  type_deficit=0.000000  range=+0.000000  knn=+0.079563  similarity=+0.000000  clustering=+0.000000
    [main] label_diag  knn:pos=0.5145,p95=1.000,pairs=1079473,skip=714
  [main] epoch 32/50  loss=0.15530107  avg_tau=+0.135  pred_std=0.189199  select=+0.366  (3238.37s)
    [main] val_query_f1=0.327493  range=0.000000  knn=0.327493  similarity=0.000000  clustering=0.000000
    [main] val_vs_uniform aggregate=+0.077465  type_deficit=0.000000  range=+0.000000  knn=+0.077465  similarity=+0.000000  clustering=+0.000000
    [main] label_diag  knn:pos=0.5145,p95=1.000,pairs=1079054,skip=714
  [main] epoch 33/50  loss=0.15524004  avg_tau=+0.184  pred_std=0.182014  select=+0.366  (3283.45s)
    [main] val_query_f1=0.327218  range=0.000000  knn=0.327218  similarity=0.000000  clustering=0.000000
    [main] val_vs_uniform aggregate=+0.077190  type_deficit=0.000000  range=+0.000000  knn=+0.077190  similarity=+0.000000  clustering=+0.000000
    [main] label_diag  knn:pos=0.5145,p95=1.000,pairs=1078471,skip=714
  [main] epoch 34/50  loss=0.15557896  avg_tau=+0.043  pred_std=0.22042  select=+0.371  (3212.33s)  *** NEW BEST MODEL ***
    [main] val_query_f1=0.330388  range=0.000000  knn=0.330388  similarity=0.000000  clustering=0.000000
    [main] val_vs_uniform aggregate=+0.080361  type_deficit=0.000000  range=+0.000000  knn=+0.080361  similarity=+0.000000  clustering=+0.000000
    [main] label_diag  knn:pos=0.5145,p95=1.000,pairs=1079321,skip=714
  [main] epoch 35/50  loss=0.15530104  avg_tau=+0.229  pred_std=0.175347  select=+0.372  (3219.94s)  *** NEW BEST MODEL ***
    [main] val_query_f1=0.331047  range=0.000000  knn=0.331047  similarity=0.000000  clustering=0.000000
    [main] val_vs_uniform aggregate=+0.081020  type_deficit=0.000000  range=+0.000000  knn=+0.081020  similarity=+0.000000  clustering=+0.000000
    [main] label_diag  knn:pos=0.5145,p95=1.000,pairs=1079494,skip=714
  [main] epoch 36/50  loss=0.15501341  avg_tau=+0.126  pred_std=0.194119  select=+0.343  (3325.44s)
    [main] val_query_f1=0.312281  range=0.000000  knn=0.312281  similarity=0.000000  clustering=0.000000
    [main] val_vs_uniform aggregate=+0.062253  type_deficit=0.000000  range=+0.000000  knn=+0.062253  similarity=+0.000000  clustering=+0.000000
    [main] label_diag  knn:pos=0.5145,p95=1.000,pairs=1079089,skip=714
