[config] model=turn_aware  workload=mixed  epochs=75  n_queries=250  query_coverage=0.3  max_queries=5000  compression_ratio=0.15  lr=0.0005  pointwise_loss_weight=0.25  gradient_clip_norm=1.0  diagnostic_every=1  checkpoint_selection_metric=uniform_gap  f1_diagnostic_every=1  uniform_gap_weight=0.5  type_penalty_weight=1.0  range_spatial_fraction=0.015  range_time_fraction=0.04  knn_k=12  mlqds_temporal_fraction=0.0  residual_label_mode=temporal
[load-data] reading train CSV: /ceph/project/P8-1/AISDATA/preprocessed_AIS_files/preprocessed_2026-02-05.csv
[load-data] reading eval CSV: /ceph/project/P8-1/AISDATA/preprocessed_AIS_files/preprocessed_2026-02-08.csv
[load-data] train=1580 eval=1564 trajectories loaded in 189.27s
[pipeline] train=1580 trajectories, eval=1564 trajectories, train_mix=clustering=0.2,knn=0.4,range=0.2,similarity=0.2, eval_mix=clustering=0.2,knn=0.4,range=0.2,similarity=0.2
[split] starting...
  split mode=separate CSVs  train=1343  eval=1564
  checkpoint-selection validation=237 trajectories
[split] done in 0.00s
[build-datasets] starting...
[build-datasets] done in 25.74s
[generate-workloads] starting...
  train_workload=278 queries  coverage=30.29% (1154195/3811001)
  eval_workload=263 queries  coverage=30.37% (1311860/4318960)
  selection_workload=500 queries  coverage=51.02% (294583/577411)
[generate-workloads] done in 1638.94s
[write-queries-geojson] starting...
  wrote   53 range queries to /ceph/project/P8-1/AISDATA/Query_border_files/run_run1_control_2026-02-05_eval_2026-02-08_cov0p30_mixed_rs0p015_rt0p04_822132/queries_range.geojson
  wrote  105 knn queries to /ceph/project/P8-1/AISDATA/Query_border_files/run_run1_control_2026-02-05_eval_2026-02-08_cov0p30_mixed_rs0p015_rt0p04_822132/queries_knn.geojson
  wrote   53 similarity queries to /ceph/project/P8-1/AISDATA/Query_border_files/run_run1_control_2026-02-05_eval_2026-02-08_cov0p30_mixed_rs0p015_rt0p04_822132/queries_similarity.geojson
  wrote   52 clustering queries to /ceph/project/P8-1/AISDATA/Query_border_files/run_run1_control_2026-02-05_eval_2026-02-08_cov0p30_mixed_rs0p015_rt0p04_822132/queries_clustering.geojson
[write-queries-geojson] done in 0.02s
[train-model (75 epochs)] starting...
  [main] validation newUniformTemporal_f1=0.341933  range=0.261207  knn=0.247002  similarity=0.212732  clustering=0.741724
  [main] epoch 01/75  loss=0.02501640  avg_tau=-0.087  pred_std=0.182237  select=+0.216  (1197.33s)
    [main] val_query_f1=0.291486  range=0.216114  knn=0.214503  similarity=0.116131  clustering=0.696177
    [main] val_vs_uniform aggregate=-0.050448  type_deficit=0.050448  range=-0.045093  knn=-0.032499  similarity=-0.096601  clustering=-0.045547
    [main] label_diag  range:pos=0.0605,p95=1.000,pairs=124076,skip=12705  knn:pos=0.0193,p95=1.000,pairs=186792,skip=12555  similarity:pos=0.0033,p95=1.000,pairs=39836,skip=14344  clustering:pos=0.0554,p95=1.000,pairs=127886,skip=12741
  [main] epoch 02/75  loss=0.02169667  avg_tau=+0.063  pred_std=0.192102  select=+0.209  (1160.53s)
    [main] val_query_f1=0.288704  range=0.212826  knn=0.212555  similarity=0.108683  clustering=0.696901
    [main] val_vs_uniform aggregate=-0.053229  type_deficit=0.053229  range=-0.048381  knn=-0.034446  similarity=-0.104049  clustering=-0.044823
    [main] label_diag  range:pos=0.0605,p95=1.000,pairs=124056,skip=12705  knn:pos=0.0193,p95=1.000,pairs=186740,skip=12555  similarity:pos=0.0033,p95=1.000,pairs=39814,skip=14344  clustering:pos=0.0554,p95=1.000,pairs=127693,skip=12741
  [main] epoch 03/75  loss=0.01894124  avg_tau=-0.285  pred_std=0.212568  select=+0.207  (1164.20s)
    [main] val_query_f1=0.288115  range=0.213654  knn=0.213079  similarity=0.104435  clustering=0.696326
    [main] val_vs_uniform aggregate=-0.053819  type_deficit=0.053819  range=-0.047553  knn=-0.033923  similarity=-0.108297  clustering=-0.045398
    [main] label_diag  range:pos=0.0605,p95=1.000,pairs=124041,skip=12705  knn:pos=0.0193,p95=1.000,pairs=186890,skip=12555  similarity:pos=0.0033,p95=1.000,pairs=39846,skip=14344  clustering:pos=0.0554,p95=1.000,pairs=127852,skip=12741
  [main] epoch 04/75  loss=0.01973076  avg_tau=+0.072  pred_std=0.201379  select=+0.208  (1164.64s)
    [main] val_query_f1=0.288306  range=0.215536  knn=0.211939  similarity=0.106152  clustering=0.695961
    [main] val_vs_uniform aggregate=-0.053628  type_deficit=0.053628  range=-0.045671  knn=-0.035062  similarity=-0.106580  clustering=-0.045763
    [main] label_diag  range:pos=0.0605,p95=1.000,pairs=123851,skip=12705  knn:pos=0.0193,p95=1.000,pairs=186777,skip=12555  similarity:pos=0.0033,p95=1.000,pairs=39778,skip=14344  clustering:pos=0.0554,p95=1.000,pairs=128017,skip=12741
  [main] epoch 05/75  loss=0.01848852  avg_tau=-0.257  pred_std=0.229751  select=+0.205  (1152.03s)
    [main] val_query_f1=0.287053  range=0.213969  knn=0.212655  similarity=0.100691  clustering=0.695296
    [main] val_vs_uniform aggregate=-0.054880  type_deficit=0.054880  range=-0.047238  knn=-0.034347  similarity=-0.112041  clustering=-0.046428
    [main] label_diag  range:pos=0.0605,p95=1.000,pairs=123723,skip=12705  knn:pos=0.0193,p95=1.000,pairs=186633,skip=12555  similarity:pos=0.0033,p95=1.000,pairs=39824,skip=14344  clustering:pos=0.0554,p95=1.000,pairs=127776,skip=12741
  [main] epoch 06/75  loss=0.01875360  avg_tau=-0.166  pred_std=0.233282  select=+0.204  (1129.78s)
    [main] val_query_f1=0.286855  range=0.215398  knn=0.211187  similarity=0.100945  clustering=0.695559
    [main] val_vs_uniform aggregate=-0.055078  type_deficit=0.055078  range=-0.045809  knn=-0.035815  similarity=-0.111787  clustering=-0.046165
    [main] label_diag  range:pos=0.0605,p95=1.000,pairs=123868,skip=12705  knn:pos=0.0193,p95=1.000,pairs=186603,skip=12555  similarity:pos=0.0033,p95=1.000,pairs=39747,skip=14344  clustering:pos=0.0554,p95=1.000,pairs=127633,skip=12741
  [main] epoch 07/75  loss=0.02127159  avg_tau=+0.121  pred_std=0.247665  select=+0.203  (629.67s)
    [main] val_query_f1=0.286421  range=0.215626  knn=0.210913  similarity=0.099663  clustering=0.694988
    [main] val_vs_uniform aggregate=-0.055513  type_deficit=0.055513  range=-0.045581  knn=-0.036089  similarity=-0.113069  clustering=-0.046736
    [main] label_diag  range:pos=0.0605,p95=1.000,pairs=123931,skip=12705  knn:pos=0.0193,p95=1.000,pairs=186932,skip=12555  similarity:pos=0.0033,p95=1.000,pairs=39874,skip=14344  clustering:pos=0.0554,p95=1.000,pairs=127809,skip=12741
  [main] epoch 08/75  loss=0.01815424  avg_tau=+0.406  pred_std=0.211968  select=+0.202  (498.91s)
    [main] val_query_f1=0.285848  range=0.216321  knn=0.208756  similarity=0.099366  clustering=0.696043
    [main] val_vs_uniform aggregate=-0.056085  type_deficit=0.056085  range=-0.044886  knn=-0.038246  similarity=-0.113366  clustering=-0.045681
    [main] label_diag  range:pos=0.0605,p95=1.000,pairs=123992,skip=12705  knn:pos=0.0193,p95=1.000,pairs=186942,skip=12555  similarity:pos=0.0033,p95=1.000,pairs=39740,skip=14344  clustering:pos=0.0554,p95=1.000,pairs=127440,skip=12741
