[config] model=turn_aware  workload=mixed  epochs=75  n_queries=300  query_coverage=0.3  max_queries=3000  compression_ratio=0.3  lr=0.0005  pointwise_loss_weight=0.25  gradient_clip_norm=1.0  diagnostic_every=1  checkpoint_selection_metric=f1  f1_diagnostic_every=1  range_spatial_fraction=0.015  range_time_fraction=0.04  knn_k=12  mlqds_temporal_fraction=0.5  residual_label_mode=temporal
[load-data] reading train CSV: /ceph/project/P8-1/AISDATA/preprocessed_AIS_files/preprocessed_2026-02-05.csv
[load-data] reading eval CSV: /ceph/project/P8-1/AISDATA/preprocessed_AIS_files/preprocessed_2026-02-08.csv
[load-data] train=1580 eval=1564 trajectories loaded in 69.08s
[pipeline] train=1580 trajectories, eval=1564 trajectories, train_mix=clustering=0.2,knn=0.4,range=0.2,similarity=0.2, eval_mix=clustering=0.2,knn=0.4,range=0.2,similarity=0.2
[split] starting...
  split mode=separate CSVs  train=1343  eval=1564
  checkpoint-selection validation=237 trajectories
[split] done in 0.00s
[build-datasets] starting...
[build-datasets] done in 7.76s
[generate-workloads] starting...
  train_workload=300 queries  coverage=31.58% (1203418/3811001)
  eval_workload=300 queries  coverage=32.85% (1418906/4318960)
  selection_workload=600 queries  coverage=56.47% (326083/577411)
[generate-workloads] done in 1023.00s
[write-queries-geojson] starting...
  wrote   60 range queries to /ceph/project/P8-1/AISDATA/Query_border_files/run_2026-02-05_eval_2026-02-08_cov0p30_mixed_rs0p015_rt0p04_820653/queries_range.geojson
  wrote  120 knn queries to /ceph/project/P8-1/AISDATA/Query_border_files/run_2026-02-05_eval_2026-02-08_cov0p30_mixed_rs0p015_rt0p04_820653/queries_knn.geojson
  wrote   60 similarity queries to /ceph/project/P8-1/AISDATA/Query_border_files/run_2026-02-05_eval_2026-02-08_cov0p30_mixed_rs0p015_rt0p04_820653/queries_similarity.geojson
  wrote   60 clustering queries to /ceph/project/P8-1/AISDATA/Query_border_files/run_2026-02-05_eval_2026-02-08_cov0p30_mixed_rs0p015_rt0p04_820653/queries_clustering.geojson
[write-queries-geojson] done in 0.02s
[train-model (75 epochs)] starting...
  [main] epoch 01/75  loss=0.02506993  avg_tau=-0.251  pred_std=0.178817  select=+0.518  (651.65s)
    [main] val_query_f1=0.518230  range=0.459925  knn=0.460632  similarity=0.406706  clustering=0.803256
    [main] label_diag  range:pos=0.0634,p95=1.000,pairs=129722,skip=12642  knn:pos=0.0211,p95=1.000,pairs=198937,skip=12406  similarity:pos=0.0037,p95=1.000,pairs=45057,skip=14281  clustering:pos=0.0521,p95=1.000,pairs=110295,skip=12963
  [main] epoch 02/75  loss=0.02352602  avg_tau=-0.178  pred_std=0.200972  select=+0.524  (649.40s)  *** NEW BEST MODEL ***
    [main] val_query_f1=0.524308  range=0.453880  knn=0.473491  similarity=0.410329  clustering=0.810348
    [main] label_diag  range:pos=0.0634,p95=1.000,pairs=129756,skip=12642  knn:pos=0.0211,p95=1.000,pairs=199251,skip=12406  similarity:pos=0.0037,p95=1.000,pairs=45106,skip=14281  clustering:pos=0.0521,p95=1.000,pairs=110452,skip=12963
  [main] epoch 03/75  loss=0.02101476  avg_tau=+0.146  pred_std=0.186489  select=+0.527  (617.10s)  *** NEW BEST MODEL ***
    [main] val_query_f1=0.527099  range=0.454715  knn=0.479127  similarity=0.411933  clustering=0.810596
    [main] label_diag  range:pos=0.0634,p95=1.000,pairs=129781,skip=12642  knn:pos=0.0211,p95=1.000,pairs=199191,skip=12406  similarity:pos=0.0037,p95=1.000,pairs=45263,skip=14281  clustering:pos=0.0521,p95=1.000,pairs=110578,skip=12963
  [main] epoch 04/75  loss=0.02297326  avg_tau=+0.112  pred_std=0.24616  select=+0.525  (703.33s)
    [main] val_query_f1=0.524519  range=0.462031  knn=0.470738  similarity=0.417999  clustering=0.801088
    [main] label_diag  range:pos=0.0634,p95=1.000,pairs=130094,skip=12642  knn:pos=0.0211,p95=1.000,pairs=198665,skip=12406  similarity:pos=0.0037,p95=1.000,pairs=45164,skip=14281  clustering:pos=0.0521,p95=1.000,pairs=110538,skip=12963
  [main] epoch 05/75  loss=0.01968671  avg_tau=-0.038  pred_std=0.236453  select=+0.526  (772.58s)
    [main] val_query_f1=0.525815  range=0.458248  knn=0.473602  similarity=0.421686  clustering=0.801936
    [main] label_diag  range:pos=0.0634,p95=1.000,pairs=129802,skip=12642  knn:pos=0.0211,p95=1.000,pairs=198931,skip=12406  similarity:pos=0.0037,p95=1.000,pairs=45189,skip=14281  clustering:pos=0.0521,p95=1.000,pairs=110384,skip=12963
  [main] epoch 06/75  loss=0.02004307  avg_tau=-0.171  pred_std=0.241475  select=+0.525  (749.10s)
    [main] val_query_f1=0.525331  range=0.453991  knn=0.476316  similarity=0.414165  clustering=0.805868
    [main] label_diag  range:pos=0.0634,p95=1.000,pairs=130126,skip=12642  knn:pos=0.0211,p95=1.000,pairs=199101,skip=12406  similarity:pos=0.0037,p95=1.000,pairs=45131,skip=14281  clustering:pos=0.0521,p95=1.000,pairs=110451,skip=12963
  [main] epoch 07/75  loss=0.02114916  avg_tau=+0.006  pred_std=0.25403  select=+0.524  (750.67s)
    [main] val_query_f1=0.523586  range=0.448084  knn=0.477421  similarity=0.406771  clustering=0.808231
    [main] label_diag  range:pos=0.0634,p95=1.000,pairs=129817,skip=12642  knn:pos=0.0211,p95=1.000,pairs=198756,skip=12406  similarity:pos=0.0037,p95=1.000,pairs=45162,skip=14281  clustering:pos=0.0521,p95=1.000,pairs=110539,skip=12963
  [main] epoch 08/75  loss=0.01797632  avg_tau=-0.140  pred_std=0.216138  select=+0.529  (741.83s)  *** NEW BEST MODEL ***
    [main] val_query_f1=0.528610  range=0.453353  knn=0.480515  similarity=0.420800  clustering=0.807867
    [main] label_diag  range:pos=0.0634,p95=1.000,pairs=130092,skip=12642  knn:pos=0.0211,p95=1.000,pairs=198838,skip=12406  similarity:pos=0.0037,p95=1.000,pairs=45189,skip=14281  clustering:pos=0.0521,p95=1.000,pairs=110655,skip=12963
  [main] epoch 09/75  loss=0.01827904  avg_tau=-0.231  pred_std=0.206826  select=+0.528  (817.37s)
    [main] val_query_f1=0.527538  range=0.447551  knn=0.480480  similarity=0.413508  clustering=0.815673
    [main] label_diag  range:pos=0.0634,p95=1.000,pairs=129946,skip=12642  knn:pos=0.0211,p95=1.000,pairs=199081,skip=12406  similarity:pos=0.0037,p95=1.000,pairs=45130,skip=14281  clustering:pos=0.0521,p95=1.000,pairs=110738,skip=12963
  [main] epoch 10/75  loss=0.01981798  avg_tau=+0.155  pred_std=0.209047  select=+0.526  (828.09s)
    [main] val_query_f1=0.525810  range=0.443163  knn=0.483010  similarity=0.405315  clustering=0.814553
    [main] label_diag  range:pos=0.0634,p95=1.000,pairs=129917,skip=12642  knn:pos=0.0211,p95=1.000,pairs=198821,skip=12406  similarity:pos=0.0037,p95=1.000,pairs=45220,skip=14281  clustering:pos=0.0521,p95=1.000,pairs=110446,skip=12963
  [main] epoch 11/75  loss=0.01927417  avg_tau=+0.015  pred_std=0.190004  select=+0.532  (800.79s)  *** NEW BEST MODEL ***
    [main] val_query_f1=0.532255  range=0.461913  knn=0.482497  similarity=0.420725  clustering=0.813642
    [main] label_diag  range:pos=0.0634,p95=1.000,pairs=129637,skip=12642  knn:pos=0.0211,p95=1.000,pairs=198981,skip=12406  similarity:pos=0.0037,p95=1.000,pairs=45001,skip=14281  clustering:pos=0.0521,p95=1.000,pairs=110638,skip=12963
  [main] epoch 12/75  loss=0.01988806  avg_tau=+0.011  pred_std=0.198948  select=+0.534  (789.93s)  *** NEW BEST MODEL ***
    [main] val_query_f1=0.533510  range=0.460923  knn=0.488251  similarity=0.417076  clustering=0.813050
    [main] label_diag  range:pos=0.0634,p95=1.000,pairs=129685,skip=12642  knn:pos=0.0211,p95=1.000,pairs=199138,skip=12406  similarity:pos=0.0037,p95=1.000,pairs=45149,skip=14281  clustering:pos=0.0521,p95=1.000,pairs=110585,skip=12963
  [main] epoch 13/75  loss=0.01815788  avg_tau=+0.058  pred_std=0.189466  select=+0.534  (847.11s)  *** NEW BEST MODEL ***
    [main] val_query_f1=0.533805  range=0.463051  knn=0.488253  similarity=0.416680  clustering=0.812788
    [main] label_diag  range:pos=0.0634,p95=1.000,pairs=129935,skip=12642  knn:pos=0.0211,p95=1.000,pairs=199411,skip=12406  similarity:pos=0.0037,p95=1.000,pairs=45017,skip=14281  clustering:pos=0.0521,p95=1.000,pairs=110323,skip=12963
  [main] epoch 14/75  loss=0.01850532  avg_tau=+0.314  pred_std=0.188106  select=+0.527  (791.45s)
    [main] val_query_f1=0.526777  range=0.445061  knn=0.480187  similarity=0.413379  clustering=0.815069
    [main] label_diag  range:pos=0.0634,p95=1.000,pairs=129622,skip=12642  knn:pos=0.0211,p95=1.000,pairs=198949,skip=12406  similarity:pos=0.0037,p95=1.000,pairs=45228,skip=14281  clustering:pos=0.0521,p95=1.000,pairs=110425,skip=12963
  [main] epoch 15/75  loss=0.01954849  avg_tau=-0.242  pred_std=0.195788  select=+0.526  (771.62s)
    [main] val_query_f1=0.526405  range=0.457635  knn=0.480663  similarity=0.403498  clustering=0.809566
    [main] label_diag  range:pos=0.0634,p95=1.000,pairs=129629,skip=12642  knn:pos=0.0211,p95=1.000,pairs=198813,skip=12406  similarity:pos=0.0037,p95=1.000,pairs=45149,skip=14281  clustering:pos=0.0521,p95=1.000,pairs=110539,skip=12963
  [main] epoch 16/75  loss=0.01785963  avg_tau=-0.008  pred_std=0.193381  select=+0.525  (754.18s)
    [main] val_query_f1=0.524843  range=0.448489  knn=0.475799  similarity=0.413006  clustering=0.811124
    [main] label_diag  range:pos=0.0634,p95=1.000,pairs=129363,skip=12642  knn:pos=0.0211,p95=1.000,pairs=199053,skip=12406  similarity:pos=0.0037,p95=1.000,pairs=45111,skip=14281  clustering:pos=0.0521,p95=1.000,pairs=110272,skip=12963
  [main] epoch 17/75  loss=0.02056284  avg_tau=-0.282  pred_std=0.223008  select=+0.528  (855.55s)
    [main] val_query_f1=0.528335  range=0.454997  knn=0.480265  similarity=0.414471  clustering=0.811676
    [main] label_diag  range:pos=0.0634,p95=1.000,pairs=129647,skip=12642  knn:pos=0.0211,p95=1.000,pairs=198876,skip=12406  similarity:pos=0.0037,p95=1.000,pairs=45191,skip=14281  clustering:pos=0.0521,p95=1.000,pairs=110488,skip=12963
  [main] epoch 18/75  loss=0.01723058  avg_tau=+0.190  pred_std=0.196418  select=+0.524  (781.17s)
    [main] val_query_f1=0.524012  range=0.452748  knn=0.475832  similarity=0.406909  clustering=0.808737
    [main] label_diag  range:pos=0.0634,p95=1.000,pairs=129374,skip=12642  knn:pos=0.0211,p95=1.000,pairs=198946,skip=12406  similarity:pos=0.0037,p95=1.000,pairs=45044,skip=14281  clustering:pos=0.0521,p95=1.000,pairs=110525,skip=12963
  [main] epoch 19/75  loss=0.02001976  avg_tau=+0.145  pred_std=0.21463  select=+0.528  (839.08s)
    [main] val_query_f1=0.527830  range=0.455886  knn=0.479140  similarity=0.411051  clustering=0.813931
    [main] label_diag  range:pos=0.0634,p95=1.000,pairs=129705,skip=12642  knn:pos=0.0211,p95=1.000,pairs=198796,skip=12406  similarity:pos=0.0037,p95=1.000,pairs=45229,skip=14281  clustering:pos=0.0521,p95=1.000,pairs=110588,skip=12963
  [main] epoch 20/75  loss=0.01702516  avg_tau=+0.164  pred_std=0.194618  select=+0.521  (828.16s)
    [main] val_query_f1=0.521031  range=0.441563  knn=0.473526  similarity=0.410881  clustering=0.805660
    [main] label_diag  range:pos=0.0634,p95=1.000,pairs=129657,skip=12642  knn:pos=0.0211,p95=1.000,pairs=199291,skip=12406  similarity:pos=0.0037,p95=1.000,pairs=45159,skip=14281  clustering:pos=0.0521,p95=1.000,pairs=110529,skip=12963
  [main] epoch 21/75  loss=0.01909903  avg_tau=-0.025  pred_std=0.196246  select=+0.524  (802.34s)
    [main] val_query_f1=0.523789  range=0.448265  knn=0.474779  similarity=0.410047  clustering=0.811073
    [main] label_diag  range:pos=0.0634,p95=1.000,pairs=129932,skip=12642  knn:pos=0.0211,p95=1.000,pairs=199293,skip=12406  similarity:pos=0.0037,p95=1.000,pairs=45167,skip=14281  clustering:pos=0.0521,p95=1.000,pairs=110563,skip=12963
  [main] epoch 22/75  loss=0.01821180  avg_tau=-0.082  pred_std=0.194509  select=+0.526  (778.40s)
    [main] val_query_f1=0.525640  range=0.444183  knn=0.482163  similarity=0.406041  clustering=0.813648
    [main] label_diag  range:pos=0.0634,p95=1.000,pairs=129626,skip=12642  knn:pos=0.0211,p95=1.000,pairs=198885,skip=12406  similarity:pos=0.0037,p95=1.000,pairs=45188,skip=14281  clustering:pos=0.0521,p95=1.000,pairs=110640,skip=12963
  [main] epoch 23/75  loss=0.01645505  avg_tau=-0.077  pred_std=0.191442  select=+0.530  (876.01s)
    [main] val_query_f1=0.529808  range=0.453347  knn=0.488522  similarity=0.402897  clustering=0.815753
    [main] label_diag  range:pos=0.0634,p95=1.000,pairs=129889,skip=12642  knn:pos=0.0211,p95=1.000,pairs=199032,skip=12406  similarity:pos=0.0037,p95=1.000,pairs=45137,skip=14281  clustering:pos=0.0521,p95=1.000,pairs=110251,skip=12963
  [main] epoch 24/75  loss=0.02000192  avg_tau=+0.419  pred_std=0.210636  select=+0.524  (829.55s)
    [main] val_query_f1=0.523787  range=0.445443  knn=0.479687  similarity=0.407750  clustering=0.806369
    [main] label_diag  range:pos=0.0634,p95=1.000,pairs=129673,skip=12642  knn:pos=0.0211,p95=1.000,pairs=198733,skip=12406  similarity:pos=0.0037,p95=1.000,pairs=45148,skip=14281  clustering:pos=0.0521,p95=1.000,pairs=110733,skip=12963
  [main] epoch 25/75  loss=0.01830989  avg_tau=+0.431  pred_std=0.20387  select=+0.524  (809.70s)
    [main] val_query_f1=0.524438  range=0.442819  knn=0.479712  similarity=0.409824  clustering=0.810121
    [main] label_diag  range:pos=0.0634,p95=1.000,pairs=129675,skip=12642  knn:pos=0.0211,p95=1.000,pairs=199106,skip=12406  similarity:pos=0.0037,p95=1.000,pairs=45014,skip=14281  clustering:pos=0.0521,p95=1.000,pairs=110687,skip=12963
  [main] epoch 26/75  loss=0.01887570  avg_tau=-0.187  pred_std=0.214348  select=+0.522  (805.92s)
    [main] val_query_f1=0.522002  range=0.445870  knn=0.476227  similarity=0.401176  clustering=0.810507
    [main] label_diag  range:pos=0.0634,p95=1.000,pairs=129873,skip=12642  knn:pos=0.0211,p95=1.000,pairs=198994,skip=12406  similarity:pos=0.0037,p95=1.000,pairs=45183,skip=14281  clustering:pos=0.0521,p95=1.000,pairs=110567,skip=12963
  [main] epoch 27/75  loss=0.01707050  avg_tau=+0.025  pred_std=0.187084  select=+0.523  (788.78s)
    [main] val_query_f1=0.522845  range=0.444112  knn=0.475452  similarity=0.403544  clustering=0.815667
    [main] label_diag  range:pos=0.0634,p95=1.000,pairs=130020,skip=12642  knn:pos=0.0211,p95=1.000,pairs=199099,skip=12406  similarity:pos=0.0037,p95=1.000,pairs=45131,skip=14281  clustering:pos=0.0521,p95=1.000,pairs=110220,skip=12963
  [main] epoch 28/75  loss=0.01801330  avg_tau=+0.097  pred_std=0.200234  select=+0.527  (861.19s)
    [main] val_query_f1=0.526810  range=0.451843  knn=0.484086  similarity=0.399670  clustering=0.814368
    [main] label_diag  range:pos=0.0634,p95=1.000,pairs=129855,skip=12642  knn:pos=0.0211,p95=1.000,pairs=199262,skip=12406  similarity:pos=0.0037,p95=1.000,pairs=45143,skip=14281  clustering:pos=0.0521,p95=1.000,pairs=110662,skip=12963
  [main] epoch 29/75  loss=0.01895022  avg_tau=+0.168  pred_std=0.20994  select=+0.520  (941.83s)
    [main] val_query_f1=0.520319  range=0.447037  knn=0.472974  similarity=0.401491  clustering=0.807118
    [main] label_diag  range:pos=0.0634,p95=1.000,pairs=130073,skip=12642  knn:pos=0.0211,p95=1.000,pairs=199199,skip=12406  similarity:pos=0.0037,p95=1.000,pairs=45065,skip=14281  clustering:pos=0.0521,p95=1.000,pairs=110477,skip=12963
  [main] epoch 30/75  loss=0.01966456  avg_tau=+0.101  pred_std=0.225381  select=+0.525  (607.13s)
    [main] val_query_f1=0.524790  range=0.453885  knn=0.477455  similarity=0.402440  clustering=0.812712
    [main] label_diag  range:pos=0.0634,p95=1.000,pairs=129620,skip=12642  knn:pos=0.0211,p95=1.000,pairs=199104,skip=12406  similarity:pos=0.0037,p95=1.000,pairs=45225,skip=14281  clustering:pos=0.0521,p95=1.000,pairs=110580,skip=12963
  [main] epoch 31/75  loss=0.01796735  avg_tau=+0.070  pred_std=0.20466  select=+0.520  (607.64s)
    [main] val_query_f1=0.520206  range=0.447032  knn=0.470375  similarity=0.404084  clustering=0.809161
    [main] label_diag  range:pos=0.0634,p95=1.000,pairs=129775,skip=12642  knn:pos=0.0211,p95=1.000,pairs=198903,skip=12406  similarity:pos=0.0037,p95=1.000,pairs=45153,skip=14281  clustering:pos=0.0521,p95=1.000,pairs=110380,skip=12963
  [main] epoch 32/75  loss=0.01686556  avg_tau=+0.021  pred_std=0.191739  select=+0.524  (570.68s)
    [main] val_query_f1=0.523824  range=0.443711  knn=0.477850  similarity=0.411380  clustering=0.808331
    [main] label_diag  range:pos=0.0634,p95=1.000,pairs=130021,skip=12642  knn:pos=0.0211,p95=1.000,pairs=199117,skip=12406  similarity:pos=0.0037,p95=1.000,pairs=45099,skip=14281  clustering:pos=0.0521,p95=1.000,pairs=110404,skip=12963
  [main] epoch 33/75  loss=0.01955019  avg_tau=+0.137  pred_std=0.217999  select=+0.522  (625.33s)
    [main] val_query_f1=0.521725  range=0.448531  knn=0.473426  similarity=0.402756  clustering=0.810489
    [main] label_diag  range:pos=0.0634,p95=1.000,pairs=129716,skip=12642  knn:pos=0.0211,p95=1.000,pairs=198979,skip=12406  similarity:pos=0.0037,p95=1.000,pairs=45207,skip=14281  clustering:pos=0.0521,p95=1.000,pairs=110615,skip=12963
  [main] epoch 34/75  loss=0.01803599  avg_tau=+0.046  pred_std=0.211661  select=+0.520  (642.75s)
    [main] val_query_f1=0.519550  range=0.437957  knn=0.472406  similarity=0.406511  clustering=0.808469
    [main] label_diag  range:pos=0.0634,p95=1.000,pairs=129859,skip=12642  knn:pos=0.0211,p95=1.000,pairs=198915,skip=12406  similarity:pos=0.0037,p95=1.000,pairs=45149,skip=14281  clustering:pos=0.0521,p95=1.000,pairs=110737,skip=12963
  [main] epoch 35/75  loss=0.01738241  avg_tau=+0.132  pred_std=0.206642  select=+0.520  (625.07s)
    [main] val_query_f1=0.520165  range=0.438439  knn=0.468923  similarity=0.408798  clustering=0.815742
    [main] label_diag  range:pos=0.0634,p95=1.000,pairs=129940,skip=12642  knn:pos=0.0211,p95=1.000,pairs=198876,skip=12406  similarity:pos=0.0037,p95=1.000,pairs=45218,skip=14281  clustering:pos=0.0521,p95=1.000,pairs=110596,skip=12963
  [main] epoch 36/75  loss=0.01836273  avg_tau=+0.136  pred_std=0.214407  select=+0.518  (316.17s)
    [main] val_query_f1=0.518311  range=0.440517  knn=0.470021  similarity=0.402891  clustering=0.808105
    [main] label_diag  range:pos=0.0634,p95=1.000,pairs=129892,skip=12642  knn:pos=0.0211,p95=1.000,pairs=199281,skip=12406  similarity:pos=0.0037,p95=1.000,pairs=45314,skip=14281  clustering:pos=0.0521,p95=1.000,pairs=110485,skip=12963
  [main] epoch 37/75  loss=0.01954378  avg_tau=+0.123  pred_std=0.232656  select=+0.515  (119.91s)
    [main] val_query_f1=0.514670  range=0.441407  knn=0.465816  similarity=0.399810  clustering=0.800502
    [main] label_diag  range:pos=0.0634,p95=1.000,pairs=129606,skip=12642  knn:pos=0.0211,p95=1.000,pairs=199160,skip=12406  similarity:pos=0.0037,p95=1.000,pairs=45100,skip=14281  clustering:pos=0.0521,p95=1.000,pairs=110702,skip=12963
  [main] epoch 38/75  loss=0.01878072  avg_tau=-0.182  pred_std=0.235512  select=+0.521  (173.44s)
    [main] val_query_f1=0.520875  range=0.451331  knn=0.472607  similarity=0.406688  clustering=0.801144
    [main] label_diag  range:pos=0.0634,p95=1.000,pairs=129782,skip=12642  knn:pos=0.0211,p95=1.000,pairs=198922,skip=12406  similarity:pos=0.0037,p95=1.000,pairs=45201,skip=14281  clustering:pos=0.0521,p95=1.000,pairs=110411,skip=12963
  [main] epoch 39/75  loss=0.01749252  avg_tau=+0.113  pred_std=0.216598  select=+0.509  (96.94s)
    [main] val_query_f1=0.508726  range=0.432206  knn=0.458544  similarity=0.398770  clustering=0.795565
    [main] label_diag  range:pos=0.0634,p95=1.000,pairs=129679,skip=12642  knn:pos=0.0211,p95=1.000,pairs=198535,skip=12406  similarity:pos=0.0037,p95=1.000,pairs=45195,skip=14281  clustering:pos=0.0521,p95=1.000,pairs=110757,skip=12963
  [main] epoch 40/75  loss=0.01732461  avg_tau=-0.114  pred_std=0.204101  select=+0.515  (204.62s)
    [main] val_query_f1=0.514767  range=0.437668  knn=0.461784  similarity=0.401763  clustering=0.810837
    [main] label_diag  range:pos=0.0634,p95=1.000,pairs=129821,skip=12642  knn:pos=0.0211,p95=1.000,pairs=199175,skip=12406  similarity:pos=0.0037,p95=1.000,pairs=45095,skip=14281  clustering:pos=0.0521,p95=1.000,pairs=110468,skip=12963
  [main] epoch 41/75  loss=0.01627087  avg_tau=-0.022  pred_std=0.199157  select=+0.513  (217.44s)
    [main] val_query_f1=0.513043  range=0.432953  knn=0.460941  similarity=0.405051  clustering=0.805331
    [main] label_diag  range:pos=0.0634,p95=1.000,pairs=129566,skip=12642  knn:pos=0.0211,p95=1.000,pairs=198806,skip=12406  similarity:pos=0.0037,p95=1.000,pairs=45190,skip=14281  clustering:pos=0.0521,p95=1.000,pairs=110696,skip=12963
  [main] epoch 42/75  loss=0.01641172  avg_tau=+0.232  pred_std=0.196462  select=+0.513  (195.40s)
    [main] val_query_f1=0.513071  range=0.434068  knn=0.462190  similarity=0.403967  clustering=0.802939
    [main] label_diag  range:pos=0.0634,p95=1.000,pairs=129527,skip=12642  knn:pos=0.0211,p95=1.000,pairs=199040,skip=12406  similarity:pos=0.0037,p95=1.000,pairs=45156,skip=14281  clustering:pos=0.0521,p95=1.000,pairs=110349,skip=12963
  [main] epoch 43/75  loss=0.01971975  avg_tau=+0.092  pred_std=0.234101  select=+0.513  (197.67s)
    [main] val_query_f1=0.513268  range=0.439077  knn=0.465047  similarity=0.398453  clustering=0.798717
    [main] label_diag  range:pos=0.0634,p95=1.000,pairs=129840,skip=12642  knn:pos=0.0211,p95=1.000,pairs=198978,skip=12406  similarity:pos=0.0037,p95=1.000,pairs=45162,skip=14281  clustering:pos=0.0521,p95=1.000,pairs=110661,skip=12963
  [main] epoch 44/75  loss=0.01879294  avg_tau=+0.061  pred_std=0.233884  select=+0.518  (197.86s)
    [main] val_query_f1=0.518429  range=0.440267  knn=0.466372  similarity=0.409625  clustering=0.809506
    [main] label_diag  range:pos=0.0634,p95=1.000,pairs=129660,skip=12642  knn:pos=0.0211,p95=1.000,pairs=199240,skip=12406  similarity:pos=0.0037,p95=1.000,pairs=45126,skip=14281  clustering:pos=0.0521,p95=1.000,pairs=110360,skip=12963
  [main] epoch 45/75  loss=0.01695015  avg_tau=+0.099  pred_std=0.214721  select=+0.517  (213.71s)
    [main] val_query_f1=0.516882  range=0.430313  knn=0.469977  similarity=0.404657  clustering=0.809483
    [main] label_diag  range:pos=0.0634,p95=1.000,pairs=129945,skip=12642  knn:pos=0.0211,p95=1.000,pairs=199363,skip=12406  similarity:pos=0.0037,p95=1.000,pairs=45159,skip=14281  clustering:pos=0.0521,p95=1.000,pairs=110611,skip=12963
  [main] epoch 46/75  loss=0.01868004  avg_tau=+0.140  pred_std=0.230921  select=+0.519  (201.24s)
    [main] val_query_f1=0.518590  range=0.452954  knn=0.467139  similarity=0.403253  clustering=0.802461
    [main] label_diag  range:pos=0.0634,p95=1.000,pairs=129845,skip=12642  knn:pos=0.0211,p95=1.000,pairs=199264,skip=12406  similarity:pos=0.0037,p95=1.000,pairs=45222,skip=14281  clustering:pos=0.0521,p95=1.000,pairs=110472,skip=12963
  [main] epoch 47/75  loss=0.01699513  avg_tau=+0.213  pred_std=0.208894  select=+0.512  (190.98s)
    [main] val_query_f1=0.511574  range=0.434333  knn=0.456880  similarity=0.402225  clustering=0.807553
    [main] label_diag  range:pos=0.0634,p95=1.000,pairs=129821,skip=12642  knn:pos=0.0211,p95=1.000,pairs=198905,skip=12406  similarity:pos=0.0037,p95=1.000,pairs=45029,skip=14281  clustering:pos=0.0521,p95=1.000,pairs=110623,skip=12963
  [main] epoch 48/75  loss=0.01556457  avg_tau=-0.177  pred_std=0.196085  select=+0.510  (216.58s)
    [main] val_query_f1=0.510146  range=0.427699  knn=0.457558  similarity=0.405580  clustering=0.802335
    [main] label_diag  range:pos=0.0634,p95=1.000,pairs=129825,skip=12642  knn:pos=0.0211,p95=1.000,pairs=198861,skip=12406  similarity:pos=0.0037,p95=1.000,pairs=45125,skip=14281  clustering:pos=0.0521,p95=1.000,pairs=110775,skip=12963
  [main] epoch 49/75  loss=0.01855680  avg_tau=+0.059  pred_std=0.227421  select=+0.513  (198.37s)
    [main] val_query_f1=0.512764  range=0.439164  knn=0.458337  similarity=0.397527  clustering=0.810456
    [main] label_diag  range:pos=0.0634,p95=1.000,pairs=129678,skip=12642  knn:pos=0.0211,p95=1.000,pairs=198913,skip=12406  similarity:pos=0.0037,p95=1.000,pairs=45237,skip=14281  clustering:pos=0.0521,p95=1.000,pairs=110323,skip=12963
  [main] epoch 50/75  loss=0.01701094  avg_tau=+0.004  pred_std=0.222019  select=+0.514  (222.40s)
    [main] val_query_f1=0.513756  range=0.433143  knn=0.463720  similarity=0.400681  clustering=0.807515
    [main] label_diag  range:pos=0.0634,p95=1.000,pairs=129685,skip=12642  knn:pos=0.0211,p95=1.000,pairs=199240,skip=12406  similarity:pos=0.0037,p95=1.000,pairs=45089,skip=14281  clustering:pos=0.0521,p95=1.000,pairs=110380,skip=12963
  [main] epoch 51/75  loss=0.01750785  avg_tau=-0.057  pred_std=0.218947  select=+0.517  (210.03s)
    [main] val_query_f1=0.517440  range=0.439372  knn=0.463529  similarity=0.409830  clustering=0.810939
    [main] label_diag  range:pos=0.0634,p95=1.000,pairs=129875,skip=12642  knn:pos=0.0211,p95=1.000,pairs=198902,skip=12406  similarity:pos=0.0037,p95=1.000,pairs=45176,skip=14281  clustering:pos=0.0521,p95=1.000,pairs=110620,skip=12963
  [main] epoch 52/75  loss=0.01586585  avg_tau=+0.179  pred_std=0.216447  select=+0.510  (195.11s)
    [main] val_query_f1=0.510256  range=0.429658  knn=0.457054  similarity=0.399139  clustering=0.808377
    [main] label_diag  range:pos=0.0634,p95=1.000,pairs=129813,skip=12642  knn:pos=0.0211,p95=1.000,pairs=199077,skip=12406  similarity:pos=0.0037,p95=1.000,pairs=45208,skip=14281  clustering:pos=0.0521,p95=1.000,pairs=110643,skip=12963
  [main] epoch 53/75  loss=0.01759287  avg_tau=+0.213  pred_std=0.240318  select=+0.509  (195.55s)
    [main] val_query_f1=0.509437  range=0.437388  knn=0.456532  similarity=0.386367  clustering=0.810365
    [main] label_diag  range:pos=0.0634,p95=1.000,pairs=129688,skip=12642  knn:pos=0.0211,p95=1.000,pairs=198847,skip=12406  similarity:pos=0.0037,p95=1.000,pairs=45113,skip=14281  clustering:pos=0.0521,p95=1.000,pairs=110674,skip=12963
  [main] epoch 54/75  loss=0.01889533  avg_tau=-0.224  pred_std=0.258879  select=+0.513  (195.43s)
    [main] val_query_f1=0.512936  range=0.436757  knn=0.459123  similarity=0.404887  clustering=0.804790
    [main] label_diag  range:pos=0.0634,p95=1.000,pairs=129893,skip=12642  knn:pos=0.0211,p95=1.000,pairs=199029,skip=12406  similarity:pos=0.0037,p95=1.000,pairs=45264,skip=14281  clustering:pos=0.0521,p95=1.000,pairs=110169,skip=12963
  [main] epoch 55/75  loss=0.01751119  avg_tau=+0.320  pred_std=0.260652  select=+0.514  (197.54s)
    [main] val_query_f1=0.514153  range=0.448691  knn=0.462473  similarity=0.391713  clustering=0.805416
    [main] label_diag  range:pos=0.0634,p95=1.000,pairs=129924,skip=12642  knn:pos=0.0211,p95=1.000,pairs=199001,skip=12406  similarity:pos=0.0037,p95=1.000,pairs=45255,skip=14281  clustering:pos=0.0521,p95=1.000,pairs=110372,skip=12963
  [main] epoch 56/75  loss=0.01457876  avg_tau=+0.105  pred_std=0.233617  select=+0.512  (206.95s)
    [main] val_query_f1=0.512335  range=0.443352  knn=0.460387  similarity=0.392551  clustering=0.804996
    [main] label_diag  range:pos=0.0634,p95=1.000,pairs=129857,skip=12642  knn:pos=0.0211,p95=1.000,pairs=198866,skip=12406  similarity:pos=0.0037,p95=1.000,pairs=45131,skip=14281  clustering:pos=0.0521,p95=1.000,pairs=110677,skip=12963
  [main] epoch 57/75  loss=0.01714580  avg_tau=+0.199  pred_std=0.220929  select=+0.519  (213.54s)
    [main] val_query_f1=0.518555  range=0.455373  knn=0.465669  similarity=0.398152  clustering=0.807911
    [main] label_diag  range:pos=0.0634,p95=1.000,pairs=129884,skip=12642  knn:pos=0.0211,p95=1.000,pairs=199066,skip=12406  similarity:pos=0.0037,p95=1.000,pairs=45200,skip=14281  clustering:pos=0.0521,p95=1.000,pairs=110460,skip=12963
  [main] epoch 58/75  loss=0.01760099  avg_tau=+0.054  pred_std=0.264908  select=+0.507  (213.12s)
    [main] val_query_f1=0.507108  range=0.427503  knn=0.454763  similarity=0.393814  clustering=0.804699
    [main] label_diag  range:pos=0.0634,p95=1.000,pairs=129670,skip=12642  knn:pos=0.0211,p95=1.000,pairs=198837,skip=12406  similarity:pos=0.0037,p95=1.000,pairs=45170,skip=14281  clustering:pos=0.0521,p95=1.000,pairs=110506,skip=12963
  [main] epoch 59/75  loss=0.01821386  avg_tau=-0.179  pred_std=0.245903  select=+0.512  (206.40s)
    [main] val_query_f1=0.512481  range=0.429510  knn=0.458538  similarity=0.409160  clustering=0.806659
    [main] label_diag  range:pos=0.0634,p95=1.000,pairs=129719,skip=12642  knn:pos=0.0211,p95=1.000,pairs=199015,skip=12406  similarity:pos=0.0037,p95=1.000,pairs=45190,skip=14281  clustering:pos=0.0521,p95=1.000,pairs=110511,skip=12963
  [main] epoch 60/75  loss=0.01756835  avg_tau=-0.129  pred_std=0.266841  select=+0.506  (196.70s)
    [main] val_query_f1=0.505701  range=0.423793  knn=0.456198  similarity=0.384093  clustering=0.808223
    [main] label_diag  range:pos=0.0634,p95=1.000,pairs=129675,skip=12642  knn:pos=0.0211,p95=1.000,pairs=199108,skip=12406  similarity:pos=0.0037,p95=1.000,pairs=45245,skip=14281  clustering:pos=0.0521,p95=1.000,pairs=110753,skip=12963
  [main] epoch 61/75  loss=0.01671238  avg_tau=+0.071  pred_std=0.245997  select=+0.513  (194.33s)
    [main] val_query_f1=0.512761  range=0.428679  knn=0.463192  similarity=0.395703  clustering=0.813042
    [main] label_diag  range:pos=0.0634,p95=1.000,pairs=129913,skip=12642  knn:pos=0.0211,p95=1.000,pairs=198889,skip=12406  similarity:pos=0.0037,p95=1.000,pairs=45227,skip=14281  clustering:pos=0.0521,p95=1.000,pairs=110632,skip=12963
  [main] epoch 62/75  loss=0.01663712  avg_tau=+0.171  pred_std=0.240889  select=+0.512  (131.26s)
    [main] val_query_f1=0.511532  range=0.437394  knn=0.461938  similarity=0.387338  clustering=0.809051
    [main] label_diag  range:pos=0.0634,p95=1.000,pairs=129820,skip=12642  knn:pos=0.0211,p95=1.000,pairs=199232,skip=12406  similarity:pos=0.0037,p95=1.000,pairs=45108,skip=14281  clustering:pos=0.0521,p95=1.000,pairs=110280,skip=12963
  [main] epoch 63/75  loss=0.01637209  avg_tau=-0.048  pred_std=0.281828  select=+0.516  (148.26s)
    [main] val_query_f1=0.515575  range=0.439771  knn=0.467220  similarity=0.395482  clustering=0.808180
    [main] label_diag  range:pos=0.0634,p95=1.000,pairs=129860,skip=12642  knn:pos=0.0211,p95=1.000,pairs=199167,skip=12406  similarity:pos=0.0037,p95=1.000,pairs=45174,skip=14281  clustering:pos=0.0521,p95=1.000,pairs=110581,skip=12963
  [main] early stopping at epoch 63: selection score did not improve over 50 diag epochs (best_selection=+0.534, best_loss=0.01815788)
  [main] restored best diagnostic epoch 13/63 (selection=+0.534, loss=0.01815788, val_f1=0.533805)
[train-model (75 epochs)] done in 32780.41s
[save-model] starting...
  saved checkpoint to /ceph/project/P8-1/QDS/qds_v2/src/models/saved_models/model_2026-02-05_eval_2026-02-08_cov0p30_mixed_rs0p015_rt0p04_820653.pt  (epochs_trained=63, best_epoch=13, best_loss=0.01815788, train_mix=clustering=0.2,knn=0.4,range=0.2,similarity=0.2, eval_mix=clustering=0.2,knn=0.4,range=0.2,similarity=0.2)
[save-model] done in 0.79s
[evaluate-matched] starting...
[  eval MLQDS] starting...
[  eval MLQDS] done in 695.65s
[  eval Random] starting...
[  eval Random] done in 126.10s
[  eval newUniformTemporal] starting...
[  eval newUniformTemporal] done in 154.05s
[  eval DouglasPeucker] starting...
[  eval DouglasPeucker] done in 101.45s
[  eval Oracle] starting...
[  eval Oracle] done in 97.60s
[evaluate-matched] done in 1297.46s
[evaluate-shift] starting...
[evaluate-shift] done in 0.00s
[write-results] starting...
  wrote results to /ceph/project/P8-1/QDS/qds_v2/results
[write-results] done in 0.02s
[write-simplified-csv] starting...
  wrote 1296472 retained points across 1296472 samples to /ceph/project/P8-1/AISDATA/ML_processed_AIS_files/run_2026-02-05_eval_2026-02-08_cov0p30_mixed_rs0p015_rt0p04_820653/ML_simplified_eval.csv
[write-simplified-csv] done in 4.08s
[trajectory-length-loss] starting...
  [length-loss] 1564 trajectories  avg_orig_km=114.17  avg_simp_km=113.64  avg_length_loss=0.254  avg_points_removed=1932.5
  [length-loss] filtered out 569 trajectories with orig_km < 1.00 (likely docked/stationary) from top-25 ranking

  [length-loss] Top 25 MOST distorted (highest length_loss):
  rank        mmsi     orig_km     simp_km  length_loss    kept   removed
     1   211457860        4.02        0.89        0.778      76       176
     2   219004266        2.91        0.93        0.680     542      1262
     3   211846360        3.24        1.10        0.661      92       212
     4   218030270       16.80        5.75        0.658     207       483
     5   258040000        2.08        0.72        0.655     108       251
     6   220343000        1.42        0.49        0.654     199       464
     7   219017784        1.42        0.50        0.649     156       362
     8   219440000        1.32        0.47        0.647     127       294
     9   219003217        2.43        0.87        0.644     206       478
    10   245697000        2.89        1.03        0.643     117       270
    11   259447000        4.08        1.46        0.642     312       725
    12   219001582        3.33        1.27        0.618     763      1779
    13   219798000        1.09        0.42        0.615     394       917
    14   229044000        3.05        1.20        0.607      57       130
    15   219003113        1.97        0.78        0.603     640      1492
    16   511100505        6.86        2.73        0.602     172       400
    17   219005513        2.67        1.09        0.593     654      1523
    18   219014162        2.42        0.99        0.591     871      2031
    19   219024715        3.20        1.33        0.586    1272      2966
    20   244890000        1.13        0.48        0.576      86       200
    21   341832000        1.19        0.51        0.574      72       166
    22   352005487        5.89        2.52        0.572     139       323
    23   218003000        5.00        2.15        0.569    1719      4008
    24   219021176        1.75        0.77        0.560    1133      2643
    25   219000881        2.07        0.91        0.560     938      2187

  [length-loss] Top 25 LEAST distorted (lowest length_loss):
  rank        mmsi     orig_km     simp_km  length_loss    kept   removed
     1   636019492      164.27      164.27        0.000      37        84
     2   273268690       12.12       12.12        0.000      21        48
     3   255916022       25.50       25.50        0.000     118       275
     4   636024739      112.29      112.29        0.000     408       951
     5   258849000        5.65        5.65        0.000      10        23
     6   258059000       19.92       19.92        0.000      16        35
     7   311055400       97.53       97.53        0.000     441      1028
     8   210425000       95.04       95.04        0.000     291       676
     9   230987000      367.62      367.62        0.000    1491      3477
    10   230618000       98.61       98.60        0.000     489      1140
    11   636020533      140.00      140.00        0.000     319       742
    12   373267000      301.29      301.29        0.000    1270      2963
    13   215857000       36.63       36.63        0.000     151       350
    14   636022717      266.92      266.92        0.000    1380      3220
    15   219560000      384.96      384.96        0.000    1739      4056
    16   255806436       88.16       88.16        0.000     398       928
    17   255814000      155.05      155.04        0.000     721      1682
    18   477149200       54.20       54.20        0.000     261       608
    19   209764000      331.69      331.69        0.000    1582      3690
    20   241689000       36.78       36.78        0.000      95       219
    21   538011780      181.37      181.37        0.000     902      2104
    22   311995000       99.07       99.07        0.000     360       840
    23   219028116      436.51      436.50        0.000    1985      4631
    24   230617000      239.92      239.91        0.000    1216      2836
    25   636018491      116.16      116.16        0.000     551      1283
[trajectory-length-loss] done in 14.68s
[pipeline] total runtime 35128.22s

Matched-workload table
Method                     AggregateF1   Compression   Latency(ms)        Type
------------------------------------------------------------------------------
MLQDS                         0.462148        0.3002     623393.65         all
  - range                     0.459642                                   range
  - knn                       0.454522                                     knn
  - similarity                0.448769                              similarity
  - clustering                0.493284                              clustering
Random                        0.440669        0.3007        579.64         all
  - range                     0.461637                                   range
  - knn                       0.436318                                     knn
  - similarity                0.391392                              similarity
  - clustering                0.477680                              clustering
newUniformTemporal            0.448608        0.3002        805.53         all
  - range                     0.461379                                   range
  - knn                       0.440108                                     knn
  - similarity                0.405995                              similarity
  - clustering                0.495450                              clustering
DouglasPeucker                0.284552        0.3002        801.53         all
  - range                     0.399548                                   range
  - knn                       0.265305                                     knn
  - similarity                0.222371                              similarity
  - clustering                0.270232                              clustering
Oracle                        0.928585        0.3007       1154.52         all
  - range                     0.926615                                   range
  - knn                       0.955239                                     knn
  - similarity                0.908817                              similarity
  - clustering                0.897017                              clustering

Distribution-shift table
Train\Eval            clustering=0.2,knn=0.4,range=0.2,similarity=0.2
---------------------------------------------------------------------
clustering=0.2,knn=0.4,range=0.2,similarity=0.2                0.4621
