[config] model=turn_aware  workload=similarity  epochs=50  n_queries=150  query_coverage=0.3  max_queries=3000  compression_ratio=0.3  lr=0.0005  pointwise_loss_weight=0.25  gradient_clip_norm=1.0  diagnostic_every=1  checkpoint_selection_metric=f1  f1_diagnostic_every=3  range_spatial_fraction=0.015  range_time_fraction=0.04
[load-data] reading train CSV: /ceph/project/P8-1/AISDATA/preprocessed_AIS_files/preprocessed_2026-02-05.csv
[load-data] reading eval CSV: /ceph/project/P8-1/AISDATA/preprocessed_AIS_files/preprocessed_2026-02-08.csv
[load-data] train=1580 eval=1564 trajectories loaded in 53.24s
[pipeline] train=1580 trajectories, eval=1564 trajectories, train_mix=similarity=1.0, eval_mix=similarity=1.0
[split] starting...
  split mode=separate CSVs  train=1343  eval=1564
  checkpoint-selection validation=237 trajectories
[split] done in 0.00s
[build-datasets] starting...
[build-datasets] done in 0.22s
[generate-workloads] starting...
  train_workload=150 queries  coverage=43.91% (1673518/3811001)
  eval_workload=150 queries  coverage=51.66% (2231178/4318960)
  selection_workload=300 queries  coverage=69.57% (401690/577411)
[generate-workloads] done in 11.94s
[write-queries-geojson] starting...
  wrote    0 range queries to /ceph/project/P8-1/AISDATA/Query_border_files/run_2026-02-05_eval_2026-02-08_cov0p30_similarity_rs0p015_rt0p04_819894/queries_range.geojson
  wrote    0 knn queries to /ceph/project/P8-1/AISDATA/Query_border_files/run_2026-02-05_eval_2026-02-08_cov0p30_similarity_rs0p015_rt0p04_819894/queries_knn.geojson
  wrote  150 similarity queries to /ceph/project/P8-1/AISDATA/Query_border_files/run_2026-02-05_eval_2026-02-08_cov0p30_similarity_rs0p015_rt0p04_819894/queries_similarity.geojson
  wrote    0 clustering queries to /ceph/project/P8-1/AISDATA/Query_border_files/run_2026-02-05_eval_2026-02-08_cov0p30_similarity_rs0p015_rt0p04_819894/queries_clustering.geojson
[write-queries-geojson] done in 0.12s
[train-model (50 epochs)] starting...
  [main] epoch 01/50  loss=0.01645838  avg_tau=+0.688  pred_std=0.0208626  select=+0.401  (85.34s)
    [main] val_query_f1=0.401422  range=0.000000  knn=0.000000  similarity=0.401422  clustering=0.000000
    [main] label_diag  similarity:pos=0.0086,p95=1.000,pairs=100942,skip=13625
  [main] epoch 02/50  loss=0.01545979  avg_tau=-0.337  pred_std=0.0181943  select=+0.402  (51.72s)  *** NEW BEST MODEL ***
    [main] val_query_f1=0.401509  range=0.000000  knn=0.000000  similarity=0.401509  clustering=0.000000
    [main] label_diag  similarity:pos=0.0086,p95=1.000,pairs=101017,skip=13625
  [main] epoch 03/50  loss=0.01479286  avg_tau=-0.266  pred_std=0.0176616  select=+0.402  (77.72s)  *** NEW BEST MODEL ***
    [main] val_query_f1=0.401503  range=0.000000  knn=0.000000  similarity=0.401503  clustering=0.000000
    [main] label_diag  similarity:pos=0.0086,p95=1.000,pairs=101048,skip=13625
  [main] epoch 04/50  loss=0.01424729  avg_tau=+0.367  pred_std=0.0176479  select=+0.381  (53.04s)
    [main] val_query_f1=0.380838  range=0.000000  knn=0.000000  similarity=0.380838  clustering=0.000000
    [main] label_diag  similarity:pos=0.0086,p95=1.000,pairs=101071,skip=13625
  [main] epoch 05/50  loss=0.01386323  avg_tau=+0.000  pred_std=0.0127189  select=+0.403  (48.83s)  *** NEW BEST MODEL ***
    [main] val_query_f1=0.402533  range=0.000000  knn=0.000000  similarity=0.402533  clustering=0.000000
    [main] label_diag  similarity:pos=0.0086,p95=1.000,pairs=100927,skip=13625
  [main] epoch 06/50  loss=0.01353944  avg_tau=+0.000  pred_std=0.017668  select=+0.403  (92.15s)  *** NEW BEST MODEL ***
    [main] val_query_f1=0.402533  range=0.000000  knn=0.000000  similarity=0.402533  clustering=0.000000
    [main] label_diag  similarity:pos=0.0086,p95=1.000,pairs=101068,skip=13625
  [main] epoch 07/50  loss=0.01326794  avg_tau=+0.000  pred_std=0.0181886  select=+0.403  (54.60s)  *** NEW BEST MODEL ***
    [main] val_query_f1=0.402533  range=0.000000  knn=0.000000  similarity=0.402533  clustering=0.000000
    [main] label_diag  similarity:pos=0.0086,p95=1.000,pairs=100923,skip=13625
  [main] epoch 08/50  loss=0.01305451  avg_tau=+0.176  pred_std=0.0169243  select=+0.403  (48.53s)  *** NEW BEST MODEL ***
    [main] val_query_f1=0.402533  range=0.000000  knn=0.000000  similarity=0.402533  clustering=0.000000
    [main] label_diag  similarity:pos=0.0086,p95=1.000,pairs=101046,skip=13625
  [main] epoch 09/50  loss=0.01288322  avg_tau=-0.769  pred_std=0.0152544  select=+0.394  (47.68s)
    [main] val_query_f1=0.394152  range=0.000000  knn=0.000000  similarity=0.394152  clustering=0.000000
    [main] label_diag  similarity:pos=0.0086,p95=1.000,pairs=100974,skip=13625
  [main] epoch 10/50  loss=0.01278932  avg_tau=+0.899  pred_std=0.0167354  select=+0.392  (51.67s)
    [main] val_query_f1=0.391948  range=0.000000  knn=0.000000  similarity=0.391948  clustering=0.000000
    [main] label_diag  similarity:pos=0.0086,p95=1.000,pairs=100950,skip=13625
  [main] epoch 11/50  loss=0.01270737  avg_tau=-0.327  pred_std=0.0173799  select=+0.402  (53.85s)
    [main] val_query_f1=0.401515  range=0.000000  knn=0.000000  similarity=0.401515  clustering=0.000000
    [main] label_diag  similarity:pos=0.0086,p95=1.000,pairs=100932,skip=13625
  [main] epoch 12/50  loss=0.01264193  avg_tau=+0.000  pred_std=0.0172565  select=+0.402  (50.75s)
    [main] val_query_f1=0.401524  range=0.000000  knn=0.000000  similarity=0.401524  clustering=0.000000
    [main] label_diag  similarity:pos=0.0086,p95=1.000,pairs=101053,skip=13625
  [main] epoch 13/50  loss=0.01262269  avg_tau=+0.530  pred_std=0.0203715  select=+0.401  (92.01s)
    [main] val_query_f1=0.401422  range=0.000000  knn=0.000000  similarity=0.401422  clustering=0.000000
    [main] label_diag  similarity:pos=0.0086,p95=1.000,pairs=101015,skip=13625
  [main] epoch 14/50  loss=0.01255988  avg_tau=+0.000  pred_std=0.0191501  select=+0.401  (45.20s)
    [main] val_query_f1=0.401496  range=0.000000  knn=0.000000  similarity=0.401496  clustering=0.000000
    [main] label_diag  similarity:pos=0.0086,p95=1.000,pairs=100880,skip=13625
  [main] epoch 15/50  loss=0.01253717  avg_tau=+0.141  pred_std=0.0207081  select=+0.401  (49.92s)
    [main] val_query_f1=0.401422  range=0.000000  knn=0.000000  similarity=0.401422  clustering=0.000000
    [main] label_diag  similarity:pos=0.0086,p95=1.000,pairs=100876,skip=13625
  [main] epoch 16/50  loss=0.01250056  avg_tau=+0.980  pred_std=0.0203543  select=+0.403  (47.65s)  *** NEW BEST MODEL ***
    [main] val_query_f1=0.402533  range=0.000000  knn=0.000000  similarity=0.402533  clustering=0.000000
    [main] label_diag  similarity:pos=0.0086,p95=1.000,pairs=101078,skip=13625
  [main] epoch 17/50  loss=0.01247418  avg_tau=+0.487  pred_std=0.0209501  select=+0.353  (45.52s)
    [main] val_query_f1=0.353125  range=0.000000  knn=0.000000  similarity=0.353125  clustering=0.000000
    [main] label_diag  similarity:pos=0.0086,p95=1.000,pairs=101052,skip=13625
  [main] epoch 18/50  loss=0.01242919  avg_tau=-0.418  pred_std=0.0200291  select=+0.402  (148.89s)
    [main] val_query_f1=0.401526  range=0.000000  knn=0.000000  similarity=0.401526  clustering=0.000000
    [main] label_diag  similarity:pos=0.0086,p95=1.000,pairs=101128,skip=13625
  [main] epoch 19/50  loss=0.01236537  avg_tau=+0.552  pred_std=0.0197611  select=+0.401  (52.24s)
    [main] val_query_f1=0.401422  range=0.000000  knn=0.000000  similarity=0.401422  clustering=0.000000
    [main] label_diag  similarity:pos=0.0086,p95=1.000,pairs=100973,skip=13625
  [main] epoch 20/50  loss=0.01236048  avg_tau=+0.120  pred_std=0.021148  select=+0.401  (50.50s)
    [main] val_query_f1=0.401422  range=0.000000  knn=0.000000  similarity=0.401422  clustering=0.000000
    [main] label_diag  similarity:pos=0.0086,p95=1.000,pairs=101109,skip=13625
  [main] epoch 21/50  loss=0.01231650  avg_tau=+0.000  pred_std=0.0211578  select=+0.401  (72.59s)
    [main] val_query_f1=0.401454  range=0.000000  knn=0.000000  similarity=0.401454  clustering=0.000000
    [main] label_diag  similarity:pos=0.0086,p95=1.000,pairs=100987,skip=13625
  [main] epoch 22/50  loss=0.01229891  avg_tau=-0.167  pred_std=0.0186712  select=+0.401  (44.47s)
    [main] val_query_f1=0.401422  range=0.000000  knn=0.000000  similarity=0.401422  clustering=0.000000
    [main] label_diag  similarity:pos=0.0086,p95=1.000,pairs=100840,skip=13625
  [main] epoch 23/50  loss=0.01226474  avg_tau=+0.000  pred_std=0.0223562  select=+0.403  (48.22s)  *** NEW BEST MODEL ***
    [main] val_query_f1=0.402533  range=0.000000  knn=0.000000  similarity=0.402533  clustering=0.000000
    [main] label_diag  similarity:pos=0.0086,p95=1.000,pairs=101117,skip=13625
  [main] epoch 24/50  loss=0.01226320  avg_tau=+0.317  pred_std=0.0199228  select=+0.403  (42.36s)  *** NEW BEST MODEL ***
    [main] val_query_f1=0.402533  range=0.000000  knn=0.000000  similarity=0.402533  clustering=0.000000
    [main] label_diag  similarity:pos=0.0086,p95=1.000,pairs=100782,skip=13625
  [main] epoch 25/50  loss=0.01219805  avg_tau=-0.136  pred_std=0.0208804  select=+0.403  (88.18s)  *** NEW BEST MODEL ***
    [main] val_query_f1=0.402533  range=0.000000  knn=0.000000  similarity=0.402533  clustering=0.000000
    [main] label_diag  similarity:pos=0.0086,p95=1.000,pairs=101018,skip=13625
  [main] epoch 26/50  loss=0.01214877  avg_tau=-0.337  pred_std=0.0231851  select=+0.403  (85.20s)  *** NEW BEST MODEL ***
    [main] val_query_f1=0.402533  range=0.000000  knn=0.000000  similarity=0.402533  clustering=0.000000
    [main] label_diag  similarity:pos=0.0086,p95=1.000,pairs=101062,skip=13625
  [main] epoch 27/50  loss=0.01213800  avg_tau=+0.000  pred_std=0.0212056  select=+0.403  (83.55s)  *** NEW BEST MODEL ***
    [main] val_query_f1=0.402533  range=0.000000  knn=0.000000  similarity=0.402533  clustering=0.000000
    [main] label_diag  similarity:pos=0.0086,p95=1.000,pairs=101178,skip=13625
  [main] epoch 28/50  loss=0.01213068  avg_tau=+0.648  pred_std=0.0248027  select=+0.403  (347.76s)  *** NEW BEST MODEL ***
    [main] val_query_f1=0.402533  range=0.000000  knn=0.000000  similarity=0.402533  clustering=0.000000
    [main] label_diag  similarity:pos=0.0086,p95=1.000,pairs=101108,skip=13625
  [main] epoch 29/50  loss=0.01205446  avg_tau=-0.288  pred_std=0.0258519  select=+0.403  (313.15s)  *** NEW BEST MODEL ***
    [main] val_query_f1=0.402533  range=0.000000  knn=0.000000  similarity=0.402533  clustering=0.000000
    [main] label_diag  similarity:pos=0.0086,p95=1.000,pairs=100883,skip=13625
  [main] epoch 30/50  loss=0.01202606  avg_tau=+0.000  pred_std=0.0311411  select=+0.403  (303.79s)  *** NEW BEST MODEL ***
    [main] val_query_f1=0.402533  range=0.000000  knn=0.000000  similarity=0.402533  clustering=0.000000
    [main] label_diag  similarity:pos=0.0086,p95=1.000,pairs=100978,skip=13625
  [main] epoch 31/50  loss=0.01197303  avg_tau=+0.000  pred_std=0.025304  select=+0.403  (322.55s)  *** NEW BEST MODEL ***
    [main] val_query_f1=0.402533  range=0.000000  knn=0.000000  similarity=0.402533  clustering=0.000000
    [main] label_diag  similarity:pos=0.0086,p95=1.000,pairs=101045,skip=13625
  [main] epoch 32/50  loss=0.01192814  avg_tau=-0.236  pred_std=0.0263514  select=+0.403  (310.51s)  *** NEW BEST MODEL ***
    [main] val_query_f1=0.402533  range=0.000000  knn=0.000000  similarity=0.402533  clustering=0.000000
    [main] label_diag  similarity:pos=0.0086,p95=1.000,pairs=101160,skip=13625
  [main] epoch 33/50  loss=0.01188466  avg_tau=-0.879  pred_std=0.0324809  select=+0.360  (316.86s)
    [main] val_query_f1=0.360484  range=0.000000  knn=0.000000  similarity=0.360484  clustering=0.000000
    [main] label_diag  similarity:pos=0.0086,p95=1.000,pairs=101132,skip=13625
  [main] epoch 34/50  loss=0.01183510  avg_tau=+0.216  pred_std=0.0293983  select=+0.378  (312.55s)
    [main] val_query_f1=0.377772  range=0.000000  knn=0.000000  similarity=0.377772  clustering=0.000000
    [main] label_diag  similarity:pos=0.0086,p95=1.000,pairs=101044,skip=13625
  [main] epoch 35/50  loss=0.01176695  avg_tau=+0.367  pred_std=0.033563  select=+0.403  (297.71s)  *** NEW BEST MODEL ***
    [main] val_query_f1=0.402533  range=0.000000  knn=0.000000  similarity=0.402533  clustering=0.000000
    [main] label_diag  similarity:pos=0.0086,p95=1.000,pairs=101055,skip=13625
  [main] epoch 36/50  loss=0.01176213  avg_tau=+0.000  pred_std=0.0326808  select=+0.379  (70.62s)
    [main] val_query_f1=0.379331  range=0.000000  knn=0.000000  similarity=0.379331  clustering=0.000000
    [main] label_diag  similarity:pos=0.0086,p95=1.000,pairs=100945,skip=13625
  [main] epoch 37/50  loss=0.01175165  avg_tau=+0.056  pred_std=0.0431071  select=+0.404  (52.13s)  *** NEW BEST MODEL ***
    [main] val_query_f1=0.403901  range=0.000000  knn=0.000000  similarity=0.403901  clustering=0.000000
    [main] label_diag  similarity:pos=0.0086,p95=1.000,pairs=101027,skip=13625
  [main] epoch 38/50  loss=0.01169278  avg_tau=+0.000  pred_std=0.0452522  select=+0.402  (52.41s)
    [main] val_query_f1=0.401579  range=0.000000  knn=0.000000  similarity=0.401579  clustering=0.000000
    [main] label_diag  similarity:pos=0.0086,p95=1.000,pairs=101037,skip=13625
  [main] epoch 39/50  loss=0.01178785  avg_tau=+0.000  pred_std=0.0453036  select=+0.402  (55.77s)
    [main] val_query_f1=0.401742  range=0.000000  knn=0.000000  similarity=0.401742  clustering=0.000000
    [main] label_diag  similarity:pos=0.0086,p95=1.000,pairs=101122,skip=13625
  [main] epoch 40/50  loss=0.01168107  avg_tau=-0.457  pred_std=0.0401519  select=+0.402  (55.34s)
    [main] val_query_f1=0.401527  range=0.000000  knn=0.000000  similarity=0.401527  clustering=0.000000
    [main] label_diag  similarity:pos=0.0086,p95=1.000,pairs=101113,skip=13625
  [main] epoch 41/50  loss=0.01174321  avg_tau=+0.000  pred_std=0.0417497  select=+0.357  (47.66s)
    [main] val_query_f1=0.356565  range=0.000000  knn=0.000000  similarity=0.356565  clustering=0.000000
    [main] label_diag  similarity:pos=0.0086,p95=1.000,pairs=101113,skip=13625
  [main] epoch 42/50  loss=0.01158326  avg_tau=+0.176  pred_std=0.0897225  select=+0.374  (55.01s)
    [main] val_query_f1=0.373622  range=0.000000  knn=0.000000  similarity=0.373622  clustering=0.000000
    [main] label_diag  similarity:pos=0.0086,p95=1.000,pairs=101136,skip=13625
  [main] epoch 43/50  loss=0.01156750  avg_tau=+0.859  pred_std=0.101396  select=+0.353  (50.54s)
    [main] val_query_f1=0.352898  range=0.000000  knn=0.000000  similarity=0.352898  clustering=0.000000
    [main] label_diag  similarity:pos=0.0086,p95=1.000,pairs=101054,skip=13625
  [main] epoch 44/50  loss=0.01156570  avg_tau=+0.045  pred_std=0.0634062  select=+0.408  (53.22s)  *** NEW BEST MODEL ***
    [main] val_query_f1=0.407709  range=0.000000  knn=0.000000  similarity=0.407709  clustering=0.000000
    [main] label_diag  similarity:pos=0.0086,p95=1.000,pairs=100982,skip=13625
  [main] epoch 45/50  loss=0.01154805  avg_tau=+0.232  pred_std=0.0557922  select=+0.402  (52.94s)
    [main] val_query_f1=0.402196  range=0.000000  knn=0.000000  similarity=0.402196  clustering=0.000000
    [main] label_diag  similarity:pos=0.0086,p95=1.000,pairs=100969,skip=13625
  [main] epoch 46/50  loss=0.01155474  avg_tau=+0.000  pred_std=0.0909844  select=+0.403  (51.47s)
    [main] val_query_f1=0.402533  range=0.000000  knn=0.000000  similarity=0.402533  clustering=0.000000
    [main] label_diag  similarity:pos=0.0086,p95=1.000,pairs=101160,skip=13625
  [main] epoch 47/50  loss=0.01157454  avg_tau=+0.570  pred_std=0.0466817  select=+0.365  (54.64s)
    [main] val_query_f1=0.365018  range=0.000000  knn=0.000000  similarity=0.365018  clustering=0.000000
    [main] label_diag  similarity:pos=0.0086,p95=1.000,pairs=101114,skip=13625
  [main] epoch 48/50  loss=0.01153712  avg_tau=-0.065  pred_std=0.0502245  select=+0.403  (49.91s)
    [main] val_query_f1=0.402533  range=0.000000  knn=0.000000  similarity=0.402533  clustering=0.000000
    [main] label_diag  similarity:pos=0.0086,p95=1.000,pairs=100955,skip=13625
  [main] epoch 49/50  loss=0.01138283  avg_tau=+0.678  pred_std=0.175639  select=+0.354  (52.07s)
    [main] val_query_f1=0.354036  range=0.000000  knn=0.000000  similarity=0.354036  clustering=0.000000
    [main] label_diag  similarity:pos=0.0086,p95=1.000,pairs=100917,skip=13625
  [main] epoch 50/50  loss=0.01132032  avg_tau=+0.095  pred_std=0.303621  select=+0.403  (51.87s)
    [main] val_query_f1=0.402533  range=0.000000  knn=0.000000  similarity=0.402533  clustering=0.000000
    [main] label_diag  similarity:pos=0.0086,p95=1.000,pairs=101043,skip=13625
  [main] restored best diagnostic epoch 44/50 (selection=+0.408, loss=0.01156570, val_f1=0.407709)
[train-model (50 epochs)] done in 5274.86s
[save-model] starting...
  saved checkpoint to /ceph/project/P8-1/QDS/qds_v2/src/models/saved_models/model_2026-02-05_eval_2026-02-08_cov0p30_similarity_rs0p015_rt0p04_819894.pt  (epochs_trained=50, best_epoch=44, best_loss=0.01156570, train_mix=similarity=1.0, eval_mix=similarity=1.0)
[save-model] done in 0.34s
[evaluate-matched] starting...
[  eval MLQDS] starting...
[  eval MLQDS] done in 214.28s
[  eval Random] starting...
[  eval Random] done in 46.58s
[  eval UniformTemporal] starting...
[  eval UniformTemporal] done in 40.33s
[  eval newUniformTemporal] starting...
[  eval newUniformTemporal] done in 46.39s
[  eval DouglasPeucker] starting...
[  eval DouglasPeucker] done in 42.53s
[  eval Oracle] starting...
[  eval Oracle] done in 45.28s
[evaluate-matched] done in 467.70s
[evaluate-shift] starting...
[evaluate-shift] done in 0.00s
[write-results] starting...
  wrote results to /ceph/project/P8-1/QDS/qds_v2/results
[write-results] done in 0.26s
[write-simplified-csv] starting...
  wrote 1296472 retained points across 1296472 samples to /ceph/project/P8-1/AISDATA/ML_processed_AIS_files/run_2026-02-05_eval_2026-02-08_cov0p30_similarity_rs0p015_rt0p04_819894/ML_simplified_eval.csv
[write-simplified-csv] done in 2.66s
[trajectory-length-loss] starting...
  [length-loss] 1564 trajectories  avg_orig_km=114.17  avg_simp_km=113.56  avg_length_loss=0.246  avg_points_removed=1932.5
  [length-loss] filtered out 569 trajectories with orig_km < 1.00 (likely docked/stationary) from top-25 ranking

  [length-loss] Top 25 MOST distorted (highest length_loss):
  rank        mmsi     orig_km     simp_km  length_loss    kept   removed
     1   211457860        4.02        0.89        0.777      76       176
     2   211846360        3.24        1.12        0.654      92       212
     3   219004266        2.91        1.04        0.642     542      1262
     4   265513270       20.45        7.79        0.619      15        32
     5   259447000        4.08        1.57        0.614     312       725
     6   211385020       10.99        4.39        0.601      14        31
     7   218030270       16.80        6.73        0.599     207       483
     8   245697000        2.89        1.19        0.589     117       270
     9   219001582        3.33        1.39        0.584     763      1779
    10   219003217        2.43        1.02        0.581     206       478
    11   219798000        1.09        0.46        0.579     394       917
    12   511100505        6.86        2.93        0.573     172       400
    13   219003113        1.97        0.88        0.554     640      1492
    14   220343000        1.42        0.64        0.550     199       464
    15   219440000        1.32        0.60        0.548     127       294
    16   341832000        1.19        0.56        0.532      72       166
    17   219005513        2.67        1.25        0.532     654      1523
    18   215064000        2.40        1.13        0.531     128       296
    19   219024715        3.20        1.51        0.529    1272      2966
    20   352005487        5.89        2.78        0.527     139       323
    21   219017784        1.42        0.68        0.524     156       362
    22   219021176        1.75        0.84        0.516    1133      2643
    23   219005921        1.26        0.62        0.513     423       985
    24   218003000        5.00        2.47        0.506    1719      4008
    25   219014162        2.42        1.20        0.506     871      2031

  [length-loss] Top 25 LEAST distorted (lowest length_loss):
  rank        mmsi     orig_km     simp_km  length_loss    kept   removed
     1   636019492      164.27      164.27        0.000      37        84
     2   255916022       25.50       25.50        0.000     118       275
     3   273268690       12.12       12.12        0.000      21        48
     4   311055400       97.53       97.53        0.000     441      1028
     5   636024739      112.29      112.29        0.000     408       951
     6   230618000       98.61       98.60        0.000     489      1140
     7   258849000        5.65        5.65        0.000      10        23
     8   219560000      384.96      384.96        0.000    1739      4056
     9   373267000      301.29      301.29        0.000    1270      2963
    10   219028116      436.51      436.50        0.000    1985      4631
    11   255814000      155.05      155.05        0.000     721      1682
    12   636022717      266.92      266.92        0.000    1380      3220
    13   230987000      367.62      367.62        0.000    1491      3477
    14   215857000       36.63       36.63        0.000     151       350
    15   636020533      140.00      140.00        0.000     319       742
    16   477149200       54.20       54.20        0.000     261       608
    17   255806436       88.16       88.16        0.000     398       928
    18   538011780      181.37      181.37        0.000     902      2104
    19   241689000       36.78       36.78        0.000      95       219
    20   230982000      343.48      343.48        0.000    1390      3241
    21   258059000       19.92       19.92        0.000      16        35
    22   230617000      239.92      239.92        0.000    1216      2836
    23   210425000       95.04       95.04        0.000     291       676
    24   245897000      546.18      546.17        0.000    2907      6782
    25   636018491      116.16      116.16        0.000     551      1283
[trajectory-length-loss] done in 12.13s
[pipeline] total runtime 5770.23s

Matched-workload table
Method                     AggregateF1   Compression   Latency(ms)        Type
------------------------------------------------------------------------------
MLQDS                         0.416155        0.3002     169105.23         all
  - range                     0.000000                                   range
  - knn                       0.000000                                     knn
  - similarity                0.416155                              similarity
  - clustering                0.000000                              clustering
Random                        0.410154        0.3007        447.03         all
  - range                     0.000000                                   range
  - knn                       0.000000                                     knn
  - similarity                0.410154                              similarity
  - clustering                0.000000                              clustering
UniformTemporal               0.231756        0.3009        354.24         all
  - range                     0.000000                                   range
  - knn                       0.000000                                     knn
  - similarity                0.231756                              similarity
  - clustering                0.000000                              clustering
newUniformTemporal            0.428406        0.3002        136.86         all
  - range                     0.000000                                   range
  - knn                       0.000000                                     knn
  - similarity                0.428406                              similarity
  - clustering                0.000000                              clustering
DouglasPeucker                0.208601        0.3002        484.74         all
  - range                     0.000000                                   range
  - knn                       0.000000                                     knn
  - similarity                0.208601                              similarity
  - clustering                0.000000                              clustering
Oracle                        0.935236        0.3007        387.76         all
  - range                     0.000000                                   range
  - knn                       0.000000                                     knn
  - similarity                0.935236                              similarity
  - clustering                0.000000                              clustering

Distribution-shift table
Train\Eval                    similarity=1.0
--------------------------------------------
similarity=1.0                        0.4162
