[config] model=turn_aware  workload=clustering  epochs=75  n_queries=150  query_coverage=0.3  max_queries=3000  compression_ratio=0.3  lr=0.0005  pointwise_loss_weight=0.25  gradient_clip_norm=1.0  diagnostic_every=1  checkpoint_selection_metric=f1  f1_diagnostic_every=1  range_spatial_fraction=0.015  range_time_fraction=0.04  knn_k=12  mlqds_temporal_fraction=0.5  residual_label_mode=temporal
[load-data] reading train CSV: /ceph/project/P8-1/AISDATA/preprocessed_AIS_files/preprocessed_2026-02-05.csv
[load-data] reading eval CSV: /ceph/project/P8-1/AISDATA/preprocessed_AIS_files/preprocessed_2026-02-08.csv
[load-data] train=1580 eval=1564 trajectories loaded in 50.62s
[pipeline] train=1580 trajectories, eval=1564 trajectories, train_mix=clustering=1.0, eval_mix=clustering=1.0
[split] starting...
  split mode=separate CSVs  train=1343  eval=1564
  checkpoint-selection validation=237 trajectories
[split] done in 0.00s
[build-datasets] starting...
[build-datasets] done in 0.32s
[generate-workloads] starting...
  train_workload=399 queries  coverage=30.03% (1144521/3811001)
  eval_workload=385 queries  coverage=30.00% (1295763/4318960)
  selection_workload=300 queries  coverage=32.27% (186328/577411)
[generate-workloads] done in 64.45s
[write-queries-geojson] starting...
  wrote    0 range queries to /ceph/project/P8-1/AISDATA/Query_border_files/run_2026-02-05_eval_2026-02-08_cov0p30_clustering_rs0p015_rt0p04_820657/queries_range.geojson
  wrote    0 knn queries to /ceph/project/P8-1/AISDATA/Query_border_files/run_2026-02-05_eval_2026-02-08_cov0p30_clustering_rs0p015_rt0p04_820657/queries_knn.geojson
  wrote    0 similarity queries to /ceph/project/P8-1/AISDATA/Query_border_files/run_2026-02-05_eval_2026-02-08_cov0p30_clustering_rs0p015_rt0p04_820657/queries_similarity.geojson
  wrote  385 clustering queries to /ceph/project/P8-1/AISDATA/Query_border_files/run_2026-02-05_eval_2026-02-08_cov0p30_clustering_rs0p015_rt0p04_820657/queries_clustering.geojson
[write-queries-geojson] done in 0.02s
[train-model (75 epochs)] starting...
  [main] epoch 01/75  loss=0.09742397  avg_tau=-0.054  pred_std=0.0301416  select=+0.849  (134.54s)
    [main] val_query_f1=0.848642  range=0.000000  knn=0.000000  similarity=0.000000  clustering=0.848642
    [main] label_diag  clustering:pos=0.2858,p95=1.000,pairs=448418,skip=7471
  [main] epoch 02/75  loss=0.08956355  avg_tau=+0.060  pred_std=0.0326212  select=+0.851  (124.58s)  *** NEW BEST MODEL ***
    [main] val_query_f1=0.851320  range=0.000000  knn=0.000000  similarity=0.000000  clustering=0.851320
    [main] label_diag  clustering:pos=0.2858,p95=1.000,pairs=448154,skip=7471
  [main] epoch 03/75  loss=0.08563936  avg_tau=-0.060  pred_std=0.0374699  select=+0.851  (124.17s)  *** NEW BEST MODEL ***
    [main] val_query_f1=0.851320  range=0.000000  knn=0.000000  similarity=0.000000  clustering=0.851320
    [main] label_diag  clustering:pos=0.2858,p95=1.000,pairs=448717,skip=7471
  [main] epoch 04/75  loss=0.08308848  avg_tau=+0.053  pred_std=0.0305824  select=+0.853  (104.89s)  *** NEW BEST MODEL ***
    [main] val_query_f1=0.853203  range=0.000000  knn=0.000000  similarity=0.000000  clustering=0.853203
    [main] label_diag  clustering:pos=0.2858,p95=1.000,pairs=449199,skip=7471
  [main] epoch 05/75  loss=0.08148965  avg_tau=-0.082  pred_std=0.0258696  select=+0.849  (124.59s)
    [main] val_query_f1=0.849461  range=0.000000  knn=0.000000  similarity=0.000000  clustering=0.849461
    [main] label_diag  clustering:pos=0.2858,p95=1.000,pairs=448554,skip=7471
  [main] epoch 06/75  loss=0.08056734  avg_tau=+0.069  pred_std=0.0233449  select=+0.849  (98.09s)
    [main] val_query_f1=0.848960  range=0.000000  knn=0.000000  similarity=0.000000  clustering=0.848960
    [main] label_diag  clustering:pos=0.2858,p95=1.000,pairs=448058,skip=7471
  [main] epoch 07/75  loss=0.08022830  avg_tau=+0.042  pred_std=0.0413673  select=+0.848  (121.51s)
    [main] val_query_f1=0.848002  range=0.000000  knn=0.000000  similarity=0.000000  clustering=0.848002
    [main] label_diag  clustering:pos=0.2858,p95=1.000,pairs=448235,skip=7471
  [main] epoch 08/75  loss=0.07991712  avg_tau=+0.008  pred_std=0.0479926  select=+0.842  (125.15s)
    [main] val_query_f1=0.842335  range=0.000000  knn=0.000000  similarity=0.000000  clustering=0.842335
    [main] label_diag  clustering:pos=0.2858,p95=1.000,pairs=448808,skip=7471
  [main] epoch 09/75  loss=0.07979791  avg_tau=-0.007  pred_std=0.0407444  select=+0.851  (121.04s)
    [main] val_query_f1=0.851287  range=0.000000  knn=0.000000  similarity=0.000000  clustering=0.851287
    [main] label_diag  clustering:pos=0.2858,p95=1.000,pairs=448833,skip=7471
  [main] epoch 10/75  loss=0.07970236  avg_tau=+0.142  pred_std=0.0620495  select=+0.851  (123.72s)
    [main] val_query_f1=0.851285  range=0.000000  knn=0.000000  similarity=0.000000  clustering=0.851285
    [main] label_diag  clustering:pos=0.2858,p95=1.000,pairs=448695,skip=7471
  [main] epoch 11/75  loss=0.07964627  avg_tau=+0.024  pred_std=0.035762  select=+0.851  (120.95s)
    [main] val_query_f1=0.851281  range=0.000000  knn=0.000000  similarity=0.000000  clustering=0.851281
    [main] label_diag  clustering:pos=0.2858,p95=1.000,pairs=448261,skip=7471
  [main] epoch 12/75  loss=0.07957128  avg_tau=-0.060  pred_std=0.0461434  select=+0.851  (94.30s)
    [main] val_query_f1=0.851281  range=0.000000  knn=0.000000  similarity=0.000000  clustering=0.851281
    [main] label_diag  clustering:pos=0.2858,p95=1.000,pairs=448228,skip=7471
  [main] epoch 13/75  loss=0.07940631  avg_tau=+0.047  pred_std=0.057394  select=+0.851  (118.69s)
    [main] val_query_f1=0.851259  range=0.000000  knn=0.000000  similarity=0.000000  clustering=0.851259
    [main] label_diag  clustering:pos=0.2858,p95=1.000,pairs=448620,skip=7471
  [main] epoch 14/75  loss=0.07932751  avg_tau=-0.005  pred_std=0.0633956  select=+0.851  (119.88s)
    [main] val_query_f1=0.851180  range=0.000000  knn=0.000000  similarity=0.000000  clustering=0.851180
    [main] label_diag  clustering:pos=0.2858,p95=1.000,pairs=449203,skip=7471
  [main] epoch 15/75  loss=0.07937583  avg_tau=+0.090  pred_std=0.0509997  select=+0.853  (121.37s)
    [main] val_query_f1=0.852501  range=0.000000  knn=0.000000  similarity=0.000000  clustering=0.852501
    [main] label_diag  clustering:pos=0.2858,p95=1.000,pairs=448271,skip=7471
  [main] epoch 16/75  loss=0.07927009  avg_tau=+0.134  pred_std=0.0541979  select=+0.851  (120.69s)
    [main] val_query_f1=0.851399  range=0.000000  knn=0.000000  similarity=0.000000  clustering=0.851399
    [main] label_diag  clustering:pos=0.2858,p95=1.000,pairs=448915,skip=7471
  [main] epoch 17/75  loss=0.07922013  avg_tau=+0.075  pred_std=0.0746491  select=+0.851  (120.20s)
    [main] val_query_f1=0.851287  range=0.000000  knn=0.000000  similarity=0.000000  clustering=0.851287
    [main] label_diag  clustering:pos=0.2858,p95=1.000,pairs=448626,skip=7471
  [main] epoch 18/75  loss=0.07960196  avg_tau=-0.017  pred_std=0.0289106  select=+0.851  (98.26s)
    [main] val_query_f1=0.851284  range=0.000000  knn=0.000000  similarity=0.000000  clustering=0.851284
    [main] label_diag  clustering:pos=0.2858,p95=1.000,pairs=448289,skip=7471
  [main] epoch 19/75  loss=0.07951833  avg_tau=+0.012  pred_std=0.0522354  select=+0.851  (119.56s)
    [main] val_query_f1=0.851292  range=0.000000  knn=0.000000  similarity=0.000000  clustering=0.851292
    [main] label_diag  clustering:pos=0.2858,p95=1.000,pairs=448224,skip=7471
  [main] epoch 20/75  loss=0.07902918  avg_tau=-0.022  pred_std=0.0430502  select=+0.852  (120.26s)
    [main] val_query_f1=0.851548  range=0.000000  knn=0.000000  similarity=0.000000  clustering=0.851548
    [main] label_diag  clustering:pos=0.2858,p95=1.000,pairs=448194,skip=7471
  [main] epoch 21/75  loss=0.07903689  avg_tau=+0.026  pred_std=0.0595294  select=+0.851  (121.86s)
    [main] val_query_f1=0.851230  range=0.000000  knn=0.000000  similarity=0.000000  clustering=0.851230
    [main] label_diag  clustering:pos=0.2858,p95=1.000,pairs=448876,skip=7471
  [main] epoch 22/75  loss=0.07917251  avg_tau=+0.081  pred_std=0.052961  select=+0.852  (122.05s)
    [main] val_query_f1=0.852110  range=0.000000  knn=0.000000  similarity=0.000000  clustering=0.852110
    [main] label_diag  clustering:pos=0.2858,p95=1.000,pairs=448366,skip=7471
  [main] epoch 23/75  loss=0.07930525  avg_tau=+0.014  pred_std=0.0427359  select=+0.856  (121.05s)  *** NEW BEST MODEL ***
    [main] val_query_f1=0.855898  range=0.000000  knn=0.000000  similarity=0.000000  clustering=0.855898
    [main] label_diag  clustering:pos=0.2858,p95=1.000,pairs=448860,skip=7471
  [main] epoch 24/75  loss=0.07902435  avg_tau=+0.019  pred_std=0.0682347  select=+0.851  (124.54s)
    [main] val_query_f1=0.851320  range=0.000000  knn=0.000000  similarity=0.000000  clustering=0.851320
    [main] label_diag  clustering:pos=0.2858,p95=1.000,pairs=448572,skip=7471
  [main] epoch 25/75  loss=0.07892212  avg_tau=-0.046  pred_std=0.0842991  select=+0.851  (125.21s)
    [main] val_query_f1=0.851320  range=0.000000  knn=0.000000  similarity=0.000000  clustering=0.851320
    [main] label_diag  clustering:pos=0.2858,p95=1.000,pairs=448398,skip=7471
  [main] epoch 26/75  loss=0.07889887  avg_tau=+0.013  pred_std=0.0576388  select=+0.851  (125.38s)
    [main] val_query_f1=0.851320  range=0.000000  knn=0.000000  similarity=0.000000  clustering=0.851320
    [main] label_diag  clustering:pos=0.2858,p95=1.000,pairs=448597,skip=7471
  [main] epoch 27/75  loss=0.07878722  avg_tau=+0.042  pred_std=0.0768926  select=+0.851  (138.36s)
    [main] val_query_f1=0.851320  range=0.000000  knn=0.000000  similarity=0.000000  clustering=0.851320
    [main] label_diag  clustering:pos=0.2858,p95=1.000,pairs=448595,skip=7471
  [main] epoch 28/75  loss=0.07868602  avg_tau=+0.079  pred_std=0.0709611  select=+0.851  (121.78s)
    [main] val_query_f1=0.851320  range=0.000000  knn=0.000000  similarity=0.000000  clustering=0.851320
    [main] label_diag  clustering:pos=0.2858,p95=1.000,pairs=449068,skip=7471
  [main] epoch 29/75  loss=0.07861967  avg_tau=-0.049  pred_std=0.0561082  select=+0.851  (123.86s)
    [main] val_query_f1=0.851320  range=0.000000  knn=0.000000  similarity=0.000000  clustering=0.851320
    [main] label_diag  clustering:pos=0.2858,p95=1.000,pairs=448845,skip=7471
  [main] epoch 30/75  loss=0.07858179  avg_tau=+0.017  pred_std=0.059932  select=+0.851  (108.24s)
    [main] val_query_f1=0.851320  range=0.000000  knn=0.000000  similarity=0.000000  clustering=0.851320
    [main] label_diag  clustering:pos=0.2858,p95=1.000,pairs=448864,skip=7471
  [main] epoch 31/75  loss=0.07859618  avg_tau=-0.040  pred_std=0.0765272  select=+0.851  (123.14s)
    [main] val_query_f1=0.851320  range=0.000000  knn=0.000000  similarity=0.000000  clustering=0.851320
    [main] label_diag  clustering:pos=0.2858,p95=1.000,pairs=448446,skip=7471
  [main] epoch 32/75  loss=0.07837514  avg_tau=+0.067  pred_std=0.0724655  select=+0.851  (123.17s)
    [main] val_query_f1=0.851320  range=0.000000  knn=0.000000  similarity=0.000000  clustering=0.851320
    [main] label_diag  clustering:pos=0.2858,p95=1.000,pairs=448564,skip=7471
  [main] epoch 33/75  loss=0.07836538  avg_tau=+0.030  pred_std=0.0603958  select=+0.851  (122.88s)
    [main] val_query_f1=0.851320  range=0.000000  knn=0.000000  similarity=0.000000  clustering=0.851320
    [main] label_diag  clustering:pos=0.2858,p95=1.000,pairs=448602,skip=7471
  [main] epoch 34/75  loss=0.07835587  avg_tau=-0.053  pred_std=0.094214  select=+0.851  (122.80s)
    [main] val_query_f1=0.851320  range=0.000000  knn=0.000000  similarity=0.000000  clustering=0.851320
    [main] label_diag  clustering:pos=0.2858,p95=1.000,pairs=448021,skip=7471
  [main] epoch 35/75  loss=0.07824787  avg_tau=-0.023  pred_std=0.0848598  select=+0.851  (120.05s)
    [main] val_query_f1=0.851320  range=0.000000  knn=0.000000  similarity=0.000000  clustering=0.851320
    [main] label_diag  clustering:pos=0.2858,p95=1.000,pairs=448447,skip=7471
  [main] epoch 36/75  loss=0.07833905  avg_tau=+0.015  pred_std=0.077729  select=+0.851  (121.56s)
    [main] val_query_f1=0.851320  range=0.000000  knn=0.000000  similarity=0.000000  clustering=0.851320
    [main] label_diag  clustering:pos=0.2858,p95=1.000,pairs=448198,skip=7471
  [main] epoch 37/75  loss=0.07804151  avg_tau=+0.084  pred_std=0.0951234  select=+0.851  (123.77s)
    [main] val_query_f1=0.851320  range=0.000000  knn=0.000000  similarity=0.000000  clustering=0.851320
    [main] label_diag  clustering:pos=0.2858,p95=1.000,pairs=448562,skip=7471
  [main] epoch 38/75  loss=0.07801745  avg_tau=-0.004  pred_std=0.105887  select=+0.851  (87.88s)
    [main] val_query_f1=0.851320  range=0.000000  knn=0.000000  similarity=0.000000  clustering=0.851320
    [main] label_diag  clustering:pos=0.2858,p95=1.000,pairs=448783,skip=7471
  [main] epoch 39/75  loss=0.07798144  avg_tau=+0.083  pred_std=0.093699  select=+0.851  (119.63s)
    [main] val_query_f1=0.851320  range=0.000000  knn=0.000000  similarity=0.000000  clustering=0.851320
    [main] label_diag  clustering:pos=0.2858,p95=1.000,pairs=448674,skip=7471
  [main] epoch 40/75  loss=0.07791275  avg_tau=-0.052  pred_std=0.113955  select=+0.851  (120.66s)
    [main] val_query_f1=0.851320  range=0.000000  knn=0.000000  similarity=0.000000  clustering=0.851320
    [main] label_diag  clustering:pos=0.2858,p95=1.000,pairs=448908,skip=7471
  [main] epoch 41/75  loss=0.07788357  avg_tau=+0.035  pred_std=0.0906545  select=+0.851  (107.15s)
    [main] val_query_f1=0.851320  range=0.000000  knn=0.000000  similarity=0.000000  clustering=0.851320
    [main] label_diag  clustering:pos=0.2858,p95=1.000,pairs=448465,skip=7471
  [main] epoch 42/75  loss=0.07771346  avg_tau=+0.019  pred_std=0.101016  select=+0.851  (117.61s)
    [main] val_query_f1=0.851320  range=0.000000  knn=0.000000  similarity=0.000000  clustering=0.851320
    [main] label_diag  clustering:pos=0.2858,p95=1.000,pairs=448844,skip=7471
  [main] epoch 43/75  loss=0.07764981  avg_tau=+0.127  pred_std=0.103594  select=+0.851  (79.16s)
    [main] val_query_f1=0.851320  range=0.000000  knn=0.000000  similarity=0.000000  clustering=0.851320
    [main] label_diag  clustering:pos=0.2858,p95=1.000,pairs=448790,skip=7471
  [main] epoch 44/75  loss=0.07757582  avg_tau=-0.012  pred_std=0.111683  select=+0.851  (125.03s)
    [main] val_query_f1=0.851320  range=0.000000  knn=0.000000  similarity=0.000000  clustering=0.851320
    [main] label_diag  clustering:pos=0.2858,p95=1.000,pairs=448276,skip=7471
  [main] epoch 45/75  loss=0.07750732  avg_tau=+0.051  pred_std=0.111356  select=+0.852  (123.92s)
    [main] val_query_f1=0.851728  range=0.000000  knn=0.000000  similarity=0.000000  clustering=0.851728
    [main] label_diag  clustering:pos=0.2858,p95=1.000,pairs=448417,skip=7471
  [main] epoch 46/75  loss=0.07738908  avg_tau=+0.052  pred_std=0.125668  select=+0.851  (110.94s)
    [main] val_query_f1=0.851320  range=0.000000  knn=0.000000  similarity=0.000000  clustering=0.851320
    [main] label_diag  clustering:pos=0.2858,p95=1.000,pairs=449129,skip=7471
  [main] epoch 47/75  loss=0.07740737  avg_tau=-0.033  pred_std=0.103463  select=+0.851  (122.71s)
    [main] val_query_f1=0.851320  range=0.000000  knn=0.000000  similarity=0.000000  clustering=0.851320
    [main] label_diag  clustering:pos=0.2858,p95=1.000,pairs=449051,skip=7471
  [main] epoch 48/75  loss=0.07735435  avg_tau=+0.032  pred_std=0.097705  select=+0.851  (126.40s)
    [main] val_query_f1=0.851320  range=0.000000  knn=0.000000  similarity=0.000000  clustering=0.851320
    [main] label_diag  clustering:pos=0.2858,p95=1.000,pairs=448323,skip=7471
  [main] epoch 49/75  loss=0.07709749  avg_tau=+0.084  pred_std=0.125404  select=+0.857  (116.80s)  *** NEW BEST MODEL ***
    [main] val_query_f1=0.857171  range=0.000000  knn=0.000000  similarity=0.000000  clustering=0.857171
    [main] label_diag  clustering:pos=0.2858,p95=1.000,pairs=449144,skip=7471
  [main] epoch 50/75  loss=0.07721939  avg_tau=+0.071  pred_std=0.121974  select=+0.851  (123.10s)
    [main] val_query_f1=0.851320  range=0.000000  knn=0.000000  similarity=0.000000  clustering=0.851320
    [main] label_diag  clustering:pos=0.2858,p95=1.000,pairs=448952,skip=7471
  [main] epoch 51/75  loss=0.07697683  avg_tau=+0.001  pred_std=0.116958  select=+0.851  (124.67s)
    [main] val_query_f1=0.851283  range=0.000000  knn=0.000000  similarity=0.000000  clustering=0.851283
    [main] label_diag  clustering:pos=0.2858,p95=1.000,pairs=449288,skip=7471
  [main] epoch 52/75  loss=0.07686124  avg_tau=+0.088  pred_std=0.121408  select=+0.853  (122.93s)
    [main] val_query_f1=0.853478  range=0.000000  knn=0.000000  similarity=0.000000  clustering=0.853478
    [main] label_diag  clustering:pos=0.2858,p95=1.000,pairs=448198,skip=7471
  [main] epoch 53/75  loss=0.07688492  avg_tau=+0.050  pred_std=0.124505  select=+0.851  (95.37s)
    [main] val_query_f1=0.851358  range=0.000000  knn=0.000000  similarity=0.000000  clustering=0.851358
    [main] label_diag  clustering:pos=0.2858,p95=1.000,pairs=448824,skip=7471
  [main] epoch 54/75  loss=0.07666348  avg_tau=-0.074  pred_std=0.111569  select=+0.851  (107.12s)
    [main] val_query_f1=0.851320  range=0.000000  knn=0.000000  similarity=0.000000  clustering=0.851320
    [main] label_diag  clustering:pos=0.2858,p95=1.000,pairs=449009,skip=7471
  [main] epoch 55/75  loss=0.07687367  avg_tau=+0.139  pred_std=0.123633  select=+0.851  (88.95s)
    [main] val_query_f1=0.851320  range=0.000000  knn=0.000000  similarity=0.000000  clustering=0.851320
    [main] label_diag  clustering:pos=0.2858,p95=1.000,pairs=448572,skip=7471
  [main] epoch 56/75  loss=0.07642948  avg_tau=+0.110  pred_std=0.113545  select=+0.850  (121.04s)
    [main] val_query_f1=0.849970  range=0.000000  knn=0.000000  similarity=0.000000  clustering=0.849970
    [main] label_diag  clustering:pos=0.2858,p95=1.000,pairs=448369,skip=7471
  [main] epoch 57/75  loss=0.07636691  avg_tau=+0.135  pred_std=0.140047  select=+0.858  (119.42s)  *** NEW BEST MODEL ***
    [main] val_query_f1=0.857542  range=0.000000  knn=0.000000  similarity=0.000000  clustering=0.857542
    [main] label_diag  clustering:pos=0.2858,p95=1.000,pairs=448216,skip=7471
  [main] epoch 58/75  loss=0.07626802  avg_tau=+0.096  pred_std=0.14445  select=+0.851  (86.41s)
    [main] val_query_f1=0.851320  range=0.000000  knn=0.000000  similarity=0.000000  clustering=0.851320
    [main] label_diag  clustering:pos=0.2858,p95=1.000,pairs=448278,skip=7471
  [main] epoch 59/75  loss=0.07613253  avg_tau=+0.131  pred_std=0.125882  select=+0.851  (113.76s)
    [main] val_query_f1=0.851401  range=0.000000  knn=0.000000  similarity=0.000000  clustering=0.851401
    [main] label_diag  clustering:pos=0.2858,p95=1.000,pairs=448741,skip=7471
  [main] epoch 60/75  loss=0.07590559  avg_tau=+0.071  pred_std=0.157301  select=+0.851  (107.85s)
    [main] val_query_f1=0.851320  range=0.000000  knn=0.000000  similarity=0.000000  clustering=0.851320
    [main] label_diag  clustering:pos=0.2858,p95=1.000,pairs=448780,skip=7471
  [main] epoch 61/75  loss=0.07593903  avg_tau=-0.065  pred_std=0.14542  select=+0.851  (114.75s)
    [main] val_query_f1=0.851320  range=0.000000  knn=0.000000  similarity=0.000000  clustering=0.851320
    [main] label_diag  clustering:pos=0.2858,p95=1.000,pairs=448625,skip=7471
  [main] epoch 62/75  loss=0.07597806  avg_tau=+0.094  pred_std=0.142501  select=+0.852  (119.12s)
    [main] val_query_f1=0.851735  range=0.000000  knn=0.000000  similarity=0.000000  clustering=0.851735
    [main] label_diag  clustering:pos=0.2858,p95=1.000,pairs=448154,skip=7471
  [main] epoch 63/75  loss=0.07573816  avg_tau=+0.073  pred_std=0.158884  select=+0.851  (107.84s)
    [main] val_query_f1=0.851320  range=0.000000  knn=0.000000  similarity=0.000000  clustering=0.851320
    [main] label_diag  clustering:pos=0.2858,p95=1.000,pairs=448136,skip=7471
  [main] epoch 64/75  loss=0.07543781  avg_tau=+0.006  pred_std=0.194801  select=+0.850  (88.97s)
    [main] val_query_f1=0.850463  range=0.000000  knn=0.000000  similarity=0.000000  clustering=0.850463
    [main] label_diag  clustering:pos=0.2858,p95=1.000,pairs=449428,skip=7471
  [main] epoch 65/75  loss=0.07551410  avg_tau=+0.070  pred_std=0.175199  select=+0.850  (83.15s)
    [main] val_query_f1=0.849672  range=0.000000  knn=0.000000  similarity=0.000000  clustering=0.849672
    [main] label_diag  clustering:pos=0.2858,p95=1.000,pairs=448638,skip=7471
  [main] epoch 66/75  loss=0.07558909  avg_tau=-0.021  pred_std=0.151614  select=+0.854  (123.26s)
    [main] val_query_f1=0.853665  range=0.000000  knn=0.000000  similarity=0.000000  clustering=0.853665
    [main] label_diag  clustering:pos=0.2858,p95=1.000,pairs=449199,skip=7471
  [main] epoch 67/75  loss=0.07571528  avg_tau=+0.131  pred_std=0.175002  select=+0.851  (88.91s)
    [main] val_query_f1=0.851320  range=0.000000  knn=0.000000  similarity=0.000000  clustering=0.851320
    [main] label_diag  clustering:pos=0.2858,p95=1.000,pairs=448822,skip=7471
  [main] epoch 68/75  loss=0.07505231  avg_tau=+0.110  pred_std=0.210723  select=+0.851  (111.29s)
    [main] val_query_f1=0.851320  range=0.000000  knn=0.000000  similarity=0.000000  clustering=0.851320
    [main] label_diag  clustering:pos=0.2858,p95=1.000,pairs=448599,skip=7471
  [main] epoch 69/75  loss=0.07496268  avg_tau=+0.019  pred_std=0.167952  select=+0.852  (116.82s)
    [main] val_query_f1=0.852007  range=0.000000  knn=0.000000  similarity=0.000000  clustering=0.852007
    [main] label_diag  clustering:pos=0.2858,p95=1.000,pairs=448470,skip=7471
  [main] epoch 70/75  loss=0.07471403  avg_tau=+0.036  pred_std=0.149402  select=+0.851  (78.07s)
    [main] val_query_f1=0.851320  range=0.000000  knn=0.000000  similarity=0.000000  clustering=0.851320
    [main] label_diag  clustering:pos=0.2858,p95=1.000,pairs=448880,skip=7471
  [main] epoch 71/75  loss=0.07485885  avg_tau=+0.042  pred_std=0.183734  select=+0.851  (123.74s)
    [main] val_query_f1=0.851320  range=0.000000  knn=0.000000  similarity=0.000000  clustering=0.851320
    [main] label_diag  clustering:pos=0.2858,p95=1.000,pairs=449008,skip=7471
  [main] epoch 72/75  loss=0.07460594  avg_tau=+0.114  pred_std=0.192378  select=+0.851  (119.51s)
    [main] val_query_f1=0.851320  range=0.000000  knn=0.000000  similarity=0.000000  clustering=0.851320
    [main] label_diag  clustering:pos=0.2858,p95=1.000,pairs=448712,skip=7471
  [main] epoch 73/75  loss=0.07452666  avg_tau=+0.041  pred_std=0.178082  select=+0.851  (97.14s)
    [main] val_query_f1=0.851320  range=0.000000  knn=0.000000  similarity=0.000000  clustering=0.851320
    [main] label_diag  clustering:pos=0.2858,p95=1.000,pairs=448650,skip=7471
  [main] epoch 74/75  loss=0.07460929  avg_tau=+0.098  pred_std=0.211107  select=+0.849  (97.97s)
    [main] val_query_f1=0.848798  range=0.000000  knn=0.000000  similarity=0.000000  clustering=0.848798
    [main] label_diag  clustering:pos=0.2858,p95=1.000,pairs=448652,skip=7471
  [main] epoch 75/75  loss=0.07435954  avg_tau=+0.054  pred_std=0.228607  select=+0.851  (96.85s)
    [main] val_query_f1=0.851320  range=0.000000  knn=0.000000  similarity=0.000000  clustering=0.851320
    [main] label_diag  clustering:pos=0.2858,p95=1.000,pairs=448477,skip=7471
  [main] restored best diagnostic epoch 57/75 (selection=+0.858, loss=0.07636691, val_f1=0.857542)
[train-model (75 epochs)] done in 8680.22s
[save-model] starting...
  saved checkpoint to /ceph/project/P8-1/QDS/qds_v2/src/models/saved_models/model_2026-02-05_eval_2026-02-08_cov0p30_clustering_rs0p015_rt0p04_820657.pt  (epochs_trained=75, best_epoch=57, best_loss=0.07636691, train_mix=clustering=1.0, eval_mix=clustering=1.0)
[save-model] done in 0.30s
[evaluate-matched] starting...
[  eval MLQDS] starting...
[  eval MLQDS] done in 275.97s
[  eval Random] starting...
[  eval Random] done in 112.37s
[  eval newUniformTemporal] starting...
[  eval newUniformTemporal] done in 106.81s
[  eval DouglasPeucker] starting...
[  eval DouglasPeucker] done in 98.32s
[  eval Oracle] starting...
[  eval Oracle] done in 107.02s
[evaluate-matched] done in 773.29s
[evaluate-shift] starting...
[evaluate-shift] done in 0.00s
[write-results] starting...
  wrote results to /ceph/project/P8-1/QDS/qds_v2/results
[write-results] done in 0.03s
[write-simplified-csv] starting...
  wrote 1296472 retained points across 1296472 samples to /ceph/project/P8-1/AISDATA/ML_processed_AIS_files/run_2026-02-05_eval_2026-02-08_cov0p30_clustering_rs0p015_rt0p04_820657/ML_simplified_eval.csv
[write-simplified-csv] done in 3.73s
[trajectory-length-loss] starting...
  [length-loss] 1564 trajectories  avg_orig_km=114.17  avg_simp_km=113.61  avg_length_loss=0.248  avg_points_removed=1932.5
  [length-loss] filtered out 569 trajectories with orig_km < 1.00 (likely docked/stationary) from top-25 ranking

  [length-loss] Top 25 MOST distorted (highest length_loss):
  rank        mmsi     orig_km     simp_km  length_loss    kept   removed
     1   265513270       20.45        3.42        0.833      15        32
     2   211457860        4.02        1.26        0.687      76       176
     3   219004266        2.91        1.01        0.654     542      1262
     4   211846360        3.24        1.17        0.638      92       212
     5   211385020       10.99        4.22        0.616      14        31
     6   220343000        1.42        0.55        0.613     199       464
     7   244890000        1.13        0.44        0.612      86       200
     8   259447000        4.08        1.60        0.609     312       725
     9   218030270       16.80        6.86        0.592     207       483
    10   219440000        1.32        0.54        0.587     127       294
    11   219003217        2.43        1.01        0.585     206       478
    12   245697000        2.89        1.21        0.581     117       270
    13   219001582        3.33        1.40        0.579     763      1779
    14   219017784        1.42        0.60        0.577     156       362
    15   258040000        2.08        0.88        0.576     108       251
    16   219798000        1.09        0.46        0.576     394       917
    17   511100505        6.86        2.96        0.568     172       400
    18   215064000        2.40        1.06        0.559     128       296
    19   219003113        1.97        0.88        0.550     640      1492
    20   219000851        1.41        0.65        0.541     174       404
    21   341832000        1.19        0.55        0.540      72       166
    22   219024715        3.20        1.49        0.536    1272      2966
    23   209075000        2.77        1.31        0.527     106       247
    24   218003000        5.00        2.41        0.517    1719      4008
    25   219003103        5.15        2.52        0.511     932      2173

  [length-loss] Top 25 LEAST distorted (lowest length_loss):
  rank        mmsi     orig_km     simp_km  length_loss    kept   removed
     1   636019492      164.27      164.27        0.000      37        84
     2   255916022       25.50       25.50        0.000     118       275
     3   273268690       12.12       12.12        0.000      21        48
     4   311055400       97.53       97.53        0.000     441      1028
     5   258849000        5.65        5.65        0.000      10        23
     6   230618000       98.61       98.60        0.000     489      1140
     7   258059000       19.92       19.92        0.000      16        35
     8   636024739      112.29      112.29        0.000     408       951
     9   373267000      301.29      301.29        0.000    1270      2963
    10   219560000      384.96      384.96        0.000    1739      4056
    11   230987000      367.62      367.62        0.000    1491      3477
    12   219028116      436.51      436.50        0.000    1985      4631
    13   255814000      155.05      155.05        0.000     721      1682
    14   215857000       36.63       36.63        0.000     151       350
    15   255806436       88.16       88.16        0.000     398       928
    16   636022717      266.92      266.92        0.000    1380      3220
    17   636020533      140.00      140.00        0.000     319       742
    18   230982000      343.48      343.48        0.000    1390      3241
    19   538011780      181.37      181.37        0.000     902      2104
    20   230617000      239.92      239.92        0.000    1216      2836
    21   210425000       95.04       95.04        0.000     291       676
    22   636018491      116.16      116.16        0.000     551      1283
    23   477149200       54.20       54.20        0.000     261       608
    24   241689000       36.78       36.78        0.000      95       219
    25   245897000      546.18      546.17        0.000    2907      6782
[trajectory-length-loss] done in 12.08s
[pipeline] total runtime 9534.43s

Matched-workload table
Method                     AggregateF1   Compression   Latency(ms)        Type
------------------------------------------------------------------------------
MLQDS                         0.478230        0.3002     150989.94         all
  - range                     0.000000                                   range
  - knn                       0.000000                                     knn
  - similarity                0.000000                              similarity
  - clustering                0.478230                              clustering
Random                        0.482187        0.3007        384.45         all
  - range                     0.000000                                   range
  - knn                       0.000000                                     knn
  - similarity                0.000000                              similarity
  - clustering                0.482187                              clustering
newUniformTemporal            0.488394        0.3002        218.00         all
  - range                     0.000000                                   range
  - knn                       0.000000                                     knn
  - similarity                0.000000                              similarity
  - clustering                0.488394                              clustering
DouglasPeucker                0.253152        0.3002        715.46         all
  - range                     0.000000                                   range
  - knn                       0.000000                                     knn
  - similarity                0.000000                              similarity
  - clustering                0.253152                              clustering
Oracle                        0.854654        0.3007        391.94         all
  - range                     0.000000                                   range
  - knn                       0.000000                                     knn
  - similarity                0.000000                              similarity
  - clustering                0.854654                              clustering

Distribution-shift table
Train\Eval                    clustering=1.0
--------------------------------------------
clustering=1.0                        0.4782
