[config] model=turn_aware  workload=knn  epochs=75  n_queries=150  query_coverage=0.15  max_queries=5000  compression_ratio=0.3  lr=0.0005  pointwise_loss_weight=0.25  gradient_clip_norm=1.0  diagnostic_every=1  checkpoint_selection_metric=f1  f1_diagnostic_every=1  range_spatial_fraction=0.015  range_time_fraction=0.04  knn_k=9  mlqds_temporal_fraction=0.5  residual_label_mode=temporal
[load-data] reading train CSV: /ceph/project/P8-1/AISDATA/preprocessed_AIS_files/preprocessed_2026-02-05.csv
[load-data] reading eval CSV: /ceph/project/P8-1/AISDATA/preprocessed_AIS_files/preprocessed_2026-02-08.csv
[load-data] train=1580 eval=1564 trajectories loaded in 103.68s
[pipeline] train=1580 trajectories, eval=1564 trajectories, train_mix=knn=1.0, eval_mix=knn=1.0
[split] starting...
  split mode=separate CSVs  train=1343  eval=1564
  checkpoint-selection validation=237 trajectories
[split] done in 0.00s
[build-datasets] starting...
[build-datasets] done in 5.76s
[generate-workloads] starting...
  train_workload=5000 queries  coverage=4.42% (168347/3811001)
  eval_workload=5000 queries  coverage=4.04% (174328/4318960)
  selection_workload=3066 queries  coverage=15.00% (86631/577411)
  WARNING: train workload stopped below requested coverage (4.42% < 15.00%); raise --n_queries or query footprint to cover more points.
  WARNING: eval workload stopped below requested coverage (4.04% < 15.00%); raise --n_queries or query footprint to cover more points.
[generate-workloads] done in 9644.31s
[write-queries-geojson] starting...
  wrote    0 range queries to /ceph/project/P8-1/AISDATA/Query_border_files/run_2026-02-05_eval_2026-02-08_cov0p15_knn_rs0p015_rt0p04_820661/queries_range.geojson
  wrote 5000 knn queries to /ceph/project/P8-1/AISDATA/Query_border_files/run_2026-02-05_eval_2026-02-08_cov0p15_knn_rs0p015_rt0p04_820661/queries_knn.geojson
  wrote    0 similarity queries to /ceph/project/P8-1/AISDATA/Query_border_files/run_2026-02-05_eval_2026-02-08_cov0p15_knn_rs0p015_rt0p04_820661/queries_similarity.geojson
  wrote    0 clustering queries to /ceph/project/P8-1/AISDATA/Query_border_files/run_2026-02-05_eval_2026-02-08_cov0p15_knn_rs0p015_rt0p04_820661/queries_clustering.geojson
[write-queries-geojson] done in 0.18s
[train-model (75 epochs)] starting...
  [main] epoch 01/75  loss=0.17187658  avg_tau=+0.113  pred_std=0.0936108  select=+0.471  (314.17s)
    [main] val_query_f1=0.471062  range=0.000000  knn=0.471062  similarity=0.000000  clustering=0.000000
    [main] label_diag  knn:pos=0.3932,p95=1.000,pairs=1020683,skip=1296
  [main] epoch 02/75  loss=0.16118894  avg_tau=+0.043  pred_std=0.0934626  select=+0.467  (305.11s)
    [main] val_query_f1=0.466685  range=0.000000  knn=0.466685  similarity=0.000000  clustering=0.000000
    [main] label_diag  knn:pos=0.3932,p95=1.000,pairs=1020555,skip=1296
  [main] epoch 03/75  loss=0.15572224  avg_tau=-0.048  pred_std=0.112031  select=+0.481  (283.25s)  *** NEW BEST MODEL ***
    [main] val_query_f1=0.480766  range=0.000000  knn=0.480766  similarity=0.000000  clustering=0.000000
    [main] label_diag  knn:pos=0.3932,p95=1.000,pairs=1021938,skip=1296
  [main] epoch 04/75  loss=0.15338469  avg_tau=+0.122  pred_std=0.128535  select=+0.485  (290.99s)  *** NEW BEST MODEL ***
    [main] val_query_f1=0.485036  range=0.000000  knn=0.485036  similarity=0.000000  clustering=0.000000
    [main] label_diag  knn:pos=0.3932,p95=1.000,pairs=1021573,skip=1296
  [main] epoch 05/75  loss=0.15218350  avg_tau=-0.049  pred_std=0.126313  select=+0.488  (306.38s)  *** NEW BEST MODEL ***
    [main] val_query_f1=0.488099  range=0.000000  knn=0.488099  similarity=0.000000  clustering=0.000000
    [main] label_diag  knn:pos=0.3932,p95=1.000,pairs=1021683,skip=1296
  [main] epoch 06/75  loss=0.15167546  avg_tau=+0.025  pred_std=0.126262  select=+0.491  (297.20s)  *** NEW BEST MODEL ***
    [main] val_query_f1=0.490872  range=0.000000  knn=0.490872  similarity=0.000000  clustering=0.000000
    [main] label_diag  knn:pos=0.3932,p95=1.000,pairs=1021293,skip=1296
  [main] epoch 07/75  loss=0.15143860  avg_tau=+0.027  pred_std=0.141846  select=+0.487  (285.67s)
    [main] val_query_f1=0.487230  range=0.000000  knn=0.487230  similarity=0.000000  clustering=0.000000
    [main] label_diag  knn:pos=0.3932,p95=1.000,pairs=1020841,skip=1296
  [main] epoch 08/75  loss=0.15153362  avg_tau=+0.035  pred_std=0.164515  select=+0.487  (300.25s)
    [main] val_query_f1=0.487241  range=0.000000  knn=0.487241  similarity=0.000000  clustering=0.000000
    [main] label_diag  knn:pos=0.3932,p95=1.000,pairs=1021287,skip=1296
  [main] epoch 09/75  loss=0.15133904  avg_tau=+0.026  pred_std=0.142703  select=+0.490  (303.35s)
    [main] val_query_f1=0.489513  range=0.000000  knn=0.489513  similarity=0.000000  clustering=0.000000
    [main] label_diag  knn:pos=0.3932,p95=1.000,pairs=1020636,skip=1296
  [main] epoch 10/75  loss=0.15126700  avg_tau=+0.034  pred_std=0.169006  select=+0.496  (282.39s)  *** NEW BEST MODEL ***
    [main] val_query_f1=0.495838  range=0.000000  knn=0.495838  similarity=0.000000  clustering=0.000000
    [main] label_diag  knn:pos=0.3932,p95=1.000,pairs=1020702,skip=1296
  [main] epoch 11/75  loss=0.15109019  avg_tau=+0.057  pred_std=0.138113  select=+0.493  (294.86s)
    [main] val_query_f1=0.492512  range=0.000000  knn=0.492512  similarity=0.000000  clustering=0.000000
    [main] label_diag  knn:pos=0.3932,p95=1.000,pairs=1021644,skip=1296
  [main] epoch 12/75  loss=0.15113417  avg_tau=-0.130  pred_std=0.128442  select=+0.493  (307.68s)
    [main] val_query_f1=0.492846  range=0.000000  knn=0.492846  similarity=0.000000  clustering=0.000000
    [main] label_diag  knn:pos=0.3932,p95=1.000,pairs=1020788,skip=1296
  [main] epoch 13/75  loss=0.15095003  avg_tau=-0.009  pred_std=0.149211  select=+0.494  (293.66s)
    [main] val_query_f1=0.493592  range=0.000000  knn=0.493592  similarity=0.000000  clustering=0.000000
    [main] label_diag  knn:pos=0.3932,p95=1.000,pairs=1021381,skip=1296
  [main] epoch 14/75  loss=0.15095915  avg_tau=+0.102  pred_std=0.158864  select=+0.498  (228.81s)  *** NEW BEST MODEL ***
    [main] val_query_f1=0.497770  range=0.000000  knn=0.497770  similarity=0.000000  clustering=0.000000
    [main] label_diag  knn:pos=0.3932,p95=1.000,pairs=1021179,skip=1296
  [main] epoch 15/75  loss=0.15060318  avg_tau=+0.133  pred_std=0.144984  select=+0.497  (284.49s)
    [main] val_query_f1=0.496626  range=0.000000  knn=0.496626  similarity=0.000000  clustering=0.000000
    [main] label_diag  knn:pos=0.3932,p95=1.000,pairs=1020787,skip=1296
  [main] epoch 16/75  loss=0.15057989  avg_tau=+0.068  pred_std=0.134715  select=+0.491  (279.44s)
    [main] val_query_f1=0.490740  range=0.000000  knn=0.490740  similarity=0.000000  clustering=0.000000
    [main] label_diag  knn:pos=0.3932,p95=1.000,pairs=1020781,skip=1296
  [main] epoch 17/75  loss=0.15027141  avg_tau=-0.033  pred_std=0.166268  select=+0.493  (294.12s)
    [main] val_query_f1=0.493260  range=0.000000  knn=0.493260  similarity=0.000000  clustering=0.000000
    [main] label_diag  knn:pos=0.3932,p95=1.000,pairs=1021256,skip=1296
  [main] epoch 18/75  loss=0.15047541  avg_tau=+0.061  pred_std=0.157578  select=+0.496  (242.33s)
    [main] val_query_f1=0.496434  range=0.000000  knn=0.496434  similarity=0.000000  clustering=0.000000
    [main] label_diag  knn:pos=0.3932,p95=1.000,pairs=1021146,skip=1296
  [main] epoch 19/75  loss=0.15030978  avg_tau=+0.083  pred_std=0.136778  select=+0.490  (279.57s)
    [main] val_query_f1=0.489709  range=0.000000  knn=0.489709  similarity=0.000000  clustering=0.000000
    [main] label_diag  knn:pos=0.3932,p95=1.000,pairs=1020991,skip=1296
  [main] epoch 20/75  loss=0.15029340  avg_tau=+0.080  pred_std=0.151026  select=+0.493  (266.68s)
    [main] val_query_f1=0.492751  range=0.000000  knn=0.492751  similarity=0.000000  clustering=0.000000
    [main] label_diag  knn:pos=0.3932,p95=1.000,pairs=1021541,skip=1296
  [main] epoch 21/75  loss=0.15047578  avg_tau=+0.026  pred_std=0.173675  select=+0.493  (308.12s)
    [main] val_query_f1=0.492771  range=0.000000  knn=0.492771  similarity=0.000000  clustering=0.000000
    [main] label_diag  knn:pos=0.3932,p95=1.000,pairs=1021163,skip=1296
  [main] epoch 22/75  loss=0.15004355  avg_tau=-0.005  pred_std=0.166863  select=+0.501  (302.16s)  *** NEW BEST MODEL ***
    [main] val_query_f1=0.500801  range=0.000000  knn=0.500801  similarity=0.000000  clustering=0.000000
    [main] label_diag  knn:pos=0.3932,p95=1.000,pairs=1021093,skip=1296
  [main] epoch 23/75  loss=0.15019828  avg_tau=+0.087  pred_std=0.153239  select=+0.489  (297.73s)
    [main] val_query_f1=0.488860  range=0.000000  knn=0.488860  similarity=0.000000  clustering=0.000000
    [main] label_diag  knn:pos=0.3932,p95=1.000,pairs=1021399,skip=1296
  [main] epoch 24/75  loss=0.14977833  avg_tau=+0.217  pred_std=0.172607  select=+0.502  (303.99s)  *** NEW BEST MODEL ***
    [main] val_query_f1=0.501812  range=0.000000  knn=0.501812  similarity=0.000000  clustering=0.000000
    [main] label_diag  knn:pos=0.3932,p95=1.000,pairs=1021556,skip=1296
  [main] epoch 25/75  loss=0.14981717  avg_tau=+0.079  pred_std=0.159349  select=+0.497  (311.41s)
    [main] val_query_f1=0.496697  range=0.000000  knn=0.496697  similarity=0.000000  clustering=0.000000
    [main] label_diag  knn:pos=0.3932,p95=1.000,pairs=1020454,skip=1296
  [main] epoch 26/75  loss=0.14979148  avg_tau=+0.020  pred_std=0.21004  select=+0.503  (274.21s)  *** NEW BEST MODEL ***
    [main] val_query_f1=0.503047  range=0.000000  knn=0.503047  similarity=0.000000  clustering=0.000000
    [main] label_diag  knn:pos=0.3932,p95=1.000,pairs=1020936,skip=1296
  [main] epoch 27/75  loss=0.14968134  avg_tau=+0.219  pred_std=0.172047  select=+0.501  (299.05s)
    [main] val_query_f1=0.501105  range=0.000000  knn=0.501105  similarity=0.000000  clustering=0.000000
    [main] label_diag  knn:pos=0.3932,p95=1.000,pairs=1020965,skip=1296
  [main] epoch 28/75  loss=0.14937659  avg_tau=+0.067  pred_std=0.155131  select=+0.504  (301.83s)  *** NEW BEST MODEL ***
    [main] val_query_f1=0.504198  range=0.000000  knn=0.504198  similarity=0.000000  clustering=0.000000
    [main] label_diag  knn:pos=0.3932,p95=1.000,pairs=1021081,skip=1296
  [main] epoch 29/75  loss=0.14964934  avg_tau=+0.031  pred_std=0.181582  select=+0.497  (295.17s)
    [main] val_query_f1=0.497290  range=0.000000  knn=0.497290  similarity=0.000000  clustering=0.000000
    [main] label_diag  knn:pos=0.3932,p95=1.000,pairs=1021174,skip=1296
  [main] epoch 30/75  loss=0.14956334  avg_tau=-0.008  pred_std=0.176134  select=+0.498  (295.83s)
    [main] val_query_f1=0.498202  range=0.000000  knn=0.498202  similarity=0.000000  clustering=0.000000
    [main] label_diag  knn:pos=0.3932,p95=1.000,pairs=1021100,skip=1296
  [main] epoch 31/75  loss=0.14946697  avg_tau=+0.012  pred_std=0.144167  select=+0.492  (299.55s)
    [main] val_query_f1=0.491757  range=0.000000  knn=0.491757  similarity=0.000000  clustering=0.000000
    [main] label_diag  knn:pos=0.3932,p95=1.000,pairs=1021803,skip=1296
  [main] epoch 32/75  loss=0.14965682  avg_tau=+0.139  pred_std=0.170611  select=+0.497  (300.00s)
    [main] val_query_f1=0.496602  range=0.000000  knn=0.496602  similarity=0.000000  clustering=0.000000
    [main] label_diag  knn:pos=0.3932,p95=1.000,pairs=1020950,skip=1296
  [main] epoch 33/75  loss=0.14931493  avg_tau=+0.029  pred_std=0.156815  select=+0.501  (291.32s)
    [main] val_query_f1=0.500914  range=0.000000  knn=0.500914  similarity=0.000000  clustering=0.000000
    [main] label_diag  knn:pos=0.3932,p95=1.000,pairs=1020783,skip=1296
  [main] epoch 34/75  loss=0.14939712  avg_tau=+0.003  pred_std=0.161839  select=+0.501  (312.27s)
    [main] val_query_f1=0.501086  range=0.000000  knn=0.501086  similarity=0.000000  clustering=0.000000
    [main] label_diag  knn:pos=0.3932,p95=1.000,pairs=1021092,skip=1296
  [main] epoch 35/75  loss=0.14940823  avg_tau=+0.167  pred_std=0.176582  select=+0.496  (310.60s)
    [main] val_query_f1=0.495950  range=0.000000  knn=0.495950  similarity=0.000000  clustering=0.000000
    [main] label_diag  knn:pos=0.3932,p95=1.000,pairs=1020944,skip=1296
  [main] epoch 36/75  loss=0.14936413  avg_tau=+0.087  pred_std=0.136906  select=+0.496  (350.33s)
    [main] val_query_f1=0.495616  range=0.000000  knn=0.495616  similarity=0.000000  clustering=0.000000
    [main] label_diag  knn:pos=0.3932,p95=1.000,pairs=1020587,skip=1296
  [main] epoch 37/75  loss=0.14950603  avg_tau=+0.122  pred_std=0.135435  select=+0.495  (315.20s)
    [main] val_query_f1=0.494870  range=0.000000  knn=0.494870  similarity=0.000000  clustering=0.000000
    [main] label_diag  knn:pos=0.3932,p95=1.000,pairs=1021035,skip=1296
  [main] epoch 38/75  loss=0.14947327  avg_tau=+0.023  pred_std=0.170195  select=+0.497  (305.47s)
    [main] val_query_f1=0.496517  range=0.000000  knn=0.496517  similarity=0.000000  clustering=0.000000
    [main] label_diag  knn:pos=0.3932,p95=1.000,pairs=1020296,skip=1296
  [main] epoch 39/75  loss=0.14916928  avg_tau=+0.083  pred_std=0.161547  select=+0.499  (300.14s)
    [main] val_query_f1=0.499389  range=0.000000  knn=0.499389  similarity=0.000000  clustering=0.000000
    [main] label_diag  knn:pos=0.3932,p95=1.000,pairs=1020891,skip=1296
  [main] epoch 40/75  loss=0.14906069  avg_tau=+0.276  pred_std=0.175512  select=+0.501  (295.14s)
    [main] val_query_f1=0.500854  range=0.000000  knn=0.500854  similarity=0.000000  clustering=0.000000
    [main] label_diag  knn:pos=0.3932,p95=1.000,pairs=1020332,skip=1296
  [main] epoch 41/75  loss=0.14929738  avg_tau=+0.058  pred_std=0.136995  select=+0.493  (289.60s)
    [main] val_query_f1=0.493092  range=0.000000  knn=0.493092  similarity=0.000000  clustering=0.000000
    [main] label_diag  knn:pos=0.3932,p95=1.000,pairs=1020691,skip=1296
  [main] epoch 42/75  loss=0.14900438  avg_tau=+0.009  pred_std=0.187152  select=+0.493  (295.04s)
    [main] val_query_f1=0.493022  range=0.000000  knn=0.493022  similarity=0.000000  clustering=0.000000
    [main] label_diag  knn:pos=0.3932,p95=1.000,pairs=1020378,skip=1296
  [main] epoch 43/75  loss=0.14980056  avg_tau=+0.162  pred_std=0.12278  select=+0.489  (293.12s)
    [main] val_query_f1=0.489384  range=0.000000  knn=0.489384  similarity=0.000000  clustering=0.000000
    [main] label_diag  knn:pos=0.3932,p95=1.000,pairs=1020912,skip=1296
  [main] epoch 44/75  loss=0.14932492  avg_tau=+0.128  pred_std=0.143278  select=+0.486  (302.21s)
    [main] val_query_f1=0.486179  range=0.000000  knn=0.486179  similarity=0.000000  clustering=0.000000
    [main] label_diag  knn:pos=0.3932,p95=1.000,pairs=1020719,skip=1296
  [main] epoch 45/75  loss=0.14936321  avg_tau=+0.093  pred_std=0.176218  select=+0.487  (292.72s)
    [main] val_query_f1=0.486672  range=0.000000  knn=0.486672  similarity=0.000000  clustering=0.000000
    [main] label_diag  knn:pos=0.3932,p95=1.000,pairs=1021183,skip=1296
  [main] epoch 46/75  loss=0.14897358  avg_tau=+0.069  pred_std=0.16989  select=+0.494  (293.04s)
    [main] val_query_f1=0.494393  range=0.000000  knn=0.494393  similarity=0.000000  clustering=0.000000
    [main] label_diag  knn:pos=0.3932,p95=1.000,pairs=1020690,skip=1296
  [main] epoch 47/75  loss=0.14912754  avg_tau=+0.091  pred_std=0.180122  select=+0.494  (284.48s)
    [main] val_query_f1=0.493777  range=0.000000  knn=0.493777  similarity=0.000000  clustering=0.000000
    [main] label_diag  knn:pos=0.3932,p95=1.000,pairs=1021246,skip=1296
  [main] epoch 48/75  loss=0.14913734  avg_tau=+0.199  pred_std=0.159584  select=+0.489  (326.86s)
    [main] val_query_f1=0.488912  range=0.000000  knn=0.488912  similarity=0.000000  clustering=0.000000
    [main] label_diag  knn:pos=0.3932,p95=1.000,pairs=1021059,skip=1296
  [main] epoch 49/75  loss=0.14917744  avg_tau=+0.032  pred_std=0.137797  select=+0.496  (348.74s)
    [main] val_query_f1=0.495977  range=0.000000  knn=0.495977  similarity=0.000000  clustering=0.000000
    [main] label_diag  knn:pos=0.3932,p95=1.000,pairs=1020833,skip=1296
  [main] epoch 50/75  loss=0.14902042  avg_tau=+0.058  pred_std=0.161793  select=+0.495  (322.09s)
    [main] val_query_f1=0.495255  range=0.000000  knn=0.495255  similarity=0.000000  clustering=0.000000
    [main] label_diag  knn:pos=0.3932,p95=1.000,pairs=1021619,skip=1296
  [main] epoch 51/75  loss=0.14890929  avg_tau=+0.161  pred_std=0.148031  select=+0.495  (274.89s)
    [main] val_query_f1=0.494678  range=0.000000  knn=0.494678  similarity=0.000000  clustering=0.000000
    [main] label_diag  knn:pos=0.3932,p95=1.000,pairs=1021011,skip=1296
  [main] epoch 52/75  loss=0.14886862  avg_tau=+0.125  pred_std=0.129642  select=+0.492  (267.69s)
    [main] val_query_f1=0.492141  range=0.000000  knn=0.492141  similarity=0.000000  clustering=0.000000
    [main] label_diag  knn:pos=0.3932,p95=1.000,pairs=1021060,skip=1296
  [main] epoch 53/75  loss=0.14900674  avg_tau=+0.074  pred_std=0.14097  select=+0.493  (284.15s)
    [main] val_query_f1=0.493068  range=0.000000  knn=0.493068  similarity=0.000000  clustering=0.000000
    [main] label_diag  knn:pos=0.3932,p95=1.000,pairs=1021761,skip=1296
  [main] epoch 54/75  loss=0.14885361  avg_tau=+0.056  pred_std=0.171939  select=+0.495  (287.16s)
    [main] val_query_f1=0.494761  range=0.000000  knn=0.494761  similarity=0.000000  clustering=0.000000
    [main] label_diag  knn:pos=0.3932,p95=1.000,pairs=1021363,skip=1296
  [main] epoch 55/75  loss=0.14892618  avg_tau=+0.078  pred_std=0.116033  select=+0.494  (249.89s)
    [main] val_query_f1=0.494331  range=0.000000  knn=0.494331  similarity=0.000000  clustering=0.000000
    [main] label_diag  knn:pos=0.3932,p95=1.000,pairs=1020502,skip=1296
  [main] epoch 56/75  loss=0.14881915  avg_tau=+0.139  pred_std=0.180791  select=+0.489  (282.56s)
    [main] val_query_f1=0.488753  range=0.000000  knn=0.488753  similarity=0.000000  clustering=0.000000
    [main] label_diag  knn:pos=0.3932,p95=1.000,pairs=1021223,skip=1296
  [main] epoch 57/75  loss=0.14895895  avg_tau=-0.073  pred_std=0.169869  select=+0.486  (283.64s)
    [main] val_query_f1=0.485750  range=0.000000  knn=0.485750  similarity=0.000000  clustering=0.000000
    [main] label_diag  knn:pos=0.3932,p95=1.000,pairs=1020535,skip=1296
  [main] epoch 58/75  loss=0.14886445  avg_tau=+0.053  pred_std=0.171642  select=+0.492  (282.07s)
    [main] val_query_f1=0.491893  range=0.000000  knn=0.491893  similarity=0.000000  clustering=0.000000
    [main] label_diag  knn:pos=0.3932,p95=1.000,pairs=1020675,skip=1296
  [main] epoch 59/75  loss=0.14880165  avg_tau=+0.165  pred_std=0.171447  select=+0.497  (291.02s)
    [main] val_query_f1=0.497453  range=0.000000  knn=0.497453  similarity=0.000000  clustering=0.000000
    [main] label_diag  knn:pos=0.3932,p95=1.000,pairs=1020706,skip=1296
  [main] epoch 60/75  loss=0.14887547  avg_tau=+0.165  pred_std=0.156527  select=+0.494  (287.84s)
    [main] val_query_f1=0.493557  range=0.000000  knn=0.493557  similarity=0.000000  clustering=0.000000
    [main] label_diag  knn:pos=0.3932,p95=1.000,pairs=1020914,skip=1296
  [main] epoch 61/75  loss=0.14856516  avg_tau=+0.082  pred_std=0.176848  select=+0.494  (289.28s)
    [main] val_query_f1=0.494279  range=0.000000  knn=0.494279  similarity=0.000000  clustering=0.000000
    [main] label_diag  knn:pos=0.3932,p95=1.000,pairs=1021139,skip=1296
  [main] epoch 62/75  loss=0.14887539  avg_tau=+0.062  pred_std=0.163755  select=+0.497  (281.10s)
    [main] val_query_f1=0.496671  range=0.000000  knn=0.496671  similarity=0.000000  clustering=0.000000
    [main] label_diag  knn:pos=0.3932,p95=1.000,pairs=1020667,skip=1296
  [main] epoch 63/75  loss=0.14861187  avg_tau=+0.068  pred_std=0.1512  select=+0.497  (278.08s)
    [main] val_query_f1=0.497023  range=0.000000  knn=0.497023  similarity=0.000000  clustering=0.000000
    [main] label_diag  knn:pos=0.3932,p95=1.000,pairs=1020896,skip=1296
  [main] epoch 64/75  loss=0.14902089  avg_tau=+0.276  pred_std=0.150509  select=+0.500  (289.60s)
    [main] val_query_f1=0.500299  range=0.000000  knn=0.500299  similarity=0.000000  clustering=0.000000
    [main] label_diag  knn:pos=0.3932,p95=1.000,pairs=1021741,skip=1296
  [main] epoch 65/75  loss=0.14903251  avg_tau=+0.001  pred_std=0.175459  select=+0.485  (296.28s)
    [main] val_query_f1=0.484807  range=0.000000  knn=0.484807  similarity=0.000000  clustering=0.000000
    [main] label_diag  knn:pos=0.3932,p95=1.000,pairs=1020638,skip=1296
  [main] epoch 66/75  loss=0.14882772  avg_tau=+0.011  pred_std=0.169993  select=+0.497  (328.39s)
    [main] val_query_f1=0.497168  range=0.000000  knn=0.497168  similarity=0.000000  clustering=0.000000
    [main] label_diag  knn:pos=0.3932,p95=1.000,pairs=1020745,skip=1296
  [main] epoch 67/75  loss=0.14901420  avg_tau=+0.165  pred_std=0.147395  select=+0.494  (348.45s)
    [main] val_query_f1=0.493900  range=0.000000  knn=0.493900  similarity=0.000000  clustering=0.000000
    [main] label_diag  knn:pos=0.3932,p95=1.000,pairs=1020775,skip=1296
  [main] epoch 68/75  loss=0.14863946  avg_tau=+0.158  pred_std=0.150048  select=+0.487  (337.84s)
    [main] val_query_f1=0.486665  range=0.000000  knn=0.486665  similarity=0.000000  clustering=0.000000
    [main] label_diag  knn:pos=0.3932,p95=1.000,pairs=1021134,skip=1296
  [main] epoch 69/75  loss=0.14875744  avg_tau=+0.079  pred_std=0.183939  select=+0.494  (320.26s)
    [main] val_query_f1=0.494189  range=0.000000  knn=0.494189  similarity=0.000000  clustering=0.000000
    [main] label_diag  knn:pos=0.3932,p95=1.000,pairs=1020974,skip=1296
  [main] epoch 70/75  loss=0.14854225  avg_tau=+0.113  pred_std=0.173672  select=+0.491  (323.91s)
    [main] val_query_f1=0.490729  range=0.000000  knn=0.490729  similarity=0.000000  clustering=0.000000
    [main] label_diag  knn:pos=0.3932,p95=1.000,pairs=1021068,skip=1296
  [main] epoch 71/75  loss=0.14848932  avg_tau=+0.084  pred_std=0.153469  select=+0.493  (291.83s)
    [main] val_query_f1=0.492931  range=0.000000  knn=0.492931  similarity=0.000000  clustering=0.000000
    [main] label_diag  knn:pos=0.3932,p95=1.000,pairs=1020875,skip=1296
  [main] epoch 72/75  loss=0.14868451  avg_tau=+0.269  pred_std=0.175739  select=+0.493  (301.47s)
    [main] val_query_f1=0.492968  range=0.000000  knn=0.492968  similarity=0.000000  clustering=0.000000
    [main] label_diag  knn:pos=0.3932,p95=1.000,pairs=1022097,skip=1296
  [main] epoch 73/75  loss=0.14858173  avg_tau=+0.038  pred_std=0.175424  select=+0.490  (290.77s)
    [main] val_query_f1=0.490161  range=0.000000  knn=0.490161  similarity=0.000000  clustering=0.000000
    [main] label_diag  knn:pos=0.3932,p95=1.000,pairs=1021067,skip=1296
  [main] epoch 74/75  loss=0.14847402  avg_tau=-0.007  pred_std=0.174325  select=+0.494  (270.05s)
    [main] val_query_f1=0.493808  range=0.000000  knn=0.493808  similarity=0.000000  clustering=0.000000
    [main] label_diag  knn:pos=0.3932,p95=1.000,pairs=1021570,skip=1296
  [main] epoch 75/75  loss=0.14876416  avg_tau=+0.102  pred_std=0.174957  select=+0.494  (277.34s)
    [main] val_query_f1=0.493941  range=0.000000  knn=0.493941  similarity=0.000000  clustering=0.000000
    [main] label_diag  knn:pos=0.3932,p95=1.000,pairs=1021199,skip=1296
  [main] restored best diagnostic epoch 28/75 (selection=+0.504, loss=0.14937659, val_f1=0.504198)
[train-model (75 epochs)] done in 22734.45s
[save-model] starting...
  saved checkpoint to /ceph/project/P8-1/QDS/qds_v2/src/models/saved_models/model_2026-02-05_eval_2026-02-08_cov0p15_knn_rs0p015_rt0p04_820661.pt  (epochs_trained=75, best_epoch=28, best_loss=0.14937659, train_mix=knn=1.0, eval_mix=knn=1.0)
[save-model] done in 0.01s
[evaluate-matched] starting...
[  eval MLQDS] starting...
[  eval MLQDS] done in 869.59s
[  eval Random] starting...
[  eval Random] done in 406.19s
[  eval newUniformTemporal] starting...
[  eval newUniformTemporal] done in 456.78s
[  eval DouglasPeucker] starting...
[  eval DouglasPeucker] done in 338.51s
[  eval Oracle] starting...
[  eval Oracle] done in 404.14s
[evaluate-matched] done in 2828.83s
[evaluate-shift] starting...
[evaluate-shift] done in 0.00s
[write-results] starting...
  wrote results to /ceph/project/P8-1/QDS/qds_v2/results
[write-results] done in 0.03s
[write-simplified-csv] starting...
  wrote 1296472 retained points across 1296472 samples to /ceph/project/P8-1/AISDATA/ML_processed_AIS_files/run_2026-02-05_eval_2026-02-08_cov0p15_knn_rs0p015_rt0p04_820661/ML_simplified_eval.csv
[write-simplified-csv] done in 4.28s
[trajectory-length-loss] starting...
  [length-loss] 1564 trajectories  avg_orig_km=114.17  avg_simp_km=113.73  avg_length_loss=0.251  avg_points_removed=1932.5
  [length-loss] filtered out 569 trajectories with orig_km < 1.00 (likely docked/stationary) from top-25 ranking

  [length-loss] Top 25 MOST distorted (highest length_loss):
  rank        mmsi     orig_km     simp_km  length_loss    kept   removed
     1   265513270       20.45        3.44        0.832      15        32
     2   211846360        3.24        1.00        0.692      92       212
     3   219004266        2.91        0.94        0.678     542      1262
     4   259447000        4.08        1.44        0.647     312       725
     5   211457860        4.02        1.44        0.642      76       176
     6   511100505        6.86        2.49        0.637     172       400
     7   244890000        1.13        0.42        0.627      86       200
     8   218030270       16.80        6.34        0.623     207       483
     9   219003113        1.97        0.75        0.621     640      1492
    10   219001582        3.33        1.27        0.620     763      1779
    11   258040000        2.08        0.79        0.618     108       251
    12   220343000        1.42        0.55        0.615     199       464
    13   219017784        1.42        0.57        0.603     156       362
    14   341832000        1.19        0.48        0.598      72       166
    15   219003217        2.43        1.03        0.579     206       478
    16   219014162        2.42        1.03        0.575     871      2031
    17   219000881        2.07        0.88        0.574     938      2187
    18   245697000        2.89        1.23        0.574     117       270
    19   219024715        3.20        1.38        0.569    1272      2966
    20   219798000        1.09        0.47        0.567     394       917
    21   218003000        5.00        2.18        0.564    1719      4008
    22   229044000        3.05        1.33        0.563      57       130
    23   215064000        2.40        1.06        0.561     128       296
    24   220076700        3.14        1.38        0.559     895      2086
    25   219021176        1.75        0.78        0.554    1133      2643

  [length-loss] Top 25 LEAST distorted (lowest length_loss):
  rank        mmsi     orig_km     simp_km  length_loss    kept   removed
     1   636019492      164.27      164.27        0.000      37        84
     2   255916022       25.50       25.50        0.000     118       275
     3   273268690       12.12       12.12        0.000      21        48
     4   257182000      340.17      340.16        0.000    1583      3691
     5   314849000      292.91      292.91        0.000     446      1038
     6   636024739      112.29      112.29        0.000     408       951
     7   311055400       97.53       97.53        0.000     441      1028
     8   258849000        5.65        5.65        0.000      10        23
     9   563288800       50.71       50.71        0.000      56       130
    10   636020533      140.00      140.00        0.000     319       742
    11   210425000       95.04       95.04        0.000     291       676
    12   230987000      367.62      367.62        0.000    1491      3477
    13   212112000      197.89      197.89        0.000     710      1655
    14   230618000       98.61       98.60        0.000     489      1140
    15   219560000      384.96      384.96        0.000    1739      4056
    16   255814000      155.05      155.05        0.000     721      1682
    17   215857000       36.63       36.63        0.000     151       350
    18   255806436       88.16       88.16        0.000     398       928
    19   258059000       19.92       19.92        0.000      16        35
    20   636022717      266.92      266.92        0.000    1380      3220
    21   373267000      301.29      301.29        0.000    1270      2963
    22   538004785      390.73      390.72        0.000     894      2085
    23   311027600      231.23      231.22        0.000     864      2015
    24   477149200       54.20       54.20        0.000     261       608
    25   255915977      273.15      273.14        0.000     230       536
[trajectory-length-loss] done in 16.78s
[pipeline] total runtime 35234.62s

Matched-workload table
Method                     AggregateF1   Compression   Latency(ms)        Type
------------------------------------------------------------------------------
MLQDS                         0.463217        0.3002     549140.60         all
  - range                     0.000000                                   range
  - knn                       0.463217                                     knn
  - similarity                0.000000                              similarity
  - clustering                0.000000                              clustering
Random                        0.440818        0.3007       2902.60         all
  - range                     0.000000                                   range
  - knn                       0.440818                                     knn
  - similarity                0.000000                              similarity
  - clustering                0.000000                              clustering
newUniformTemporal            0.443419        0.3002        383.05         all
  - range                     0.000000                                   range
  - knn                       0.443419                                     knn
  - similarity                0.000000                              similarity
  - clustering                0.000000                              clustering
DouglasPeucker                0.286088        0.3002       1857.57         all
  - range                     0.000000                                   range
  - knn                       0.286088                                     knn
  - similarity                0.000000                              similarity
  - clustering                0.000000                              clustering
Oracle                        0.752274        0.3007        516.41         all
  - range                     0.000000                                   range
  - knn                       0.752274                                     knn
  - similarity                0.000000                              similarity
  - clustering                0.000000                              clustering

Distribution-shift table
Train\Eval                           knn=1.0
--------------------------------------------
knn=1.0                               0.4632
