[config] model=turn_aware  workload=knn  epochs=50  n_queries=150  query_coverage=0.3  max_queries=3000  compression_ratio=0.3  lr=0.0005  pointwise_loss_weight=0.25  gradient_clip_norm=1.0  diagnostic_every=1  checkpoint_selection_metric=f1  f1_diagnostic_every=3  range_spatial_fraction=0.015  range_time_fraction=0.04
[load-data] reading train CSV: /ceph/project/P8-1/AISDATA/preprocessed_AIS_files/preprocessed_2026-02-05.csv
[load-data] reading eval CSV: /ceph/project/P8-1/AISDATA/preprocessed_AIS_files/preprocessed_2026-02-08.csv
[load-data] train=1580 eval=1564 trajectories loaded in 40.65s
[pipeline] train=1580 trajectories, eval=1564 trajectories, train_mix=knn=1.0, eval_mix=knn=1.0
[split] starting...
  split mode=separate CSVs  train=1343  eval=1564
  checkpoint-selection validation=237 trajectories
[split] done in 0.00s
[build-datasets] starting...
[build-datasets] done in 0.21s
[generate-workloads] starting...
  train_workload=150 queries  coverage=0.06% (2428/3811001)
  eval_workload=150 queries  coverage=0.05% (2030/4318960)
  selection_workload=150 queries  coverage=0.35% (2048/577411)
  WARNING: train workload stopped below requested coverage (0.06% < 30.00%); raise --n_queries or query footprint to cover more points.
  WARNING: eval workload stopped below requested coverage (0.05% < 30.00%); raise --n_queries or query footprint to cover more points.
[generate-workloads] done in 61.03s
[write-queries-geojson] starting...
  wrote    0 range queries to /ceph/project/P8-1/AISDATA/Query_border_files/run_2026-02-05_eval_2026-02-08_cov0p30_knn_rs0p015_rt0p04_819353/queries_range.geojson
  wrote  150 knn queries to /ceph/project/P8-1/AISDATA/Query_border_files/run_2026-02-05_eval_2026-02-08_cov0p30_knn_rs0p015_rt0p04_819353/queries_knn.geojson
  wrote    0 similarity queries to /ceph/project/P8-1/AISDATA/Query_border_files/run_2026-02-05_eval_2026-02-08_cov0p30_knn_rs0p015_rt0p04_819353/queries_similarity.geojson
  wrote    0 clustering queries to /ceph/project/P8-1/AISDATA/Query_border_files/run_2026-02-05_eval_2026-02-08_cov0p30_knn_rs0p015_rt0p04_819353/queries_clustering.geojson
[write-queries-geojson] done in 0.01s
[train-model (50 epochs)] starting...
  [main] epoch 01/50  loss=0.01771620  avg_tau=-0.475  pred_std=0.0176352  select=+0.456  (48.31s)
    [main] val_query_f1=0.456041  range=0.000000  knn=0.456041  similarity=0.000000  clustering=0.000000
    [main] label_diag  knn:pos=0.0117,p95=1.000,pairs=113768,skip=13454
  [main] epoch 02/50  loss=0.01673235  avg_tau=+0.347  pred_std=0.0282545  select=+0.447  (49.62s)
    [main] val_query_f1=0.446905  range=0.000000  knn=0.446905  similarity=0.000000  clustering=0.000000
    [main] label_diag  knn:pos=0.0117,p95=1.000,pairs=113776,skip=13454
  [main] epoch 03/50  loss=0.01623325  avg_tau=-0.159  pred_std=0.0273554  select=+0.444  (48.89s)
    [main] val_query_f1=0.443677  range=0.000000  knn=0.443677  similarity=0.000000  clustering=0.000000
    [main] label_diag  knn:pos=0.0117,p95=1.000,pairs=113707,skip=13454
  [main] epoch 04/50  loss=0.01577183  avg_tau=+0.000  pred_std=0.0231547  select=+0.439  (48.81s)
    [main] val_query_f1=0.439293  range=0.000000  knn=0.439293  similarity=0.000000  clustering=0.000000
    [main] label_diag  knn:pos=0.0117,p95=1.000,pairs=113667,skip=13454
  [main] epoch 05/50  loss=0.01550622  avg_tau=+0.317  pred_std=0.0197005  select=+0.443  (48.40s)
    [main] val_query_f1=0.443121  range=0.000000  knn=0.443121  similarity=0.000000  clustering=0.000000
    [main] label_diag  knn:pos=0.0117,p95=1.000,pairs=113823,skip=13454
  [main] epoch 06/50  loss=0.01527532  avg_tau=-0.749  pred_std=0.0202349  select=+0.441  (48.61s)
    [main] val_query_f1=0.441343  range=0.000000  knn=0.441343  similarity=0.000000  clustering=0.000000
    [main] label_diag  knn:pos=0.0117,p95=1.000,pairs=113787,skip=13454
  [main] epoch 07/50  loss=0.01512125  avg_tau=+0.910  pred_std=0.0257596  select=+0.438  (48.68s)
    [main] val_query_f1=0.437936  range=0.000000  knn=0.437936  similarity=0.000000  clustering=0.000000
    [main] label_diag  knn:pos=0.0117,p95=1.000,pairs=113771,skip=13454
  [main] epoch 08/50  loss=0.01501149  avg_tau=+0.447  pred_std=0.0239335  select=+0.430  (48.13s)
    [main] val_query_f1=0.430156  range=0.000000  knn=0.430156  similarity=0.000000  clustering=0.000000
    [main] label_diag  knn:pos=0.0117,p95=1.000,pairs=113810,skip=13454
  [main] epoch 09/50  loss=0.01501334  avg_tau=+0.000  pred_std=0.0158699  select=+0.427  (48.44s)
    [main] val_query_f1=0.426862  range=0.000000  knn=0.426862  similarity=0.000000  clustering=0.000000
    [main] label_diag  knn:pos=0.0117,p95=1.000,pairs=113831,skip=13454
  [main] epoch 10/50  loss=0.01497327  avg_tau=+0.497  pred_std=0.0204961  select=+0.429  (48.11s)
    [main] val_query_f1=0.429027  range=0.000000  knn=0.429027  similarity=0.000000  clustering=0.000000
    [main] label_diag  knn:pos=0.0117,p95=1.000,pairs=113975,skip=13454
  [main] epoch 11/50  loss=0.01492288  avg_tau=+0.357  pred_std=0.0312858  select=+0.433  (47.75s)
    [main] val_query_f1=0.433053  range=0.000000  knn=0.433053  similarity=0.000000  clustering=0.000000
    [main] label_diag  knn:pos=0.0117,p95=1.000,pairs=113739,skip=13454
  [main] early stopping at epoch 11: selection score did not improve over 10 diag epochs (best_selection=+0.456, best_loss=0.01771620)
  [main] restored best diagnostic epoch 1/11 (selection=+0.456, loss=0.01771620, val_f1=0.456041)
[train-model (50 epochs)] done in 542.93s
[save-model] starting...
  saved checkpoint to /ceph/project/P8-1/QDS/qds_v2/src/models/saved_models/model_2026-02-05_eval_2026-02-08_cov0p30_knn_rs0p015_rt0p04_819353.pt  (epochs_trained=11, best_epoch=1, best_loss=0.01771620, train_mix=knn=1.0, eval_mix=knn=1.0)
[save-model] done in 0.15s
[evaluate-matched] starting...
[  eval MLQDS] starting...
[  eval MLQDS] done in 147.68s
[  eval Random] starting...
[  eval Random] done in 4.80s
[  eval UniformTemporal] starting...
[  eval UniformTemporal] done in 5.09s
[  eval newUniformTemporal] starting...
[  eval newUniformTemporal] done in 4.76s
[  eval DouglasPeucker] starting...
[  eval DouglasPeucker] done in 5.14s
[  eval Oracle] starting...
[  eval Oracle] done in 4.82s
[evaluate-matched] done in 180.22s
[evaluate-shift] starting...
[evaluate-shift] done in 312.30s
[write-results] starting...
  wrote results to /ceph/project/P8-1/QDS/qds_v2/results
[write-results] done in 0.02s
[write-simplified-csv] starting...
  wrote 1297747 retained points across 1297747 samples to /ceph/project/P8-1/AISDATA/ML_processed_AIS_files/run_2026-02-05_eval_2026-02-08_cov0p30_knn_rs0p015_rt0p04_819353/ML_simplified_eval.csv
[write-simplified-csv] done in 2.62s
[trajectory-length-loss] starting...
  [length-loss] 1564 trajectories  avg_orig_km=114.17  avg_simp_km=112.63  avg_length_loss=0.275  avg_points_removed=1931.7
  [length-loss] filtered out 569 trajectories with orig_km < 1.00 (likely docked/stationary) from top-25 ranking

  [length-loss] Top 25 MOST distorted (highest length_loss):
  rank        mmsi     orig_km     simp_km  length_loss    kept   removed
     1   245875000        1.19        0.19        0.837      21        45
     2   211457860        4.02        0.79        0.803      77       175
     3   219003217        2.43        0.67        0.725     206       478
     4   219440000        1.32        0.39        0.705     128       293
     5   219004266        2.91        0.88        0.698     542      1262
     6   218030270       16.80        5.09        0.697     207       483
     7   219017784        1.42        0.43        0.696     156       362
     8   259447000        4.08        1.27        0.689     312       725
     9   219024715        3.20        1.00        0.687    1273      2965
    10   219001582        3.33        1.05        0.686     763      1779
    11   219000851        1.41        0.45        0.680     174       404
    12   219005513        2.67        0.86        0.680     655      1522
    13   211385020       10.99        3.54        0.678      15        30
    14   219021176        1.75        0.57        0.676    1134      2642
    15   511100505        6.86        2.23        0.675     173       399
    16   219014162        2.42        0.80        0.671     872      2030
    17   219026081        5.64        1.86        0.670    1287      2999
    18   211846360        3.24        1.08        0.667      93       211
    19   218003000        5.00        1.68        0.663    1720      4007
    20   219003113        1.97        0.66        0.663     641      1491
    21   219033037        5.59        1.89        0.662     646      1503
    22   220076700        3.14        1.07        0.660     896      2085
    23   220343000        1.42        0.49        0.656     200       463
    24   219005921        1.26        0.44        0.653     424       984
    25   245697000        2.89        1.01        0.651     118       269

  [length-loss] Top 25 LEAST distorted (lowest length_loss):
  rank        mmsi     orig_km     simp_km  length_loss    kept   removed
     1   255916022       25.50       25.50        0.000     119       274
     2   258849000        5.65        5.65        0.000      11        22
     3   273268690       12.12       12.12        0.000      22        47
     4   210425000       95.04       95.04        0.000     291       676
     5   210568000       59.61       59.61        0.000      41        90
     6   636019492      164.27      164.26        0.000      38        83
     7   258059000       19.92       19.92        0.000      17        34
     8   311995000       99.07       99.07        0.000     361       839
     9   311055400       97.53       97.53        0.000     442      1027
    10   235108527       44.96       44.96        0.000     136       317
    11   230618000       98.61       98.60        0.000     490      1139
    12   255806436       88.16       88.15        0.000     399       927
    13   538003242       36.40       36.39        0.000     119       272
    14   241689000       36.78       36.78        0.000      96       218
    15   273272930       79.96       79.96        0.000     343       796
    16   538008844       68.26       68.26        0.000     271       629
    17   229344000       37.80       37.80        0.000     125       287
    18   215857000       36.63       36.63        0.000     151       350
    19   636021770       15.55       15.55        0.000      29        63
    20   636018491      116.16      116.15        0.000     552      1282
    21   352002167      250.40      250.38        0.000     136       313
    22   636024739      112.29      112.28        0.000     409       950
    23   246845000      370.85      370.82        0.000     994      2317
    24   636022717      266.92      266.90        0.000    1380      3220
    25   373267000      301.29      301.27        0.000    1271      2962
[trajectory-length-loss] done in 9.99s
[pipeline] total runtime 1109.51s

Matched-workload table
Method                     AggregateF1   Compression   Latency(ms)        Type
------------------------------------------------------------------------------
MLQDS                         0.409211        0.3005     143030.99         all
  - range                     0.000000                                   range
  - knn                       0.409211                                     knn
  - similarity                0.000000                              similarity
  - clustering                0.000000                              clustering
Random                        0.438562        0.3007        356.32         all
  - range                     0.000000                                   range
  - knn                       0.438562                                     knn
  - similarity                0.000000                              similarity
  - clustering                0.000000                              clustering
UniformTemporal               0.246993        0.3009        316.63         all
  - range                     0.000000                                   range
  - knn                       0.246993                                     knn
  - similarity                0.000000                              similarity
  - clustering                0.000000                              clustering
newUniformTemporal            0.441585        0.3002         99.50         all
  - range                     0.000000                                   range
  - knn                       0.441585                                     knn
  - similarity                0.000000                              similarity
  - clustering                0.000000                              clustering
DouglasPeucker                0.278610        0.3002        475.97         all
  - range                     0.000000                                   range
  - knn                       0.278610                                     knn
  - similarity                0.000000                              similarity
  - clustering                0.000000                              clustering
Oracle                        0.983601        0.3007        338.75         all
  - range                     0.000000                                   range
  - knn                       0.983601                                     knn
  - similarity                0.000000                              similarity
  - clustering                0.000000                              clustering

Distribution-shift table
Train\Eval                           knn=1.0
--------------------------------------------
knn=1.0                               0.4092
