[config] model=turn_aware  workload=mixed  epochs=75  n_queries=300  query_coverage=0.3  max_queries=3000  compression_ratio=0.3  lr=0.0005  pointwise_loss_weight=0.25  gradient_clip_norm=1.0  diagnostic_every=1  checkpoint_selection_metric=f1  f1_diagnostic_every=1  range_spatial_fraction=0.015  range_time_fraction=0.04  knn_k=12  mlqds_temporal_fraction=0.6  residual_label_mode=temporal
[load-data] reading train CSV: /ceph/project/P8-1/AISDATA/preprocessed_AIS_files/preprocessed_2026-02-05.csv
[load-data] reading eval CSV: /ceph/project/P8-1/AISDATA/preprocessed_AIS_files/preprocessed_2026-02-08.csv
[load-data] train=1580 eval=1564 trajectories loaded in 121.33s
[pipeline] train=1580 trajectories, eval=1564 trajectories, train_mix=clustering=0.2,knn=0.4,range=0.2,similarity=0.2, eval_mix=clustering=0.2,knn=0.4,range=0.2,similarity=0.2
[split] starting...
  split mode=separate CSVs  train=1343  eval=1564
  checkpoint-selection validation=237 trajectories
[split] done in 0.00s
[build-datasets] starting...
[build-datasets] done in 3.03s
[generate-workloads] starting...
  train_workload=300 queries  coverage=31.58% (1203418/3811001)
  eval_workload=300 queries  coverage=32.85% (1418906/4318960)
  selection_workload=600 queries  coverage=56.47% (326083/577411)
[generate-workloads] done in 401.68s
[write-queries-geojson] starting...
  wrote   60 range queries to /ceph/project/P8-1/AISDATA/Query_border_files/run_2026-02-05_eval_2026-02-08_cov0p30_mixed_rs0p015_rt0p04_820654/queries_range.geojson
  wrote  120 knn queries to /ceph/project/P8-1/AISDATA/Query_border_files/run_2026-02-05_eval_2026-02-08_cov0p30_mixed_rs0p015_rt0p04_820654/queries_knn.geojson
  wrote   60 similarity queries to /ceph/project/P8-1/AISDATA/Query_border_files/run_2026-02-05_eval_2026-02-08_cov0p30_mixed_rs0p015_rt0p04_820654/queries_similarity.geojson
  wrote   60 clustering queries to /ceph/project/P8-1/AISDATA/Query_border_files/run_2026-02-05_eval_2026-02-08_cov0p30_mixed_rs0p015_rt0p04_820654/queries_clustering.geojson
[write-queries-geojson] done in 0.10s
[train-model (75 epochs)] starting...
  [main] epoch 01/75  loss=0.02503270  avg_tau=-0.146  pred_std=0.222398  select=+0.519  (274.02s)
    [main] val_query_f1=0.518540  range=0.462830  knn=0.458943  similarity=0.405435  clustering=0.806550
    [main] label_diag  range:pos=0.0634,p95=1.000,pairs=129870,skip=12643  knn:pos=0.0210,p95=1.000,pairs=199041,skip=12405  similarity:pos=0.0037,p95=1.000,pairs=45226,skip=14281  clustering:pos=0.0521,p95=1.000,pairs=110801,skip=12963
  [main] epoch 02/75  loss=0.02033082  avg_tau=-0.030  pred_std=0.219179  select=+0.524  (239.88s)  *** NEW BEST MODEL ***
    [main] val_query_f1=0.524447  range=0.462057  knn=0.468633  similarity=0.416239  clustering=0.806674
    [main] label_diag  range:pos=0.0634,p95=1.000,pairs=129877,skip=12643  knn:pos=0.0210,p95=1.000,pairs=199082,skip=12405  similarity:pos=0.0037,p95=1.000,pairs=45244,skip=14281  clustering:pos=0.0521,p95=1.000,pairs=110886,skip=12963
  [main] epoch 03/75  loss=0.02061206  avg_tau=+0.042  pred_std=0.227111  select=+0.526  (216.90s)  *** NEW BEST MODEL ***
    [main] val_query_f1=0.525544  range=0.454122  knn=0.471618  similarity=0.420845  clustering=0.809516
    [main] label_diag  range:pos=0.0634,p95=1.000,pairs=129844,skip=12643  knn:pos=0.0210,p95=1.000,pairs=199004,skip=12405  similarity:pos=0.0037,p95=1.000,pairs=45332,skip=14281  clustering:pos=0.0521,p95=1.000,pairs=110526,skip=12963
  [main] epoch 04/75  loss=0.02045193  avg_tau=-0.145  pred_std=0.237145  select=+0.525  (200.57s)
    [main] val_query_f1=0.524515  range=0.460566  knn=0.469755  similarity=0.417460  clustering=0.805037
    [main] label_diag  range:pos=0.0634,p95=1.000,pairs=129837,skip=12643  knn:pos=0.0210,p95=1.000,pairs=199267,skip=12405  similarity:pos=0.0037,p95=1.000,pairs=45136,skip=14281  clustering:pos=0.0521,p95=1.000,pairs=110625,skip=12963
  [main] epoch 05/75  loss=0.02075161  avg_tau=-0.444  pred_std=0.256874  select=+0.526  (188.88s)  *** NEW BEST MODEL ***
    [main] val_query_f1=0.526085  range=0.457731  knn=0.474188  similarity=0.415441  clustering=0.808875
    [main] label_diag  range:pos=0.0634,p95=1.000,pairs=129890,skip=12643  knn:pos=0.0210,p95=1.000,pairs=199336,skip=12405  similarity:pos=0.0037,p95=1.000,pairs=45206,skip=14281  clustering:pos=0.0521,p95=1.000,pairs=110779,skip=12963
  [main] epoch 06/75  loss=0.01794780  avg_tau=+0.097  pred_std=0.228058  select=+0.526  (206.75s)
    [main] val_query_f1=0.525547  range=0.455034  knn=0.480688  similarity=0.405340  clustering=0.805983
    [main] label_diag  range:pos=0.0634,p95=1.000,pairs=129795,skip=12643  knn:pos=0.0210,p95=1.000,pairs=199075,skip=12405  similarity:pos=0.0037,p95=1.000,pairs=45327,skip=14281  clustering:pos=0.0521,p95=1.000,pairs=110565,skip=12963
  [main] epoch 07/75  loss=0.01804540  avg_tau=+0.162  pred_std=0.211065  select=+0.524  (171.05s)
    [main] val_query_f1=0.524185  range=0.453354  knn=0.479367  similarity=0.403716  clustering=0.805119
    [main] label_diag  range:pos=0.0634,p95=1.000,pairs=129729,skip=12643  knn:pos=0.0210,p95=1.000,pairs=199131,skip=12405  similarity:pos=0.0037,p95=1.000,pairs=45154,skip=14281  clustering:pos=0.0521,p95=1.000,pairs=110504,skip=12963
  [main] epoch 08/75  loss=0.01905555  avg_tau=+0.266  pred_std=0.206282  select=+0.528  (184.01s)  *** NEW BEST MODEL ***
    [main] val_query_f1=0.527622  range=0.454437  knn=0.479274  similarity=0.408820  clustering=0.816305
    [main] label_diag  range:pos=0.0634,p95=1.000,pairs=129710,skip=12643  knn:pos=0.0210,p95=1.000,pairs=198910,skip=12405  similarity:pos=0.0037,p95=1.000,pairs=45181,skip=14281  clustering:pos=0.0521,p95=1.000,pairs=110447,skip=12963
  [main] epoch 09/75  loss=0.02109798  avg_tau=+0.224  pred_std=0.219596  select=+0.527  (170.72s)
    [main] val_query_f1=0.526957  range=0.456795  knn=0.479853  similarity=0.413625  clustering=0.804658
    [main] label_diag  range:pos=0.0634,p95=1.000,pairs=129963,skip=12643  knn:pos=0.0210,p95=1.000,pairs=198808,skip=12405  similarity:pos=0.0037,p95=1.000,pairs=45197,skip=14281  clustering:pos=0.0521,p95=1.000,pairs=110755,skip=12963
  [main] epoch 10/75  loss=0.02079140  avg_tau=+0.010  pred_std=0.221333  select=+0.530  (182.40s)  *** NEW BEST MODEL ***
    [main] val_query_f1=0.529703  range=0.459119  knn=0.483030  similarity=0.414394  clustering=0.808943
    [main] label_diag  range:pos=0.0634,p95=1.000,pairs=129892,skip=12643  knn:pos=0.0210,p95=1.000,pairs=199138,skip=12405  similarity:pos=0.0037,p95=1.000,pairs=45115,skip=14281  clustering:pos=0.0521,p95=1.000,pairs=110620,skip=12963
  [main] epoch 11/75  loss=0.01892927  avg_tau=+0.189  pred_std=0.192095  select=+0.526  (179.45s)
    [main] val_query_f1=0.526102  range=0.453680  knn=0.476512  similarity=0.410713  clustering=0.813092
    [main] label_diag  range:pos=0.0634,p95=1.000,pairs=129813,skip=12643  knn:pos=0.0210,p95=1.000,pairs=199312,skip=12405  similarity:pos=0.0037,p95=1.000,pairs=45264,skip=14281  clustering:pos=0.0521,p95=1.000,pairs=110631,skip=12963
  [main] epoch 12/75  loss=0.02004880  avg_tau=+0.222  pred_std=0.196865  select=+0.527  (180.85s)
    [main] val_query_f1=0.526914  range=0.457335  knn=0.480795  similarity=0.411623  clustering=0.804020
    [main] label_diag  range:pos=0.0634,p95=1.000,pairs=129561,skip=12643  knn:pos=0.0210,p95=1.000,pairs=198972,skip=12405  similarity:pos=0.0037,p95=1.000,pairs=45168,skip=14281  clustering:pos=0.0521,p95=1.000,pairs=110674,skip=12963
  [main] epoch 13/75  loss=0.02025890  avg_tau=-0.249  pred_std=0.20623  select=+0.529  (186.72s)
    [main] val_query_f1=0.528584  range=0.455481  knn=0.478973  similarity=0.416995  clustering=0.812497
    [main] label_diag  range:pos=0.0634,p95=1.000,pairs=129431,skip=12643  knn:pos=0.0210,p95=1.000,pairs=199039,skip=12405  similarity:pos=0.0037,p95=1.000,pairs=45092,skip=14281  clustering:pos=0.0521,p95=1.000,pairs=110518,skip=12963
  [main] epoch 14/75  loss=0.01862488  avg_tau=+0.031  pred_std=0.193464  select=+0.531  (200.85s)  *** NEW BEST MODEL ***
    [main] val_query_f1=0.531228  range=0.464452  knn=0.481003  similarity=0.422093  clustering=0.807590
    [main] label_diag  range:pos=0.0634,p95=1.000,pairs=129868,skip=12643  knn:pos=0.0210,p95=1.000,pairs=198981,skip=12405  similarity:pos=0.0037,p95=1.000,pairs=45175,skip=14281  clustering:pos=0.0521,p95=1.000,pairs=110823,skip=12963
  [main] epoch 15/75  loss=0.01907743  avg_tau=-0.058  pred_std=0.195543  select=+0.528  (193.17s)
    [main] val_query_f1=0.528349  range=0.457692  knn=0.479961  similarity=0.415282  clustering=0.808850
    [main] label_diag  range:pos=0.0634,p95=1.000,pairs=129680,skip=12643  knn:pos=0.0210,p95=1.000,pairs=199286,skip=12405  similarity:pos=0.0037,p95=1.000,pairs=45039,skip=14281  clustering:pos=0.0521,p95=1.000,pairs=110847,skip=12963
  [main] epoch 16/75  loss=0.01885327  avg_tau=-0.293  pred_std=0.211683  select=+0.528  (195.33s)
    [main] val_query_f1=0.527651  range=0.454116  knn=0.482782  similarity=0.411401  clustering=0.807174
    [main] label_diag  range:pos=0.0634,p95=1.000,pairs=129476,skip=12643  knn:pos=0.0210,p95=1.000,pairs=199105,skip=12405  similarity:pos=0.0037,p95=1.000,pairs=45248,skip=14281  clustering:pos=0.0521,p95=1.000,pairs=110577,skip=12963
  [main] epoch 17/75  loss=0.01852910  avg_tau=+0.437  pred_std=0.199306  select=+0.528  (182.76s)
    [main] val_query_f1=0.527887  range=0.456470  knn=0.480190  similarity=0.411937  clustering=0.810649
    [main] label_diag  range:pos=0.0634,p95=1.000,pairs=130235,skip=12643  knn:pos=0.0210,p95=1.000,pairs=199104,skip=12405  similarity:pos=0.0037,p95=1.000,pairs=45180,skip=14281  clustering:pos=0.0521,p95=1.000,pairs=110722,skip=12963
  [main] epoch 18/75  loss=0.01885650  avg_tau=-0.514  pred_std=0.194295  select=+0.525  (177.48s)
    [main] val_query_f1=0.524996  range=0.446706  knn=0.477344  similarity=0.412668  clustering=0.810920
    [main] label_diag  range:pos=0.0634,p95=1.000,pairs=129524,skip=12643  knn:pos=0.0210,p95=1.000,pairs=199010,skip=12405  similarity:pos=0.0037,p95=1.000,pairs=45180,skip=14281  clustering:pos=0.0521,p95=1.000,pairs=110670,skip=12963
  [main] epoch 19/75  loss=0.01696307  avg_tau=-0.029  pred_std=0.187624  select=+0.529  (160.08s)
    [main] val_query_f1=0.528765  range=0.457862  knn=0.480443  similarity=0.416293  clustering=0.808784
    [main] label_diag  range:pos=0.0634,p95=1.000,pairs=129797,skip=12643  knn:pos=0.0210,p95=1.000,pairs=199433,skip=12405  similarity:pos=0.0037,p95=1.000,pairs=45345,skip=14281  clustering:pos=0.0521,p95=1.000,pairs=110338,skip=12963
  [main] epoch 20/75  loss=0.01811608  avg_tau=+0.244  pred_std=0.183734  select=+0.528  (165.09s)
    [main] val_query_f1=0.527672  range=0.451903  knn=0.478439  similarity=0.418237  clustering=0.811340
    [main] label_diag  range:pos=0.0634,p95=1.000,pairs=129789,skip=12643  knn:pos=0.0210,p95=1.000,pairs=199054,skip=12405  similarity:pos=0.0037,p95=1.000,pairs=45094,skip=14281  clustering:pos=0.0521,p95=1.000,pairs=110918,skip=12963
  [main] epoch 21/75  loss=0.02155757  avg_tau=-0.094  pred_std=0.221285  select=+0.528  (159.76s)
    [main] val_query_f1=0.527638  range=0.453494  knn=0.481009  similarity=0.408892  clustering=0.813785
    [main] label_diag  range:pos=0.0634,p95=1.000,pairs=129624,skip=12643  knn:pos=0.0210,p95=1.000,pairs=199068,skip=12405  similarity:pos=0.0037,p95=1.000,pairs=45144,skip=14281  clustering:pos=0.0521,p95=1.000,pairs=110597,skip=12963
  [main] epoch 22/75  loss=0.01889550  avg_tau=+0.108  pred_std=0.205898  select=+0.523  (167.52s)
    [main] val_query_f1=0.523470  range=0.447713  knn=0.473198  similarity=0.414071  clustering=0.809171
    [main] label_diag  range:pos=0.0634,p95=1.000,pairs=129703,skip=12643  knn:pos=0.0210,p95=1.000,pairs=198966,skip=12405  similarity:pos=0.0037,p95=1.000,pairs=45163,skip=14281  clustering:pos=0.0521,p95=1.000,pairs=110410,skip=12963
  [main] epoch 23/75  loss=0.02012445  avg_tau=-0.165  pred_std=0.219514  select=+0.526  (178.71s)
    [main] val_query_f1=0.525986  range=0.446924  knn=0.478718  similarity=0.415165  clustering=0.810405
    [main] label_diag  range:pos=0.0634,p95=1.000,pairs=129625,skip=12643  knn:pos=0.0210,p95=1.000,pairs=198808,skip=12405  similarity:pos=0.0037,p95=1.000,pairs=45120,skip=14281  clustering:pos=0.0521,p95=1.000,pairs=110657,skip=12963
  [main] epoch 24/75  loss=0.01847510  avg_tau=-0.222  pred_std=0.2074  select=+0.526  (183.50s)
    [main] val_query_f1=0.526032  range=0.446070  knn=0.477037  similarity=0.416697  clustering=0.813321
    [main] label_diag  range:pos=0.0634,p95=1.000,pairs=129934,skip=12643  knn:pos=0.0210,p95=1.000,pairs=198907,skip=12405  similarity:pos=0.0037,p95=1.000,pairs=45090,skip=14281  clustering:pos=0.0521,p95=1.000,pairs=110408,skip=12963
  [main] epoch 25/75  loss=0.01924229  avg_tau=+0.137  pred_std=0.202688  select=+0.518  (182.33s)
    [main] val_query_f1=0.518116  range=0.435538  knn=0.467666  similarity=0.414623  clustering=0.805087
    [main] label_diag  range:pos=0.0634,p95=1.000,pairs=129624,skip=12643  knn:pos=0.0210,p95=1.000,pairs=198998,skip=12405  similarity:pos=0.0037,p95=1.000,pairs=45060,skip=14281  clustering:pos=0.0521,p95=1.000,pairs=110585,skip=12963
  [main] epoch 26/75  loss=0.01907716  avg_tau=+0.104  pred_std=0.201731  select=+0.525  (198.28s)
    [main] val_query_f1=0.524667  range=0.446955  knn=0.473510  similarity=0.414994  clustering=0.814365
    [main] label_diag  range:pos=0.0634,p95=1.000,pairs=129829,skip=12643  knn:pos=0.0210,p95=1.000,pairs=199147,skip=12405  similarity:pos=0.0037,p95=1.000,pairs=45135,skip=14281  clustering:pos=0.0521,p95=1.000,pairs=110589,skip=12963
  [main] epoch 27/75  loss=0.01850660  avg_tau=+0.088  pred_std=0.204289  select=+0.518  (170.51s)
    [main] val_query_f1=0.517625  range=0.440662  knn=0.466944  similarity=0.404010  clustering=0.809565
    [main] label_diag  range:pos=0.0634,p95=1.000,pairs=129848,skip=12643  knn:pos=0.0210,p95=1.000,pairs=198927,skip=12405  similarity:pos=0.0037,p95=1.000,pairs=45161,skip=14281  clustering:pos=0.0521,p95=1.000,pairs=110621,skip=12963
  [main] epoch 28/75  loss=0.01902279  avg_tau=-0.045  pred_std=0.220234  select=+0.520  (214.46s)
    [main] val_query_f1=0.520395  range=0.437551  knn=0.471128  similarity=0.410555  clustering=0.811610
    [main] label_diag  range:pos=0.0634,p95=1.000,pairs=129497,skip=12643  knn:pos=0.0210,p95=1.000,pairs=199271,skip=12405  similarity:pos=0.0037,p95=1.000,pairs=45107,skip=14281  clustering:pos=0.0521,p95=1.000,pairs=110679,skip=12963
  [main] epoch 29/75  loss=0.02031914  avg_tau=-0.193  pred_std=0.235058  select=+0.519  (206.04s)
    [main] val_query_f1=0.518641  range=0.444319  knn=0.464549  similarity=0.416020  clustering=0.803765
    [main] label_diag  range:pos=0.0634,p95=1.000,pairs=129624,skip=12643  knn:pos=0.0210,p95=1.000,pairs=198902,skip=12405  similarity:pos=0.0037,p95=1.000,pairs=45042,skip=14281  clustering:pos=0.0521,p95=1.000,pairs=110782,skip=12963
  [main] epoch 30/75  loss=0.01940253  avg_tau=+0.062  pred_std=0.218937  select=+0.514  (213.35s)
    [main] val_query_f1=0.513747  range=0.432991  knn=0.461911  similarity=0.408137  clustering=0.803786
    [main] label_diag  range:pos=0.0634,p95=1.000,pairs=129867,skip=12643  knn:pos=0.0210,p95=1.000,pairs=199173,skip=12405  similarity:pos=0.0037,p95=1.000,pairs=45254,skip=14281  clustering:pos=0.0521,p95=1.000,pairs=110559,skip=12963
  [main] epoch 31/75  loss=0.01654762  avg_tau=-0.161  pred_std=0.196668  select=+0.519  (204.36s)
    [main] val_query_f1=0.519480  range=0.443669  knn=0.465850  similarity=0.408717  clustering=0.813315
    [main] label_diag  range:pos=0.0634,p95=1.000,pairs=129528,skip=12643  knn:pos=0.0210,p95=1.000,pairs=199352,skip=12405  similarity:pos=0.0037,p95=1.000,pairs=45151,skip=14281  clustering:pos=0.0521,p95=1.000,pairs=110465,skip=12963
  [main] epoch 32/75  loss=0.01642291  avg_tau=+0.278  pred_std=0.196663  select=+0.515  (195.43s)
    [main] val_query_f1=0.514849  range=0.440431  knn=0.459444  similarity=0.409031  clustering=0.805894
    [main] label_diag  range:pos=0.0634,p95=1.000,pairs=129529,skip=12643  knn:pos=0.0210,p95=1.000,pairs=199066,skip=12405  similarity:pos=0.0037,p95=1.000,pairs=45212,skip=14281  clustering:pos=0.0521,p95=1.000,pairs=110604,skip=12963
  [main] epoch 33/75  loss=0.01987660  avg_tau=+0.114  pred_std=0.220618  select=+0.521  (182.27s)
    [main] val_query_f1=0.520524  range=0.447767  knn=0.464649  similarity=0.420497  clustering=0.805055
    [main] label_diag  range:pos=0.0634,p95=1.000,pairs=129553,skip=12643  knn:pos=0.0210,p95=1.000,pairs=199067,skip=12405  similarity:pos=0.0037,p95=1.000,pairs=45081,skip=14281  clustering:pos=0.0521,p95=1.000,pairs=110418,skip=12963
  [main] epoch 34/75  loss=0.01778033  avg_tau=-0.171  pred_std=0.21741  select=+0.518  (193.22s)
    [main] val_query_f1=0.518463  range=0.438255  knn=0.461720  similarity=0.413311  clustering=0.817311
    [main] label_diag  range:pos=0.0634,p95=1.000,pairs=129871,skip=12643  knn:pos=0.0210,p95=1.000,pairs=199206,skip=12405  similarity:pos=0.0037,p95=1.000,pairs=45215,skip=14281  clustering:pos=0.0521,p95=1.000,pairs=110617,skip=12963
  [main] epoch 35/75  loss=0.01968019  avg_tau=-0.008  pred_std=0.235125  select=+0.514  (182.77s)
    [main] val_query_f1=0.513736  range=0.432380  knn=0.460585  similarity=0.406716  clustering=0.808414
    [main] label_diag  range:pos=0.0634,p95=1.000,pairs=129895,skip=12643  knn:pos=0.0210,p95=1.000,pairs=199279,skip=12405  similarity:pos=0.0037,p95=1.000,pairs=45097,skip=14281  clustering:pos=0.0521,p95=1.000,pairs=110500,skip=12963
  [main] epoch 36/75  loss=0.01778892  avg_tau=+0.128  pred_std=0.216588  select=+0.512  (166.51s)
    [main] val_query_f1=0.511839  range=0.426351  knn=0.458535  similarity=0.403220  clustering=0.812551
    [main] label_diag  range:pos=0.0634,p95=1.000,pairs=129878,skip=12643  knn:pos=0.0210,p95=1.000,pairs=198825,skip=12405  similarity:pos=0.0037,p95=1.000,pairs=45174,skip=14281  clustering:pos=0.0521,p95=1.000,pairs=110910,skip=12963
  [main] epoch 37/75  loss=0.01659570  avg_tau=+0.034  pred_std=0.206878  select=+0.517  (174.28s)
    [main] val_query_f1=0.516880  range=0.430429  knn=0.466831  similarity=0.414515  clustering=0.805792
    [main] label_diag  range:pos=0.0634,p95=1.000,pairs=129446,skip=12643  knn:pos=0.0210,p95=1.000,pairs=199401,skip=12405  similarity:pos=0.0037,p95=1.000,pairs=45260,skip=14281  clustering:pos=0.0521,p95=1.000,pairs=110913,skip=12963
  [main] epoch 38/75  loss=0.01784138  avg_tau=+0.056  pred_std=0.216808  select=+0.511  (168.19s)
    [main] val_query_f1=0.511476  range=0.422482  knn=0.463523  similarity=0.403604  clustering=0.804246
    [main] label_diag  range:pos=0.0634,p95=1.000,pairs=129218,skip=12643  knn:pos=0.0210,p95=1.000,pairs=198991,skip=12405  similarity:pos=0.0037,p95=1.000,pairs=45183,skip=14281  clustering:pos=0.0521,p95=1.000,pairs=110828,skip=12963
  [main] epoch 39/75  loss=0.01978041  avg_tau=+0.315  pred_std=0.233202  select=+0.517  (166.88s)
    [main] val_query_f1=0.517462  range=0.438560  knn=0.466861  similarity=0.401617  clustering=0.813412
    [main] label_diag  range:pos=0.0634,p95=1.000,pairs=129654,skip=12643  knn:pos=0.0210,p95=1.000,pairs=199120,skip=12405  similarity:pos=0.0037,p95=1.000,pairs=45154,skip=14281  clustering:pos=0.0521,p95=1.000,pairs=110723,skip=12963
  [main] epoch 40/75  loss=0.01770018  avg_tau=+0.002  pred_std=0.217049  select=+0.518  (169.78s)
    [main] val_query_f1=0.517854  range=0.433781  knn=0.465728  similarity=0.415822  clustering=0.808211
    [main] label_diag  range:pos=0.0634,p95=1.000,pairs=129506,skip=12643  knn:pos=0.0210,p95=1.000,pairs=198981,skip=12405  similarity:pos=0.0037,p95=1.000,pairs=45267,skip=14281  clustering:pos=0.0521,p95=1.000,pairs=110480,skip=12963
  [main] epoch 41/75  loss=0.01858064  avg_tau=+0.253  pred_std=0.214954  select=+0.512  (183.52s)
    [main] val_query_f1=0.512217  range=0.427243  knn=0.465795  similarity=0.399575  clustering=0.802675
    [main] label_diag  range:pos=0.0634,p95=1.000,pairs=129598,skip=12643  knn:pos=0.0210,p95=1.000,pairs=198852,skip=12405  similarity:pos=0.0037,p95=1.000,pairs=45151,skip=14281  clustering:pos=0.0521,p95=1.000,pairs=110516,skip=12963
  [main] epoch 42/75  loss=0.01867057  avg_tau=+0.206  pred_std=0.2272  select=+0.514  (172.39s)
    [main] val_query_f1=0.514421  range=0.427084  knn=0.466990  similarity=0.406481  clustering=0.804557
    [main] label_diag  range:pos=0.0634,p95=1.000,pairs=129595,skip=12643  knn:pos=0.0210,p95=1.000,pairs=198988,skip=12405  similarity:pos=0.0037,p95=1.000,pairs=45258,skip=14281  clustering:pos=0.0521,p95=1.000,pairs=110681,skip=12963
  [main] epoch 43/75  loss=0.01842774  avg_tau=-0.076  pred_std=0.230336  select=+0.514  (187.44s)
    [main] val_query_f1=0.513538  range=0.435441  knn=0.459848  similarity=0.408360  clustering=0.804194
    [main] label_diag  range:pos=0.0634,p95=1.000,pairs=129661,skip=12643  knn:pos=0.0210,p95=1.000,pairs=198986,skip=12405  similarity:pos=0.0037,p95=1.000,pairs=45139,skip=14281  clustering:pos=0.0521,p95=1.000,pairs=110632,skip=12963
  [main] epoch 44/75  loss=0.01731734  avg_tau=+0.190  pred_std=0.210746  select=+0.515  (194.43s)
    [main] val_query_f1=0.514597  range=0.421624  knn=0.465354  similarity=0.416938  clustering=0.803715
    [main] label_diag  range:pos=0.0634,p95=1.000,pairs=129612,skip=12643  knn:pos=0.0210,p95=1.000,pairs=199146,skip=12405  similarity:pos=0.0037,p95=1.000,pairs=45204,skip=14281  clustering:pos=0.0521,p95=1.000,pairs=110874,skip=12963
  [main] epoch 45/75  loss=0.01802193  avg_tau=+0.189  pred_std=0.220599  select=+0.517  (206.72s)
    [main] val_query_f1=0.517369  range=0.432675  knn=0.472172  similarity=0.407320  clustering=0.802507
    [main] label_diag  range:pos=0.0634,p95=1.000,pairs=129915,skip=12643  knn:pos=0.0210,p95=1.000,pairs=199096,skip=12405  similarity:pos=0.0037,p95=1.000,pairs=45196,skip=14281  clustering:pos=0.0521,p95=1.000,pairs=110417,skip=12963
  [main] epoch 46/75  loss=0.01811629  avg_tau=-0.096  pred_std=0.218019  select=+0.519  (213.77s)
    [main] val_query_f1=0.519327  range=0.437673  knn=0.471035  similarity=0.406108  clustering=0.810782
    [main] label_diag  range:pos=0.0634,p95=1.000,pairs=130032,skip=12643  knn:pos=0.0210,p95=1.000,pairs=198937,skip=12405  similarity:pos=0.0037,p95=1.000,pairs=45092,skip=14281  clustering:pos=0.0521,p95=1.000,pairs=110657,skip=12963
  [main] epoch 47/75  loss=0.01827101  avg_tau=-0.068  pred_std=0.238083  select=+0.517  (235.01s)
    [main] val_query_f1=0.516809  range=0.434346  knn=0.469458  similarity=0.409288  clustering=0.801497
    [main] label_diag  range:pos=0.0634,p95=1.000,pairs=129877,skip=12643  knn:pos=0.0210,p95=1.000,pairs=198826,skip=12405  similarity:pos=0.0037,p95=1.000,pairs=45157,skip=14281  clustering:pos=0.0521,p95=1.000,pairs=110267,skip=12963
  [main] epoch 48/75  loss=0.01666550  avg_tau=+0.026  pred_std=0.215726  select=+0.516  (190.59s)
    [main] val_query_f1=0.516248  range=0.437558  knn=0.469507  similarity=0.396165  clustering=0.808506
    [main] label_diag  range:pos=0.0634,p95=1.000,pairs=129879,skip=12643  knn:pos=0.0210,p95=1.000,pairs=198992,skip=12405  similarity:pos=0.0037,p95=1.000,pairs=45268,skip=14281  clustering:pos=0.0521,p95=1.000,pairs=110734,skip=12963
  [main] epoch 49/75  loss=0.01908360  avg_tau=-0.076  pred_std=0.243462  select=+0.519  (255.08s)
    [main] val_query_f1=0.519357  range=0.435000  knn=0.473333  similarity=0.409999  clustering=0.805121
    [main] label_diag  range:pos=0.0634,p95=1.000,pairs=129792,skip=12643  knn:pos=0.0210,p95=1.000,pairs=199096,skip=12405  similarity:pos=0.0037,p95=1.000,pairs=45202,skip=14281  clustering:pos=0.0521,p95=1.000,pairs=110780,skip=12963
  [main] epoch 50/75  loss=0.01786330  avg_tau=-0.152  pred_std=0.233523  select=+0.520  (252.54s)
    [main] val_query_f1=0.519935  range=0.440810  knn=0.466836  similarity=0.412785  clustering=0.812409
    [main] label_diag  range:pos=0.0634,p95=1.000,pairs=129936,skip=12643  knn:pos=0.0210,p95=1.000,pairs=199173,skip=12405  similarity:pos=0.0037,p95=1.000,pairs=45220,skip=14281  clustering:pos=0.0521,p95=1.000,pairs=110604,skip=12963
  [main] epoch 51/75  loss=0.01751852  avg_tau=+0.030  pred_std=0.224153  select=+0.518  (234.29s)
    [main] val_query_f1=0.517852  range=0.443279  knn=0.468911  similarity=0.406899  clustering=0.801259
    [main] label_diag  range:pos=0.0634,p95=1.000,pairs=129807,skip=12643  knn:pos=0.0210,p95=1.000,pairs=199191,skip=12405  similarity:pos=0.0037,p95=1.000,pairs=45211,skip=14281  clustering:pos=0.0521,p95=1.000,pairs=110782,skip=12963
  [main] epoch 52/75  loss=0.01523838  avg_tau=-0.081  pred_std=0.19876  select=+0.522  (228.13s)
    [main] val_query_f1=0.521562  range=0.443844  knn=0.474684  similarity=0.418124  clustering=0.796474
    [main] label_diag  range:pos=0.0634,p95=1.000,pairs=129492,skip=12643  knn:pos=0.0210,p95=1.000,pairs=199030,skip=12405  similarity:pos=0.0037,p95=1.000,pairs=45181,skip=14281  clustering:pos=0.0521,p95=1.000,pairs=110807,skip=12963
  [main] epoch 53/75  loss=0.01838737  avg_tau=+0.151  pred_std=0.227801  select=+0.520  (204.28s)
    [main] val_query_f1=0.519514  range=0.445719  knn=0.466398  similarity=0.416178  clustering=0.802878
    [main] label_diag  range:pos=0.0634,p95=1.000,pairs=129900,skip=12643  knn:pos=0.0210,p95=1.000,pairs=199418,skip=12405  similarity:pos=0.0037,p95=1.000,pairs=45202,skip=14281  clustering:pos=0.0521,p95=1.000,pairs=110417,skip=12963
  [main] epoch 54/75  loss=0.01782193  avg_tau=+0.001  pred_std=0.23134  select=+0.521  (212.80s)
    [main] val_query_f1=0.520934  range=0.440988  knn=0.472975  similarity=0.413393  clustering=0.804337
    [main] label_diag  range:pos=0.0634,p95=1.000,pairs=129709,skip=12643  knn:pos=0.0210,p95=1.000,pairs=199124,skip=12405  similarity:pos=0.0037,p95=1.000,pairs=45079,skip=14281  clustering:pos=0.0521,p95=1.000,pairs=110503,skip=12963
  [main] epoch 55/75  loss=0.01697641  avg_tau=-0.104  pred_std=0.225594  select=+0.514  (199.49s)
    [main] val_query_f1=0.513787  range=0.451637  knn=0.458718  similarity=0.399358  clustering=0.800503
    [main] label_diag  range:pos=0.0634,p95=1.000,pairs=129761,skip=12643  knn:pos=0.0210,p95=1.000,pairs=198894,skip=12405  similarity:pos=0.0037,p95=1.000,pairs=45090,skip=14281  clustering:pos=0.0521,p95=1.000,pairs=110355,skip=12963
  [main] epoch 56/75  loss=0.01757027  avg_tau=+0.236  pred_std=0.242585  select=+0.520  (194.26s)
    [main] val_query_f1=0.519745  range=0.443386  knn=0.471053  similarity=0.413772  clustering=0.799460
    [main] label_diag  range:pos=0.0634,p95=1.000,pairs=129701,skip=12643  knn:pos=0.0210,p95=1.000,pairs=199048,skip=12405  similarity:pos=0.0037,p95=1.000,pairs=45208,skip=14281  clustering:pos=0.0521,p95=1.000,pairs=110536,skip=12963
  [main] epoch 57/75  loss=0.01836503  avg_tau=-0.202  pred_std=0.260137  select=+0.523  (181.93s)
    [main] val_query_f1=0.523285  range=0.453483  knn=0.474609  similarity=0.415528  clustering=0.798194
    [main] label_diag  range:pos=0.0634,p95=1.000,pairs=129612,skip=12643  knn:pos=0.0210,p95=1.000,pairs=199081,skip=12405  similarity:pos=0.0037,p95=1.000,pairs=45197,skip=14281  clustering:pos=0.0521,p95=1.000,pairs=110514,skip=12963
  [main] epoch 58/75  loss=0.01373066  avg_tau=+0.175  pred_std=0.203575  select=+0.518  (198.04s)
    [main] val_query_f1=0.518173  range=0.434016  knn=0.470632  similarity=0.411217  clustering=0.804369
    [main] label_diag  range:pos=0.0634,p95=1.000,pairs=129778,skip=12643  knn:pos=0.0210,p95=1.000,pairs=199258,skip=12405  similarity:pos=0.0037,p95=1.000,pairs=45216,skip=14281  clustering:pos=0.0521,p95=1.000,pairs=110539,skip=12963
  [main] epoch 59/75  loss=0.01538321  avg_tau=-0.026  pred_std=0.218066  select=+0.514  (196.69s)
    [main] val_query_f1=0.513849  range=0.434287  knn=0.466310  similarity=0.405608  clustering=0.796732
    [main] label_diag  range:pos=0.0634,p95=1.000,pairs=129766,skip=12643  knn:pos=0.0210,p95=1.000,pairs=199050,skip=12405  similarity:pos=0.0037,p95=1.000,pairs=45125,skip=14281  clustering:pos=0.0521,p95=1.000,pairs=110667,skip=12963
  [main] epoch 60/75  loss=0.01643766  avg_tau=+0.027  pred_std=0.23532  select=+0.520  (203.27s)
    [main] val_query_f1=0.519735  range=0.454594  knn=0.472874  similarity=0.404331  clustering=0.794002
    [main] label_diag  range:pos=0.0634,p95=1.000,pairs=129716,skip=12643  knn:pos=0.0210,p95=1.000,pairs=199059,skip=12405  similarity:pos=0.0037,p95=1.000,pairs=45163,skip=14281  clustering:pos=0.0521,p95=1.000,pairs=110595,skip=12963
  [main] epoch 61/75  loss=0.01829407  avg_tau=+0.223  pred_std=0.243789  select=+0.516  (156.44s)
    [main] val_query_f1=0.516408  range=0.431943  knn=0.475837  similarity=0.401775  clustering=0.796646
    [main] label_diag  range:pos=0.0634,p95=1.000,pairs=129461,skip=12643  knn:pos=0.0210,p95=1.000,pairs=199102,skip=12405  similarity:pos=0.0037,p95=1.000,pairs=45150,skip=14281  clustering:pos=0.0521,p95=1.000,pairs=110722,skip=12963
  [main] epoch 62/75  loss=0.01592271  avg_tau=+0.250  pred_std=0.263053  select=+0.512  (111.31s)
    [main] val_query_f1=0.512052  range=0.437919  knn=0.462373  similarity=0.406155  clustering=0.791441
    [main] label_diag  range:pos=0.0634,p95=1.000,pairs=129507,skip=12643  knn:pos=0.0210,p95=1.000,pairs=198927,skip=12405  similarity:pos=0.0037,p95=1.000,pairs=45164,skip=14281  clustering:pos=0.0521,p95=1.000,pairs=110720,skip=12963
  [main] epoch 63/75  loss=0.01578982  avg_tau=+0.085  pred_std=0.255092  select=+0.523  (246.67s)
    [main] val_query_f1=0.522912  range=0.455185  knn=0.476299  similarity=0.408105  clustering=0.798671
    [main] label_diag  range:pos=0.0634,p95=1.000,pairs=129622,skip=12643  knn:pos=0.0210,p95=1.000,pairs=199114,skip=12405  similarity:pos=0.0037,p95=1.000,pairs=45208,skip=14281  clustering:pos=0.0521,p95=1.000,pairs=110611,skip=12963
  [main] epoch 64/75  loss=0.01766087  avg_tau=+0.185  pred_std=0.242047  select=+0.516  (252.70s)
    [main] val_query_f1=0.516018  range=0.441259  knn=0.465102  similarity=0.403593  clustering=0.805036
    [main] label_diag  range:pos=0.0634,p95=1.000,pairs=129972,skip=12643  knn:pos=0.0210,p95=1.000,pairs=199447,skip=12405  similarity:pos=0.0037,p95=1.000,pairs=45090,skip=14281  clustering:pos=0.0521,p95=1.000,pairs=110614,skip=12963
  [main] early stopping at epoch 64: selection score did not improve over 50 diag epochs (best_selection=+0.531, best_loss=0.01862488)
  [main] restored best diagnostic epoch 14/64 (selection=+0.531, loss=0.01862488, val_f1=0.531228)
[train-model (75 epochs)] done in 12806.18s
[save-model] starting...
  saved checkpoint to /ceph/project/P8-1/QDS/qds_v2/src/models/saved_models/model_2026-02-05_eval_2026-02-08_cov0p30_mixed_rs0p015_rt0p04_820654.pt  (epochs_trained=64, best_epoch=14, best_loss=0.01862488, train_mix=clustering=0.2,knn=0.4,range=0.2,similarity=0.2, eval_mix=clustering=0.2,knn=0.4,range=0.2,similarity=0.2)
[save-model] done in 0.02s
[evaluate-matched] starting...
[  eval MLQDS] starting...
[  eval MLQDS] done in 2334.94s
[  eval Random] starting...
[  eval Random] done in 291.50s
[  eval newUniformTemporal] starting...
[  eval newUniformTemporal] done in 274.60s
[  eval DouglasPeucker] starting...
[  eval DouglasPeucker] done in 297.06s
[  eval Oracle] starting...
[  eval Oracle] done in 242.52s
[evaluate-matched] done in 3721.04s
[evaluate-shift] starting...
[evaluate-shift] done in 0.00s
[write-results] starting...
  wrote results to /ceph/project/P8-1/QDS/qds_v2/results
[write-results] done in 0.02s
[write-simplified-csv] starting...
  wrote 1296472 retained points across 1296472 samples to /ceph/project/P8-1/AISDATA/ML_processed_AIS_files/run_2026-02-05_eval_2026-02-08_cov0p30_mixed_rs0p015_rt0p04_820654/ML_simplified_eval.csv
[write-simplified-csv] done in 3.63s
[trajectory-length-loss] starting...
  [length-loss] 1564 trajectories  avg_orig_km=114.17  avg_simp_km=113.62  avg_length_loss=0.251  avg_points_removed=1932.5
  [length-loss] filtered out 569 trajectories with orig_km < 1.00 (likely docked/stationary) from top-25 ranking

  [length-loss] Top 25 MOST distorted (highest length_loss):
  rank        mmsi     orig_km     simp_km  length_loss    kept   removed
     1   211457860        4.02        1.04        0.742      76       176
     2   218030270       16.80        5.14        0.694     207       483
     3   219004266        2.91        0.94        0.677     542      1262
     4   219017784        1.42        0.50        0.647     156       362
     5   219001582        3.33        1.23        0.630     763      1779
     6   219798000        1.09        0.41        0.630     394       917
     7   259447000        4.08        1.51        0.629     312       725
     8   219440000        1.32        0.50        0.624     127       294
     9   211846360        3.24        1.23        0.620      92       212
    10   511100505        6.86        2.67        0.611     172       400
    11   220343000        1.42        0.56        0.607     199       464
    12   341832000        1.19        0.49        0.587      72       166
    13   352005487        5.89        2.43        0.587     139       323
    14   245697000        2.89        1.20        0.587     117       270
    15   219003217        2.43        1.01        0.584     206       478
    16   219003113        1.97        0.82        0.581     640      1492
    17   229044000        3.05        1.28        0.579      57       130
    18   244890000        1.13        0.48        0.575      86       200
    19   258040000        2.08        0.88        0.574     108       251
    20   219024715        3.20        1.36        0.574    1272      2966
    21   219005513        2.67        1.15        0.569     654      1523
    22   219014162        2.42        1.07        0.557     871      2031
    23   219021176        1.75        0.78        0.555    1133      2643
    24   218003000        5.00        2.24        0.553    1719      4008
    25   219000881        2.07        0.93        0.552     938      2187

  [length-loss] Top 25 LEAST distorted (lowest length_loss):
  rank        mmsi     orig_km     simp_km  length_loss    kept   removed
     1   636019492      164.27      164.27        0.000      37        84
     2   255916022       25.50       25.50        0.000     118       275
     3   273268690       12.12       12.12        0.000      21        48
     4   636024739      112.29      112.29        0.000     408       951
     5   311055400       97.53       97.53        0.000     441      1028
     6   258849000        5.65        5.65        0.000      10        23
     7   230987000      367.62      367.62        0.000    1491      3477
     8   258059000       19.92       19.92        0.000      16        35
     9   230618000       98.61       98.60        0.000     489      1140
    10   219560000      384.96      384.96        0.000    1739      4056
    11   210425000       95.04       95.04        0.000     291       676
    12   210568000       59.61       59.61        0.000      40        91
    13   373267000      301.29      301.29        0.000    1270      2963
    14   255814000      155.05      155.05        0.000     721      1682
    15   477149200       54.20       54.20        0.000     261       608
    16   215857000       36.63       36.63        0.000     151       350
    17   352002167      250.40      250.39        0.000     135       314
    18   636022717      266.92      266.92        0.000    1380      3220
    19   636020533      140.00      140.00        0.000     319       742
    20   636018491      116.16      116.16        0.000     551      1283
    21   255806436       88.16       88.16        0.000     398       928
    22   219028116      436.51      436.50        0.000    1985      4631
    23   241689000       36.78       36.78        0.000      95       219
    24   538011780      181.37      181.37        0.000     902      2104
    25   230617000      239.92      239.91        0.000    1216      2836
[trajectory-length-loss] done in 16.24s
[pipeline] total runtime 16951.95s

Matched-workload table
Method                     AggregateF1   Compression   Latency(ms)        Type
------------------------------------------------------------------------------
MLQDS                         0.455330        0.3002    2059288.59         all
  - range                     0.457647                                   range
  - knn                       0.452698                                     knn
  - similarity                0.433891                              similarity
  - clustering                0.479715                              clustering
Random                        0.440669        0.3007       3527.01         all
  - range                     0.461637                                   range
  - knn                       0.436318                                     knn
  - similarity                0.391392                              similarity
  - clustering                0.477680                              clustering
newUniformTemporal            0.448608        0.3002       2178.85         all
  - range                     0.461379                                   range
  - knn                       0.440108                                     knn
  - similarity                0.405995                              similarity
  - clustering                0.495450                              clustering
DouglasPeucker                0.284552        0.3002       3689.20         all
  - range                     0.399548                                   range
  - knn                       0.265305                                     knn
  - similarity                0.222371                              similarity
  - clustering                0.270232                              clustering
Oracle                        0.928585        0.3007       4127.12         all
  - range                     0.926615                                   range
  - knn                       0.955239                                     knn
  - similarity                0.908817                              similarity
  - clustering                0.897017                              clustering

Distribution-shift table
Train\Eval            clustering=0.2,knn=0.4,range=0.2,similarity=0.2
---------------------------------------------------------------------
clustering=0.2,knn=0.4,range=0.2,similarity=0.2                0.4553
